0.1363450000062585	EXP	Created Window = Window( name=Window, fullscr=true, color=#000000, units=height, waitBlanking=true, autoLog=true, size=[1536,722] )
13.23796499997843	DATA	Keydown: 1
13.450089999940246	DATA	Keydown: 6
13.975310000008903	DATA	Keydown: 3
14.134559999918565	DATA	Keydown: 7
16.112099999911152	EXP	Created instructs_text = TextStim( name=instructs_text, win=Window( name=Window, fullscr=true, color=#000000, ~), autoDraw=null, autoLog=true, units=height, ori=null, opacity=1, pos=[0,0], size=undefined, text=default text, font=Arial, color=#FFFFFF, contrast=1, height=0.03, bold=null, italic=null, alignHoriz=left, alignVert=center, wrapWidth=1, flipHoriz=null, flipVert=null )
16.11621499992907	EXP	Created instr_done_button = Rect( name=instr_done_button, win=Window( name=Window, fullscr=true, color=#000000, ~), autoDraw=null, autoLog=true, units=height, ori=null, opacity=1, pos=[0,-0.4], size=[1,1], lineWidth=1, lineColor=#006400, fillColor=#90EE90, vertices=[[-0.2,-0.05],[0.2,-0.05],[0.2,0.05],[-0.2,0.05]], closeShape=true, contrast=1, depth=-3, interpolate=true, width=0.4, height=0.1 )
16.116609999909997	EXP	Created instr_done_label = TextStim( name=instr_done_label, win=Window( name=Window, fullscr=true, color=#000000, ~), autoDraw=null, autoLog=true, units=height, ori=null, opacity=1, pos=[0,-0.4], size=undefined, text=Next..., font=Arial, color=#006400, contrast=1, height=0.05, bold=null, italic=null, alignHoriz=left, alignVert=center, wrapWidth=1, flipHoriz=null, flipVert=null )
16.117824999964796	EXP	Created main_ready_msg = TextStim( name=main_ready_msg, win=Window( name=Window, fullscr=true, color=#000000, ~), autoDraw=null, autoLog=true, units=height, ori=null, opacity=1, pos=[0,0], size=undefined, text=Take note of the categories below
 
Position your ~, font=Arial, color=#FFFFFF, contrast=1, height=0.03, bold=null, italic=null, alignHoriz=left, alignVert=center, wrapWidth=1, flipHoriz=null, flipVert=null )
16.11923999991268	EXP	Created button_L = Rect( name=button_L, win=Window( name=Window, fullscr=true, color=#000000, ~), autoDraw=null, autoLog=true, units=height, ori=null, opacity=1, pos=[-0.4,-0.3], size=[1,1], lineWidth=1, lineColor=#006400, fillColor=#90EE90, vertices=[[-0.2,-0.1],[0.2,-0.1],[0.2,0.1],[-0.2,0.1]], closeShape=true, contrast=1, depth=-1, interpolate=true, width=0.4, height=0.2 )
16.11964499996975	EXP	Created ready_label_L = TextStim( name=ready_label_L, win=Window( name=Window, fullscr=true, color=#000000, ~), autoDraw=null, autoLog=true, units=height, ori=null, opacity=1, pos=[-0.4,-0.3], size=undefined, text=default text, font=Arial, color=#006400, contrast=1, height=0.05, bold=null, italic=null, alignHoriz=left, alignVert=center, wrapWidth=1, flipHoriz=null, flipVert=null )
16.120859999908134	EXP	Created button_R = Rect( name=button_R, win=Window( name=Window, fullscr=true, color=#000000, ~), autoDraw=null, autoLog=true, units=height, ori=null, opacity=1, pos=[0.4,-0.3], size=[1,1], lineWidth=1, lineColor=#006400, fillColor=#90EE90, vertices=[[-0.2,-0.1],[0.2,-0.1],[0.2,0.1],[-0.2,0.1]], closeShape=true, contrast=1, depth=-3, interpolate=true, width=0.4, height=0.2 )
16.121249999967404	EXP	Created ready_label_R = TextStim( name=ready_label_R, win=Window( name=Window, fullscr=true, color=#000000, ~), autoDraw=null, autoLog=true, units=height, ori=null, opacity=1, pos=[0.4,-0.3], size=undefined, text=default text, font=Arial, color=#006400, contrast=1, height=0.05, bold=null, italic=null, alignHoriz=left, alignVert=center, wrapWidth=1, flipHoriz=null, flipVert=null )
16.121944999904372	EXP	Created fixation = TextStim( name=fixation, win=Window( name=Window, fullscr=true, color=#000000, ~), autoDraw=null, autoLog=true, units=height, ori=null, opacity=1, pos=[0,0], size=undefined, text=+, font=Arial, color=#FFFFFF, contrast=1, height=0.1, bold=null, italic=null, alignHoriz=left, alignVert=center, wrapWidth=1, flipHoriz=null, flipVert=null )
16.123879999970086	EXP	Created image_stim = ImageStim( name=image_stim, win=Window( name=Window, fullscr=true, color=#000000, ~), autoDraw=null, autoLog=true, units=height, ori=null, opacity=1, pos=[0,0], size=[0.5,0.5], image=undefined, mask=undefined, color=#ffffff, contrast=1, texRes=128, interpolate=true, depth=-1, flipHoriz=null, flipVert=null )
16.124879999901168	EXP	Created text_stim = TextStim( name=text_stim, win=Window( name=Window, fullscr=true, color=#000000, ~), autoDraw=null, autoLog=true, units=height, ori=null, opacity=1, pos=[0,0], size=undefined, text=default text, font=Arial, color=#FFFFFF, contrast=1, height=0.05, bold=null, italic=null, alignHoriz=left, alignVert=center, wrapWidth=1, flipHoriz=null, flipVert=null )
16.127794999978505	EXP	Created button_left = Rect( name=button_left, win=Window( name=Window, fullscr=true, color=#000000, ~), autoDraw=null, autoLog=true, units=height, ori=null, opacity=1, pos=[-0.4,-0.3], size=[1,1], lineWidth=1, lineColor=#006400, fillColor=#90EE90, vertices=[[-0.2,-0.1],[0.2,-0.1],[0.2,0.1],[-0.2,0.1]], closeShape=true, contrast=1, depth=-6, interpolate=true, width=0.4, height=0.2 )
16.12887499993667	EXP	Created trial_label_left = TextStim( name=trial_label_left, win=Window( name=Window, fullscr=true, color=#000000, ~), autoDraw=null, autoLog=true, units=height, ori=null, opacity=1, pos=[-0.4,-0.3], size=undefined, text=default text, font=Arial, color=#006400, contrast=1, height=0.05, bold=null, italic=null, alignHoriz=left, alignVert=center, wrapWidth=1, flipHoriz=null, flipVert=null )
16.130819999962114	EXP	Created button_right = Rect( name=button_right, win=Window( name=Window, fullscr=true, color=#000000, ~), autoDraw=null, autoLog=true, units=height, ori=null, opacity=1, pos=[0.4,-0.3], size=[1,1], lineWidth=1, lineColor=#006400, fillColor=#90EE90, vertices=[[-0.2,-0.1],[0.2,-0.1],[0.2,0.1],[-0.2,0.1]], closeShape=true, contrast=1, depth=-8, interpolate=true, width=0.4, height=0.2 )
16.131184999947436	EXP	Created trial_label_right = TextStim( name=trial_label_right, win=Window( name=Window, fullscr=true, color=#000000, ~), autoDraw=null, autoLog=true, units=height, ori=null, opacity=1, pos=[0.4,-0.3], size=undefined, text=default text, font=Arial, color=#006400, contrast=1, height=0.05, bold=null, italic=null, alignHoriz=left, alignVert=center, wrapWidth=1, flipHoriz=null, flipVert=null )
16.131534999934956	EXP	Created feedback_msg = TextStim( name=feedback_msg, win=Window( name=Window, fullscr=true, color=#000000, ~), autoDraw=null, autoLog=true, units=height, ori=null, opacity=1, pos=[0,0], size=undefined, text=default text, font=Arial, color=#FFFFFF, contrast=1, height=0.1, bold=null, italic=null, alignHoriz=left, alignVert=center, wrapWidth=1, flipHoriz=null, flipVert=null )
16.13290500000585	EXP	Created thanks_text = TextStim( name=thanks_text, win=Window( name=Window, fullscr=true, color=#000000, ~), autoDraw=null, autoLog=true, units=height, ori=null, opacity=1, pos=[0,0], size=undefined, text=The End. 
 
Thank you for your participation., font=Arial, color=#FFFFFF, contrast=1, height=0.1, bold=null, italic=null, alignHoriz=left, alignVert=center, wrapWidth=1, flipHoriz=null, flipVert=null )
16.201965000014752	EXP	instructs_text: units = "height"
16.201965000014752	EXP	instructs_text: ori = 0
16.201965000014752	EXP	instructs_text: opacity = 1
16.201965000014752	EXP	instructs_text: pos = [0,0]
16.201965000014752	EXP	instructs_text: size = undefined
16.201965000014752	EXP	instructs_text: text = "default text"
16.201965000014752	EXP	instructs_text: font = "Arial"
16.201965000014752	EXP	instructs_text: color = {"_hex":"#FFFFFF","_rgb":[1,1,1]}
16.201965000014752	EXP	instructs_text: contrast = 1
16.201965000014752	EXP	instructs_text: height = 0.03
16.201965000014752	EXP	instructs_text: bold = false
16.201965000014752	EXP	instructs_text: italic = false
16.201965000014752	EXP	instructs_text: alignHoriz = "left"
16.201965000014752	EXP	instructs_text: alignVert = "center"
16.201965000014752	EXP	instructs_text: wrapWidth = 1
16.201965000014752	EXP	instructs_text: flipHoriz = false
16.201965000014752	EXP	instructs_text: flipVert = false
16.201965000014752	EXP	instr_done_button: units = "height"
16.201965000014752	EXP	instr_done_button: ori = 0
16.201965000014752	EXP	instr_done_button: opacity = 1
16.201965000014752	EXP	instr_done_button: pos = [0,-0.4]
16.201965000014752	EXP	instr_done_button: size = [1,1]
16.201965000014752	EXP	instr_done_button: lineWidth = 1
16.201965000014752	EXP	instr_done_button: lineColor = {"_hex":"#006400","_rgb":[0,0.39215686274509803,0]}
16.201965000014752	EXP	instr_done_button: fillColor = {"_hex":"#90EE90","_rgb":[0.5647058823529412,0.9333333333333333,0.5647058823529412]}
16.201965000014752	EXP	instr_done_button: vertices = [[-0.5,0],[0,0.5],[0.5,0]]
16.201965000014752	EXP	instr_done_button: closeShape = true
16.201965000014752	EXP	instr_done_button: contrast = 1
16.201965000014752	EXP	instr_done_button: depth = -3
16.201965000014752	EXP	instr_done_button: interpolate = true
16.201965000014752	EXP	instr_done_button: width = 0.4
16.201965000014752	EXP	instr_done_button: vertices = [[-0.2,null],[0.2,null],[0.2,null],[-0.2,null]]
16.201965000014752	EXP	instr_done_button: height = 0.1
16.201965000014752	EXP	instr_done_button: vertices = [[-0.2,-0.05],[0.2,-0.05],[0.2,0.05],[-0.2,0.05]]
16.201965000014752	EXP	instr_done_button: vertices = [[-0.2,-0.05],[0.2,-0.05],[0.2,0.05],[-0.2,0.05]]
16.201965000014752	EXP	instr_done_label: units = "height"
16.201965000014752	EXP	instr_done_label: ori = 0
16.201965000014752	EXP	instr_done_label: opacity = 1
16.201965000014752	EXP	instr_done_label: pos = [0,-0.4]
16.201965000014752	EXP	instr_done_label: size = undefined
16.201965000014752	EXP	instr_done_label: text = "Next..."
16.201965000014752	EXP	instr_done_label: font = "Arial"
16.201965000014752	EXP	instr_done_label: color = {"_hex":"#006400","_rgb":[0,0.39215686274509803,0]}
16.201965000014752	EXP	instr_done_label: contrast = 1
16.201965000014752	EXP	instr_done_label: height = 0.05
16.201965000014752	EXP	instr_done_label: bold = false
16.201965000014752	EXP	instr_done_label: italic = false
16.201965000014752	EXP	instr_done_label: alignHoriz = "left"
16.201965000014752	EXP	instr_done_label: alignVert = "center"
16.201965000014752	EXP	instr_done_label: wrapWidth = 1
16.201965000014752	EXP	instr_done_label: flipHoriz = false
16.201965000014752	EXP	instr_done_label: flipVert = false
16.201965000014752	EXP	main_ready_msg: units = "height"
16.201965000014752	EXP	main_ready_msg: ori = 0
16.201965000014752	EXP	main_ready_msg: opacity = 1
16.201965000014752	EXP	main_ready_msg: pos = [0,0]
16.201965000014752	EXP	main_ready_msg: size = undefined
16.201965000014752	EXP	main_ready_msg: text = "Take note of the categories below\n \nPosition your index fingers \n \nPress the space bar (or one of the green buttons) to begin"
16.201965000014752	EXP	main_ready_msg: font = "Arial"
16.201965000014752	EXP	main_ready_msg: color = {"_hex":"#FFFFFF","_rgb":[1,1,1]}
16.201965000014752	EXP	main_ready_msg: contrast = 1
16.201965000014752	EXP	main_ready_msg: height = 0.03
16.201965000014752	EXP	main_ready_msg: bold = false
16.201965000014752	EXP	main_ready_msg: italic = false
16.201965000014752	EXP	main_ready_msg: alignHoriz = "left"
16.201965000014752	EXP	main_ready_msg: alignVert = "center"
16.201965000014752	EXP	main_ready_msg: wrapWidth = 1
16.201965000014752	EXP	main_ready_msg: flipHoriz = false
16.201965000014752	EXP	main_ready_msg: flipVert = false
16.201965000014752	EXP	button_L: units = "height"
16.201965000014752	EXP	button_L: ori = 0
16.201965000014752	EXP	button_L: opacity = 1
16.201965000014752	EXP	button_L: pos = [-0.4,-0.3]
16.201965000014752	EXP	button_L: size = [1,1]
16.201965000014752	EXP	button_L: lineWidth = 1
16.201965000014752	EXP	button_L: lineColor = {"_hex":"#006400","_rgb":[0,0.39215686274509803,0]}
16.201965000014752	EXP	button_L: fillColor = {"_hex":"#90EE90","_rgb":[0.5647058823529412,0.9333333333333333,0.5647058823529412]}
16.201965000014752	EXP	button_L: vertices = [[-0.5,0],[0,0.5],[0.5,0]]
16.201965000014752	EXP	button_L: closeShape = true
16.201965000014752	EXP	button_L: contrast = 1
16.201965000014752	EXP	button_L: depth = -1
16.201965000014752	EXP	button_L: interpolate = true
16.201965000014752	EXP	button_L: width = 0.4
16.201965000014752	EXP	button_L: vertices = [[-0.2,null],[0.2,null],[0.2,null],[-0.2,null]]
16.201965000014752	EXP	button_L: height = 0.2
16.201965000014752	EXP	button_L: vertices = [[-0.2,-0.1],[0.2,-0.1],[0.2,0.1],[-0.2,0.1]]
16.201965000014752	EXP	button_L: vertices = [[-0.2,-0.1],[0.2,-0.1],[0.2,0.1],[-0.2,0.1]]
16.201965000014752	EXP	ready_label_L: units = "height"
16.201965000014752	EXP	ready_label_L: ori = 0
16.201965000014752	EXP	ready_label_L: opacity = 1
16.201965000014752	EXP	ready_label_L: pos = [-0.4,-0.3]
16.201965000014752	EXP	ready_label_L: size = undefined
16.201965000014752	EXP	ready_label_L: text = "default text"
16.201965000014752	EXP	ready_label_L: font = "Arial"
16.201965000014752	EXP	ready_label_L: color = {"_hex":"#006400","_rgb":[0,0.39215686274509803,0]}
16.201965000014752	EXP	ready_label_L: contrast = 1
16.201965000014752	EXP	ready_label_L: height = 0.05
16.201965000014752	EXP	ready_label_L: bold = false
16.201965000014752	EXP	ready_label_L: italic = false
16.201965000014752	EXP	ready_label_L: alignHoriz = "left"
16.201965000014752	EXP	ready_label_L: alignVert = "center"
16.201965000014752	EXP	ready_label_L: wrapWidth = 1
16.201965000014752	EXP	ready_label_L: flipHoriz = false
16.201965000014752	EXP	ready_label_L: flipVert = false
16.201965000014752	EXP	button_R: units = "height"
16.201965000014752	EXP	button_R: ori = 0
16.201965000014752	EXP	button_R: opacity = 1
16.201965000014752	EXP	button_R: pos = [0.4,-0.3]
16.201965000014752	EXP	button_R: size = [1,1]
16.201965000014752	EXP	button_R: lineWidth = 1
16.201965000014752	EXP	button_R: lineColor = {"_hex":"#006400","_rgb":[0,0.39215686274509803,0]}
16.201965000014752	EXP	button_R: fillColor = {"_hex":"#90EE90","_rgb":[0.5647058823529412,0.9333333333333333,0.5647058823529412]}
16.201965000014752	EXP	button_R: vertices = [[-0.5,0],[0,0.5],[0.5,0]]
16.201965000014752	EXP	button_R: closeShape = true
16.201965000014752	EXP	button_R: contrast = 1
16.201965000014752	EXP	button_R: depth = -3
16.201965000014752	EXP	button_R: interpolate = true
16.201965000014752	EXP	button_R: width = 0.4
16.201965000014752	EXP	button_R: vertices = [[-0.2,null],[0.2,null],[0.2,null],[-0.2,null]]
16.201965000014752	EXP	button_R: height = 0.2
16.201965000014752	EXP	button_R: vertices = [[-0.2,-0.1],[0.2,-0.1],[0.2,0.1],[-0.2,0.1]]
16.201965000014752	EXP	button_R: vertices = [[-0.2,-0.1],[0.2,-0.1],[0.2,0.1],[-0.2,0.1]]
16.201965000014752	EXP	ready_label_R: units = "height"
16.201965000014752	EXP	ready_label_R: ori = 0
16.201965000014752	EXP	ready_label_R: opacity = 1
16.201965000014752	EXP	ready_label_R: pos = [0.4,-0.3]
16.201965000014752	EXP	ready_label_R: size = undefined
16.201965000014752	EXP	ready_label_R: text = "default text"
16.201965000014752	EXP	ready_label_R: font = "Arial"
16.201965000014752	EXP	ready_label_R: color = {"_hex":"#006400","_rgb":[0,0.39215686274509803,0]}
16.201965000014752	EXP	ready_label_R: contrast = 1
16.201965000014752	EXP	ready_label_R: height = 0.05
16.201965000014752	EXP	ready_label_R: bold = false
16.201965000014752	EXP	ready_label_R: italic = false
16.201965000014752	EXP	ready_label_R: alignHoriz = "left"
16.201965000014752	EXP	ready_label_R: alignVert = "center"
16.201965000014752	EXP	ready_label_R: wrapWidth = 1
16.201965000014752	EXP	ready_label_R: flipHoriz = false
16.201965000014752	EXP	ready_label_R: flipVert = false
16.201965000014752	EXP	fixation: units = "height"
16.201965000014752	EXP	fixation: ori = 0
16.201965000014752	EXP	fixation: opacity = 1
16.201965000014752	EXP	fixation: pos = [0,0]
16.201965000014752	EXP	fixation: size = undefined
16.201965000014752	EXP	fixation: text = "+"
16.201965000014752	EXP	fixation: font = "Arial"
16.201965000014752	EXP	fixation: color = {"_hex":"#FFFFFF","_rgb":[1,1,1]}
16.201965000014752	EXP	fixation: contrast = 1
16.201965000014752	EXP	fixation: height = 0.1
16.201965000014752	EXP	fixation: bold = false
16.201965000014752	EXP	fixation: italic = false
16.201965000014752	EXP	fixation: alignHoriz = "left"
16.201965000014752	EXP	fixation: alignVert = "center"
16.201965000014752	EXP	fixation: wrapWidth = 1
16.201965000014752	EXP	fixation: flipHoriz = false
16.201965000014752	EXP	fixation: flipVert = false
16.201965000014752	EXP	image_stim: units = "height"
16.201965000014752	EXP	image_stim: ori = 0
16.201965000014752	EXP	image_stim: opacity = 1
16.201965000014752	EXP	image_stim: pos = [0,0]
16.201965000014752	EXP	image_stim: size = [0.5,0.5]
16.201965000014752	EXP	image_stim: image = undefined
16.201965000014752	EXP	image_stim: mask = undefined
16.201965000014752	EXP	image_stim: color = {"_rgb":[1,1,1]}
16.201965000014752	EXP	image_stim: contrast = 1
16.201965000014752	EXP	image_stim: texRes = 128
16.201965000014752	EXP	image_stim: interpolate = true
16.201965000014752	EXP	image_stim: depth = -1
16.201965000014752	EXP	image_stim: flipHoriz = false
16.201965000014752	EXP	image_stim: flipVert = false
16.201965000014752	EXP	text_stim: units = "height"
16.201965000014752	EXP	text_stim: ori = 0
16.201965000014752	EXP	text_stim: opacity = 1
16.201965000014752	EXP	text_stim: pos = [0,0]
16.201965000014752	EXP	text_stim: size = undefined
16.201965000014752	EXP	text_stim: text = "default text"
16.201965000014752	EXP	text_stim: font = "Arial"
16.201965000014752	EXP	text_stim: color = {"_hex":"#FFFFFF","_rgb":[1,1,1]}
16.201965000014752	EXP	text_stim: contrast = 1
16.201965000014752	EXP	text_stim: height = 0.05
16.201965000014752	EXP	text_stim: bold = false
16.201965000014752	EXP	text_stim: italic = false
16.201965000014752	EXP	text_stim: alignHoriz = "left"
16.201965000014752	EXP	text_stim: alignVert = "center"
16.201965000014752	EXP	text_stim: wrapWidth = 1
16.201965000014752	EXP	text_stim: flipHoriz = false
16.201965000014752	EXP	text_stim: flipVert = false
16.201965000014752	EXP	button_left: units = "height"
16.201965000014752	EXP	button_left: ori = 0
16.201965000014752	EXP	button_left: opacity = 1
16.201965000014752	EXP	button_left: pos = [-0.4,-0.3]
16.201965000014752	EXP	button_left: size = [1,1]
16.201965000014752	EXP	button_left: lineWidth = 1
16.201965000014752	EXP	button_left: lineColor = {"_hex":"#006400","_rgb":[0,0.39215686274509803,0]}
16.201965000014752	EXP	button_left: fillColor = {"_hex":"#90EE90","_rgb":[0.5647058823529412,0.9333333333333333,0.5647058823529412]}
16.201965000014752	EXP	button_left: vertices = [[-0.5,0],[0,0.5],[0.5,0]]
16.201965000014752	EXP	button_left: closeShape = true
16.201965000014752	EXP	button_left: contrast = 1
16.201965000014752	EXP	button_left: depth = -6
16.201965000014752	EXP	button_left: interpolate = true
16.201965000014752	EXP	button_left: width = 0.4
16.201965000014752	EXP	button_left: vertices = [[-0.2,null],[0.2,null],[0.2,null],[-0.2,null]]
16.201965000014752	EXP	button_left: height = 0.2
16.201965000014752	EXP	button_left: vertices = [[-0.2,-0.1],[0.2,-0.1],[0.2,0.1],[-0.2,0.1]]
16.201965000014752	EXP	button_left: vertices = [[-0.2,-0.1],[0.2,-0.1],[0.2,0.1],[-0.2,0.1]]
16.201965000014752	EXP	trial_label_left: units = "height"
16.201965000014752	EXP	trial_label_left: ori = 0
16.201965000014752	EXP	trial_label_left: opacity = 1
16.201965000014752	EXP	trial_label_left: pos = [-0.4,-0.3]
16.201965000014752	EXP	trial_label_left: size = undefined
16.201965000014752	EXP	trial_label_left: text = "default text"
16.201965000014752	EXP	trial_label_left: font = "Arial"
16.201965000014752	EXP	trial_label_left: color = {"_hex":"#006400","_rgb":[0,0.39215686274509803,0]}
16.201965000014752	EXP	trial_label_left: contrast = 1
16.201965000014752	EXP	trial_label_left: height = 0.05
16.201965000014752	EXP	trial_label_left: bold = false
16.201965000014752	EXP	trial_label_left: italic = false
16.201965000014752	EXP	trial_label_left: alignHoriz = "left"
16.201965000014752	EXP	trial_label_left: alignVert = "center"
16.201965000014752	EXP	trial_label_left: wrapWidth = 1
16.201965000014752	EXP	trial_label_left: flipHoriz = false
16.201965000014752	EXP	trial_label_left: flipVert = false
16.201965000014752	EXP	button_right: units = "height"
16.201965000014752	EXP	button_right: ori = 0
16.201965000014752	EXP	button_right: opacity = 1
16.201965000014752	EXP	button_right: pos = [0.4,-0.3]
16.201965000014752	EXP	button_right: size = [1,1]
16.201965000014752	EXP	button_right: lineWidth = 1
16.201965000014752	EXP	button_right: lineColor = {"_hex":"#006400","_rgb":[0,0.39215686274509803,0]}
16.201965000014752	EXP	button_right: fillColor = {"_hex":"#90EE90","_rgb":[0.5647058823529412,0.9333333333333333,0.5647058823529412]}
16.201965000014752	EXP	button_right: vertices = [[-0.5,0],[0,0.5],[0.5,0]]
16.201965000014752	EXP	button_right: closeShape = true
16.201965000014752	EXP	button_right: contrast = 1
16.201965000014752	EXP	button_right: depth = -8
16.201965000014752	EXP	button_right: interpolate = true
16.201965000014752	EXP	button_right: width = 0.4
16.201965000014752	EXP	button_right: vertices = [[-0.2,null],[0.2,null],[0.2,null],[-0.2,null]]
16.201965000014752	EXP	button_right: height = 0.2
16.201965000014752	EXP	button_right: vertices = [[-0.2,-0.1],[0.2,-0.1],[0.2,0.1],[-0.2,0.1]]
16.201965000014752	EXP	button_right: vertices = [[-0.2,-0.1],[0.2,-0.1],[0.2,0.1],[-0.2,0.1]]
16.201965000014752	EXP	trial_label_right: units = "height"
16.201965000014752	EXP	trial_label_right: ori = 0
16.201965000014752	EXP	trial_label_right: opacity = 1
16.201965000014752	EXP	trial_label_right: pos = [0.4,-0.3]
16.201965000014752	EXP	trial_label_right: size = undefined
16.201965000014752	EXP	trial_label_right: text = "default text"
16.201965000014752	EXP	trial_label_right: font = "Arial"
16.201965000014752	EXP	trial_label_right: color = {"_hex":"#006400","_rgb":[0,0.39215686274509803,0]}
16.201965000014752	EXP	trial_label_right: contrast = 1
16.201965000014752	EXP	trial_label_right: height = 0.05
16.201965000014752	EXP	trial_label_right: bold = false
16.201965000014752	EXP	trial_label_right: italic = false
16.201965000014752	EXP	trial_label_right: alignHoriz = "left"
16.201965000014752	EXP	trial_label_right: alignVert = "center"
16.201965000014752	EXP	trial_label_right: wrapWidth = 1
16.201965000014752	EXP	trial_label_right: flipHoriz = false
16.201965000014752	EXP	trial_label_right: flipVert = false
16.201965000014752	EXP	feedback_msg: units = "height"
16.201965000014752	EXP	feedback_msg: ori = 0
16.201965000014752	EXP	feedback_msg: opacity = 1
16.201965000014752	EXP	feedback_msg: pos = [0,0]
16.201965000014752	EXP	feedback_msg: size = undefined
16.201965000014752	EXP	feedback_msg: text = "default text"
16.201965000014752	EXP	feedback_msg: font = "Arial"
16.201965000014752	EXP	feedback_msg: color = {"_hex":"#FFFFFF","_rgb":[1,1,1]}
16.201965000014752	EXP	feedback_msg: contrast = 1
16.201965000014752	EXP	feedback_msg: height = 0.1
16.201965000014752	EXP	feedback_msg: bold = false
16.201965000014752	EXP	feedback_msg: italic = false
16.201965000014752	EXP	feedback_msg: alignHoriz = "left"
16.201965000014752	EXP	feedback_msg: alignVert = "center"
16.201965000014752	EXP	feedback_msg: wrapWidth = 1
16.201965000014752	EXP	feedback_msg: flipHoriz = false
16.201965000014752	EXP	feedback_msg: flipVert = false
16.201965000014752	EXP	thanks_text: units = "height"
16.201965000014752	EXP	thanks_text: ori = 0
16.201965000014752	EXP	thanks_text: opacity = 1
16.201965000014752	EXP	thanks_text: pos = [0,0]
16.201965000014752	EXP	thanks_text: size = undefined
16.201965000014752	EXP	thanks_text: text = "The End. \n \nThank you for your participation."
16.201965000014752	EXP	thanks_text: font = "Arial"
16.201965000014752	EXP	thanks_text: color = {"_hex":"#FFFFFF","_rgb":[1,1,1]}
16.201965000014752	EXP	thanks_text: contrast = 1
16.201965000014752	EXP	thanks_text: height = 0.1
16.201965000014752	EXP	thanks_text: bold = false
16.201965000014752	EXP	thanks_text: italic = false
16.201965000014752	EXP	thanks_text: alignHoriz = "left"
16.201965000014752	EXP	thanks_text: alignVert = "center"
16.201965000014752	EXP	thanks_text: wrapWidth = 1
16.201965000014752	EXP	thanks_text: flipHoriz = false
16.201965000014752	EXP	thanks_text: flipVert = false
16.201965000014752	EXP	instructs_text: text = "You will be presented with words or images to classify into categories using either the 'A' or 'L' key. \r\n \r\nTry to go as fast as possible while making as few mistakes as possible. \r\n"
16.201965000014752	EXP	instructs_text: autoDraw = true
16.201965000014752	EXP	instr_done_button: autoDraw = true
16.201965000014752	EXP	instr_done_label: autoDraw = true
58.60367999994196	DATA	Mouse: 0 button down, pos=(854.4000127315521,751.2000111937523)
58.63674499990884	EXP	instructs_text: autoDraw = false
58.63674499990884	EXP	instr_done_button: autoDraw = false
58.63674499990884	EXP	instr_done_label: autoDraw = false
58.63674499990884	EXP	instructs_text: text = "Keep in mind: \r\n \r\n1) Labels at the top of the screen indicate which catogory goes with which key. \r\n \r\n2) Each word or image has a correct catogory classification \r\n \r\n3) Keep your index fingers on the A and L keys to enable a rapid response. \r\n \r\n4) The test gives no results if you go slow- please try to go as fast as possible \r\n"
58.63674499990884	EXP	instructs_text: autoDraw = true
58.63674499990884	EXP	instr_done_button: autoDraw = true
58.63674499990884	EXP	instr_done_label: autoDraw = true
58.79996999993455	DATA	Mouse: 0 button down, pos=(854.4000127315521,751.2000111937523)
75.27122999995481	DATA	Mouse: 0 button down, pos=(824.8000122904778,769.6000602960594)
75.3116699999664	EXP	instructs_text: autoDraw = false
75.3116699999664	EXP	instr_done_button: autoDraw = false
75.3116699999664	EXP	instr_done_label: autoDraw = false
75.3116699999664	EXP	ready_label_L: text = "A = \r\nPositive"
75.3116699999664	EXP	ready_label_R: text = "L = \r\nNegative"
75.3116699999664	EXP	main_ready_msg: autoDraw = true
75.3116699999664	EXP	button_L: autoDraw = true
75.3116699999664	EXP	ready_label_L: autoDraw = true
75.3116699999664	EXP	button_R: autoDraw = true
75.3116699999664	EXP	ready_label_R: autoDraw = true
75.46990499994718	DATA	Mouse: 0 button down, pos=(824.8000122904778,769.6000602960594)
89.59547999990173	DATA	Keydown: a
90.98780000000261	DATA	Keydown:  
91.05103999993298	EXP	main_ready_msg: autoDraw = false
91.05103999993298	EXP	button_L: autoDraw = false
91.05103999993298	EXP	ready_label_L: autoDraw = false
91.05103999993298	EXP	button_R: autoDraw = false
91.05103999993298	EXP	ready_label_R: autoDraw = false
91.05103999993298	EXP	image_stim: image = {}
91.05103999993298	EXP	text_stim: text = "Pleasure"
91.05103999993298	EXP	trial_label_left: text = "A = \r\nPositive"
91.05103999993298	EXP	trial_label_right: text = "L = \r\nNegative"
91.05103999993298	EXP	fixation: autoDraw = true
91.51655499998014	EXP	fixation: autoDraw = false
91.55680499994196	EXP	image_stim: autoDraw = true
91.55680499994196	EXP	text_stim: autoDraw = true
91.55680499994196	EXP	button_left: autoDraw = true
91.55680499994196	EXP	trial_label_left: autoDraw = true
91.55680499994196	EXP	button_right: autoDraw = true
91.55680499994196	EXP	trial_label_right: autoDraw = true
105.34755499998573	DATA	Keydown: Escape
