0.11185999994631857	EXP	Created Window = Window( name=Window, fullscr=true, color=#000000, units=height, waitBlanking=true, autoLog=true, size=[1536,722] )
1.9426999998977408	DATA	Keydown: undefined
7.705674999975599	EXP	Created instructs_text = TextStim( name=instructs_text, win=Window( name=Window, fullscr=true, color=#000000, ~), autoDraw=null, autoLog=true, units=height, ori=null, opacity=1, pos=[0,0], size=undefined, text=default text, font=Arial, color=#FFFFFF, contrast=1, height=0.03, bold=null, italic=null, alignHoriz=left, alignVert=center, wrapWidth=1, flipHoriz=null, flipVert=null )
7.70981499995105	EXP	Created instr_done_button = Rect( name=instr_done_button, win=Window( name=Window, fullscr=true, color=#000000, ~), autoDraw=null, autoLog=true, units=height, ori=null, opacity=1, pos=[0,-0.4], size=[1,1], lineWidth=1, lineColor=#006400, fillColor=#90EE90, vertices=[[-0.2,-0.05],[0.2,-0.05],[0.2,0.05],[-0.2,0.05]], closeShape=true, contrast=1, depth=-3, interpolate=true, width=0.4, height=0.1 )
7.710544999921694	EXP	Created instr_done_label = TextStim( name=instr_done_label, win=Window( name=Window, fullscr=true, color=#000000, ~), autoDraw=null, autoLog=true, units=height, ori=null, opacity=1, pos=[0,-0.4], size=undefined, text=Next..., font=Arial, color=#006400, contrast=1, height=0.05, bold=null, italic=null, alignHoriz=left, alignVert=center, wrapWidth=1, flipHoriz=null, flipVert=null )
7.711769999936223	EXP	Created main_ready_msg = TextStim( name=main_ready_msg, win=Window( name=Window, fullscr=true, color=#000000, ~), autoDraw=null, autoLog=true, units=height, ori=null, opacity=1, pos=[0,0], size=undefined, text=Take note of the categories below
 
Position your ~, font=Arial, color=#FFFFFF, contrast=1, height=0.03, bold=null, italic=null, alignHoriz=left, alignVert=center, wrapWidth=1, flipHoriz=null, flipVert=null )
7.714159999974072	EXP	Created button_L = Rect( name=button_L, win=Window( name=Window, fullscr=true, color=#000000, ~), autoDraw=null, autoLog=true, units=height, ori=null, opacity=1, pos=[-0.4,-0.3], size=[1,1], lineWidth=1, lineColor=#006400, fillColor=#90EE90, vertices=[[-0.2,-0.1],[0.2,-0.1],[0.2,0.1],[-0.2,0.1]], closeShape=true, contrast=1, depth=-1, interpolate=true, width=0.4, height=0.2 )
7.714819999993779	EXP	Created ready_label_L = TextStim( name=ready_label_L, win=Window( name=Window, fullscr=true, color=#000000, ~), autoDraw=null, autoLog=true, units=height, ori=null, opacity=1, pos=[-0.4,-0.3], size=undefined, text=default text, font=Arial, color=#006400, contrast=1, height=0.05, bold=null, italic=null, alignHoriz=left, alignVert=center, wrapWidth=1, flipHoriz=null, flipVert=null )
7.71730999997817	EXP	Created button_R = Rect( name=button_R, win=Window( name=Window, fullscr=true, color=#000000, ~), autoDraw=null, autoLog=true, units=height, ori=null, opacity=1, pos=[0.4,-0.3], size=[1,1], lineWidth=1, lineColor=#006400, fillColor=#90EE90, vertices=[[-0.2,-0.1],[0.2,-0.1],[0.2,0.1],[-0.2,0.1]], closeShape=true, contrast=1, depth=-3, interpolate=true, width=0.4, height=0.2 )
7.71829499991145	EXP	Created ready_label_R = TextStim( name=ready_label_R, win=Window( name=Window, fullscr=true, color=#000000, ~), autoDraw=null, autoLog=true, units=height, ori=null, opacity=1, pos=[0.4,-0.3], size=undefined, text=default text, font=Arial, color=#006400, contrast=1, height=0.05, bold=null, italic=null, alignHoriz=left, alignVert=center, wrapWidth=1, flipHoriz=null, flipVert=null )
7.7194349999772385	EXP	Created fixation = TextStim( name=fixation, win=Window( name=Window, fullscr=true, color=#000000, ~), autoDraw=null, autoLog=true, units=height, ori=null, opacity=1, pos=[0,0], size=undefined, text=+, font=Arial, color=#FFFFFF, contrast=1, height=0.1, bold=null, italic=null, alignHoriz=left, alignVert=center, wrapWidth=1, flipHoriz=null, flipVert=null )
7.723959999973886	EXP	Created image_stim = ImageStim( name=image_stim, win=Window( name=Window, fullscr=true, color=#000000, ~), autoDraw=null, autoLog=true, units=height, ori=null, opacity=1, pos=[0,0], size=[0.5,0.5], image=undefined, mask=undefined, color=#ffffff, contrast=1, texRes=128, interpolate=true, depth=-1, flipHoriz=null, flipVert=null )
7.7254799999063835	EXP	Created text_stim = TextStim( name=text_stim, win=Window( name=Window, fullscr=true, color=#000000, ~), autoDraw=null, autoLog=true, units=height, ori=null, opacity=1, pos=[0,0], size=undefined, text=default text, font=Arial, color=#FFFFFF, contrast=1, height=0.05, bold=null, italic=null, alignHoriz=left, alignVert=center, wrapWidth=1, flipHoriz=null, flipVert=null )
7.7289799998980016	EXP	Created button_left = Rect( name=button_left, win=Window( name=Window, fullscr=true, color=#000000, ~), autoDraw=null, autoLog=true, units=height, ori=null, opacity=1, pos=[-0.4,-0.3], size=[1,1], lineWidth=1, lineColor=#006400, fillColor=#90EE90, vertices=[[-0.2,-0.1],[0.2,-0.1],[0.2,0.1],[-0.2,0.1]], closeShape=true, contrast=1, depth=-6, interpolate=true, width=0.4, height=0.2 )
7.729509999975562	EXP	Created trial_label_left = TextStim( name=trial_label_left, win=Window( name=Window, fullscr=true, color=#000000, ~), autoDraw=null, autoLog=true, units=height, ori=null, opacity=1, pos=[-0.4,-0.3], size=undefined, text=default text, font=Arial, color=#006400, contrast=1, height=0.05, bold=null, italic=null, alignHoriz=left, alignVert=center, wrapWidth=1, flipHoriz=null, flipVert=null )
7.731394999893382	EXP	Created button_right = Rect( name=button_right, win=Window( name=Window, fullscr=true, color=#000000, ~), autoDraw=null, autoLog=true, units=height, ori=null, opacity=1, pos=[0.4,-0.3], size=[1,1], lineWidth=1, lineColor=#006400, fillColor=#90EE90, vertices=[[-0.2,-0.1],[0.2,-0.1],[0.2,0.1],[-0.2,0.1]], closeShape=true, contrast=1, depth=-8, interpolate=true, width=0.4, height=0.2 )
7.732189999893308	EXP	Created trial_label_right = TextStim( name=trial_label_right, win=Window( name=Window, fullscr=true, color=#000000, ~), autoDraw=null, autoLog=true, units=height, ori=null, opacity=1, pos=[0.4,-0.3], size=undefined, text=default text, font=Arial, color=#006400, contrast=1, height=0.05, bold=null, italic=null, alignHoriz=left, alignVert=center, wrapWidth=1, flipHoriz=null, flipVert=null )
7.732894999906421	EXP	Created feedback_msg = TextStim( name=feedback_msg, win=Window( name=Window, fullscr=true, color=#000000, ~), autoDraw=null, autoLog=true, units=height, ori=null, opacity=1, pos=[0,0], size=undefined, text=default text, font=Arial, color=#FFFFFF, contrast=1, height=0.1, bold=null, italic=null, alignHoriz=left, alignVert=center, wrapWidth=1, flipHoriz=null, flipVert=null )
7.733609999995679	EXP	Created thanks_text = TextStim( name=thanks_text, win=Window( name=Window, fullscr=true, color=#000000, ~), autoDraw=null, autoLog=true, units=height, ori=null, opacity=1, pos=[0,0], size=undefined, text=The End. 
 
Thank you for your participation., font=Arial, color=#FFFFFF, contrast=1, height=0.1, bold=null, italic=null, alignHoriz=left, alignVert=center, wrapWidth=1, flipHoriz=null, flipVert=null )
7.933069999911822	EXP	instructs_text: units = "height"
7.933069999911822	EXP	instructs_text: ori = 0
7.933069999911822	EXP	instructs_text: opacity = 1
7.933069999911822	EXP	instructs_text: pos = [0,0]
7.933069999911822	EXP	instructs_text: size = undefined
7.933069999911822	EXP	instructs_text: text = "default text"
7.933069999911822	EXP	instructs_text: font = "Arial"
7.933069999911822	EXP	instructs_text: color = {"_hex":"#FFFFFF","_rgb":[1,1,1]}
7.933069999911822	EXP	instructs_text: contrast = 1
7.933069999911822	EXP	instructs_text: height = 0.03
7.933069999911822	EXP	instructs_text: bold = false
7.933069999911822	EXP	instructs_text: italic = false
7.933069999911822	EXP	instructs_text: alignHoriz = "left"
7.933069999911822	EXP	instructs_text: alignVert = "center"
7.933069999911822	EXP	instructs_text: wrapWidth = 1
7.933069999911822	EXP	instructs_text: flipHoriz = false
7.933069999911822	EXP	instructs_text: flipVert = false
7.933069999911822	EXP	instr_done_button: units = "height"
7.933069999911822	EXP	instr_done_button: ori = 0
7.933069999911822	EXP	instr_done_button: opacity = 1
7.933069999911822	EXP	instr_done_button: pos = [0,-0.4]
7.933069999911822	EXP	instr_done_button: size = [1,1]
7.933069999911822	EXP	instr_done_button: lineWidth = 1
7.933069999911822	EXP	instr_done_button: lineColor = {"_hex":"#006400","_rgb":[0,0.39215686274509803,0]}
7.933069999911822	EXP	instr_done_button: fillColor = {"_hex":"#90EE90","_rgb":[0.5647058823529412,0.9333333333333333,0.5647058823529412]}
7.933069999911822	EXP	instr_done_button: vertices = [[-0.5,0],[0,0.5],[0.5,0]]
7.933069999911822	EXP	instr_done_button: closeShape = true
7.933069999911822	EXP	instr_done_button: contrast = 1
7.933069999911822	EXP	instr_done_button: depth = -3
7.933069999911822	EXP	instr_done_button: interpolate = true
7.933069999911822	EXP	instr_done_button: width = 0.4
7.933069999911822	EXP	instr_done_button: vertices = [[-0.2,null],[0.2,null],[0.2,null],[-0.2,null]]
7.933069999911822	EXP	instr_done_button: height = 0.1
7.933069999911822	EXP	instr_done_button: vertices = [[-0.2,-0.05],[0.2,-0.05],[0.2,0.05],[-0.2,0.05]]
7.933069999911822	EXP	instr_done_button: vertices = [[-0.2,-0.05],[0.2,-0.05],[0.2,0.05],[-0.2,0.05]]
7.933069999911822	EXP	instr_done_label: units = "height"
7.933069999911822	EXP	instr_done_label: ori = 0
7.933069999911822	EXP	instr_done_label: opacity = 1
7.933069999911822	EXP	instr_done_label: pos = [0,-0.4]
7.933069999911822	EXP	instr_done_label: size = undefined
7.933069999911822	EXP	instr_done_label: text = "Next..."
7.933069999911822	EXP	instr_done_label: font = "Arial"
7.933069999911822	EXP	instr_done_label: color = {"_hex":"#006400","_rgb":[0,0.39215686274509803,0]}
7.933069999911822	EXP	instr_done_label: contrast = 1
7.933069999911822	EXP	instr_done_label: height = 0.05
7.933069999911822	EXP	instr_done_label: bold = false
7.933069999911822	EXP	instr_done_label: italic = false
7.933069999911822	EXP	instr_done_label: alignHoriz = "left"
7.933069999911822	EXP	instr_done_label: alignVert = "center"
7.933069999911822	EXP	instr_done_label: wrapWidth = 1
7.933069999911822	EXP	instr_done_label: flipHoriz = false
7.933069999911822	EXP	instr_done_label: flipVert = false
7.933069999911822	EXP	main_ready_msg: units = "height"
7.933069999911822	EXP	main_ready_msg: ori = 0
7.933069999911822	EXP	main_ready_msg: opacity = 1
7.933069999911822	EXP	main_ready_msg: pos = [0,0]
7.933069999911822	EXP	main_ready_msg: size = undefined
7.933069999911822	EXP	main_ready_msg: text = "Take note of the categories below\n \nPosition your index fingers \n \nPress the space bar (or one of the green buttons) to begin"
7.933069999911822	EXP	main_ready_msg: font = "Arial"
7.933069999911822	EXP	main_ready_msg: color = {"_hex":"#FFFFFF","_rgb":[1,1,1]}
7.933069999911822	EXP	main_ready_msg: contrast = 1
7.933069999911822	EXP	main_ready_msg: height = 0.03
7.933069999911822	EXP	main_ready_msg: bold = false
7.933069999911822	EXP	main_ready_msg: italic = false
7.933069999911822	EXP	main_ready_msg: alignHoriz = "left"
7.933069999911822	EXP	main_ready_msg: alignVert = "center"
7.933069999911822	EXP	main_ready_msg: wrapWidth = 1
7.933069999911822	EXP	main_ready_msg: flipHoriz = false
7.933069999911822	EXP	main_ready_msg: flipVert = false
7.933069999911822	EXP	button_L: units = "height"
7.933069999911822	EXP	button_L: ori = 0
7.933069999911822	EXP	button_L: opacity = 1
7.933069999911822	EXP	button_L: pos = [-0.4,-0.3]
7.933069999911822	EXP	button_L: size = [1,1]
7.933069999911822	EXP	button_L: lineWidth = 1
7.933069999911822	EXP	button_L: lineColor = {"_hex":"#006400","_rgb":[0,0.39215686274509803,0]}
7.933069999911822	EXP	button_L: fillColor = {"_hex":"#90EE90","_rgb":[0.5647058823529412,0.9333333333333333,0.5647058823529412]}
7.933069999911822	EXP	button_L: vertices = [[-0.5,0],[0,0.5],[0.5,0]]
7.933069999911822	EXP	button_L: closeShape = true
7.933069999911822	EXP	button_L: contrast = 1
7.933069999911822	EXP	button_L: depth = -1
7.933069999911822	EXP	button_L: interpolate = true
7.933069999911822	EXP	button_L: width = 0.4
7.933069999911822	EXP	button_L: vertices = [[-0.2,null],[0.2,null],[0.2,null],[-0.2,null]]
7.933069999911822	EXP	button_L: height = 0.2
7.933069999911822	EXP	button_L: vertices = [[-0.2,-0.1],[0.2,-0.1],[0.2,0.1],[-0.2,0.1]]
7.933069999911822	EXP	button_L: vertices = [[-0.2,-0.1],[0.2,-0.1],[0.2,0.1],[-0.2,0.1]]
7.933069999911822	EXP	ready_label_L: units = "height"
7.933069999911822	EXP	ready_label_L: ori = 0
7.933069999911822	EXP	ready_label_L: opacity = 1
7.933069999911822	EXP	ready_label_L: pos = [-0.4,-0.3]
7.933069999911822	EXP	ready_label_L: size = undefined
7.933069999911822	EXP	ready_label_L: text = "default text"
7.933069999911822	EXP	ready_label_L: font = "Arial"
7.933069999911822	EXP	ready_label_L: color = {"_hex":"#006400","_rgb":[0,0.39215686274509803,0]}
7.933069999911822	EXP	ready_label_L: contrast = 1
7.933069999911822	EXP	ready_label_L: height = 0.05
7.933069999911822	EXP	ready_label_L: bold = false
7.933069999911822	EXP	ready_label_L: italic = false
7.933069999911822	EXP	ready_label_L: alignHoriz = "left"
7.933069999911822	EXP	ready_label_L: alignVert = "center"
7.933069999911822	EXP	ready_label_L: wrapWidth = 1
7.933069999911822	EXP	ready_label_L: flipHoriz = false
7.933069999911822	EXP	ready_label_L: flipVert = false
7.933069999911822	EXP	button_R: units = "height"
7.933069999911822	EXP	button_R: ori = 0
7.933069999911822	EXP	button_R: opacity = 1
7.933069999911822	EXP	button_R: pos = [0.4,-0.3]
7.933069999911822	EXP	button_R: size = [1,1]
7.933069999911822	EXP	button_R: lineWidth = 1
7.933069999911822	EXP	button_R: lineColor = {"_hex":"#006400","_rgb":[0,0.39215686274509803,0]}
7.933069999911822	EXP	button_R: fillColor = {"_hex":"#90EE90","_rgb":[0.5647058823529412,0.9333333333333333,0.5647058823529412]}
7.933069999911822	EXP	button_R: vertices = [[-0.5,0],[0,0.5],[0.5,0]]
7.933069999911822	EXP	button_R: closeShape = true
7.933069999911822	EXP	button_R: contrast = 1
7.933069999911822	EXP	button_R: depth = -3
7.933069999911822	EXP	button_R: interpolate = true
7.933069999911822	EXP	button_R: width = 0.4
7.933069999911822	EXP	button_R: vertices = [[-0.2,null],[0.2,null],[0.2,null],[-0.2,null]]
7.933069999911822	EXP	button_R: height = 0.2
7.933069999911822	EXP	button_R: vertices = [[-0.2,-0.1],[0.2,-0.1],[0.2,0.1],[-0.2,0.1]]
7.933069999911822	EXP	button_R: vertices = [[-0.2,-0.1],[0.2,-0.1],[0.2,0.1],[-0.2,0.1]]
7.933069999911822	EXP	ready_label_R: units = "height"
7.933069999911822	EXP	ready_label_R: ori = 0
7.933069999911822	EXP	ready_label_R: opacity = 1
7.933069999911822	EXP	ready_label_R: pos = [0.4,-0.3]
7.933069999911822	EXP	ready_label_R: size = undefined
7.933069999911822	EXP	ready_label_R: text = "default text"
7.933069999911822	EXP	ready_label_R: font = "Arial"
7.933069999911822	EXP	ready_label_R: color = {"_hex":"#006400","_rgb":[0,0.39215686274509803,0]}
7.933069999911822	EXP	ready_label_R: contrast = 1
7.933069999911822	EXP	ready_label_R: height = 0.05
7.933069999911822	EXP	ready_label_R: bold = false
7.933069999911822	EXP	ready_label_R: italic = false
7.933069999911822	EXP	ready_label_R: alignHoriz = "left"
7.933069999911822	EXP	ready_label_R: alignVert = "center"
7.933069999911822	EXP	ready_label_R: wrapWidth = 1
7.933069999911822	EXP	ready_label_R: flipHoriz = false
7.933069999911822	EXP	ready_label_R: flipVert = false
7.933069999911822	EXP	fixation: units = "height"
7.933069999911822	EXP	fixation: ori = 0
7.933069999911822	EXP	fixation: opacity = 1
7.933069999911822	EXP	fixation: pos = [0,0]
7.933069999911822	EXP	fixation: size = undefined
7.933069999911822	EXP	fixation: text = "+"
7.933069999911822	EXP	fixation: font = "Arial"
7.933069999911822	EXP	fixation: color = {"_hex":"#FFFFFF","_rgb":[1,1,1]}
7.933069999911822	EXP	fixation: contrast = 1
7.933069999911822	EXP	fixation: height = 0.1
7.933069999911822	EXP	fixation: bold = false
7.933069999911822	EXP	fixation: italic = false
7.933069999911822	EXP	fixation: alignHoriz = "left"
7.933069999911822	EXP	fixation: alignVert = "center"
7.933069999911822	EXP	fixation: wrapWidth = 1
7.933069999911822	EXP	fixation: flipHoriz = false
7.933069999911822	EXP	fixation: flipVert = false
7.933069999911822	EXP	image_stim: units = "height"
7.933069999911822	EXP	image_stim: ori = 0
7.933069999911822	EXP	image_stim: opacity = 1
7.933069999911822	EXP	image_stim: pos = [0,0]
7.933069999911822	EXP	image_stim: size = [0.5,0.5]
7.933069999911822	EXP	image_stim: image = undefined
7.933069999911822	EXP	image_stim: mask = undefined
7.933069999911822	EXP	image_stim: color = {"_rgb":[1,1,1]}
7.933069999911822	EXP	image_stim: contrast = 1
7.933069999911822	EXP	image_stim: texRes = 128
7.933069999911822	EXP	image_stim: interpolate = true
7.933069999911822	EXP	image_stim: depth = -1
7.933069999911822	EXP	image_stim: flipHoriz = false
7.933069999911822	EXP	image_stim: flipVert = false
7.933069999911822	EXP	text_stim: units = "height"
7.933069999911822	EXP	text_stim: ori = 0
7.933069999911822	EXP	text_stim: opacity = 1
7.933069999911822	EXP	text_stim: pos = [0,0]
7.933069999911822	EXP	text_stim: size = undefined
7.933069999911822	EXP	text_stim: text = "default text"
7.933069999911822	EXP	text_stim: font = "Arial"
7.933069999911822	EXP	text_stim: color = {"_hex":"#FFFFFF","_rgb":[1,1,1]}
7.933069999911822	EXP	text_stim: contrast = 1
7.933069999911822	EXP	text_stim: height = 0.05
7.933069999911822	EXP	text_stim: bold = false
7.933069999911822	EXP	text_stim: italic = false
7.933069999911822	EXP	text_stim: alignHoriz = "left"
7.933069999911822	EXP	text_stim: alignVert = "center"
7.933069999911822	EXP	text_stim: wrapWidth = 1
7.933069999911822	EXP	text_stim: flipHoriz = false
7.933069999911822	EXP	text_stim: flipVert = false
7.933069999911822	EXP	button_left: units = "height"
7.933069999911822	EXP	button_left: ori = 0
7.933069999911822	EXP	button_left: opacity = 1
7.933069999911822	EXP	button_left: pos = [-0.4,-0.3]
7.933069999911822	EXP	button_left: size = [1,1]
7.933069999911822	EXP	button_left: lineWidth = 1
7.933069999911822	EXP	button_left: lineColor = {"_hex":"#006400","_rgb":[0,0.39215686274509803,0]}
7.933069999911822	EXP	button_left: fillColor = {"_hex":"#90EE90","_rgb":[0.5647058823529412,0.9333333333333333,0.5647058823529412]}
7.933069999911822	EXP	button_left: vertices = [[-0.5,0],[0,0.5],[0.5,0]]
7.933069999911822	EXP	button_left: closeShape = true
7.933069999911822	EXP	button_left: contrast = 1
7.933069999911822	EXP	button_left: depth = -6
7.933069999911822	EXP	button_left: interpolate = true
7.933069999911822	EXP	button_left: width = 0.4
7.933069999911822	EXP	button_left: vertices = [[-0.2,null],[0.2,null],[0.2,null],[-0.2,null]]
7.933069999911822	EXP	button_left: height = 0.2
7.933069999911822	EXP	button_left: vertices = [[-0.2,-0.1],[0.2,-0.1],[0.2,0.1],[-0.2,0.1]]
7.933069999911822	EXP	button_left: vertices = [[-0.2,-0.1],[0.2,-0.1],[0.2,0.1],[-0.2,0.1]]
7.933069999911822	EXP	trial_label_left: units = "height"
7.933069999911822	EXP	trial_label_left: ori = 0
7.933069999911822	EXP	trial_label_left: opacity = 1
7.933069999911822	EXP	trial_label_left: pos = [-0.4,-0.3]
7.933069999911822	EXP	trial_label_left: size = undefined
7.933069999911822	EXP	trial_label_left: text = "default text"
7.933069999911822	EXP	trial_label_left: font = "Arial"
7.933069999911822	EXP	trial_label_left: color = {"_hex":"#006400","_rgb":[0,0.39215686274509803,0]}
7.933069999911822	EXP	trial_label_left: contrast = 1
7.933069999911822	EXP	trial_label_left: height = 0.05
7.933069999911822	EXP	trial_label_left: bold = false
7.933069999911822	EXP	trial_label_left: italic = false
7.933069999911822	EXP	trial_label_left: alignHoriz = "left"
7.933069999911822	EXP	trial_label_left: alignVert = "center"
7.933069999911822	EXP	trial_label_left: wrapWidth = 1
7.933069999911822	EXP	trial_label_left: flipHoriz = false
7.933069999911822	EXP	trial_label_left: flipVert = false
7.933069999911822	EXP	button_right: units = "height"
7.933069999911822	EXP	button_right: ori = 0
7.933069999911822	EXP	button_right: opacity = 1
7.933069999911822	EXP	button_right: pos = [0.4,-0.3]
7.933069999911822	EXP	button_right: size = [1,1]
7.933069999911822	EXP	button_right: lineWidth = 1
7.933069999911822	EXP	button_right: lineColor = {"_hex":"#006400","_rgb":[0,0.39215686274509803,0]}
7.933069999911822	EXP	button_right: fillColor = {"_hex":"#90EE90","_rgb":[0.5647058823529412,0.9333333333333333,0.5647058823529412]}
7.933069999911822	EXP	button_right: vertices = [[-0.5,0],[0,0.5],[0.5,0]]
7.933069999911822	EXP	button_right: closeShape = true
7.933069999911822	EXP	button_right: contrast = 1
7.933069999911822	EXP	button_right: depth = -8
7.933069999911822	EXP	button_right: interpolate = true
7.933069999911822	EXP	button_right: width = 0.4
7.933069999911822	EXP	button_right: vertices = [[-0.2,null],[0.2,null],[0.2,null],[-0.2,null]]
7.933069999911822	EXP	button_right: height = 0.2
7.933069999911822	EXP	button_right: vertices = [[-0.2,-0.1],[0.2,-0.1],[0.2,0.1],[-0.2,0.1]]
7.933069999911822	EXP	button_right: vertices = [[-0.2,-0.1],[0.2,-0.1],[0.2,0.1],[-0.2,0.1]]
7.933069999911822	EXP	trial_label_right: units = "height"
7.933069999911822	EXP	trial_label_right: ori = 0
7.933069999911822	EXP	trial_label_right: opacity = 1
7.933069999911822	EXP	trial_label_right: pos = [0.4,-0.3]
7.933069999911822	EXP	trial_label_right: size = undefined
7.933069999911822	EXP	trial_label_right: text = "default text"
7.933069999911822	EXP	trial_label_right: font = "Arial"
7.933069999911822	EXP	trial_label_right: color = {"_hex":"#006400","_rgb":[0,0.39215686274509803,0]}
7.933069999911822	EXP	trial_label_right: contrast = 1
7.933069999911822	EXP	trial_label_right: height = 0.05
7.933069999911822	EXP	trial_label_right: bold = false
7.933069999911822	EXP	trial_label_right: italic = false
7.933069999911822	EXP	trial_label_right: alignHoriz = "left"
7.933069999911822	EXP	trial_label_right: alignVert = "center"
7.933069999911822	EXP	trial_label_right: wrapWidth = 1
7.933069999911822	EXP	trial_label_right: flipHoriz = false
7.933069999911822	EXP	trial_label_right: flipVert = false
7.933069999911822	EXP	feedback_msg: units = "height"
7.933069999911822	EXP	feedback_msg: ori = 0
7.933069999911822	EXP	feedback_msg: opacity = 1
7.933069999911822	EXP	feedback_msg: pos = [0,0]
7.933069999911822	EXP	feedback_msg: size = undefined
7.933069999911822	EXP	feedback_msg: text = "default text"
7.933069999911822	EXP	feedback_msg: font = "Arial"
7.933069999911822	EXP	feedback_msg: color = {"_hex":"#FFFFFF","_rgb":[1,1,1]}
7.933069999911822	EXP	feedback_msg: contrast = 1
7.933069999911822	EXP	feedback_msg: height = 0.1
7.933069999911822	EXP	feedback_msg: bold = false
7.933069999911822	EXP	feedback_msg: italic = false
7.933069999911822	EXP	feedback_msg: alignHoriz = "left"
7.933069999911822	EXP	feedback_msg: alignVert = "center"
7.933069999911822	EXP	feedback_msg: wrapWidth = 1
7.933069999911822	EXP	feedback_msg: flipHoriz = false
7.933069999911822	EXP	feedback_msg: flipVert = false
7.933069999911822	EXP	thanks_text: units = "height"
7.933069999911822	EXP	thanks_text: ori = 0
7.933069999911822	EXP	thanks_text: opacity = 1
7.933069999911822	EXP	thanks_text: pos = [0,0]
7.933069999911822	EXP	thanks_text: size = undefined
7.933069999911822	EXP	thanks_text: text = "The End. \n \nThank you for your participation."
7.933069999911822	EXP	thanks_text: font = "Arial"
7.933069999911822	EXP	thanks_text: color = {"_hex":"#FFFFFF","_rgb":[1,1,1]}
7.933069999911822	EXP	thanks_text: contrast = 1
7.933069999911822	EXP	thanks_text: height = 0.1
7.933069999911822	EXP	thanks_text: bold = false
7.933069999911822	EXP	thanks_text: italic = false
7.933069999911822	EXP	thanks_text: alignHoriz = "left"
7.933069999911822	EXP	thanks_text: alignVert = "center"
7.933069999911822	EXP	thanks_text: wrapWidth = 1
7.933069999911822	EXP	thanks_text: flipHoriz = false
7.933069999911822	EXP	thanks_text: flipVert = false
7.933069999911822	EXP	instructs_text: text = "You will be presented with words or images to classify into categories using either the 'A' or 'L' key. \r\n \r\nTry to go as fast as possible while making as few mistakes as possible. \r\n"
7.933069999911822	EXP	instructs_text: autoDraw = true
7.933069999911822	EXP	instr_done_button: autoDraw = true
7.933069999911822	EXP	instr_done_label: autoDraw = true
70.55676999990828	DATA	Mouse: 0 button down, pos=(823.2000122666359,781.6000604748733)
70.6530700000003	EXP	instructs_text: autoDraw = false
70.6530700000003	EXP	instr_done_button: autoDraw = false
70.6530700000003	EXP	instr_done_label: autoDraw = false
70.6530700000003	EXP	instructs_text: text = "Keep in mind: \r\n \r\n1) Labels at the top of the screen indicate which catogory goes with which key. \r\n \r\n2) Each word or image has a correct catogory classification \r\n \r\n3) Keep your index fingers on the A and L keys to enable a rapid response. \r\n \r\n4) The test gives no results if you go slow- please try to go as fast as possible \r\n"
70.6530700000003	EXP	instructs_text: autoDraw = true
70.6530700000003	EXP	instr_done_button: autoDraw = true
70.6530700000003	EXP	instr_done_label: autoDraw = true
70.68990999995731	DATA	Mouse: 0 button down, pos=(823.2000122666359,781.6000604748733)
73.06217499997001	DATA	Keydown: Escape
