0.08767500000249129	EXP	Created Window = Window( name=Window, fullscr=true, color=#000000, units=height, waitBlanking=true, autoLog=true, size=[1920,937] )
3.095900000000256	DATA	Keydown: End
5.555789999998524	DATA	Keydown: 1
10.378819999998086	EXP	Created instructs_text = TextStim( name=instructs_text, win=Window( name=Window, fullscr=true, color=#000000, ~), autoDraw=null, autoLog=true, units=height, ori=null, opacity=1, pos=[0,0], size=undefined, text=default text, font=Arial, color=#FFFFFF, contrast=1, height=0.03, bold=null, italic=null, alignHoriz=left, alignVert=center, wrapWidth=1, flipHoriz=null, flipVert=null )
10.382874999995693	EXP	Created instr_done_button = Rect( name=instr_done_button, win=Window( name=Window, fullscr=true, color=#000000, ~), autoDraw=null, autoLog=true, units=height, ori=null, opacity=1, pos=[0,-0.4], size=[1,1], lineWidth=1, lineColor=#006400, fillColor=#90EE90, vertices=[[-0.2,-0.05],[0.2,-0.05],[0.2,0.05],[-0.2,0.05]], closeShape=true, contrast=1, depth=-3, interpolate=true, width=0.4, height=0.1 )
10.3846099999937	EXP	Created instr_done_label = TextStim( name=instr_done_label, win=Window( name=Window, fullscr=true, color=#000000, ~), autoDraw=null, autoLog=true, units=height, ori=null, opacity=1, pos=[0,-0.4], size=undefined, text=Next..., font=Arial, color=#006400, contrast=1, height=0.05, bold=null, italic=null, alignHoriz=left, alignVert=center, wrapWidth=1, flipHoriz=null, flipVert=null )
10.385519999996177	EXP	Created main_ready_msg = TextStim( name=main_ready_msg, win=Window( name=Window, fullscr=true, color=#000000, ~), autoDraw=null, autoLog=true, units=height, ori=null, opacity=1, pos=[0,0], size=undefined, text=Take note of the categories below
 
Position your ~, font=Arial, color=#FFFFFF, contrast=1, height=0.03, bold=null, italic=null, alignHoriz=left, alignVert=center, wrapWidth=1, flipHoriz=null, flipVert=null )
10.38804999999411	EXP	Created button_L = Rect( name=button_L, win=Window( name=Window, fullscr=true, color=#000000, ~), autoDraw=null, autoLog=true, units=height, ori=null, opacity=1, pos=[-0.4,-0.3], size=[1,1], lineWidth=1, lineColor=#006400, fillColor=#90EE90, vertices=[[-0.2,-0.1],[0.2,-0.1],[0.2,0.1],[-0.2,0.1]], closeShape=true, contrast=1, depth=-1, interpolate=true, width=0.4, height=0.2 )
10.38855999999214	EXP	Created ready_label_L = TextStim( name=ready_label_L, win=Window( name=Window, fullscr=true, color=#000000, ~), autoDraw=null, autoLog=true, units=height, ori=null, opacity=1, pos=[-0.4,-0.3], size=undefined, text=default text, font=Arial, color=#006400, contrast=1, height=0.05, bold=null, italic=null, alignHoriz=left, alignVert=center, wrapWidth=1, flipHoriz=null, flipVert=null )
10.391494999988936	EXP	Created button_R = Rect( name=button_R, win=Window( name=Window, fullscr=true, color=#000000, ~), autoDraw=null, autoLog=true, units=height, ori=null, opacity=1, pos=[0.4,-0.3], size=[1,1], lineWidth=1, lineColor=#006400, fillColor=#90EE90, vertices=[[-0.2,-0.1],[0.2,-0.1],[0.2,0.1],[-0.2,0.1]], closeShape=true, contrast=1, depth=-3, interpolate=true, width=0.4, height=0.2 )
10.391954999999143	EXP	Created ready_label_R = TextStim( name=ready_label_R, win=Window( name=Window, fullscr=true, color=#000000, ~), autoDraw=null, autoLog=true, units=height, ori=null, opacity=1, pos=[0.4,-0.3], size=undefined, text=default text, font=Arial, color=#006400, contrast=1, height=0.05, bold=null, italic=null, alignHoriz=left, alignVert=center, wrapWidth=1, flipHoriz=null, flipVert=null )
10.392494999992778	EXP	Created fixation = TextStim( name=fixation, win=Window( name=Window, fullscr=true, color=#000000, ~), autoDraw=null, autoLog=true, units=height, ori=null, opacity=1, pos=[0,0], size=undefined, text=+, font=Arial, color=#FFFFFF, contrast=1, height=0.1, bold=null, italic=null, alignHoriz=left, alignVert=center, wrapWidth=1, flipHoriz=null, flipVert=null )
10.397329999992508	EXP	Created image_stim = ImageStim( name=image_stim, win=Window( name=Window, fullscr=true, color=#000000, ~), autoDraw=null, autoLog=true, units=height, ori=null, opacity=1, pos=[0,0], size=[0.5,0.5], image=undefined, mask=undefined, color=#ffffff, contrast=1, texRes=128, interpolate=true, depth=-1, flipHoriz=null, flipVert=null )
10.399019999997108	EXP	Created text_stim = TextStim( name=text_stim, win=Window( name=Window, fullscr=true, color=#000000, ~), autoDraw=null, autoLog=true, units=height, ori=null, opacity=1, pos=[0,0], size=undefined, text=default text, font=Arial, color=#FFFFFF, contrast=1, height=0.05, bold=null, italic=null, alignHoriz=left, alignVert=center, wrapWidth=1, flipHoriz=null, flipVert=null )
10.401639999996405	EXP	Created button_left = Rect( name=button_left, win=Window( name=Window, fullscr=true, color=#000000, ~), autoDraw=null, autoLog=true, units=height, ori=null, opacity=1, pos=[-0.4,-0.3], size=[1,1], lineWidth=1, lineColor=#006400, fillColor=#90EE90, vertices=[[-0.2,-0.1],[0.2,-0.1],[0.2,0.1],[-0.2,0.1]], closeShape=true, contrast=1, depth=-6, interpolate=true, width=0.4, height=0.2 )
10.4022399999958	EXP	Created trial_label_left = TextStim( name=trial_label_left, win=Window( name=Window, fullscr=true, color=#000000, ~), autoDraw=null, autoLog=true, units=height, ori=null, opacity=1, pos=[-0.4,-0.3], size=undefined, text=default text, font=Arial, color=#006400, contrast=1, height=0.05, bold=null, italic=null, alignHoriz=left, alignVert=center, wrapWidth=1, flipHoriz=null, flipVert=null )
10.404840000002878	EXP	Created button_right = Rect( name=button_right, win=Window( name=Window, fullscr=true, color=#000000, ~), autoDraw=null, autoLog=true, units=height, ori=null, opacity=1, pos=[0.4,-0.3], size=[1,1], lineWidth=1, lineColor=#006400, fillColor=#90EE90, vertices=[[-0.2,-0.1],[0.2,-0.1],[0.2,0.1],[-0.2,0.1]], closeShape=true, contrast=1, depth=-8, interpolate=true, width=0.4, height=0.2 )
10.405939999996917	EXP	Created trial_label_right = TextStim( name=trial_label_right, win=Window( name=Window, fullscr=true, color=#000000, ~), autoDraw=null, autoLog=true, units=height, ori=null, opacity=1, pos=[0.4,-0.3], size=undefined, text=default text, font=Arial, color=#006400, contrast=1, height=0.05, bold=null, italic=null, alignHoriz=left, alignVert=center, wrapWidth=1, flipHoriz=null, flipVert=null )
10.406604999996489	EXP	Created feedback_msg = TextStim( name=feedback_msg, win=Window( name=Window, fullscr=true, color=#000000, ~), autoDraw=null, autoLog=true, units=height, ori=null, opacity=1, pos=[0,0], size=undefined, text=default text, font=Arial, color=#FFFFFF, contrast=1, height=0.1, bold=null, italic=null, alignHoriz=left, alignVert=center, wrapWidth=1, flipHoriz=null, flipVert=null )
10.407334999996237	EXP	Created thanks_text = TextStim( name=thanks_text, win=Window( name=Window, fullscr=true, color=#000000, ~), autoDraw=null, autoLog=true, units=height, ori=null, opacity=1, pos=[0,0], size=undefined, text=The End. 
 
Thank you for your participation., font=Arial, color=#FFFFFF, contrast=1, height=0.1, bold=null, italic=null, alignHoriz=left, alignVert=center, wrapWidth=1, flipHoriz=null, flipVert=null )
10.624259999996866	EXP	instructs_text: units = "height"
10.624259999996866	EXP	instructs_text: ori = 0
10.624259999996866	EXP	instructs_text: opacity = 1
10.624259999996866	EXP	instructs_text: pos = [0,0]
10.624259999996866	EXP	instructs_text: size = undefined
10.624259999996866	EXP	instructs_text: text = "default text"
10.624259999996866	EXP	instructs_text: font = "Arial"
10.624259999996866	EXP	instructs_text: color = {"_hex":"#FFFFFF","_rgb":[1,1,1]}
10.624259999996866	EXP	instructs_text: contrast = 1
10.624259999996866	EXP	instructs_text: height = 0.03
10.624259999996866	EXP	instructs_text: bold = false
10.624259999996866	EXP	instructs_text: italic = false
10.624259999996866	EXP	instructs_text: alignHoriz = "left"
10.624259999996866	EXP	instructs_text: alignVert = "center"
10.624259999996866	EXP	instructs_text: wrapWidth = 1
10.624259999996866	EXP	instructs_text: flipHoriz = false
10.624259999996866	EXP	instructs_text: flipVert = false
10.624259999996866	EXP	instr_done_button: units = "height"
10.624259999996866	EXP	instr_done_button: ori = 0
10.624259999996866	EXP	instr_done_button: opacity = 1
10.624259999996866	EXP	instr_done_button: pos = [0,-0.4]
10.624259999996866	EXP	instr_done_button: size = [1,1]
10.624259999996866	EXP	instr_done_button: lineWidth = 1
10.624259999996866	EXP	instr_done_button: lineColor = {"_hex":"#006400","_rgb":[0,0.39215686274509803,0]}
10.624259999996866	EXP	instr_done_button: fillColor = {"_hex":"#90EE90","_rgb":[0.5647058823529412,0.9333333333333333,0.5647058823529412]}
10.624259999996866	EXP	instr_done_button: vertices = [[-0.5,0],[0,0.5],[0.5,0]]
10.624259999996866	EXP	instr_done_button: closeShape = true
10.624259999996866	EXP	instr_done_button: contrast = 1
10.624259999996866	EXP	instr_done_button: depth = -3
10.624259999996866	EXP	instr_done_button: interpolate = true
10.624259999996866	EXP	instr_done_button: width = 0.4
10.624259999996866	EXP	instr_done_button: vertices = [[-0.2,null],[0.2,null],[0.2,null],[-0.2,null]]
10.624259999996866	EXP	instr_done_button: height = 0.1
10.624259999996866	EXP	instr_done_button: vertices = [[-0.2,-0.05],[0.2,-0.05],[0.2,0.05],[-0.2,0.05]]
10.624259999996866	EXP	instr_done_button: vertices = [[-0.2,-0.05],[0.2,-0.05],[0.2,0.05],[-0.2,0.05]]
10.624259999996866	EXP	instr_done_label: units = "height"
10.624259999996866	EXP	instr_done_label: ori = 0
10.624259999996866	EXP	instr_done_label: opacity = 1
10.624259999996866	EXP	instr_done_label: pos = [0,-0.4]
10.624259999996866	EXP	instr_done_label: size = undefined
10.624259999996866	EXP	instr_done_label: text = "Next..."
10.624259999996866	EXP	instr_done_label: font = "Arial"
10.624259999996866	EXP	instr_done_label: color = {"_hex":"#006400","_rgb":[0,0.39215686274509803,0]}
10.624259999996866	EXP	instr_done_label: contrast = 1
10.624259999996866	EXP	instr_done_label: height = 0.05
10.624259999996866	EXP	instr_done_label: bold = false
10.624259999996866	EXP	instr_done_label: italic = false
10.624259999996866	EXP	instr_done_label: alignHoriz = "left"
10.624259999996866	EXP	instr_done_label: alignVert = "center"
10.624259999996866	EXP	instr_done_label: wrapWidth = 1
10.624259999996866	EXP	instr_done_label: flipHoriz = false
10.624259999996866	EXP	instr_done_label: flipVert = false
10.624259999996866	EXP	main_ready_msg: units = "height"
10.624259999996866	EXP	main_ready_msg: ori = 0
10.624259999996866	EXP	main_ready_msg: opacity = 1
10.624259999996866	EXP	main_ready_msg: pos = [0,0]
10.624259999996866	EXP	main_ready_msg: size = undefined
10.624259999996866	EXP	main_ready_msg: text = "Take note of the categories below\n \nPosition your index fingers \n \nPress the space bar (or one of the green buttons) to begin"
10.624259999996866	EXP	main_ready_msg: font = "Arial"
10.624259999996866	EXP	main_ready_msg: color = {"_hex":"#FFFFFF","_rgb":[1,1,1]}
10.624259999996866	EXP	main_ready_msg: contrast = 1
10.624259999996866	EXP	main_ready_msg: height = 0.03
10.624259999996866	EXP	main_ready_msg: bold = false
10.624259999996866	EXP	main_ready_msg: italic = false
10.624259999996866	EXP	main_ready_msg: alignHoriz = "left"
10.624259999996866	EXP	main_ready_msg: alignVert = "center"
10.624259999996866	EXP	main_ready_msg: wrapWidth = 1
10.624259999996866	EXP	main_ready_msg: flipHoriz = false
10.624259999996866	EXP	main_ready_msg: flipVert = false
10.624259999996866	EXP	button_L: units = "height"
10.624259999996866	EXP	button_L: ori = 0
10.624259999996866	EXP	button_L: opacity = 1
10.624259999996866	EXP	button_L: pos = [-0.4,-0.3]
10.624259999996866	EXP	button_L: size = [1,1]
10.624259999996866	EXP	button_L: lineWidth = 1
10.624259999996866	EXP	button_L: lineColor = {"_hex":"#006400","_rgb":[0,0.39215686274509803,0]}
10.624259999996866	EXP	button_L: fillColor = {"_hex":"#90EE90","_rgb":[0.5647058823529412,0.9333333333333333,0.5647058823529412]}
10.624259999996866	EXP	button_L: vertices = [[-0.5,0],[0,0.5],[0.5,0]]
10.624259999996866	EXP	button_L: closeShape = true
10.624259999996866	EXP	button_L: contrast = 1
10.624259999996866	EXP	button_L: depth = -1
10.624259999996866	EXP	button_L: interpolate = true
10.624259999996866	EXP	button_L: width = 0.4
10.624259999996866	EXP	button_L: vertices = [[-0.2,null],[0.2,null],[0.2,null],[-0.2,null]]
10.624259999996866	EXP	button_L: height = 0.2
10.624259999996866	EXP	button_L: vertices = [[-0.2,-0.1],[0.2,-0.1],[0.2,0.1],[-0.2,0.1]]
10.624259999996866	EXP	button_L: vertices = [[-0.2,-0.1],[0.2,-0.1],[0.2,0.1],[-0.2,0.1]]
10.624259999996866	EXP	ready_label_L: units = "height"
10.624259999996866	EXP	ready_label_L: ori = 0
10.624259999996866	EXP	ready_label_L: opacity = 1
10.624259999996866	EXP	ready_label_L: pos = [-0.4,-0.3]
10.624259999996866	EXP	ready_label_L: size = undefined
10.624259999996866	EXP	ready_label_L: text = "default text"
10.624259999996866	EXP	ready_label_L: font = "Arial"
10.624259999996866	EXP	ready_label_L: color = {"_hex":"#006400","_rgb":[0,0.39215686274509803,0]}
10.624259999996866	EXP	ready_label_L: contrast = 1
10.624259999996866	EXP	ready_label_L: height = 0.05
10.624259999996866	EXP	ready_label_L: bold = false
10.624259999996866	EXP	ready_label_L: italic = false
10.624259999996866	EXP	ready_label_L: alignHoriz = "left"
10.624259999996866	EXP	ready_label_L: alignVert = "center"
10.624259999996866	EXP	ready_label_L: wrapWidth = 1
10.624259999996866	EXP	ready_label_L: flipHoriz = false
10.624259999996866	EXP	ready_label_L: flipVert = false
10.624259999996866	EXP	button_R: units = "height"
10.624259999996866	EXP	button_R: ori = 0
10.624259999996866	EXP	button_R: opacity = 1
10.624259999996866	EXP	button_R: pos = [0.4,-0.3]
10.624259999996866	EXP	button_R: size = [1,1]
10.624259999996866	EXP	button_R: lineWidth = 1
10.624259999996866	EXP	button_R: lineColor = {"_hex":"#006400","_rgb":[0,0.39215686274509803,0]}
10.624259999996866	EXP	button_R: fillColor = {"_hex":"#90EE90","_rgb":[0.5647058823529412,0.9333333333333333,0.5647058823529412]}
10.624259999996866	EXP	button_R: vertices = [[-0.5,0],[0,0.5],[0.5,0]]
10.624259999996866	EXP	button_R: closeShape = true
10.624259999996866	EXP	button_R: contrast = 1
10.624259999996866	EXP	button_R: depth = -3
10.624259999996866	EXP	button_R: interpolate = true
10.624259999996866	EXP	button_R: width = 0.4
10.624259999996866	EXP	button_R: vertices = [[-0.2,null],[0.2,null],[0.2,null],[-0.2,null]]
10.624259999996866	EXP	button_R: height = 0.2
10.624259999996866	EXP	button_R: vertices = [[-0.2,-0.1],[0.2,-0.1],[0.2,0.1],[-0.2,0.1]]
10.624259999996866	EXP	button_R: vertices = [[-0.2,-0.1],[0.2,-0.1],[0.2,0.1],[-0.2,0.1]]
10.624259999996866	EXP	ready_label_R: units = "height"
10.624259999996866	EXP	ready_label_R: ori = 0
10.624259999996866	EXP	ready_label_R: opacity = 1
10.624259999996866	EXP	ready_label_R: pos = [0.4,-0.3]
10.624259999996866	EXP	ready_label_R: size = undefined
10.624259999996866	EXP	ready_label_R: text = "default text"
10.624259999996866	EXP	ready_label_R: font = "Arial"
10.624259999996866	EXP	ready_label_R: color = {"_hex":"#006400","_rgb":[0,0.39215686274509803,0]}
10.624259999996866	EXP	ready_label_R: contrast = 1
10.624259999996866	EXP	ready_label_R: height = 0.05
10.624259999996866	EXP	ready_label_R: bold = false
10.624259999996866	EXP	ready_label_R: italic = false
10.624259999996866	EXP	ready_label_R: alignHoriz = "left"
10.624259999996866	EXP	ready_label_R: alignVert = "center"
10.624259999996866	EXP	ready_label_R: wrapWidth = 1
10.624259999996866	EXP	ready_label_R: flipHoriz = false
10.624259999996866	EXP	ready_label_R: flipVert = false
10.624259999996866	EXP	fixation: units = "height"
10.624259999996866	EXP	fixation: ori = 0
10.624259999996866	EXP	fixation: opacity = 1
10.624259999996866	EXP	fixation: pos = [0,0]
10.624259999996866	EXP	fixation: size = undefined
10.624259999996866	EXP	fixation: text = "+"
10.624259999996866	EXP	fixation: font = "Arial"
10.624259999996866	EXP	fixation: color = {"_hex":"#FFFFFF","_rgb":[1,1,1]}
10.624259999996866	EXP	fixation: contrast = 1
10.624259999996866	EXP	fixation: height = 0.1
10.624259999996866	EXP	fixation: bold = false
10.624259999996866	EXP	fixation: italic = false
10.624259999996866	EXP	fixation: alignHoriz = "left"
10.624259999996866	EXP	fixation: alignVert = "center"
10.624259999996866	EXP	fixation: wrapWidth = 1
10.624259999996866	EXP	fixation: flipHoriz = false
10.624259999996866	EXP	fixation: flipVert = false
10.624259999996866	EXP	image_stim: units = "height"
10.624259999996866	EXP	image_stim: ori = 0
10.624259999996866	EXP	image_stim: opacity = 1
10.624259999996866	EXP	image_stim: pos = [0,0]
10.624259999996866	EXP	image_stim: size = [0.5,0.5]
10.624259999996866	EXP	image_stim: image = undefined
10.624259999996866	EXP	image_stim: mask = undefined
10.624259999996866	EXP	image_stim: color = {"_rgb":[1,1,1]}
10.624259999996866	EXP	image_stim: contrast = 1
10.624259999996866	EXP	image_stim: texRes = 128
10.624259999996866	EXP	image_stim: interpolate = true
10.624259999996866	EXP	image_stim: depth = -1
10.624259999996866	EXP	image_stim: flipHoriz = false
10.624259999996866	EXP	image_stim: flipVert = false
10.624259999996866	EXP	text_stim: units = "height"
10.624259999996866	EXP	text_stim: ori = 0
10.624259999996866	EXP	text_stim: opacity = 1
10.624259999996866	EXP	text_stim: pos = [0,0]
10.624259999996866	EXP	text_stim: size = undefined
10.624259999996866	EXP	text_stim: text = "default text"
10.624259999996866	EXP	text_stim: font = "Arial"
10.624259999996866	EXP	text_stim: color = {"_hex":"#FFFFFF","_rgb":[1,1,1]}
10.624259999996866	EXP	text_stim: contrast = 1
10.624259999996866	EXP	text_stim: height = 0.05
10.624259999996866	EXP	text_stim: bold = false
10.624259999996866	EXP	text_stim: italic = false
10.624259999996866	EXP	text_stim: alignHoriz = "left"
10.624259999996866	EXP	text_stim: alignVert = "center"
10.624259999996866	EXP	text_stim: wrapWidth = 1
10.624259999996866	EXP	text_stim: flipHoriz = false
10.624259999996866	EXP	text_stim: flipVert = false
10.624259999996866	EXP	button_left: units = "height"
10.624259999996866	EXP	button_left: ori = 0
10.624259999996866	EXP	button_left: opacity = 1
10.624259999996866	EXP	button_left: pos = [-0.4,-0.3]
10.624259999996866	EXP	button_left: size = [1,1]
10.624259999996866	EXP	button_left: lineWidth = 1
10.624259999996866	EXP	button_left: lineColor = {"_hex":"#006400","_rgb":[0,0.39215686274509803,0]}
10.624259999996866	EXP	button_left: fillColor = {"_hex":"#90EE90","_rgb":[0.5647058823529412,0.9333333333333333,0.5647058823529412]}
10.624259999996866	EXP	button_left: vertices = [[-0.5,0],[0,0.5],[0.5,0]]
10.624259999996866	EXP	button_left: closeShape = true
10.624259999996866	EXP	button_left: contrast = 1
10.624259999996866	EXP	button_left: depth = -6
10.624259999996866	EXP	button_left: interpolate = true
10.624259999996866	EXP	button_left: width = 0.4
10.624259999996866	EXP	button_left: vertices = [[-0.2,null],[0.2,null],[0.2,null],[-0.2,null]]
10.624259999996866	EXP	button_left: height = 0.2
10.624259999996866	EXP	button_left: vertices = [[-0.2,-0.1],[0.2,-0.1],[0.2,0.1],[-0.2,0.1]]
10.624259999996866	EXP	button_left: vertices = [[-0.2,-0.1],[0.2,-0.1],[0.2,0.1],[-0.2,0.1]]
10.624259999996866	EXP	trial_label_left: units = "height"
10.624259999996866	EXP	trial_label_left: ori = 0
10.624259999996866	EXP	trial_label_left: opacity = 1
10.624259999996866	EXP	trial_label_left: pos = [-0.4,-0.3]
10.624259999996866	EXP	trial_label_left: size = undefined
10.624259999996866	EXP	trial_label_left: text = "default text"
10.624259999996866	EXP	trial_label_left: font = "Arial"
10.624259999996866	EXP	trial_label_left: color = {"_hex":"#006400","_rgb":[0,0.39215686274509803,0]}
10.624259999996866	EXP	trial_label_left: contrast = 1
10.624259999996866	EXP	trial_label_left: height = 0.05
10.624259999996866	EXP	trial_label_left: bold = false
10.624259999996866	EXP	trial_label_left: italic = false
10.624259999996866	EXP	trial_label_left: alignHoriz = "left"
10.624259999996866	EXP	trial_label_left: alignVert = "center"
10.624259999996866	EXP	trial_label_left: wrapWidth = 1
10.624259999996866	EXP	trial_label_left: flipHoriz = false
10.624259999996866	EXP	trial_label_left: flipVert = false
10.624259999996866	EXP	button_right: units = "height"
10.624259999996866	EXP	button_right: ori = 0
10.624259999996866	EXP	button_right: opacity = 1
10.624259999996866	EXP	button_right: pos = [0.4,-0.3]
10.624259999996866	EXP	button_right: size = [1,1]
10.624259999996866	EXP	button_right: lineWidth = 1
10.624259999996866	EXP	button_right: lineColor = {"_hex":"#006400","_rgb":[0,0.39215686274509803,0]}
10.624259999996866	EXP	button_right: fillColor = {"_hex":"#90EE90","_rgb":[0.5647058823529412,0.9333333333333333,0.5647058823529412]}
10.624259999996866	EXP	button_right: vertices = [[-0.5,0],[0,0.5],[0.5,0]]
10.624259999996866	EXP	button_right: closeShape = true
10.624259999996866	EXP	button_right: contrast = 1
10.624259999996866	EXP	button_right: depth = -8
10.624259999996866	EXP	button_right: interpolate = true
10.624259999996866	EXP	button_right: width = 0.4
10.624259999996866	EXP	button_right: vertices = [[-0.2,null],[0.2,null],[0.2,null],[-0.2,null]]
10.624259999996866	EXP	button_right: height = 0.2
10.624259999996866	EXP	button_right: vertices = [[-0.2,-0.1],[0.2,-0.1],[0.2,0.1],[-0.2,0.1]]
10.624259999996866	EXP	button_right: vertices = [[-0.2,-0.1],[0.2,-0.1],[0.2,0.1],[-0.2,0.1]]
10.624259999996866	EXP	trial_label_right: units = "height"
10.624259999996866	EXP	trial_label_right: ori = 0
10.624259999996866	EXP	trial_label_right: opacity = 1
10.624259999996866	EXP	trial_label_right: pos = [0.4,-0.3]
10.624259999996866	EXP	trial_label_right: size = undefined
10.624259999996866	EXP	trial_label_right: text = "default text"
10.624259999996866	EXP	trial_label_right: font = "Arial"
10.624259999996866	EXP	trial_label_right: color = {"_hex":"#006400","_rgb":[0,0.39215686274509803,0]}
10.624259999996866	EXP	trial_label_right: contrast = 1
10.624259999996866	EXP	trial_label_right: height = 0.05
10.624259999996866	EXP	trial_label_right: bold = false
10.624259999996866	EXP	trial_label_right: italic = false
10.624259999996866	EXP	trial_label_right: alignHoriz = "left"
10.624259999996866	EXP	trial_label_right: alignVert = "center"
10.624259999996866	EXP	trial_label_right: wrapWidth = 1
10.624259999996866	EXP	trial_label_right: flipHoriz = false
10.624259999996866	EXP	trial_label_right: flipVert = false
10.624259999996866	EXP	feedback_msg: units = "height"
10.624259999996866	EXP	feedback_msg: ori = 0
10.624259999996866	EXP	feedback_msg: opacity = 1
10.624259999996866	EXP	feedback_msg: pos = [0,0]
10.624259999996866	EXP	feedback_msg: size = undefined
10.624259999996866	EXP	feedback_msg: text = "default text"
10.624259999996866	EXP	feedback_msg: font = "Arial"
10.624259999996866	EXP	feedback_msg: color = {"_hex":"#FFFFFF","_rgb":[1,1,1]}
10.624259999996866	EXP	feedback_msg: contrast = 1
10.624259999996866	EXP	feedback_msg: height = 0.1
10.624259999996866	EXP	feedback_msg: bold = false
10.624259999996866	EXP	feedback_msg: italic = false
10.624259999996866	EXP	feedback_msg: alignHoriz = "left"
10.624259999996866	EXP	feedback_msg: alignVert = "center"
10.624259999996866	EXP	feedback_msg: wrapWidth = 1
10.624259999996866	EXP	feedback_msg: flipHoriz = false
10.624259999996866	EXP	feedback_msg: flipVert = false
10.624259999996866	EXP	thanks_text: units = "height"
10.624259999996866	EXP	thanks_text: ori = 0
10.624259999996866	EXP	thanks_text: opacity = 1
10.624259999996866	EXP	thanks_text: pos = [0,0]
10.624259999996866	EXP	thanks_text: size = undefined
10.624259999996866	EXP	thanks_text: text = "The End. \n \nThank you for your participation."
10.624259999996866	EXP	thanks_text: font = "Arial"
10.624259999996866	EXP	thanks_text: color = {"_hex":"#FFFFFF","_rgb":[1,1,1]}
10.624259999996866	EXP	thanks_text: contrast = 1
10.624259999996866	EXP	thanks_text: height = 0.1
10.624259999996866	EXP	thanks_text: bold = false
10.624259999996866	EXP	thanks_text: italic = false
10.624259999996866	EXP	thanks_text: alignHoriz = "left"
10.624259999996866	EXP	thanks_text: alignVert = "center"
10.624259999996866	EXP	thanks_text: wrapWidth = 1
10.624259999996866	EXP	thanks_text: flipHoriz = false
10.624259999996866	EXP	thanks_text: flipVert = false
10.624259999996866	EXP	instructs_text: text = "You will be presented with words or images to classify into categories using either the 'A' or 'L' key. \r\n \r\nTry to go as fast as possible while making as few mistakes as possible. \r\n"
10.624259999996866	EXP	instructs_text: autoDraw = true
10.624259999996866	EXP	instr_done_button: autoDraw = true
10.624259999996866	EXP	instr_done_label: autoDraw = true
16.560759999993024	DATA	Mouse: 0 button down, pos=(1004,964)
16.576739999989513	EXP	instructs_text: autoDraw = false
16.576739999989513	EXP	instr_done_button: autoDraw = false
16.576739999989513	EXP	instr_done_label: autoDraw = false
16.576739999989513	EXP	instructs_text: text = "Keep in mind: \r\n \r\n1) Labels at the top of the screen indicate which catogory goes with which key. \r\n \r\n2) Each word or image has a correct catogory classification \r\n \r\n3) Keep your index fingers on the A and L keys to enable a rapid response. \r\n \r\n4) The test gives no results if you go slow- please try to go as fast as possible \r\n"
16.576739999989513	EXP	instructs_text: autoDraw = true
16.576739999989513	EXP	instr_done_button: autoDraw = true
16.576739999989513	EXP	instr_done_label: autoDraw = true
16.6432749999949	DATA	Mouse: 0 button down, pos=(1004,964)
22.42624000000069	DATA	Mouse: 0 button down, pos=(1004,964)
22.471494999990682	EXP	instructs_text: autoDraw = false
22.471494999990682	EXP	instr_done_button: autoDraw = false
22.471494999990682	EXP	instr_done_label: autoDraw = false
22.471494999990682	EXP	ready_label_L: text = "A = \r\nPositive"
22.471494999990682	EXP	ready_label_R: text = "L = \r\nNegative"
22.471494999990682	EXP	main_ready_msg: autoDraw = true
22.471494999990682	EXP	button_L: autoDraw = true
22.471494999990682	EXP	ready_label_L: autoDraw = true
22.471494999990682	EXP	button_R: autoDraw = true
22.471494999990682	EXP	ready_label_R: autoDraw = true
22.56803999999829	DATA	Mouse: 0 button down, pos=(1004,964)
25.597664999993867	DATA	Mouse: 0 button down, pos=(1004,964)
25.728489999994054	DATA	Mouse: 0 button down, pos=(1004,964)
28.252489999998943	DATA	Keydown:  
28.291969999991124	EXP	main_ready_msg: autoDraw = false
28.291969999991124	EXP	button_L: autoDraw = false
28.291969999991124	EXP	ready_label_L: autoDraw = false
28.291969999991124	EXP	button_R: autoDraw = false
28.291969999991124	EXP	ready_label_R: autoDraw = false
28.291969999991124	EXP	image_stim: image = {}
28.291969999991124	EXP	text_stim: text = "Hurt"
28.291969999991124	EXP	trial_label_left: text = "A = \r\nPositive"
28.291969999991124	EXP	trial_label_right: text = "L = \r\nNegative"
28.291969999991124	EXP	fixation: autoDraw = true
28.772830000001704	EXP	fixation: autoDraw = false
28.80809500000032	EXP	image_stim: autoDraw = true
28.80809500000032	EXP	text_stim: autoDraw = true
28.80809500000032	EXP	button_left: autoDraw = true
28.80809500000032	EXP	trial_label_left: autoDraw = true
28.80809500000032	EXP	button_right: autoDraw = true
28.80809500000032	EXP	trial_label_right: autoDraw = true
29.996014999996987	DATA	Keydown: l
30.00869000000239	EXP	fixation: autoDraw = false
30.00869000000239	EXP	image_stim: autoDraw = false
30.00869000000239	EXP	text_stim: autoDraw = false
30.00869000000239	EXP	button_left: autoDraw = false
30.00869000000239	EXP	trial_label_left: autoDraw = false
30.00869000000239	EXP	button_right: autoDraw = false
30.00869000000239	EXP	trial_label_right: autoDraw = false
30.00869000000239	EXP	feedback_msg: text = "+"
30.00869000000239	EXP	feedback_msg: autoDraw = true
31.008474999995087	EXP	feedback_msg: autoDraw = false
31.008474999995087	EXP	feedback_msg: autoDraw = false
31.008474999995087	EXP	image_stim: image = {}
31.008474999995087	EXP	text_stim: text = "Happy"
31.008474999995087	EXP	trial_label_left: text = "A = \r\nPositive"
31.008474999995087	EXP	trial_label_right: text = "L = \r\nNegative"
31.008474999995087	EXP	fixation: autoDraw = true
31.505024999991292	EXP	fixation: autoDraw = false
31.5263949999935	EXP	image_stim: autoDraw = true
31.5263949999935	EXP	text_stim: autoDraw = true
31.5263949999935	EXP	button_left: autoDraw = true
31.5263949999935	EXP	trial_label_left: autoDraw = true
31.5263949999935	EXP	button_right: autoDraw = true
31.5263949999935	EXP	trial_label_right: autoDraw = true
32.44559499999741	DATA	Keydown: a
32.46043500000087	EXP	fixation: autoDraw = false
32.46043500000087	EXP	image_stim: autoDraw = false
32.46043500000087	EXP	text_stim: autoDraw = false
32.46043500000087	EXP	button_left: autoDraw = false
32.46043500000087	EXP	trial_label_left: autoDraw = false
32.46043500000087	EXP	button_right: autoDraw = false
32.46043500000087	EXP	trial_label_right: autoDraw = false
32.46043500000087	EXP	feedback_msg: text = "+"
32.46043500000087	EXP	feedback_msg: autoDraw = true
33.45821499999147	EXP	feedback_msg: autoDraw = false
33.45821499999147	EXP	feedback_msg: autoDraw = false
33.45821499999147	EXP	image_stim: image = {}
33.45821499999147	EXP	text_stim: text = "Bad"
33.45821499999147	EXP	trial_label_left: text = "A = \r\nPositive"
33.45821499999147	EXP	trial_label_right: text = "L = \r\nNegative"
33.45821499999147	EXP	fixation: autoDraw = true
33.955984999993234	EXP	fixation: autoDraw = false
33.98131499999727	EXP	image_stim: autoDraw = true
33.98131499999727	EXP	text_stim: autoDraw = true
33.98131499999727	EXP	button_left: autoDraw = true
33.98131499999727	EXP	trial_label_left: autoDraw = true
33.98131499999727	EXP	button_right: autoDraw = true
33.98131499999727	EXP	trial_label_right: autoDraw = true
34.97385499998927	DATA	Keydown: l
34.991299999994226	EXP	fixation: autoDraw = false
34.991299999994226	EXP	image_stim: autoDraw = false
34.991299999994226	EXP	text_stim: autoDraw = false
34.991299999994226	EXP	button_left: autoDraw = false
34.991299999994226	EXP	trial_label_left: autoDraw = false
34.991299999994226	EXP	button_right: autoDraw = false
34.991299999994226	EXP	trial_label_right: autoDraw = false
34.991299999994226	EXP	feedback_msg: text = "+"
34.991299999994226	EXP	feedback_msg: autoDraw = true
35.99225999999908	EXP	feedback_msg: autoDraw = false
35.99225999999908	EXP	feedback_msg: autoDraw = false
35.99225999999908	EXP	image_stim: image = {}
35.99225999999908	EXP	text_stim: text = "Pleasure"
35.99225999999908	EXP	trial_label_left: text = "A = \r\nPositive"
35.99225999999908	EXP	trial_label_right: text = "L = \r\nNegative"
35.99225999999908	EXP	fixation: autoDraw = true
36.48975999999675	EXP	fixation: autoDraw = false
36.515889999995125	EXP	image_stim: autoDraw = true
36.515889999995125	EXP	text_stim: autoDraw = true
36.515889999995125	EXP	button_left: autoDraw = true
36.515889999995125	EXP	trial_label_left: autoDraw = true
36.515889999995125	EXP	button_right: autoDraw = true
36.515889999995125	EXP	trial_label_right: autoDraw = true
37.7164150000026	DATA	Keydown: l
37.727799999993294	EXP	fixation: autoDraw = false
37.727799999993294	EXP	image_stim: autoDraw = false
37.727799999993294	EXP	text_stim: autoDraw = false
37.727799999993294	EXP	button_left: autoDraw = false
37.727799999993294	EXP	trial_label_left: autoDraw = false
37.727799999993294	EXP	button_right: autoDraw = false
37.727799999993294	EXP	trial_label_right: autoDraw = false
37.727799999993294	EXP	feedback_msg: text = "oops"
37.727799999993294	EXP	feedback_msg: autoDraw = true
38.72507999998925	EXP	feedback_msg: autoDraw = false
38.72507999998925	EXP	feedback_msg: autoDraw = false
38.72507999998925	EXP	image_stim: image = {}
38.72507999998925	EXP	text_stim: text = "Joy"
38.72507999998925	EXP	trial_label_left: text = "A = \r\nPositive"
38.72507999998925	EXP	trial_label_right: text = "L = \r\nNegative"
38.72507999998925	EXP	fixation: autoDraw = true
39.222609999997076	EXP	fixation: autoDraw = false
39.24911499999871	EXP	image_stim: autoDraw = true
39.24911499999871	EXP	text_stim: autoDraw = true
39.24911499999871	EXP	button_left: autoDraw = true
39.24911499999871	EXP	trial_label_left: autoDraw = true
39.24911499999871	EXP	button_right: autoDraw = true
39.24911499999871	EXP	trial_label_right: autoDraw = true
42.71730999999272	DATA	Keydown: Escape
