0.18502499999885913	EXP	Created Window = Window( name=Window, fullscr=true, color=#000000, units=height, waitBlanking=true, autoLog=true, size=[1303,798] )
2.0854749999998603	DATA	Keydown: 2
2.186084999993909	DATA	Keydown: 2
2.3337849999952596	DATA	Keydown: 2
5.866060000000289	EXP	Created instructs_text = TextStim( name=instructs_text, win=Window( name=Window, fullscr=true, color=#000000, ~), autoDraw=null, autoLog=true, units=height, ori=null, opacity=1, pos=[0,0], size=undefined, text=default text, font=Arial, color=#FFFFFF, contrast=1, height=0.03, bold=null, italic=null, alignHoriz=left, alignVert=center, wrapWidth=1, flipHoriz=null, flipVert=null )
5.871069999993779	EXP	Created instr_done_button = Rect( name=instr_done_button, win=Window( name=Window, fullscr=true, color=#000000, ~), autoDraw=null, autoLog=true, units=height, ori=null, opacity=1, pos=[0,-0.4], size=[1,1], lineWidth=1, lineColor=#006400, fillColor=#90EE90, vertices=[[-0.2,-0.05],[0.2,-0.05],[0.2,0.05],[-0.2,0.05]], closeShape=true, contrast=1, depth=-3, interpolate=true, width=0.4, height=0.1 )
5.871585000000778	EXP	Created instr_done_label = TextStim( name=instr_done_label, win=Window( name=Window, fullscr=true, color=#000000, ~), autoDraw=null, autoLog=true, units=height, ori=null, opacity=1, pos=[0,-0.4], size=undefined, text=Next..., font=Arial, color=#006400, contrast=1, height=0.05, bold=null, italic=null, alignHoriz=left, alignVert=center, wrapWidth=1, flipHoriz=null, flipVert=null )
5.872419999999693	EXP	Created main_ready_msg = TextStim( name=main_ready_msg, win=Window( name=Window, fullscr=true, color=#000000, ~), autoDraw=null, autoLog=true, units=height, ori=null, opacity=1, pos=[0,0], size=undefined, text=Take note of the categories below
 
Position your ~, font=Arial, color=#FFFFFF, contrast=1, height=0.03, bold=null, italic=null, alignHoriz=left, alignVert=center, wrapWidth=1, flipHoriz=null, flipVert=null )
5.87523499999952	EXP	Created button_L = Rect( name=button_L, win=Window( name=Window, fullscr=true, color=#000000, ~), autoDraw=null, autoLog=true, units=height, ori=null, opacity=1, pos=[-0.4,-0.3], size=[1,1], lineWidth=1, lineColor=#006400, fillColor=#90EE90, vertices=[[-0.2,-0.1],[0.2,-0.1],[0.2,0.1],[-0.2,0.1]], closeShape=true, contrast=1, depth=-1, interpolate=true, width=0.4, height=0.2 )
5.875829999989946	EXP	Created ready_label_L = TextStim( name=ready_label_L, win=Window( name=Window, fullscr=true, color=#000000, ~), autoDraw=null, autoLog=true, units=height, ori=null, opacity=1, pos=[-0.4,-0.3], size=undefined, text=default text, font=Arial, color=#006400, contrast=1, height=0.05, bold=null, italic=null, alignHoriz=left, alignVert=center, wrapWidth=1, flipHoriz=null, flipVert=null )
5.878079999994952	EXP	Created button_R = Rect( name=button_R, win=Window( name=Window, fullscr=true, color=#000000, ~), autoDraw=null, autoLog=true, units=height, ori=null, opacity=1, pos=[0.4,-0.3], size=[1,1], lineWidth=1, lineColor=#006400, fillColor=#90EE90, vertices=[[-0.2,-0.1],[0.2,-0.1],[0.2,0.1],[-0.2,0.1]], closeShape=true, contrast=1, depth=-3, interpolate=true, width=0.4, height=0.2 )
5.878570000000764	EXP	Created ready_label_R = TextStim( name=ready_label_R, win=Window( name=Window, fullscr=true, color=#000000, ~), autoDraw=null, autoLog=true, units=height, ori=null, opacity=1, pos=[0.4,-0.3], size=undefined, text=default text, font=Arial, color=#006400, contrast=1, height=0.05, bold=null, italic=null, alignHoriz=left, alignVert=center, wrapWidth=1, flipHoriz=null, flipVert=null )
5.87918499999796	EXP	Created fixation = TextStim( name=fixation, win=Window( name=Window, fullscr=true, color=#000000, ~), autoDraw=null, autoLog=true, units=height, ori=null, opacity=1, pos=[0,0], size=undefined, text=+, font=Arial, color=#FFFFFF, contrast=1, height=0.1, bold=null, italic=null, alignHoriz=left, alignVert=center, wrapWidth=1, flipHoriz=null, flipVert=null )
5.882694999992964	EXP	Created image_stim = ImageStim( name=image_stim, win=Window( name=Window, fullscr=true, color=#000000, ~), autoDraw=null, autoLog=true, units=height, ori=null, opacity=1, pos=[0,0], size=[0.5,0.5], image=undefined, mask=undefined, color=#ffffff, contrast=1, texRes=128, interpolate=true, depth=-1, flipHoriz=null, flipVert=null )
5.883239999995567	EXP	Created text_stim = TextStim( name=text_stim, win=Window( name=Window, fullscr=true, color=#000000, ~), autoDraw=null, autoLog=true, units=height, ori=null, opacity=1, pos=[0,0], size=undefined, text=default text, font=Arial, color=#FFFFFF, contrast=1, height=0.05, bold=null, italic=null, alignHoriz=left, alignVert=center, wrapWidth=1, flipHoriz=null, flipVert=null )
5.885939999992843	EXP	Created button_left = Rect( name=button_left, win=Window( name=Window, fullscr=true, color=#000000, ~), autoDraw=null, autoLog=true, units=height, ori=null, opacity=1, pos=[-0.4,-0.3], size=[1,1], lineWidth=1, lineColor=#006400, fillColor=#90EE90, vertices=[[-0.2,-0.1],[0.2,-0.1],[0.2,0.1],[-0.2,0.1]], closeShape=true, contrast=1, depth=-6, interpolate=true, width=0.4, height=0.2 )
5.886484999995446	EXP	Created trial_label_left = TextStim( name=trial_label_left, win=Window( name=Window, fullscr=true, color=#000000, ~), autoDraw=null, autoLog=true, units=height, ori=null, opacity=1, pos=[-0.4,-0.3], size=undefined, text=default text, font=Arial, color=#006400, contrast=1, height=0.05, bold=null, italic=null, alignHoriz=left, alignVert=center, wrapWidth=1, flipHoriz=null, flipVert=null )
5.889339999994263	EXP	Created button_right = Rect( name=button_right, win=Window( name=Window, fullscr=true, color=#000000, ~), autoDraw=null, autoLog=true, units=height, ori=null, opacity=1, pos=[0.4,-0.3], size=[1,1], lineWidth=1, lineColor=#006400, fillColor=#90EE90, vertices=[[-0.2,-0.1],[0.2,-0.1],[0.2,0.1],[-0.2,0.1]], closeShape=true, contrast=1, depth=-8, interpolate=true, width=0.4, height=0.2 )
5.89001499999722	EXP	Created trial_label_right = TextStim( name=trial_label_right, win=Window( name=Window, fullscr=true, color=#000000, ~), autoDraw=null, autoLog=true, units=height, ori=null, opacity=1, pos=[0.4,-0.3], size=undefined, text=default text, font=Arial, color=#006400, contrast=1, height=0.05, bold=null, italic=null, alignHoriz=left, alignVert=center, wrapWidth=1, flipHoriz=null, flipVert=null )
5.890589999995427	EXP	Created feedback_msg = TextStim( name=feedback_msg, win=Window( name=Window, fullscr=true, color=#000000, ~), autoDraw=null, autoLog=true, units=height, ori=null, opacity=1, pos=[0,0], size=undefined, text=default text, font=Arial, color=#FFFFFF, contrast=1, height=0.1, bold=null, italic=null, alignHoriz=left, alignVert=center, wrapWidth=1, flipHoriz=null, flipVert=null )
5.891329999998561	EXP	Created thanks_text = TextStim( name=thanks_text, win=Window( name=Window, fullscr=true, color=#000000, ~), autoDraw=null, autoLog=true, units=height, ori=null, opacity=1, pos=[0,0], size=undefined, text=The End. 
 
Thank you for your participation., font=Arial, color=#FFFFFF, contrast=1, height=0.1, bold=null, italic=null, alignHoriz=left, alignVert=center, wrapWidth=1, flipHoriz=null, flipVert=null )
6.0144449999934295	EXP	instructs_text: units = "height"
6.0144449999934295	EXP	instructs_text: ori = 0
6.0144449999934295	EXP	instructs_text: opacity = 1
6.0144449999934295	EXP	instructs_text: pos = [0,0]
6.0144449999934295	EXP	instructs_text: size = undefined
6.0144449999934295	EXP	instructs_text: text = "default text"
6.0144449999934295	EXP	instructs_text: font = "Arial"
6.0144449999934295	EXP	instructs_text: color = {"_hex":"#FFFFFF","_rgb":[1,1,1]}
6.0144449999934295	EXP	instructs_text: contrast = 1
6.0144449999934295	EXP	instructs_text: height = 0.03
6.0144449999934295	EXP	instructs_text: bold = false
6.0144449999934295	EXP	instructs_text: italic = false
6.0144449999934295	EXP	instructs_text: alignHoriz = "left"
6.0144449999934295	EXP	instructs_text: alignVert = "center"
6.0144449999934295	EXP	instructs_text: wrapWidth = 1
6.0144449999934295	EXP	instructs_text: flipHoriz = false
6.0144449999934295	EXP	instructs_text: flipVert = false
6.0144449999934295	EXP	instr_done_button: units = "height"
6.0144449999934295	EXP	instr_done_button: ori = 0
6.0144449999934295	EXP	instr_done_button: opacity = 1
6.0144449999934295	EXP	instr_done_button: pos = [0,-0.4]
6.0144449999934295	EXP	instr_done_button: size = [1,1]
6.0144449999934295	EXP	instr_done_button: lineWidth = 1
6.0144449999934295	EXP	instr_done_button: lineColor = {"_hex":"#006400","_rgb":[0,0.39215686274509803,0]}
6.0144449999934295	EXP	instr_done_button: fillColor = {"_hex":"#90EE90","_rgb":[0.5647058823529412,0.9333333333333333,0.5647058823529412]}
6.0144449999934295	EXP	instr_done_button: vertices = [[-0.5,0],[0,0.5],[0.5,0]]
6.0144449999934295	EXP	instr_done_button: closeShape = true
6.0144449999934295	EXP	instr_done_button: contrast = 1
6.0144449999934295	EXP	instr_done_button: depth = -3
6.0144449999934295	EXP	instr_done_button: interpolate = true
6.0144449999934295	EXP	instr_done_button: width = 0.4
6.0144449999934295	EXP	instr_done_button: vertices = [[-0.2,null],[0.2,null],[0.2,null],[-0.2,null]]
6.0144449999934295	EXP	instr_done_button: height = 0.1
6.0144449999934295	EXP	instr_done_button: vertices = [[-0.2,-0.05],[0.2,-0.05],[0.2,0.05],[-0.2,0.05]]
6.0144449999934295	EXP	instr_done_button: vertices = [[-0.2,-0.05],[0.2,-0.05],[0.2,0.05],[-0.2,0.05]]
6.0144449999934295	EXP	instr_done_label: units = "height"
6.0144449999934295	EXP	instr_done_label: ori = 0
6.0144449999934295	EXP	instr_done_label: opacity = 1
6.0144449999934295	EXP	instr_done_label: pos = [0,-0.4]
6.0144449999934295	EXP	instr_done_label: size = undefined
6.0144449999934295	EXP	instr_done_label: text = "Next..."
6.0144449999934295	EXP	instr_done_label: font = "Arial"
6.0144449999934295	EXP	instr_done_label: color = {"_hex":"#006400","_rgb":[0,0.39215686274509803,0]}
6.0144449999934295	EXP	instr_done_label: contrast = 1
6.0144449999934295	EXP	instr_done_label: height = 0.05
6.0144449999934295	EXP	instr_done_label: bold = false
6.0144449999934295	EXP	instr_done_label: italic = false
6.0144449999934295	EXP	instr_done_label: alignHoriz = "left"
6.0144449999934295	EXP	instr_done_label: alignVert = "center"
6.0144449999934295	EXP	instr_done_label: wrapWidth = 1
6.0144449999934295	EXP	instr_done_label: flipHoriz = false
6.0144449999934295	EXP	instr_done_label: flipVert = false
6.0144449999934295	EXP	main_ready_msg: units = "height"
6.0144449999934295	EXP	main_ready_msg: ori = 0
6.0144449999934295	EXP	main_ready_msg: opacity = 1
6.0144449999934295	EXP	main_ready_msg: pos = [0,0]
6.0144449999934295	EXP	main_ready_msg: size = undefined
6.0144449999934295	EXP	main_ready_msg: text = "Take note of the categories below\n \nPosition your index fingers \n \nPress the space bar (or one of the green buttons) to begin"
6.0144449999934295	EXP	main_ready_msg: font = "Arial"
6.0144449999934295	EXP	main_ready_msg: color = {"_hex":"#FFFFFF","_rgb":[1,1,1]}
6.0144449999934295	EXP	main_ready_msg: contrast = 1
6.0144449999934295	EXP	main_ready_msg: height = 0.03
6.0144449999934295	EXP	main_ready_msg: bold = false
6.0144449999934295	EXP	main_ready_msg: italic = false
6.0144449999934295	EXP	main_ready_msg: alignHoriz = "left"
6.0144449999934295	EXP	main_ready_msg: alignVert = "center"
6.0144449999934295	EXP	main_ready_msg: wrapWidth = 1
6.0144449999934295	EXP	main_ready_msg: flipHoriz = false
6.0144449999934295	EXP	main_ready_msg: flipVert = false
6.0144449999934295	EXP	button_L: units = "height"
6.0144449999934295	EXP	button_L: ori = 0
6.0144449999934295	EXP	button_L: opacity = 1
6.0144449999934295	EXP	button_L: pos = [-0.4,-0.3]
6.0144449999934295	EXP	button_L: size = [1,1]
6.0144449999934295	EXP	button_L: lineWidth = 1
6.0144449999934295	EXP	button_L: lineColor = {"_hex":"#006400","_rgb":[0,0.39215686274509803,0]}
6.0144449999934295	EXP	button_L: fillColor = {"_hex":"#90EE90","_rgb":[0.5647058823529412,0.9333333333333333,0.5647058823529412]}
6.0144449999934295	EXP	button_L: vertices = [[-0.5,0],[0,0.5],[0.5,0]]
6.0144449999934295	EXP	button_L: closeShape = true
6.0144449999934295	EXP	button_L: contrast = 1
6.0144449999934295	EXP	button_L: depth = -1
6.0144449999934295	EXP	button_L: interpolate = true
6.0144449999934295	EXP	button_L: width = 0.4
6.0144449999934295	EXP	button_L: vertices = [[-0.2,null],[0.2,null],[0.2,null],[-0.2,null]]
6.0144449999934295	EXP	button_L: height = 0.2
6.0144449999934295	EXP	button_L: vertices = [[-0.2,-0.1],[0.2,-0.1],[0.2,0.1],[-0.2,0.1]]
6.0144449999934295	EXP	button_L: vertices = [[-0.2,-0.1],[0.2,-0.1],[0.2,0.1],[-0.2,0.1]]
6.0144449999934295	EXP	ready_label_L: units = "height"
6.0144449999934295	EXP	ready_label_L: ori = 0
6.0144449999934295	EXP	ready_label_L: opacity = 1
6.0144449999934295	EXP	ready_label_L: pos = [-0.4,-0.3]
6.0144449999934295	EXP	ready_label_L: size = undefined
6.0144449999934295	EXP	ready_label_L: text = "default text"
6.0144449999934295	EXP	ready_label_L: font = "Arial"
6.0144449999934295	EXP	ready_label_L: color = {"_hex":"#006400","_rgb":[0,0.39215686274509803,0]}
6.0144449999934295	EXP	ready_label_L: contrast = 1
6.0144449999934295	EXP	ready_label_L: height = 0.05
6.0144449999934295	EXP	ready_label_L: bold = false
6.0144449999934295	EXP	ready_label_L: italic = false
6.0144449999934295	EXP	ready_label_L: alignHoriz = "left"
6.0144449999934295	EXP	ready_label_L: alignVert = "center"
6.0144449999934295	EXP	ready_label_L: wrapWidth = 1
6.0144449999934295	EXP	ready_label_L: flipHoriz = false
6.0144449999934295	EXP	ready_label_L: flipVert = false
6.0144449999934295	EXP	button_R: units = "height"
6.0144449999934295	EXP	button_R: ori = 0
6.0144449999934295	EXP	button_R: opacity = 1
6.0144449999934295	EXP	button_R: pos = [0.4,-0.3]
6.0144449999934295	EXP	button_R: size = [1,1]
6.0144449999934295	EXP	button_R: lineWidth = 1
6.0144449999934295	EXP	button_R: lineColor = {"_hex":"#006400","_rgb":[0,0.39215686274509803,0]}
6.0144449999934295	EXP	button_R: fillColor = {"_hex":"#90EE90","_rgb":[0.5647058823529412,0.9333333333333333,0.5647058823529412]}
6.0144449999934295	EXP	button_R: vertices = [[-0.5,0],[0,0.5],[0.5,0]]
6.0144449999934295	EXP	button_R: closeShape = true
6.0144449999934295	EXP	button_R: contrast = 1
6.0144449999934295	EXP	button_R: depth = -3
6.0144449999934295	EXP	button_R: interpolate = true
6.0144449999934295	EXP	button_R: width = 0.4
6.0144449999934295	EXP	button_R: vertices = [[-0.2,null],[0.2,null],[0.2,null],[-0.2,null]]
6.0144449999934295	EXP	button_R: height = 0.2
6.0144449999934295	EXP	button_R: vertices = [[-0.2,-0.1],[0.2,-0.1],[0.2,0.1],[-0.2,0.1]]
6.0144449999934295	EXP	button_R: vertices = [[-0.2,-0.1],[0.2,-0.1],[0.2,0.1],[-0.2,0.1]]
6.0144449999934295	EXP	ready_label_R: units = "height"
6.0144449999934295	EXP	ready_label_R: ori = 0
6.0144449999934295	EXP	ready_label_R: opacity = 1
6.0144449999934295	EXP	ready_label_R: pos = [0.4,-0.3]
6.0144449999934295	EXP	ready_label_R: size = undefined
6.0144449999934295	EXP	ready_label_R: text = "default text"
6.0144449999934295	EXP	ready_label_R: font = "Arial"
6.0144449999934295	EXP	ready_label_R: color = {"_hex":"#006400","_rgb":[0,0.39215686274509803,0]}
6.0144449999934295	EXP	ready_label_R: contrast = 1
6.0144449999934295	EXP	ready_label_R: height = 0.05
6.0144449999934295	EXP	ready_label_R: bold = false
6.0144449999934295	EXP	ready_label_R: italic = false
6.0144449999934295	EXP	ready_label_R: alignHoriz = "left"
6.0144449999934295	EXP	ready_label_R: alignVert = "center"
6.0144449999934295	EXP	ready_label_R: wrapWidth = 1
6.0144449999934295	EXP	ready_label_R: flipHoriz = false
6.0144449999934295	EXP	ready_label_R: flipVert = false
6.0144449999934295	EXP	fixation: units = "height"
6.0144449999934295	EXP	fixation: ori = 0
6.0144449999934295	EXP	fixation: opacity = 1
6.0144449999934295	EXP	fixation: pos = [0,0]
6.0144449999934295	EXP	fixation: size = undefined
6.0144449999934295	EXP	fixation: text = "+"
6.0144449999934295	EXP	fixation: font = "Arial"
6.0144449999934295	EXP	fixation: color = {"_hex":"#FFFFFF","_rgb":[1,1,1]}
6.0144449999934295	EXP	fixation: contrast = 1
6.0144449999934295	EXP	fixation: height = 0.1
6.0144449999934295	EXP	fixation: bold = false
6.0144449999934295	EXP	fixation: italic = false
6.0144449999934295	EXP	fixation: alignHoriz = "left"
6.0144449999934295	EXP	fixation: alignVert = "center"
6.0144449999934295	EXP	fixation: wrapWidth = 1
6.0144449999934295	EXP	fixation: flipHoriz = false
6.0144449999934295	EXP	fixation: flipVert = false
6.0144449999934295	EXP	image_stim: units = "height"
6.0144449999934295	EXP	image_stim: ori = 0
6.0144449999934295	EXP	image_stim: opacity = 1
6.0144449999934295	EXP	image_stim: pos = [0,0]
6.0144449999934295	EXP	image_stim: size = [0.5,0.5]
6.0144449999934295	EXP	image_stim: image = undefined
6.0144449999934295	EXP	image_stim: mask = undefined
6.0144449999934295	EXP	image_stim: color = {"_rgb":[1,1,1]}
6.0144449999934295	EXP	image_stim: contrast = 1
6.0144449999934295	EXP	image_stim: texRes = 128
6.0144449999934295	EXP	image_stim: interpolate = true
6.0144449999934295	EXP	image_stim: depth = -1
6.0144449999934295	EXP	image_stim: flipHoriz = false
6.0144449999934295	EXP	image_stim: flipVert = false
6.0144449999934295	EXP	text_stim: units = "height"
6.0144449999934295	EXP	text_stim: ori = 0
6.0144449999934295	EXP	text_stim: opacity = 1
6.0144449999934295	EXP	text_stim: pos = [0,0]
6.0144449999934295	EXP	text_stim: size = undefined
6.0144449999934295	EXP	text_stim: text = "default text"
6.0144449999934295	EXP	text_stim: font = "Arial"
6.0144449999934295	EXP	text_stim: color = {"_hex":"#FFFFFF","_rgb":[1,1,1]}
6.0144449999934295	EXP	text_stim: contrast = 1
6.0144449999934295	EXP	text_stim: height = 0.05
6.0144449999934295	EXP	text_stim: bold = false
6.0144449999934295	EXP	text_stim: italic = false
6.0144449999934295	EXP	text_stim: alignHoriz = "left"
6.0144449999934295	EXP	text_stim: alignVert = "center"
6.0144449999934295	EXP	text_stim: wrapWidth = 1
6.0144449999934295	EXP	text_stim: flipHoriz = false
6.0144449999934295	EXP	text_stim: flipVert = false
6.0144449999934295	EXP	button_left: units = "height"
6.0144449999934295	EXP	button_left: ori = 0
6.0144449999934295	EXP	button_left: opacity = 1
6.0144449999934295	EXP	button_left: pos = [-0.4,-0.3]
6.0144449999934295	EXP	button_left: size = [1,1]
6.0144449999934295	EXP	button_left: lineWidth = 1
6.0144449999934295	EXP	button_left: lineColor = {"_hex":"#006400","_rgb":[0,0.39215686274509803,0]}
6.0144449999934295	EXP	button_left: fillColor = {"_hex":"#90EE90","_rgb":[0.5647058823529412,0.9333333333333333,0.5647058823529412]}
6.0144449999934295	EXP	button_left: vertices = [[-0.5,0],[0,0.5],[0.5,0]]
6.0144449999934295	EXP	button_left: closeShape = true
6.0144449999934295	EXP	button_left: contrast = 1
6.0144449999934295	EXP	button_left: depth = -6
6.0144449999934295	EXP	button_left: interpolate = true
6.0144449999934295	EXP	button_left: width = 0.4
6.0144449999934295	EXP	button_left: vertices = [[-0.2,null],[0.2,null],[0.2,null],[-0.2,null]]
6.0144449999934295	EXP	button_left: height = 0.2
6.0144449999934295	EXP	button_left: vertices = [[-0.2,-0.1],[0.2,-0.1],[0.2,0.1],[-0.2,0.1]]
6.0144449999934295	EXP	button_left: vertices = [[-0.2,-0.1],[0.2,-0.1],[0.2,0.1],[-0.2,0.1]]
6.0144449999934295	EXP	trial_label_left: units = "height"
6.0144449999934295	EXP	trial_label_left: ori = 0
6.0144449999934295	EXP	trial_label_left: opacity = 1
6.0144449999934295	EXP	trial_label_left: pos = [-0.4,-0.3]
6.0144449999934295	EXP	trial_label_left: size = undefined
6.0144449999934295	EXP	trial_label_left: text = "default text"
6.0144449999934295	EXP	trial_label_left: font = "Arial"
6.0144449999934295	EXP	trial_label_left: color = {"_hex":"#006400","_rgb":[0,0.39215686274509803,0]}
6.0144449999934295	EXP	trial_label_left: contrast = 1
6.0144449999934295	EXP	trial_label_left: height = 0.05
6.0144449999934295	EXP	trial_label_left: bold = false
6.0144449999934295	EXP	trial_label_left: italic = false
6.0144449999934295	EXP	trial_label_left: alignHoriz = "left"
6.0144449999934295	EXP	trial_label_left: alignVert = "center"
6.0144449999934295	EXP	trial_label_left: wrapWidth = 1
6.0144449999934295	EXP	trial_label_left: flipHoriz = false
6.0144449999934295	EXP	trial_label_left: flipVert = false
6.0144449999934295	EXP	button_right: units = "height"
6.0144449999934295	EXP	button_right: ori = 0
6.0144449999934295	EXP	button_right: opacity = 1
6.0144449999934295	EXP	button_right: pos = [0.4,-0.3]
6.0144449999934295	EXP	button_right: size = [1,1]
6.0144449999934295	EXP	button_right: lineWidth = 1
6.0144449999934295	EXP	button_right: lineColor = {"_hex":"#006400","_rgb":[0,0.39215686274509803,0]}
6.0144449999934295	EXP	button_right: fillColor = {"_hex":"#90EE90","_rgb":[0.5647058823529412,0.9333333333333333,0.5647058823529412]}
6.0144449999934295	EXP	button_right: vertices = [[-0.5,0],[0,0.5],[0.5,0]]
6.0144449999934295	EXP	button_right: closeShape = true
6.0144449999934295	EXP	button_right: contrast = 1
6.0144449999934295	EXP	button_right: depth = -8
6.0144449999934295	EXP	button_right: interpolate = true
6.0144449999934295	EXP	button_right: width = 0.4
6.0144449999934295	EXP	button_right: vertices = [[-0.2,null],[0.2,null],[0.2,null],[-0.2,null]]
6.0144449999934295	EXP	button_right: height = 0.2
6.0144449999934295	EXP	button_right: vertices = [[-0.2,-0.1],[0.2,-0.1],[0.2,0.1],[-0.2,0.1]]
6.0144449999934295	EXP	button_right: vertices = [[-0.2,-0.1],[0.2,-0.1],[0.2,0.1],[-0.2,0.1]]
6.0144449999934295	EXP	trial_label_right: units = "height"
6.0144449999934295	EXP	trial_label_right: ori = 0
6.0144449999934295	EXP	trial_label_right: opacity = 1
6.0144449999934295	EXP	trial_label_right: pos = [0.4,-0.3]
6.0144449999934295	EXP	trial_label_right: size = undefined
6.0144449999934295	EXP	trial_label_right: text = "default text"
6.0144449999934295	EXP	trial_label_right: font = "Arial"
6.0144449999934295	EXP	trial_label_right: color = {"_hex":"#006400","_rgb":[0,0.39215686274509803,0]}
6.0144449999934295	EXP	trial_label_right: contrast = 1
6.0144449999934295	EXP	trial_label_right: height = 0.05
6.0144449999934295	EXP	trial_label_right: bold = false
6.0144449999934295	EXP	trial_label_right: italic = false
6.0144449999934295	EXP	trial_label_right: alignHoriz = "left"
6.0144449999934295	EXP	trial_label_right: alignVert = "center"
6.0144449999934295	EXP	trial_label_right: wrapWidth = 1
6.0144449999934295	EXP	trial_label_right: flipHoriz = false
6.0144449999934295	EXP	trial_label_right: flipVert = false
6.0144449999934295	EXP	feedback_msg: units = "height"
6.0144449999934295	EXP	feedback_msg: ori = 0
6.0144449999934295	EXP	feedback_msg: opacity = 1
6.0144449999934295	EXP	feedback_msg: pos = [0,0]
6.0144449999934295	EXP	feedback_msg: size = undefined
6.0144449999934295	EXP	feedback_msg: text = "default text"
6.0144449999934295	EXP	feedback_msg: font = "Arial"
6.0144449999934295	EXP	feedback_msg: color = {"_hex":"#FFFFFF","_rgb":[1,1,1]}
6.0144449999934295	EXP	feedback_msg: contrast = 1
6.0144449999934295	EXP	feedback_msg: height = 0.1
6.0144449999934295	EXP	feedback_msg: bold = false
6.0144449999934295	EXP	feedback_msg: italic = false
6.0144449999934295	EXP	feedback_msg: alignHoriz = "left"
6.0144449999934295	EXP	feedback_msg: alignVert = "center"
6.0144449999934295	EXP	feedback_msg: wrapWidth = 1
6.0144449999934295	EXP	feedback_msg: flipHoriz = false
6.0144449999934295	EXP	feedback_msg: flipVert = false
6.0144449999934295	EXP	thanks_text: units = "height"
6.0144449999934295	EXP	thanks_text: ori = 0
6.0144449999934295	EXP	thanks_text: opacity = 1
6.0144449999934295	EXP	thanks_text: pos = [0,0]
6.0144449999934295	EXP	thanks_text: size = undefined
6.0144449999934295	EXP	thanks_text: text = "The End. \n \nThank you for your participation."
6.0144449999934295	EXP	thanks_text: font = "Arial"
6.0144449999934295	EXP	thanks_text: color = {"_hex":"#FFFFFF","_rgb":[1,1,1]}
6.0144449999934295	EXP	thanks_text: contrast = 1
6.0144449999934295	EXP	thanks_text: height = 0.1
6.0144449999934295	EXP	thanks_text: bold = false
6.0144449999934295	EXP	thanks_text: italic = false
6.0144449999934295	EXP	thanks_text: alignHoriz = "left"
6.0144449999934295	EXP	thanks_text: alignVert = "center"
6.0144449999934295	EXP	thanks_text: wrapWidth = 1
6.0144449999934295	EXP	thanks_text: flipHoriz = false
6.0144449999934295	EXP	thanks_text: flipVert = false
6.0144449999934295	EXP	instructs_text: text = "You will be presented with words or images to classify into categories using either the 'A' or 'L' key. \r\n \r\nTry to go as fast as possible while making as few mistakes as possible. \r\n"
6.0144449999934295	EXP	instructs_text: autoDraw = true
6.0144449999934295	EXP	instr_done_button: autoDraw = true
6.0144449999934295	EXP	instr_done_label: autoDraw = true
10.917284999988624	DATA	Keydown: ArrowRight
11.42242499999702	DATA	Keydown:  
11.438204999998561	EXP	instructs_text: autoDraw = false
11.438204999998561	EXP	instr_done_button: autoDraw = false
11.438204999998561	EXP	instr_done_label: autoDraw = false
11.438204999998561	EXP	instructs_text: text = "Keep in mind: \r\n \r\n1) Labels at the top of the screen indicate which catogory goes with which key. \r\n \r\n2) Each word or image has a correct catogory classification \r\n \r\n3) Keep your index fingers on the A and L keys to enable a rapid response. \r\n \r\n4) The test gives no results if you go slow- please try to go as fast as possible \r\n"
11.438204999998561	EXP	instructs_text: autoDraw = true
11.438204999998561	EXP	instr_done_button: autoDraw = true
11.438204999998561	EXP	instr_done_label: autoDraw = true
15.151144999996177	DATA	Keydown:  
15.196024999997462	EXP	instructs_text: autoDraw = false
15.196024999997462	EXP	instr_done_button: autoDraw = false
15.196024999997462	EXP	instr_done_label: autoDraw = false
15.196024999997462	EXP	ready_label_L: text = "A = \r\nPositive"
15.196024999997462	EXP	ready_label_R: text = "L = \r\nNegative"
15.196024999997462	EXP	main_ready_msg: autoDraw = true
15.196024999997462	EXP	button_L: autoDraw = true
15.196024999997462	EXP	ready_label_L: autoDraw = true
15.196024999997462	EXP	button_R: autoDraw = true
15.196024999997462	EXP	ready_label_R: autoDraw = true
24.487114999996265	DATA	Keydown: a
27.45180499998969	DATA	Keydown: a
28.193484999996144	DATA	Keydown:  
28.231794999999693	EXP	main_ready_msg: autoDraw = false
28.231794999999693	EXP	button_L: autoDraw = false
28.231794999999693	EXP	ready_label_L: autoDraw = false
28.231794999999693	EXP	button_R: autoDraw = false
28.231794999999693	EXP	ready_label_R: autoDraw = false
28.231794999999693	EXP	image_stim: image = {}
28.231794999999693	EXP	text_stim: text = "Good"
28.231794999999693	EXP	trial_label_left: text = "A = \r\nPositive"
28.231794999999693	EXP	trial_label_right: text = "L = \r\nNegative"
28.231794999999693	EXP	fixation: autoDraw = true
28.71514999998908	EXP	fixation: autoDraw = false
28.76120500000252	EXP	image_stim: autoDraw = true
28.76120500000252	EXP	text_stim: autoDraw = true
28.76120500000252	EXP	button_left: autoDraw = true
28.76120500000252	EXP	trial_label_left: autoDraw = true
28.76120500000252	EXP	button_right: autoDraw = true
28.76120500000252	EXP	trial_label_right: autoDraw = true
30.298894999999902	DATA	Keydown: a
30.307344999993802	EXP	fixation: autoDraw = false
30.307344999993802	EXP	image_stim: autoDraw = false
30.307344999993802	EXP	text_stim: autoDraw = false
30.307344999993802	EXP	button_left: autoDraw = false
30.307344999993802	EXP	trial_label_left: autoDraw = false
30.307344999993802	EXP	button_right: autoDraw = false
30.307344999993802	EXP	trial_label_right: autoDraw = false
30.307344999993802	EXP	feedback_msg: text = "+"
30.307344999993802	EXP	feedback_msg: autoDraw = true
31.302389999997104	EXP	feedback_msg: autoDraw = false
31.302389999997104	EXP	feedback_msg: autoDraw = false
31.302389999997104	EXP	image_stim: image = {}
31.302389999997104	EXP	text_stim: text = "Agony"
31.302389999997104	EXP	trial_label_left: text = "A = \r\nPositive"
31.302389999997104	EXP	trial_label_right: text = "L = \r\nNegative"
31.302389999997104	EXP	fixation: autoDraw = true
31.79936999999336	EXP	fixation: autoDraw = false
31.82890999999654	EXP	image_stim: autoDraw = true
31.82890999999654	EXP	text_stim: autoDraw = true
31.82890999999654	EXP	button_left: autoDraw = true
31.82890999999654	EXP	trial_label_left: autoDraw = true
31.82890999999654	EXP	button_right: autoDraw = true
31.82890999999654	EXP	trial_label_right: autoDraw = true
32.85378999999375	DATA	Keydown: l
32.86757000000216	EXP	fixation: autoDraw = false
32.86757000000216	EXP	image_stim: autoDraw = false
32.86757000000216	EXP	text_stim: autoDraw = false
32.86757000000216	EXP	button_left: autoDraw = false
32.86757000000216	EXP	trial_label_left: autoDraw = false
32.86757000000216	EXP	button_right: autoDraw = false
32.86757000000216	EXP	trial_label_right: autoDraw = false
32.86757000000216	EXP	feedback_msg: text = "+"
32.86757000000216	EXP	feedback_msg: autoDraw = true
33.868484999999055	EXP	feedback_msg: autoDraw = false
33.868484999999055	EXP	feedback_msg: autoDraw = false
33.868484999999055	EXP	image_stim: image = {}
33.868484999999055	EXP	text_stim: text = "Joy"
33.868484999999055	EXP	trial_label_left: text = "A = \r\nPositive"
33.868484999999055	EXP	trial_label_right: text = "L = \r\nNegative"
33.868484999999055	EXP	fixation: autoDraw = true
34.36672999999428	EXP	fixation: autoDraw = false
34.39246499999717	EXP	image_stim: autoDraw = true
34.39246499999717	EXP	text_stim: autoDraw = true
34.39246499999717	EXP	button_left: autoDraw = true
34.39246499999717	EXP	trial_label_left: autoDraw = true
34.39246499999717	EXP	button_right: autoDraw = true
34.39246499999717	EXP	trial_label_right: autoDraw = true
35.26907499998924	DATA	Keydown: a
35.28679499999271	EXP	fixation: autoDraw = false
35.28679499999271	EXP	image_stim: autoDraw = false
35.28679499999271	EXP	text_stim: autoDraw = false
35.28679499999271	EXP	button_left: autoDraw = false
35.28679499999271	EXP	trial_label_left: autoDraw = false
35.28679499999271	EXP	button_right: autoDraw = false
35.28679499999271	EXP	trial_label_right: autoDraw = false
35.28679499999271	EXP	feedback_msg: text = "+"
35.28679499999271	EXP	feedback_msg: autoDraw = true
36.28530999999202	EXP	feedback_msg: autoDraw = false
36.28530999999202	EXP	feedback_msg: autoDraw = false
36.28530999999202	EXP	image_stim: image = {}
36.28530999999202	EXP	text_stim: text = "Evil"
36.28530999999202	EXP	trial_label_left: text = "A = \r\nPositive"
36.28530999999202	EXP	trial_label_right: text = "L = \r\nNegative"
36.28530999999202	EXP	fixation: autoDraw = true
36.783165000000736	EXP	fixation: autoDraw = false
36.80821000000287	EXP	image_stim: autoDraw = true
36.80821000000287	EXP	text_stim: autoDraw = true
36.80821000000287	EXP	button_left: autoDraw = true
36.80821000000287	EXP	trial_label_left: autoDraw = true
36.80821000000287	EXP	button_right: autoDraw = true
36.80821000000287	EXP	trial_label_right: autoDraw = true
37.93918499999563	DATA	Keydown: l
37.951439999989816	EXP	fixation: autoDraw = false
37.951439999989816	EXP	image_stim: autoDraw = false
37.951439999989816	EXP	text_stim: autoDraw = false
37.951439999989816	EXP	button_left: autoDraw = false
37.951439999989816	EXP	trial_label_left: autoDraw = false
37.951439999989816	EXP	button_right: autoDraw = false
37.951439999989816	EXP	trial_label_right: autoDraw = false
37.951439999989816	EXP	feedback_msg: text = "+"
37.951439999989816	EXP	feedback_msg: autoDraw = true
38.95070999999007	EXP	feedback_msg: autoDraw = false
38.95070999999007	EXP	feedback_msg: autoDraw = false
38.95070999999007	EXP	image_stim: image = {}
38.95070999999007	EXP	text_stim: text = "Bad"
38.95070999999007	EXP	trial_label_left: text = "A = \r\nPositive"
38.95070999999007	EXP	trial_label_right: text = "L = \r\nNegative"
38.95070999999007	EXP	fixation: autoDraw = true
39.46057999999903	EXP	fixation: autoDraw = false
39.46057999999903	EXP	image_stim: autoDraw = true
39.46057999999903	EXP	text_stim: autoDraw = true
39.46057999999903	EXP	button_left: autoDraw = true
39.46057999999903	EXP	trial_label_left: autoDraw = true
39.46057999999903	EXP	button_right: autoDraw = true
39.46057999999903	EXP	trial_label_right: autoDraw = true
40.50569999999425	DATA	Keydown: l
40.51845499999763	EXP	fixation: autoDraw = false
40.51845499999763	EXP	image_stim: autoDraw = false
40.51845499999763	EXP	text_stim: autoDraw = false
40.51845499999763	EXP	button_left: autoDraw = false
40.51845499999763	EXP	trial_label_left: autoDraw = false
40.51845499999763	EXP	button_right: autoDraw = false
40.51845499999763	EXP	trial_label_right: autoDraw = false
40.51845499999763	EXP	feedback_msg: text = "+"
40.51845499999763	EXP	feedback_msg: autoDraw = true
41.51711999998952	EXP	feedback_msg: autoDraw = false
41.51711999998952	EXP	feedback_msg: autoDraw = false
41.51711999998952	EXP	image_stim: image = {}
41.51711999998952	EXP	text_stim: text = "Love"
41.51711999998952	EXP	trial_label_left: text = "A = \r\nPositive"
41.51711999998952	EXP	trial_label_right: text = "L = \r\nNegative"
41.51711999998952	EXP	fixation: autoDraw = true
42.01664999999048	EXP	fixation: autoDraw = false
42.04183999999077	EXP	image_stim: autoDraw = true
42.04183999999077	EXP	text_stim: autoDraw = true
42.04183999999077	EXP	button_left: autoDraw = true
42.04183999999077	EXP	trial_label_left: autoDraw = true
42.04183999999077	EXP	button_right: autoDraw = true
42.04183999999077	EXP	trial_label_right: autoDraw = true
42.95803499998874	DATA	Keydown: a
42.96858999998949	EXP	fixation: autoDraw = false
42.96858999998949	EXP	image_stim: autoDraw = false
42.96858999998949	EXP	text_stim: autoDraw = false
42.96858999998949	EXP	button_left: autoDraw = false
42.96858999998949	EXP	trial_label_left: autoDraw = false
42.96858999998949	EXP	button_right: autoDraw = false
42.96858999998949	EXP	trial_label_right: autoDraw = false
42.96858999998949	EXP	feedback_msg: text = "+"
42.96858999998949	EXP	feedback_msg: autoDraw = true
43.967674999992596	EXP	feedback_msg: autoDraw = false
43.967674999992596	EXP	feedback_msg: autoDraw = false
43.967674999992596	EXP	image_stim: image = {}
43.967674999992596	EXP	text_stim: text = "Happy"
43.967674999992596	EXP	trial_label_left: text = "A = \r\nPositive"
43.967674999992596	EXP	trial_label_right: text = "L = \r\nNegative"
43.967674999992596	EXP	fixation: autoDraw = true
44.47592499999155	EXP	fixation: autoDraw = false
44.47592499999155	EXP	image_stim: autoDraw = true
44.47592499999155	EXP	text_stim: autoDraw = true
44.47592499999155	EXP	button_left: autoDraw = true
44.47592499999155	EXP	trial_label_left: autoDraw = true
44.47592499999155	EXP	button_right: autoDraw = true
44.47592499999155	EXP	trial_label_right: autoDraw = true
45.22112499999639	DATA	Keydown: a
45.237334999997984	EXP	fixation: autoDraw = false
45.237334999997984	EXP	image_stim: autoDraw = false
45.237334999997984	EXP	text_stim: autoDraw = false
45.237334999997984	EXP	button_left: autoDraw = false
45.237334999997984	EXP	trial_label_left: autoDraw = false
45.237334999997984	EXP	button_right: autoDraw = false
45.237334999997984	EXP	trial_label_right: autoDraw = false
45.237334999997984	EXP	feedback_msg: text = "+"
45.237334999997984	EXP	feedback_msg: autoDraw = true
46.23582999999053	EXP	feedback_msg: autoDraw = false
46.23582999999053	EXP	feedback_msg: autoDraw = false
46.23582999999053	EXP	image_stim: image = {}
46.23582999999053	EXP	text_stim: text = "Hurt"
46.23582999999053	EXP	trial_label_left: text = "A = \r\nPositive"
46.23582999999053	EXP	trial_label_right: text = "L = \r\nNegative"
46.23582999999053	EXP	fixation: autoDraw = true
46.73378499998944	EXP	fixation: autoDraw = false
46.75815499998862	EXP	image_stim: autoDraw = true
46.75815499998862	EXP	text_stim: autoDraw = true
46.75815499998862	EXP	button_left: autoDraw = true
46.75815499998862	EXP	trial_label_left: autoDraw = true
46.75815499998862	EXP	button_right: autoDraw = true
46.75815499998862	EXP	trial_label_right: autoDraw = true
47.89308499998879	DATA	Keydown: l
47.9020249999885	EXP	fixation: autoDraw = false
47.9020249999885	EXP	image_stim: autoDraw = false
47.9020249999885	EXP	text_stim: autoDraw = false
47.9020249999885	EXP	button_left: autoDraw = false
47.9020249999885	EXP	trial_label_left: autoDraw = false
47.9020249999885	EXP	button_right: autoDraw = false
47.9020249999885	EXP	trial_label_right: autoDraw = false
47.9020249999885	EXP	feedback_msg: text = "+"
47.9020249999885	EXP	feedback_msg: autoDraw = true
48.90115999999398	EXP	feedback_msg: autoDraw = false
48.90115999999398	EXP	feedback_msg: autoDraw = false
48.90115999999398	EXP	image_stim: image = {}
48.90115999999398	EXP	text_stim: text = "Pleasure"
48.90115999999398	EXP	trial_label_left: text = "A = \r\nPositive"
48.90115999999398	EXP	trial_label_right: text = "L = \r\nNegative"
48.90115999999398	EXP	fixation: autoDraw = true
49.40092499999446	EXP	fixation: autoDraw = false
49.42509999999311	EXP	image_stim: autoDraw = true
49.42509999999311	EXP	text_stim: autoDraw = true
49.42509999999311	EXP	button_left: autoDraw = true
49.42509999999311	EXP	trial_label_left: autoDraw = true
49.42509999999311	EXP	button_right: autoDraw = true
49.42509999999311	EXP	trial_label_right: autoDraw = true
50.32656999999017	DATA	Keydown: a
50.3357299999916	EXP	fixation: autoDraw = false
50.3357299999916	EXP	image_stim: autoDraw = false
50.3357299999916	EXP	text_stim: autoDraw = false
50.3357299999916	EXP	button_left: autoDraw = false
50.3357299999916	EXP	trial_label_left: autoDraw = false
50.3357299999916	EXP	button_right: autoDraw = false
50.3357299999916	EXP	trial_label_right: autoDraw = false
50.3357299999916	EXP	feedback_msg: text = "+"
50.3357299999916	EXP	feedback_msg: autoDraw = true
51.335184999988996	EXP	feedback_msg: autoDraw = false
51.335184999988996	EXP	feedback_msg: autoDraw = false
51.335184999988996	EXP	image_stim: image = {}
51.335184999988996	EXP	text_stim: text = "Nasty"
51.335184999988996	EXP	trial_label_left: text = "A = \r\nPositive"
51.335184999988996	EXP	trial_label_right: text = "L = \r\nNegative"
51.335184999988996	EXP	fixation: autoDraw = true
51.834124999993946	EXP	fixation: autoDraw = false
51.85906499999692	EXP	image_stim: autoDraw = true
51.85906499999692	EXP	text_stim: autoDraw = true
51.85906499999692	EXP	button_left: autoDraw = true
51.85906499999692	EXP	trial_label_left: autoDraw = true
51.85906499999692	EXP	button_right: autoDraw = true
51.85906499999692	EXP	trial_label_right: autoDraw = true
53.057279999993625	DATA	Keydown: a
53.07098499999847	EXP	fixation: autoDraw = false
53.07098499999847	EXP	image_stim: autoDraw = false
53.07098499999847	EXP	text_stim: autoDraw = false
53.07098499999847	EXP	button_left: autoDraw = false
53.07098499999847	EXP	trial_label_left: autoDraw = false
53.07098499999847	EXP	button_right: autoDraw = false
53.07098499999847	EXP	trial_label_right: autoDraw = false
53.07098499999847	EXP	feedback_msg: text = "oops"
53.07098499999847	EXP	feedback_msg: autoDraw = true
53.20436499999778	DATA	Keydown: l
54.073615000001155	EXP	feedback_msg: autoDraw = false
54.073615000001155	EXP	feedback_msg: autoDraw = false
54.073615000001155	EXP	ready_label_L: text = "A = \r\nBlack"
54.073615000001155	EXP	ready_label_R: text = "L = \r\nWhite"
54.073615000001155	EXP	main_ready_msg: autoDraw = true
54.073615000001155	EXP	button_L: autoDraw = true
54.073615000001155	EXP	ready_label_L: autoDraw = true
54.073615000001155	EXP	button_R: autoDraw = true
54.073615000001155	EXP	ready_label_R: autoDraw = true
55.32102499999746	DATA	Keydown: Escape
