0.30000000000000004	EXP	Created Window = Window( name=Window, fullscr=true, color=#000000, units=height, waitBlanking=true, autoLog=true, size=[1380,822] )
2.763	DATA	Keydown: a
2.8129999999999997	DATA	Keydown: d
2.8439999999999994	DATA	Keydown: s
2.8999999999999995	DATA	Keydown: f
3.024	DATA	Keydown: a
3.0649999999999995	DATA	Keydown: s
3.069	DATA	Keydown: f
3.093	DATA	Keydown: d
3.8949999999999996	EXP	Created instructs_text = TextStim( name=instructs_text, win=Window( name=Window, fullscr=true, color=#000000, ~), autoDraw=null, autoLog=true, units=height, ori=null, opacity=1, pos=[0,0], size=undefined, text=default text, font=Arial, color=#FFFFFF, contrast=1, height=0.03, bold=null, italic=null, alignHoriz=left, alignVert=center, wrapWidth=1, flipHoriz=null, flipVert=null )
3.901	EXP	Created instr_done_button = Rect( name=instr_done_button, win=Window( name=Window, fullscr=true, color=#000000, ~), autoDraw=null, autoLog=true, units=height, ori=null, opacity=1, pos=[0,-0.4], size=[1,1], lineWidth=1, lineColor=#006400, fillColor=#90EE90, vertices=[[-0.2,-0.05],[0.2,-0.05],[0.2,0.05],[-0.2,0.05]], closeShape=true, contrast=1, depth=-3, interpolate=true, width=0.4, height=0.1 )
3.9029999999999996	EXP	Created instr_done_label = TextStim( name=instr_done_label, win=Window( name=Window, fullscr=true, color=#000000, ~), autoDraw=null, autoLog=true, units=height, ori=null, opacity=1, pos=[0,-0.4], size=undefined, text=Next..., font=Arial, color=#006400, contrast=1, height=0.05, bold=null, italic=null, alignHoriz=left, alignVert=center, wrapWidth=1, flipHoriz=null, flipVert=null )
3.904	EXP	Created main_ready_msg = TextStim( name=main_ready_msg, win=Window( name=Window, fullscr=true, color=#000000, ~), autoDraw=null, autoLog=true, units=height, ori=null, opacity=1, pos=[0,0], size=undefined, text=Take note of the categories below
 
Position your ~, font=Arial, color=#FFFFFF, contrast=1, height=0.03, bold=null, italic=null, alignHoriz=left, alignVert=center, wrapWidth=1, flipHoriz=null, flipVert=null )
3.9079999999999995	EXP	Created button_L = Rect( name=button_L, win=Window( name=Window, fullscr=true, color=#000000, ~), autoDraw=null, autoLog=true, units=height, ori=null, opacity=1, pos=[-0.4,-0.3], size=[1,1], lineWidth=1, lineColor=#006400, fillColor=#90EE90, vertices=[[-0.2,-0.1],[0.2,-0.1],[0.2,0.1],[-0.2,0.1]], closeShape=true, contrast=1, depth=-1, interpolate=true, width=0.4, height=0.2 )
3.909	EXP	Created ready_label_L = TextStim( name=ready_label_L, win=Window( name=Window, fullscr=true, color=#000000, ~), autoDraw=null, autoLog=true, units=height, ori=null, opacity=1, pos=[-0.4,-0.3], size=undefined, text=default text, font=Arial, color=#006400, contrast=1, height=0.05, bold=null, italic=null, alignHoriz=left, alignVert=center, wrapWidth=1, flipHoriz=null, flipVert=null )
3.912	EXP	Created button_R = Rect( name=button_R, win=Window( name=Window, fullscr=true, color=#000000, ~), autoDraw=null, autoLog=true, units=height, ori=null, opacity=1, pos=[0.4,-0.3], size=[1,1], lineWidth=1, lineColor=#006400, fillColor=#90EE90, vertices=[[-0.2,-0.1],[0.2,-0.1],[0.2,0.1],[-0.2,0.1]], closeShape=true, contrast=1, depth=-3, interpolate=true, width=0.4, height=0.2 )
3.9129999999999994	EXP	Created ready_label_R = TextStim( name=ready_label_R, win=Window( name=Window, fullscr=true, color=#000000, ~), autoDraw=null, autoLog=true, units=height, ori=null, opacity=1, pos=[0.4,-0.3], size=undefined, text=default text, font=Arial, color=#006400, contrast=1, height=0.05, bold=null, italic=null, alignHoriz=left, alignVert=center, wrapWidth=1, flipHoriz=null, flipVert=null )
3.915	EXP	Created fixation = TextStim( name=fixation, win=Window( name=Window, fullscr=true, color=#000000, ~), autoDraw=null, autoLog=true, units=height, ori=null, opacity=1, pos=[0,0], size=undefined, text=+, font=Arial, color=#FFFFFF, contrast=1, height=0.1, bold=null, italic=null, alignHoriz=left, alignVert=center, wrapWidth=1, flipHoriz=null, flipVert=null )
3.918	EXP	Created image_stim = ImageStim( name=image_stim, win=Window( name=Window, fullscr=true, color=#000000, ~), autoDraw=null, autoLog=true, units=height, ori=null, opacity=1, pos=[0,0], size=[0.5,0.5], image=undefined, mask=undefined, color=#ffffff, contrast=1, texRes=128, interpolate=true, depth=-1, flipHoriz=null, flipVert=null )
3.9189999999999996	EXP	Created text_stim = TextStim( name=text_stim, win=Window( name=Window, fullscr=true, color=#000000, ~), autoDraw=null, autoLog=true, units=height, ori=null, opacity=1, pos=[0,0], size=undefined, text=default text, font=Arial, color=#FFFFFF, contrast=1, height=0.05, bold=null, italic=null, alignHoriz=left, alignVert=center, wrapWidth=1, flipHoriz=null, flipVert=null )
3.9219999999999997	EXP	Created button_left = Rect( name=button_left, win=Window( name=Window, fullscr=true, color=#000000, ~), autoDraw=null, autoLog=true, units=height, ori=null, opacity=1, pos=[-0.4,-0.3], size=[1,1], lineWidth=1, lineColor=#006400, fillColor=#90EE90, vertices=[[-0.2,-0.1],[0.2,-0.1],[0.2,0.1],[-0.2,0.1]], closeShape=true, contrast=1, depth=-6, interpolate=true, width=0.4, height=0.2 )
3.923	EXP	Created trial_label_left = TextStim( name=trial_label_left, win=Window( name=Window, fullscr=true, color=#000000, ~), autoDraw=null, autoLog=true, units=height, ori=null, opacity=1, pos=[-0.4,-0.3], size=undefined, text=default text, font=Arial, color=#006400, contrast=1, height=0.05, bold=null, italic=null, alignHoriz=left, alignVert=center, wrapWidth=1, flipHoriz=null, flipVert=null )
3.926	EXP	Created button_right = Rect( name=button_right, win=Window( name=Window, fullscr=true, color=#000000, ~), autoDraw=null, autoLog=true, units=height, ori=null, opacity=1, pos=[0.4,-0.3], size=[1,1], lineWidth=1, lineColor=#006400, fillColor=#90EE90, vertices=[[-0.2,-0.1],[0.2,-0.1],[0.2,0.1],[-0.2,0.1]], closeShape=true, contrast=1, depth=-8, interpolate=true, width=0.4, height=0.2 )
3.926	EXP	Created trial_label_right = TextStim( name=trial_label_right, win=Window( name=Window, fullscr=true, color=#000000, ~), autoDraw=null, autoLog=true, units=height, ori=null, opacity=1, pos=[0.4,-0.3], size=undefined, text=default text, font=Arial, color=#006400, contrast=1, height=0.05, bold=null, italic=null, alignHoriz=left, alignVert=center, wrapWidth=1, flipHoriz=null, flipVert=null )
3.928	EXP	Created feedback_msg = TextStim( name=feedback_msg, win=Window( name=Window, fullscr=true, color=#000000, ~), autoDraw=null, autoLog=true, units=height, ori=null, opacity=1, pos=[0,0], size=undefined, text=default text, font=Arial, color=#FFFFFF, contrast=1, height=0.1, bold=null, italic=null, alignHoriz=left, alignVert=center, wrapWidth=1, flipHoriz=null, flipVert=null )
3.928	EXP	Created thanks_text = TextStim( name=thanks_text, win=Window( name=Window, fullscr=true, color=#000000, ~), autoDraw=null, autoLog=true, units=height, ori=null, opacity=1, pos=[0,0], size=undefined, text=The End. 
 
Thank you for your participation., font=Arial, color=#FFFFFF, contrast=1, height=0.1, bold=null, italic=null, alignHoriz=left, alignVert=center, wrapWidth=1, flipHoriz=null, flipVert=null )
4.003	EXP	instructs_text: units = "height"
4.003	EXP	instructs_text: ori = 0
4.003	EXP	instructs_text: opacity = 1
4.003	EXP	instructs_text: pos = [0,0]
4.003	EXP	instructs_text: size = undefined
4.003	EXP	instructs_text: text = "default text"
4.003	EXP	instructs_text: font = "Arial"
4.003	EXP	instructs_text: color = {"_hex":"#FFFFFF","_rgb":[1,1,1]}
4.003	EXP	instructs_text: contrast = 1
4.003	EXP	instructs_text: height = 0.03
4.003	EXP	instructs_text: bold = false
4.003	EXP	instructs_text: italic = false
4.003	EXP	instructs_text: alignHoriz = "left"
4.003	EXP	instructs_text: alignVert = "center"
4.003	EXP	instructs_text: wrapWidth = 1
4.003	EXP	instructs_text: flipHoriz = false
4.003	EXP	instructs_text: flipVert = false
4.003	EXP	instr_done_button: units = "height"
4.003	EXP	instr_done_button: ori = 0
4.003	EXP	instr_done_button: opacity = 1
4.003	EXP	instr_done_button: pos = [0,-0.4]
4.003	EXP	instr_done_button: size = [1,1]
4.003	EXP	instr_done_button: lineWidth = 1
4.003	EXP	instr_done_button: lineColor = {"_hex":"#006400","_rgb":[0,0.39215686274509803,0]}
4.003	EXP	instr_done_button: fillColor = {"_hex":"#90EE90","_rgb":[0.5647058823529412,0.9333333333333333,0.5647058823529412]}
4.003	EXP	instr_done_button: vertices = [[-0.5,0],[0,0.5],[0.5,0]]
4.003	EXP	instr_done_button: closeShape = true
4.003	EXP	instr_done_button: contrast = 1
4.003	EXP	instr_done_button: depth = -3
4.003	EXP	instr_done_button: interpolate = true
4.003	EXP	instr_done_button: width = 0.4
4.003	EXP	instr_done_button: vertices = [[-0.2,null],[0.2,null],[0.2,null],[-0.2,null]]
4.003	EXP	instr_done_button: height = 0.1
4.003	EXP	instr_done_button: vertices = [[-0.2,-0.05],[0.2,-0.05],[0.2,0.05],[-0.2,0.05]]
4.003	EXP	instr_done_button: vertices = [[-0.2,-0.05],[0.2,-0.05],[0.2,0.05],[-0.2,0.05]]
4.003	EXP	instr_done_label: units = "height"
4.003	EXP	instr_done_label: ori = 0
4.003	EXP	instr_done_label: opacity = 1
4.003	EXP	instr_done_label: pos = [0,-0.4]
4.003	EXP	instr_done_label: size = undefined
4.003	EXP	instr_done_label: text = "Next..."
4.003	EXP	instr_done_label: font = "Arial"
4.003	EXP	instr_done_label: color = {"_hex":"#006400","_rgb":[0,0.39215686274509803,0]}
4.003	EXP	instr_done_label: contrast = 1
4.003	EXP	instr_done_label: height = 0.05
4.003	EXP	instr_done_label: bold = false
4.003	EXP	instr_done_label: italic = false
4.003	EXP	instr_done_label: alignHoriz = "left"
4.003	EXP	instr_done_label: alignVert = "center"
4.003	EXP	instr_done_label: wrapWidth = 1
4.003	EXP	instr_done_label: flipHoriz = false
4.003	EXP	instr_done_label: flipVert = false
4.003	EXP	main_ready_msg: units = "height"
4.003	EXP	main_ready_msg: ori = 0
4.003	EXP	main_ready_msg: opacity = 1
4.003	EXP	main_ready_msg: pos = [0,0]
4.003	EXP	main_ready_msg: size = undefined
4.003	EXP	main_ready_msg: text = "Take note of the categories below\n \nPosition your index fingers \n \nPress the space bar (or one of the green buttons) to begin"
4.003	EXP	main_ready_msg: font = "Arial"
4.003	EXP	main_ready_msg: color = {"_hex":"#FFFFFF","_rgb":[1,1,1]}
4.003	EXP	main_ready_msg: contrast = 1
4.003	EXP	main_ready_msg: height = 0.03
4.003	EXP	main_ready_msg: bold = false
4.003	EXP	main_ready_msg: italic = false
4.003	EXP	main_ready_msg: alignHoriz = "left"
4.003	EXP	main_ready_msg: alignVert = "center"
4.003	EXP	main_ready_msg: wrapWidth = 1
4.003	EXP	main_ready_msg: flipHoriz = false
4.003	EXP	main_ready_msg: flipVert = false
4.003	EXP	button_L: units = "height"
4.003	EXP	button_L: ori = 0
4.003	EXP	button_L: opacity = 1
4.003	EXP	button_L: pos = [-0.4,-0.3]
4.003	EXP	button_L: size = [1,1]
4.003	EXP	button_L: lineWidth = 1
4.003	EXP	button_L: lineColor = {"_hex":"#006400","_rgb":[0,0.39215686274509803,0]}
4.003	EXP	button_L: fillColor = {"_hex":"#90EE90","_rgb":[0.5647058823529412,0.9333333333333333,0.5647058823529412]}
4.003	EXP	button_L: vertices = [[-0.5,0],[0,0.5],[0.5,0]]
4.003	EXP	button_L: closeShape = true
4.003	EXP	button_L: contrast = 1
4.003	EXP	button_L: depth = -1
4.003	EXP	button_L: interpolate = true
4.003	EXP	button_L: width = 0.4
4.003	EXP	button_L: vertices = [[-0.2,null],[0.2,null],[0.2,null],[-0.2,null]]
4.003	EXP	button_L: height = 0.2
4.003	EXP	button_L: vertices = [[-0.2,-0.1],[0.2,-0.1],[0.2,0.1],[-0.2,0.1]]
4.003	EXP	button_L: vertices = [[-0.2,-0.1],[0.2,-0.1],[0.2,0.1],[-0.2,0.1]]
4.003	EXP	ready_label_L: units = "height"
4.003	EXP	ready_label_L: ori = 0
4.003	EXP	ready_label_L: opacity = 1
4.003	EXP	ready_label_L: pos = [-0.4,-0.3]
4.003	EXP	ready_label_L: size = undefined
4.003	EXP	ready_label_L: text = "default text"
4.003	EXP	ready_label_L: font = "Arial"
4.003	EXP	ready_label_L: color = {"_hex":"#006400","_rgb":[0,0.39215686274509803,0]}
4.003	EXP	ready_label_L: contrast = 1
4.003	EXP	ready_label_L: height = 0.05
4.003	EXP	ready_label_L: bold = false
4.003	EXP	ready_label_L: italic = false
4.003	EXP	ready_label_L: alignHoriz = "left"
4.003	EXP	ready_label_L: alignVert = "center"
4.003	EXP	ready_label_L: wrapWidth = 1
4.003	EXP	ready_label_L: flipHoriz = false
4.003	EXP	ready_label_L: flipVert = false
4.003	EXP	button_R: units = "height"
4.003	EXP	button_R: ori = 0
4.003	EXP	button_R: opacity = 1
4.003	EXP	button_R: pos = [0.4,-0.3]
4.003	EXP	button_R: size = [1,1]
4.003	EXP	button_R: lineWidth = 1
4.003	EXP	button_R: lineColor = {"_hex":"#006400","_rgb":[0,0.39215686274509803,0]}
4.003	EXP	button_R: fillColor = {"_hex":"#90EE90","_rgb":[0.5647058823529412,0.9333333333333333,0.5647058823529412]}
4.003	EXP	button_R: vertices = [[-0.5,0],[0,0.5],[0.5,0]]
4.003	EXP	button_R: closeShape = true
4.003	EXP	button_R: contrast = 1
4.003	EXP	button_R: depth = -3
4.003	EXP	button_R: interpolate = true
4.003	EXP	button_R: width = 0.4
4.003	EXP	button_R: vertices = [[-0.2,null],[0.2,null],[0.2,null],[-0.2,null]]
4.003	EXP	button_R: height = 0.2
4.003	EXP	button_R: vertices = [[-0.2,-0.1],[0.2,-0.1],[0.2,0.1],[-0.2,0.1]]
4.003	EXP	button_R: vertices = [[-0.2,-0.1],[0.2,-0.1],[0.2,0.1],[-0.2,0.1]]
4.003	EXP	ready_label_R: units = "height"
4.003	EXP	ready_label_R: ori = 0
4.003	EXP	ready_label_R: opacity = 1
4.003	EXP	ready_label_R: pos = [0.4,-0.3]
4.003	EXP	ready_label_R: size = undefined
4.003	EXP	ready_label_R: text = "default text"
4.003	EXP	ready_label_R: font = "Arial"
4.003	EXP	ready_label_R: color = {"_hex":"#006400","_rgb":[0,0.39215686274509803,0]}
4.003	EXP	ready_label_R: contrast = 1
4.003	EXP	ready_label_R: height = 0.05
4.003	EXP	ready_label_R: bold = false
4.003	EXP	ready_label_R: italic = false
4.003	EXP	ready_label_R: alignHoriz = "left"
4.003	EXP	ready_label_R: alignVert = "center"
4.003	EXP	ready_label_R: wrapWidth = 1
4.003	EXP	ready_label_R: flipHoriz = false
4.003	EXP	ready_label_R: flipVert = false
4.003	EXP	fixation: units = "height"
4.003	EXP	fixation: ori = 0
4.003	EXP	fixation: opacity = 1
4.003	EXP	fixation: pos = [0,0]
4.003	EXP	fixation: size = undefined
4.003	EXP	fixation: text = "+"
4.003	EXP	fixation: font = "Arial"
4.003	EXP	fixation: color = {"_hex":"#FFFFFF","_rgb":[1,1,1]}
4.003	EXP	fixation: contrast = 1
4.003	EXP	fixation: height = 0.1
4.003	EXP	fixation: bold = false
4.003	EXP	fixation: italic = false
4.003	EXP	fixation: alignHoriz = "left"
4.003	EXP	fixation: alignVert = "center"
4.003	EXP	fixation: wrapWidth = 1
4.003	EXP	fixation: flipHoriz = false
4.003	EXP	fixation: flipVert = false
4.003	EXP	image_stim: units = "height"
4.003	EXP	image_stim: ori = 0
4.003	EXP	image_stim: opacity = 1
4.003	EXP	image_stim: pos = [0,0]
4.003	EXP	image_stim: size = [0.5,0.5]
4.003	EXP	image_stim: image = undefined
4.003	EXP	image_stim: mask = undefined
4.003	EXP	image_stim: color = {"_rgb":[1,1,1]}
4.003	EXP	image_stim: contrast = 1
4.003	EXP	image_stim: texRes = 128
4.003	EXP	image_stim: interpolate = true
4.003	EXP	image_stim: depth = -1
4.003	EXP	image_stim: flipHoriz = false
4.003	EXP	image_stim: flipVert = false
4.003	EXP	text_stim: units = "height"
4.003	EXP	text_stim: ori = 0
4.003	EXP	text_stim: opacity = 1
4.003	EXP	text_stim: pos = [0,0]
4.003	EXP	text_stim: size = undefined
4.003	EXP	text_stim: text = "default text"
4.003	EXP	text_stim: font = "Arial"
4.003	EXP	text_stim: color = {"_hex":"#FFFFFF","_rgb":[1,1,1]}
4.003	EXP	text_stim: contrast = 1
4.003	EXP	text_stim: height = 0.05
4.003	EXP	text_stim: bold = false
4.003	EXP	text_stim: italic = false
4.003	EXP	text_stim: alignHoriz = "left"
4.003	EXP	text_stim: alignVert = "center"
4.003	EXP	text_stim: wrapWidth = 1
4.003	EXP	text_stim: flipHoriz = false
4.003	EXP	text_stim: flipVert = false
4.003	EXP	button_left: units = "height"
4.003	EXP	button_left: ori = 0
4.003	EXP	button_left: opacity = 1
4.003	EXP	button_left: pos = [-0.4,-0.3]
4.003	EXP	button_left: size = [1,1]
4.003	EXP	button_left: lineWidth = 1
4.003	EXP	button_left: lineColor = {"_hex":"#006400","_rgb":[0,0.39215686274509803,0]}
4.003	EXP	button_left: fillColor = {"_hex":"#90EE90","_rgb":[0.5647058823529412,0.9333333333333333,0.5647058823529412]}
4.003	EXP	button_left: vertices = [[-0.5,0],[0,0.5],[0.5,0]]
4.003	EXP	button_left: closeShape = true
4.003	EXP	button_left: contrast = 1
4.003	EXP	button_left: depth = -6
4.003	EXP	button_left: interpolate = true
4.003	EXP	button_left: width = 0.4
4.003	EXP	button_left: vertices = [[-0.2,null],[0.2,null],[0.2,null],[-0.2,null]]
4.003	EXP	button_left: height = 0.2
4.003	EXP	button_left: vertices = [[-0.2,-0.1],[0.2,-0.1],[0.2,0.1],[-0.2,0.1]]
4.003	EXP	button_left: vertices = [[-0.2,-0.1],[0.2,-0.1],[0.2,0.1],[-0.2,0.1]]
4.003	EXP	trial_label_left: units = "height"
4.003	EXP	trial_label_left: ori = 0
4.003	EXP	trial_label_left: opacity = 1
4.003	EXP	trial_label_left: pos = [-0.4,-0.3]
4.003	EXP	trial_label_left: size = undefined
4.003	EXP	trial_label_left: text = "default text"
4.003	EXP	trial_label_left: font = "Arial"
4.003	EXP	trial_label_left: color = {"_hex":"#006400","_rgb":[0,0.39215686274509803,0]}
4.003	EXP	trial_label_left: contrast = 1
4.003	EXP	trial_label_left: height = 0.05
4.003	EXP	trial_label_left: bold = false
4.003	EXP	trial_label_left: italic = false
4.003	EXP	trial_label_left: alignHoriz = "left"
4.003	EXP	trial_label_left: alignVert = "center"
4.003	EXP	trial_label_left: wrapWidth = 1
4.003	EXP	trial_label_left: flipHoriz = false
4.003	EXP	trial_label_left: flipVert = false
4.003	EXP	button_right: units = "height"
4.003	EXP	button_right: ori = 0
4.003	EXP	button_right: opacity = 1
4.003	EXP	button_right: pos = [0.4,-0.3]
4.003	EXP	button_right: size = [1,1]
4.003	EXP	button_right: lineWidth = 1
4.003	EXP	button_right: lineColor = {"_hex":"#006400","_rgb":[0,0.39215686274509803,0]}
4.003	EXP	button_right: fillColor = {"_hex":"#90EE90","_rgb":[0.5647058823529412,0.9333333333333333,0.5647058823529412]}
4.003	EXP	button_right: vertices = [[-0.5,0],[0,0.5],[0.5,0]]
4.003	EXP	button_right: closeShape = true
4.003	EXP	button_right: contrast = 1
4.003	EXP	button_right: depth = -8
4.003	EXP	button_right: interpolate = true
4.003	EXP	button_right: width = 0.4
4.003	EXP	button_right: vertices = [[-0.2,null],[0.2,null],[0.2,null],[-0.2,null]]
4.003	EXP	button_right: height = 0.2
4.003	EXP	button_right: vertices = [[-0.2,-0.1],[0.2,-0.1],[0.2,0.1],[-0.2,0.1]]
4.003	EXP	button_right: vertices = [[-0.2,-0.1],[0.2,-0.1],[0.2,0.1],[-0.2,0.1]]
4.003	EXP	trial_label_right: units = "height"
4.003	EXP	trial_label_right: ori = 0
4.003	EXP	trial_label_right: opacity = 1
4.003	EXP	trial_label_right: pos = [0.4,-0.3]
4.003	EXP	trial_label_right: size = undefined
4.003	EXP	trial_label_right: text = "default text"
4.003	EXP	trial_label_right: font = "Arial"
4.003	EXP	trial_label_right: color = {"_hex":"#006400","_rgb":[0,0.39215686274509803,0]}
4.003	EXP	trial_label_right: contrast = 1
4.003	EXP	trial_label_right: height = 0.05
4.003	EXP	trial_label_right: bold = false
4.003	EXP	trial_label_right: italic = false
4.003	EXP	trial_label_right: alignHoriz = "left"
4.003	EXP	trial_label_right: alignVert = "center"
4.003	EXP	trial_label_right: wrapWidth = 1
4.003	EXP	trial_label_right: flipHoriz = false
4.003	EXP	trial_label_right: flipVert = false
4.003	EXP	feedback_msg: units = "height"
4.003	EXP	feedback_msg: ori = 0
4.003	EXP	feedback_msg: opacity = 1
4.003	EXP	feedback_msg: pos = [0,0]
4.003	EXP	feedback_msg: size = undefined
4.003	EXP	feedback_msg: text = "default text"
4.003	EXP	feedback_msg: font = "Arial"
4.003	EXP	feedback_msg: color = {"_hex":"#FFFFFF","_rgb":[1,1,1]}
4.003	EXP	feedback_msg: contrast = 1
4.003	EXP	feedback_msg: height = 0.1
4.003	EXP	feedback_msg: bold = false
4.003	EXP	feedback_msg: italic = false
4.003	EXP	feedback_msg: alignHoriz = "left"
4.003	EXP	feedback_msg: alignVert = "center"
4.003	EXP	feedback_msg: wrapWidth = 1
4.003	EXP	feedback_msg: flipHoriz = false
4.003	EXP	feedback_msg: flipVert = false
4.003	EXP	thanks_text: units = "height"
4.003	EXP	thanks_text: ori = 0
4.003	EXP	thanks_text: opacity = 1
4.003	EXP	thanks_text: pos = [0,0]
4.003	EXP	thanks_text: size = undefined
4.003	EXP	thanks_text: text = "The End. \n \nThank you for your participation."
4.003	EXP	thanks_text: font = "Arial"
4.003	EXP	thanks_text: color = {"_hex":"#FFFFFF","_rgb":[1,1,1]}
4.003	EXP	thanks_text: contrast = 1
4.003	EXP	thanks_text: height = 0.1
4.003	EXP	thanks_text: bold = false
4.003	EXP	thanks_text: italic = false
4.003	EXP	thanks_text: alignHoriz = "left"
4.003	EXP	thanks_text: alignVert = "center"
4.003	EXP	thanks_text: wrapWidth = 1
4.003	EXP	thanks_text: flipHoriz = false
4.003	EXP	thanks_text: flipVert = false
4.003	EXP	instructs_text: text = "You will be presented with words or images to classify into categories using either the 'A' or 'L' key. \r\n \r\nTry to go as fast as possible while making as few mistakes as possible. \r\n"
4.003	EXP	instructs_text: autoDraw = true
4.003	EXP	instr_done_button: autoDraw = true
4.003	EXP	instr_done_label: autoDraw = true
5.516	DATA	Mouse: 0 button down, pos=(1001,939)
5.543	EXP	instructs_text: autoDraw = false
5.543	EXP	instr_done_button: autoDraw = false
5.543	EXP	instr_done_label: autoDraw = false
5.543	EXP	instructs_text: text = "Keep in mind: \r\n \r\n1) Labels at the top of the screen indicate which catogory goes with which key. \r\n \r\n2) Each word or image has a correct catogory classification \r\n \r\n3) Keep your index fingers on the A and L keys to enable a rapid response. \r\n \r\n4) The test gives no results if you go slow- please try to go as fast as possible \r\n"
5.543	EXP	instructs_text: autoDraw = true
5.543	EXP	instr_done_button: autoDraw = true
5.543	EXP	instr_done_label: autoDraw = true
5.6	DATA	Mouse: 0 button down, pos=(1001,939)
6.044	DATA	Mouse: 0 button down, pos=(1001,939)
6.114999999999999	EXP	instructs_text: autoDraw = false
6.114999999999999	EXP	instr_done_button: autoDraw = false
6.114999999999999	EXP	instr_done_label: autoDraw = false
6.114999999999999	EXP	ready_label_L: text = "A = \r\nPositive"
6.114999999999999	EXP	ready_label_R: text = "L = \r\nNegative"
6.114999999999999	EXP	main_ready_msg: autoDraw = true
6.114999999999999	EXP	button_L: autoDraw = true
6.114999999999999	EXP	ready_label_L: autoDraw = true
6.114999999999999	EXP	button_R: autoDraw = true
6.114999999999999	EXP	ready_label_R: autoDraw = true
6.135	DATA	Mouse: 0 button down, pos=(1001,939)
8.229	DATA	Keydown:  
8.293	EXP	main_ready_msg: autoDraw = false
8.293	EXP	button_L: autoDraw = false
8.293	EXP	ready_label_L: autoDraw = false
8.293	EXP	button_R: autoDraw = false
8.293	EXP	ready_label_R: autoDraw = false
8.293	EXP	image_stim: image = {}
8.293	EXP	text_stim: text = "Pleasure"
8.293	EXP	trial_label_left: text = "A = \r\nPositive"
8.293	EXP	trial_label_right: text = "L = \r\nNegative"
8.293	EXP	fixation: autoDraw = true
8.811	EXP	fixation: autoDraw = false
8.811	EXP	image_stim: autoDraw = true
8.811	EXP	text_stim: autoDraw = true
8.811	EXP	button_left: autoDraw = true
8.811	EXP	trial_label_left: autoDraw = true
8.811	EXP	button_right: autoDraw = true
8.811	EXP	trial_label_right: autoDraw = true
10.189	DATA	Mouse: 0 button down, pos=(735,855)
10.198	EXP	fixation: autoDraw = false
10.198	EXP	image_stim: autoDraw = false
10.198	EXP	text_stim: autoDraw = false
10.198	EXP	button_left: autoDraw = false
10.198	EXP	trial_label_left: autoDraw = false
10.198	EXP	button_right: autoDraw = false
10.198	EXP	trial_label_right: autoDraw = false
10.198	EXP	feedback_msg: text = "+"
10.198	EXP	feedback_msg: autoDraw = true
10.267999999999999	DATA	Mouse: 0 button down, pos=(735,855)
11.222999999999999	EXP	feedback_msg: autoDraw = false
11.222999999999999	EXP	feedback_msg: autoDraw = false
11.222999999999999	EXP	image_stim: image = {}
11.222999999999999	EXP	text_stim: text = "Nasty"
11.222999999999999	EXP	trial_label_left: text = "A = \r\nPositive"
11.222999999999999	EXP	trial_label_right: text = "L = \r\nNegative"
11.222999999999999	EXP	fixation: autoDraw = true
11.731	EXP	fixation: autoDraw = false
11.731	EXP	image_stim: autoDraw = true
11.731	EXP	text_stim: autoDraw = true
11.731	EXP	button_left: autoDraw = true
11.731	EXP	trial_label_left: autoDraw = true
11.731	EXP	button_right: autoDraw = true
11.731	EXP	trial_label_right: autoDraw = true
12.482	DATA	Mouse: 0 button down, pos=(1297,874)
12.501999999999999	EXP	fixation: autoDraw = false
12.501999999999999	EXP	image_stim: autoDraw = false
12.501999999999999	EXP	text_stim: autoDraw = false
12.501999999999999	EXP	button_left: autoDraw = false
12.501999999999999	EXP	trial_label_left: autoDraw = false
12.501999999999999	EXP	button_right: autoDraw = false
12.501999999999999	EXP	trial_label_right: autoDraw = false
12.501999999999999	EXP	feedback_msg: text = "+"
12.501999999999999	EXP	feedback_msg: autoDraw = true
12.548	DATA	Mouse: 0 button down, pos=(1297,874)
13.506	EXP	feedback_msg: autoDraw = false
13.506	EXP	feedback_msg: autoDraw = false
13.506	EXP	image_stim: image = {}
13.506	EXP	text_stim: text = "Joy"
13.506	EXP	trial_label_left: text = "A = \r\nPositive"
13.506	EXP	trial_label_right: text = "L = \r\nNegative"
13.506	EXP	fixation: autoDraw = true
14.017	EXP	fixation: autoDraw = false
14.032	EXP	image_stim: autoDraw = true
14.032	EXP	text_stim: autoDraw = true
14.032	EXP	button_left: autoDraw = true
14.032	EXP	trial_label_left: autoDraw = true
14.032	EXP	button_right: autoDraw = true
14.032	EXP	trial_label_right: autoDraw = true
14.7	DATA	Mouse: 0 button down, pos=(615,898)
14.725999999999999	EXP	fixation: autoDraw = false
14.725999999999999	EXP	image_stim: autoDraw = false
14.725999999999999	EXP	text_stim: autoDraw = false
14.725999999999999	EXP	button_left: autoDraw = false
14.725999999999999	EXP	trial_label_left: autoDraw = false
14.725999999999999	EXP	button_right: autoDraw = false
14.725999999999999	EXP	trial_label_right: autoDraw = false
14.725999999999999	EXP	feedback_msg: text = "+"
14.725999999999999	EXP	feedback_msg: autoDraw = true
14.780000000000001	DATA	Mouse: 0 button down, pos=(615,898)
15.724	EXP	feedback_msg: autoDraw = false
15.724	EXP	feedback_msg: autoDraw = false
15.724	EXP	image_stim: image = {}
15.724	EXP	text_stim: text = "Evil"
15.724	EXP	trial_label_left: text = "A = \r\nPositive"
15.724	EXP	trial_label_right: text = "L = \r\nNegative"
15.724	EXP	fixation: autoDraw = true
16.222	EXP	fixation: autoDraw = false
16.262999999999998	EXP	image_stim: autoDraw = true
16.262999999999998	EXP	text_stim: autoDraw = true
16.262999999999998	EXP	button_left: autoDraw = true
16.262999999999998	EXP	trial_label_left: autoDraw = true
16.262999999999998	EXP	button_right: autoDraw = true
16.262999999999998	EXP	trial_label_right: autoDraw = true
17.084	DATA	Mouse: 0 button down, pos=(1261,849)
17.099	EXP	fixation: autoDraw = false
17.099	EXP	image_stim: autoDraw = false
17.099	EXP	text_stim: autoDraw = false
17.099	EXP	button_left: autoDraw = false
17.099	EXP	trial_label_left: autoDraw = false
17.099	EXP	button_right: autoDraw = false
17.099	EXP	trial_label_right: autoDraw = false
17.099	EXP	feedback_msg: text = "+"
17.099	EXP	feedback_msg: autoDraw = true
17.218	DATA	Mouse: 0 button down, pos=(1261,849)
18.102	EXP	feedback_msg: autoDraw = false
18.102	EXP	feedback_msg: autoDraw = false
18.102	EXP	image_stim: image = {}
18.102	EXP	text_stim: text = "Hurt"
18.102	EXP	trial_label_left: text = "A = \r\nPositive"
18.102	EXP	trial_label_right: text = "L = \r\nNegative"
18.102	EXP	fixation: autoDraw = true
18.613	EXP	fixation: autoDraw = false
18.613	EXP	image_stim: autoDraw = true
18.613	EXP	text_stim: autoDraw = true
18.613	EXP	button_left: autoDraw = true
18.613	EXP	trial_label_left: autoDraw = true
18.613	EXP	button_right: autoDraw = true
18.613	EXP	trial_label_right: autoDraw = true
19.153	DATA	Mouse: 0 button down, pos=(691,838)
19.161	EXP	fixation: autoDraw = false
19.161	EXP	image_stim: autoDraw = false
19.161	EXP	text_stim: autoDraw = false
19.161	EXP	button_left: autoDraw = false
19.161	EXP	trial_label_left: autoDraw = false
19.161	EXP	button_right: autoDraw = false
19.161	EXP	trial_label_right: autoDraw = false
19.161	EXP	feedback_msg: text = "oops"
19.161	EXP	feedback_msg: autoDraw = true
19.247	DATA	Mouse: 0 button down, pos=(691,838)
20.182	EXP	feedback_msg: autoDraw = false
20.182	EXP	feedback_msg: autoDraw = false
20.182	EXP	image_stim: image = {}
20.182	EXP	text_stim: text = "Happy"
20.182	EXP	trial_label_left: text = "A = \r\nPositive"
20.182	EXP	trial_label_right: text = "L = \r\nNegative"
20.182	EXP	fixation: autoDraw = true
20.665	EXP	fixation: autoDraw = false
20.665	EXP	image_stim: autoDraw = true
20.665	EXP	text_stim: autoDraw = true
20.665	EXP	button_left: autoDraw = true
20.665	EXP	trial_label_left: autoDraw = true
20.665	EXP	button_right: autoDraw = true
20.665	EXP	trial_label_right: autoDraw = true
20.811	DATA	Keydown: Escape
