0.019340000115334988	EXP	Created Window = Window( name=Window, fullscr=true, color=#000000, units=height, waitBlanking=true, autoLog=true, size=[1920,969] )
4.855845000129193	DATA	Keydown: h
5.03741000033915	DATA	Keydown: m
5.1849100003018975	DATA	Keydown: m
5.315510000102222	DATA	Keydown: m
9.840885000303388	EXP	Created instructs_text = TextStim( name=instructs_text, win=Window( name=Window, fullscr=true, color=#000000, ~), autoDraw=null, autoLog=true, units=height, ori=null, opacity=1, pos=[0,0], size=undefined, text=default text, font=Arial, color=#FFFFFF, contrast=1, height=0.03, bold=null, italic=null, alignHoriz=left, alignVert=center, wrapWidth=1, flipHoriz=null, flipVert=null )
9.84516500029713	EXP	Created instr_done_button = Rect( name=instr_done_button, win=Window( name=Window, fullscr=true, color=#000000, ~), autoDraw=null, autoLog=true, units=height, ori=null, opacity=1, pos=[0,-0.4], size=[1,1], lineWidth=1, lineColor=#006400, fillColor=#90EE90, vertices=[[-0.2,-0.05],[0.2,-0.05],[0.2,0.05],[-0.2,0.05]], closeShape=true, contrast=1, depth=-3, interpolate=true, width=0.4, height=0.1 )
9.845945000182837	EXP	Created instr_done_label = TextStim( name=instr_done_label, win=Window( name=Window, fullscr=true, color=#000000, ~), autoDraw=null, autoLog=true, units=height, ori=null, opacity=1, pos=[0,-0.4], size=undefined, text=Next..., font=Arial, color=#006400, contrast=1, height=0.05, bold=null, italic=null, alignHoriz=left, alignVert=center, wrapWidth=1, flipHoriz=null, flipVert=null )
9.847405000124127	EXP	Created main_ready_msg = TextStim( name=main_ready_msg, win=Window( name=Window, fullscr=true, color=#000000, ~), autoDraw=null, autoLog=true, units=height, ori=null, opacity=1, pos=[0,0], size=undefined, text=Take note of the categories below
 
Position your ~, font=Arial, color=#FFFFFF, contrast=1, height=0.03, bold=null, italic=null, alignHoriz=left, alignVert=center, wrapWidth=1, flipHoriz=null, flipVert=null )
9.85124500002712	EXP	Created button_L = Rect( name=button_L, win=Window( name=Window, fullscr=true, color=#000000, ~), autoDraw=null, autoLog=true, units=height, ori=null, opacity=1, pos=[-0.4,-0.3], size=[1,1], lineWidth=1, lineColor=#006400, fillColor=#90EE90, vertices=[[-0.2,-0.1],[0.2,-0.1],[0.2,0.1],[-0.2,0.1]], closeShape=true, contrast=1, depth=-1, interpolate=true, width=0.4, height=0.2 )
9.851855000015348	EXP	Created ready_label_L = TextStim( name=ready_label_L, win=Window( name=Window, fullscr=true, color=#000000, ~), autoDraw=null, autoLog=true, units=height, ori=null, opacity=1, pos=[-0.4,-0.3], size=undefined, text=default text, font=Arial, color=#006400, contrast=1, height=0.05, bold=null, italic=null, alignHoriz=left, alignVert=center, wrapWidth=1, flipHoriz=null, flipVert=null )
9.85653500026092	EXP	Created button_R = Rect( name=button_R, win=Window( name=Window, fullscr=true, color=#000000, ~), autoDraw=null, autoLog=true, units=height, ori=null, opacity=1, pos=[0.4,-0.3], size=[1,1], lineWidth=1, lineColor=#006400, fillColor=#90EE90, vertices=[[-0.2,-0.1],[0.2,-0.1],[0.2,0.1],[-0.2,0.1]], closeShape=true, contrast=1, depth=-3, interpolate=true, width=0.4, height=0.2 )
9.85757500026375	EXP	Created ready_label_R = TextStim( name=ready_label_R, win=Window( name=Window, fullscr=true, color=#000000, ~), autoDraw=null, autoLog=true, units=height, ori=null, opacity=1, pos=[0.4,-0.3], size=undefined, text=default text, font=Arial, color=#006400, contrast=1, height=0.05, bold=null, italic=null, alignHoriz=left, alignVert=center, wrapWidth=1, flipHoriz=null, flipVert=null )
9.858370000030845	EXP	Created fixation = TextStim( name=fixation, win=Window( name=Window, fullscr=true, color=#000000, ~), autoDraw=null, autoLog=true, units=height, ori=null, opacity=1, pos=[0,0], size=undefined, text=+, font=Arial, color=#FFFFFF, contrast=1, height=0.1, bold=null, italic=null, alignHoriz=left, alignVert=center, wrapWidth=1, flipHoriz=null, flipVert=null )
9.864720000419766	EXP	Created image_stim = ImageStim( name=image_stim, win=Window( name=Window, fullscr=true, color=#000000, ~), autoDraw=null, autoLog=true, units=height, ori=null, opacity=1, pos=[0,0], size=[0.5,0.5], image=undefined, mask=undefined, color=#ffffff, contrast=1, texRes=128, interpolate=true, depth=-1, flipHoriz=null, flipVert=null )
9.865290000103414	EXP	Created text_stim = TextStim( name=text_stim, win=Window( name=Window, fullscr=true, color=#000000, ~), autoDraw=null, autoLog=true, units=height, ori=null, opacity=1, pos=[0,0], size=undefined, text=default text, font=Arial, color=#FFFFFF, contrast=1, height=0.05, bold=null, italic=null, alignHoriz=left, alignVert=center, wrapWidth=1, flipHoriz=null, flipVert=null )
9.86903000017628	EXP	Created button_left = Rect( name=button_left, win=Window( name=Window, fullscr=true, color=#000000, ~), autoDraw=null, autoLog=true, units=height, ori=null, opacity=1, pos=[-0.4,-0.3], size=[1,1], lineWidth=1, lineColor=#006400, fillColor=#90EE90, vertices=[[-0.2,-0.1],[0.2,-0.1],[0.2,0.1],[-0.2,0.1]], closeShape=true, contrast=1, depth=-6, interpolate=true, width=0.4, height=0.2 )
9.86985500017181	EXP	Created trial_label_left = TextStim( name=trial_label_left, win=Window( name=Window, fullscr=true, color=#000000, ~), autoDraw=null, autoLog=true, units=height, ori=null, opacity=1, pos=[-0.4,-0.3], size=undefined, text=default text, font=Arial, color=#006400, contrast=1, height=0.05, bold=null, italic=null, alignHoriz=left, alignVert=center, wrapWidth=1, flipHoriz=null, flipVert=null )
9.872365000192076	EXP	Created button_right = Rect( name=button_right, win=Window( name=Window, fullscr=true, color=#000000, ~), autoDraw=null, autoLog=true, units=height, ori=null, opacity=1, pos=[0.4,-0.3], size=[1,1], lineWidth=1, lineColor=#006400, fillColor=#90EE90, vertices=[[-0.2,-0.1],[0.2,-0.1],[0.2,0.1],[-0.2,0.1]], closeShape=true, contrast=1, depth=-8, interpolate=true, width=0.4, height=0.2 )
9.872850000392646	EXP	Created trial_label_right = TextStim( name=trial_label_right, win=Window( name=Window, fullscr=true, color=#000000, ~), autoDraw=null, autoLog=true, units=height, ori=null, opacity=1, pos=[0.4,-0.3], size=undefined, text=default text, font=Arial, color=#006400, contrast=1, height=0.05, bold=null, italic=null, alignHoriz=left, alignVert=center, wrapWidth=1, flipHoriz=null, flipVert=null )
9.873785000294447	EXP	Created feedback_msg = TextStim( name=feedback_msg, win=Window( name=Window, fullscr=true, color=#000000, ~), autoDraw=null, autoLog=true, units=height, ori=null, opacity=1, pos=[0,0], size=undefined, text=default text, font=Arial, color=#FFFFFF, contrast=1, height=0.1, bold=null, italic=null, alignHoriz=left, alignVert=center, wrapWidth=1, flipHoriz=null, flipVert=null )
9.875119999982417	EXP	Created thanks_text = TextStim( name=thanks_text, win=Window( name=Window, fullscr=true, color=#000000, ~), autoDraw=null, autoLog=true, units=height, ori=null, opacity=1, pos=[0,0], size=undefined, text=The End. 
 
Thank you for your participation., font=Arial, color=#FFFFFF, contrast=1, height=0.1, bold=null, italic=null, alignHoriz=left, alignVert=center, wrapWidth=1, flipHoriz=null, flipVert=null )
9.924745000433177	EXP	instructs_text: units = "height"
9.924745000433177	EXP	instructs_text: ori = 0
9.924745000433177	EXP	instructs_text: opacity = 1
9.924745000433177	EXP	instructs_text: pos = [0,0]
9.924745000433177	EXP	instructs_text: size = undefined
9.924745000433177	EXP	instructs_text: text = "default text"
9.924745000433177	EXP	instructs_text: font = "Arial"
9.924745000433177	EXP	instructs_text: color = {"_hex":"#FFFFFF","_rgb":[1,1,1]}
9.924745000433177	EXP	instructs_text: contrast = 1
9.924745000433177	EXP	instructs_text: height = 0.03
9.924745000433177	EXP	instructs_text: bold = false
9.924745000433177	EXP	instructs_text: italic = false
9.924745000433177	EXP	instructs_text: alignHoriz = "left"
9.924745000433177	EXP	instructs_text: alignVert = "center"
9.924745000433177	EXP	instructs_text: wrapWidth = 1
9.924745000433177	EXP	instructs_text: flipHoriz = false
9.924745000433177	EXP	instructs_text: flipVert = false
9.924745000433177	EXP	instr_done_button: units = "height"
9.924745000433177	EXP	instr_done_button: ori = 0
9.924745000433177	EXP	instr_done_button: opacity = 1
9.924745000433177	EXP	instr_done_button: pos = [0,-0.4]
9.924745000433177	EXP	instr_done_button: size = [1,1]
9.924745000433177	EXP	instr_done_button: lineWidth = 1
9.924745000433177	EXP	instr_done_button: lineColor = {"_hex":"#006400","_rgb":[0,0.39215686274509803,0]}
9.924745000433177	EXP	instr_done_button: fillColor = {"_hex":"#90EE90","_rgb":[0.5647058823529412,0.9333333333333333,0.5647058823529412]}
9.924745000433177	EXP	instr_done_button: vertices = [[-0.5,0],[0,0.5],[0.5,0]]
9.924745000433177	EXP	instr_done_button: closeShape = true
9.924745000433177	EXP	instr_done_button: contrast = 1
9.924745000433177	EXP	instr_done_button: depth = -3
9.924745000433177	EXP	instr_done_button: interpolate = true
9.924745000433177	EXP	instr_done_button: width = 0.4
9.924745000433177	EXP	instr_done_button: vertices = [[-0.2,null],[0.2,null],[0.2,null],[-0.2,null]]
9.924745000433177	EXP	instr_done_button: height = 0.1
9.924745000433177	EXP	instr_done_button: vertices = [[-0.2,-0.05],[0.2,-0.05],[0.2,0.05],[-0.2,0.05]]
9.924745000433177	EXP	instr_done_button: vertices = [[-0.2,-0.05],[0.2,-0.05],[0.2,0.05],[-0.2,0.05]]
9.924745000433177	EXP	instr_done_label: units = "height"
9.924745000433177	EXP	instr_done_label: ori = 0
9.924745000433177	EXP	instr_done_label: opacity = 1
9.924745000433177	EXP	instr_done_label: pos = [0,-0.4]
9.924745000433177	EXP	instr_done_label: size = undefined
9.924745000433177	EXP	instr_done_label: text = "Next..."
9.924745000433177	EXP	instr_done_label: font = "Arial"
9.924745000433177	EXP	instr_done_label: color = {"_hex":"#006400","_rgb":[0,0.39215686274509803,0]}
9.924745000433177	EXP	instr_done_label: contrast = 1
9.924745000433177	EXP	instr_done_label: height = 0.05
9.924745000433177	EXP	instr_done_label: bold = false
9.924745000433177	EXP	instr_done_label: italic = false
9.924745000433177	EXP	instr_done_label: alignHoriz = "left"
9.924745000433177	EXP	instr_done_label: alignVert = "center"
9.924745000433177	EXP	instr_done_label: wrapWidth = 1
9.924745000433177	EXP	instr_done_label: flipHoriz = false
9.924745000433177	EXP	instr_done_label: flipVert = false
9.924745000433177	EXP	main_ready_msg: units = "height"
9.924745000433177	EXP	main_ready_msg: ori = 0
9.924745000433177	EXP	main_ready_msg: opacity = 1
9.924745000433177	EXP	main_ready_msg: pos = [0,0]
9.924745000433177	EXP	main_ready_msg: size = undefined
9.924745000433177	EXP	main_ready_msg: text = "Take note of the categories below\n \nPosition your index fingers \n \nPress the space bar (or one of the green buttons) to begin"
9.924745000433177	EXP	main_ready_msg: font = "Arial"
9.924745000433177	EXP	main_ready_msg: color = {"_hex":"#FFFFFF","_rgb":[1,1,1]}
9.924745000433177	EXP	main_ready_msg: contrast = 1
9.924745000433177	EXP	main_ready_msg: height = 0.03
9.924745000433177	EXP	main_ready_msg: bold = false
9.924745000433177	EXP	main_ready_msg: italic = false
9.924745000433177	EXP	main_ready_msg: alignHoriz = "left"
9.924745000433177	EXP	main_ready_msg: alignVert = "center"
9.924745000433177	EXP	main_ready_msg: wrapWidth = 1
9.924745000433177	EXP	main_ready_msg: flipHoriz = false
9.924745000433177	EXP	main_ready_msg: flipVert = false
9.924745000433177	EXP	button_L: units = "height"
9.924745000433177	EXP	button_L: ori = 0
9.924745000433177	EXP	button_L: opacity = 1
9.924745000433177	EXP	button_L: pos = [-0.4,-0.3]
9.924745000433177	EXP	button_L: size = [1,1]
9.924745000433177	EXP	button_L: lineWidth = 1
9.924745000433177	EXP	button_L: lineColor = {"_hex":"#006400","_rgb":[0,0.39215686274509803,0]}
9.924745000433177	EXP	button_L: fillColor = {"_hex":"#90EE90","_rgb":[0.5647058823529412,0.9333333333333333,0.5647058823529412]}
9.924745000433177	EXP	button_L: vertices = [[-0.5,0],[0,0.5],[0.5,0]]
9.924745000433177	EXP	button_L: closeShape = true
9.924745000433177	EXP	button_L: contrast = 1
9.924745000433177	EXP	button_L: depth = -1
9.924745000433177	EXP	button_L: interpolate = true
9.924745000433177	EXP	button_L: width = 0.4
9.924745000433177	EXP	button_L: vertices = [[-0.2,null],[0.2,null],[0.2,null],[-0.2,null]]
9.924745000433177	EXP	button_L: height = 0.2
9.924745000433177	EXP	button_L: vertices = [[-0.2,-0.1],[0.2,-0.1],[0.2,0.1],[-0.2,0.1]]
9.924745000433177	EXP	button_L: vertices = [[-0.2,-0.1],[0.2,-0.1],[0.2,0.1],[-0.2,0.1]]
9.924745000433177	EXP	ready_label_L: units = "height"
9.924745000433177	EXP	ready_label_L: ori = 0
9.924745000433177	EXP	ready_label_L: opacity = 1
9.924745000433177	EXP	ready_label_L: pos = [-0.4,-0.3]
9.924745000433177	EXP	ready_label_L: size = undefined
9.924745000433177	EXP	ready_label_L: text = "default text"
9.924745000433177	EXP	ready_label_L: font = "Arial"
9.924745000433177	EXP	ready_label_L: color = {"_hex":"#006400","_rgb":[0,0.39215686274509803,0]}
9.924745000433177	EXP	ready_label_L: contrast = 1
9.924745000433177	EXP	ready_label_L: height = 0.05
9.924745000433177	EXP	ready_label_L: bold = false
9.924745000433177	EXP	ready_label_L: italic = false
9.924745000433177	EXP	ready_label_L: alignHoriz = "left"
9.924745000433177	EXP	ready_label_L: alignVert = "center"
9.924745000433177	EXP	ready_label_L: wrapWidth = 1
9.924745000433177	EXP	ready_label_L: flipHoriz = false
9.924745000433177	EXP	ready_label_L: flipVert = false
9.924745000433177	EXP	button_R: units = "height"
9.924745000433177	EXP	button_R: ori = 0
9.924745000433177	EXP	button_R: opacity = 1
9.924745000433177	EXP	button_R: pos = [0.4,-0.3]
9.924745000433177	EXP	button_R: size = [1,1]
9.924745000433177	EXP	button_R: lineWidth = 1
9.924745000433177	EXP	button_R: lineColor = {"_hex":"#006400","_rgb":[0,0.39215686274509803,0]}
9.924745000433177	EXP	button_R: fillColor = {"_hex":"#90EE90","_rgb":[0.5647058823529412,0.9333333333333333,0.5647058823529412]}
9.924745000433177	EXP	button_R: vertices = [[-0.5,0],[0,0.5],[0.5,0]]
9.924745000433177	EXP	button_R: closeShape = true
9.924745000433177	EXP	button_R: contrast = 1
9.924745000433177	EXP	button_R: depth = -3
9.924745000433177	EXP	button_R: interpolate = true
9.924745000433177	EXP	button_R: width = 0.4
9.924745000433177	EXP	button_R: vertices = [[-0.2,null],[0.2,null],[0.2,null],[-0.2,null]]
9.924745000433177	EXP	button_R: height = 0.2
9.924745000433177	EXP	button_R: vertices = [[-0.2,-0.1],[0.2,-0.1],[0.2,0.1],[-0.2,0.1]]
9.924745000433177	EXP	button_R: vertices = [[-0.2,-0.1],[0.2,-0.1],[0.2,0.1],[-0.2,0.1]]
9.924745000433177	EXP	ready_label_R: units = "height"
9.924745000433177	EXP	ready_label_R: ori = 0
9.924745000433177	EXP	ready_label_R: opacity = 1
9.924745000433177	EXP	ready_label_R: pos = [0.4,-0.3]
9.924745000433177	EXP	ready_label_R: size = undefined
9.924745000433177	EXP	ready_label_R: text = "default text"
9.924745000433177	EXP	ready_label_R: font = "Arial"
9.924745000433177	EXP	ready_label_R: color = {"_hex":"#006400","_rgb":[0,0.39215686274509803,0]}
9.924745000433177	EXP	ready_label_R: contrast = 1
9.924745000433177	EXP	ready_label_R: height = 0.05
9.924745000433177	EXP	ready_label_R: bold = false
9.924745000433177	EXP	ready_label_R: italic = false
9.924745000433177	EXP	ready_label_R: alignHoriz = "left"
9.924745000433177	EXP	ready_label_R: alignVert = "center"
9.924745000433177	EXP	ready_label_R: wrapWidth = 1
9.924745000433177	EXP	ready_label_R: flipHoriz = false
9.924745000433177	EXP	ready_label_R: flipVert = false
9.924745000433177	EXP	fixation: units = "height"
9.924745000433177	EXP	fixation: ori = 0
9.924745000433177	EXP	fixation: opacity = 1
9.924745000433177	EXP	fixation: pos = [0,0]
9.924745000433177	EXP	fixation: size = undefined
9.924745000433177	EXP	fixation: text = "+"
9.924745000433177	EXP	fixation: font = "Arial"
9.924745000433177	EXP	fixation: color = {"_hex":"#FFFFFF","_rgb":[1,1,1]}
9.924745000433177	EXP	fixation: contrast = 1
9.924745000433177	EXP	fixation: height = 0.1
9.924745000433177	EXP	fixation: bold = false
9.924745000433177	EXP	fixation: italic = false
9.924745000433177	EXP	fixation: alignHoriz = "left"
9.924745000433177	EXP	fixation: alignVert = "center"
9.924745000433177	EXP	fixation: wrapWidth = 1
9.924745000433177	EXP	fixation: flipHoriz = false
9.924745000433177	EXP	fixation: flipVert = false
9.924745000433177	EXP	image_stim: units = "height"
9.924745000433177	EXP	image_stim: ori = 0
9.924745000433177	EXP	image_stim: opacity = 1
9.924745000433177	EXP	image_stim: pos = [0,0]
9.924745000433177	EXP	image_stim: size = [0.5,0.5]
9.924745000433177	EXP	image_stim: image = undefined
9.924745000433177	EXP	image_stim: mask = undefined
9.924745000433177	EXP	image_stim: color = {"_rgb":[1,1,1]}
9.924745000433177	EXP	image_stim: contrast = 1
9.924745000433177	EXP	image_stim: texRes = 128
9.924745000433177	EXP	image_stim: interpolate = true
9.924745000433177	EXP	image_stim: depth = -1
9.924745000433177	EXP	image_stim: flipHoriz = false
9.924745000433177	EXP	image_stim: flipVert = false
9.924745000433177	EXP	text_stim: units = "height"
9.924745000433177	EXP	text_stim: ori = 0
9.924745000433177	EXP	text_stim: opacity = 1
9.924745000433177	EXP	text_stim: pos = [0,0]
9.924745000433177	EXP	text_stim: size = undefined
9.924745000433177	EXP	text_stim: text = "default text"
9.924745000433177	EXP	text_stim: font = "Arial"
9.924745000433177	EXP	text_stim: color = {"_hex":"#FFFFFF","_rgb":[1,1,1]}
9.924745000433177	EXP	text_stim: contrast = 1
9.924745000433177	EXP	text_stim: height = 0.05
9.924745000433177	EXP	text_stim: bold = false
9.924745000433177	EXP	text_stim: italic = false
9.924745000433177	EXP	text_stim: alignHoriz = "left"
9.924745000433177	EXP	text_stim: alignVert = "center"
9.924745000433177	EXP	text_stim: wrapWidth = 1
9.924745000433177	EXP	text_stim: flipHoriz = false
9.924745000433177	EXP	text_stim: flipVert = false
9.924745000433177	EXP	button_left: units = "height"
9.924745000433177	EXP	button_left: ori = 0
9.924745000433177	EXP	button_left: opacity = 1
9.924745000433177	EXP	button_left: pos = [-0.4,-0.3]
9.924745000433177	EXP	button_left: size = [1,1]
9.924745000433177	EXP	button_left: lineWidth = 1
9.924745000433177	EXP	button_left: lineColor = {"_hex":"#006400","_rgb":[0,0.39215686274509803,0]}
9.924745000433177	EXP	button_left: fillColor = {"_hex":"#90EE90","_rgb":[0.5647058823529412,0.9333333333333333,0.5647058823529412]}
9.924745000433177	EXP	button_left: vertices = [[-0.5,0],[0,0.5],[0.5,0]]
9.924745000433177	EXP	button_left: closeShape = true
9.924745000433177	EXP	button_left: contrast = 1
9.924745000433177	EXP	button_left: depth = -6
9.924745000433177	EXP	button_left: interpolate = true
9.924745000433177	EXP	button_left: width = 0.4
9.924745000433177	EXP	button_left: vertices = [[-0.2,null],[0.2,null],[0.2,null],[-0.2,null]]
9.924745000433177	EXP	button_left: height = 0.2
9.924745000433177	EXP	button_left: vertices = [[-0.2,-0.1],[0.2,-0.1],[0.2,0.1],[-0.2,0.1]]
9.924745000433177	EXP	button_left: vertices = [[-0.2,-0.1],[0.2,-0.1],[0.2,0.1],[-0.2,0.1]]
9.924745000433177	EXP	trial_label_left: units = "height"
9.924745000433177	EXP	trial_label_left: ori = 0
9.924745000433177	EXP	trial_label_left: opacity = 1
9.924745000433177	EXP	trial_label_left: pos = [-0.4,-0.3]
9.924745000433177	EXP	trial_label_left: size = undefined
9.924745000433177	EXP	trial_label_left: text = "default text"
9.924745000433177	EXP	trial_label_left: font = "Arial"
9.924745000433177	EXP	trial_label_left: color = {"_hex":"#006400","_rgb":[0,0.39215686274509803,0]}
9.924745000433177	EXP	trial_label_left: contrast = 1
9.924745000433177	EXP	trial_label_left: height = 0.05
9.924745000433177	EXP	trial_label_left: bold = false
9.924745000433177	EXP	trial_label_left: italic = false
9.924745000433177	EXP	trial_label_left: alignHoriz = "left"
9.924745000433177	EXP	trial_label_left: alignVert = "center"
9.924745000433177	EXP	trial_label_left: wrapWidth = 1
9.924745000433177	EXP	trial_label_left: flipHoriz = false
9.924745000433177	EXP	trial_label_left: flipVert = false
9.924745000433177	EXP	button_right: units = "height"
9.924745000433177	EXP	button_right: ori = 0
9.924745000433177	EXP	button_right: opacity = 1
9.924745000433177	EXP	button_right: pos = [0.4,-0.3]
9.924745000433177	EXP	button_right: size = [1,1]
9.924745000433177	EXP	button_right: lineWidth = 1
9.924745000433177	EXP	button_right: lineColor = {"_hex":"#006400","_rgb":[0,0.39215686274509803,0]}
9.924745000433177	EXP	button_right: fillColor = {"_hex":"#90EE90","_rgb":[0.5647058823529412,0.9333333333333333,0.5647058823529412]}
9.924745000433177	EXP	button_right: vertices = [[-0.5,0],[0,0.5],[0.5,0]]
9.924745000433177	EXP	button_right: closeShape = true
9.924745000433177	EXP	button_right: contrast = 1
9.924745000433177	EXP	button_right: depth = -8
9.924745000433177	EXP	button_right: interpolate = true
9.924745000433177	EXP	button_right: width = 0.4
9.924745000433177	EXP	button_right: vertices = [[-0.2,null],[0.2,null],[0.2,null],[-0.2,null]]
9.924745000433177	EXP	button_right: height = 0.2
9.924745000433177	EXP	button_right: vertices = [[-0.2,-0.1],[0.2,-0.1],[0.2,0.1],[-0.2,0.1]]
9.924745000433177	EXP	button_right: vertices = [[-0.2,-0.1],[0.2,-0.1],[0.2,0.1],[-0.2,0.1]]
9.924745000433177	EXP	trial_label_right: units = "height"
9.924745000433177	EXP	trial_label_right: ori = 0
9.924745000433177	EXP	trial_label_right: opacity = 1
9.924745000433177	EXP	trial_label_right: pos = [0.4,-0.3]
9.924745000433177	EXP	trial_label_right: size = undefined
9.924745000433177	EXP	trial_label_right: text = "default text"
9.924745000433177	EXP	trial_label_right: font = "Arial"
9.924745000433177	EXP	trial_label_right: color = {"_hex":"#006400","_rgb":[0,0.39215686274509803,0]}
9.924745000433177	EXP	trial_label_right: contrast = 1
9.924745000433177	EXP	trial_label_right: height = 0.05
9.924745000433177	EXP	trial_label_right: bold = false
9.924745000433177	EXP	trial_label_right: italic = false
9.924745000433177	EXP	trial_label_right: alignHoriz = "left"
9.924745000433177	EXP	trial_label_right: alignVert = "center"
9.924745000433177	EXP	trial_label_right: wrapWidth = 1
9.924745000433177	EXP	trial_label_right: flipHoriz = false
9.924745000433177	EXP	trial_label_right: flipVert = false
9.924745000433177	EXP	feedback_msg: units = "height"
9.924745000433177	EXP	feedback_msg: ori = 0
9.924745000433177	EXP	feedback_msg: opacity = 1
9.924745000433177	EXP	feedback_msg: pos = [0,0]
9.924745000433177	EXP	feedback_msg: size = undefined
9.924745000433177	EXP	feedback_msg: text = "default text"
9.924745000433177	EXP	feedback_msg: font = "Arial"
9.924745000433177	EXP	feedback_msg: color = {"_hex":"#FFFFFF","_rgb":[1,1,1]}
9.924745000433177	EXP	feedback_msg: contrast = 1
9.924745000433177	EXP	feedback_msg: height = 0.1
9.924745000433177	EXP	feedback_msg: bold = false
9.924745000433177	EXP	feedback_msg: italic = false
9.924745000433177	EXP	feedback_msg: alignHoriz = "left"
9.924745000433177	EXP	feedback_msg: alignVert = "center"
9.924745000433177	EXP	feedback_msg: wrapWidth = 1
9.924745000433177	EXP	feedback_msg: flipHoriz = false
9.924745000433177	EXP	feedback_msg: flipVert = false
9.924745000433177	EXP	thanks_text: units = "height"
9.924745000433177	EXP	thanks_text: ori = 0
9.924745000433177	EXP	thanks_text: opacity = 1
9.924745000433177	EXP	thanks_text: pos = [0,0]
9.924745000433177	EXP	thanks_text: size = undefined
9.924745000433177	EXP	thanks_text: text = "The End. \n \nThank you for your participation."
9.924745000433177	EXP	thanks_text: font = "Arial"
9.924745000433177	EXP	thanks_text: color = {"_hex":"#FFFFFF","_rgb":[1,1,1]}
9.924745000433177	EXP	thanks_text: contrast = 1
9.924745000433177	EXP	thanks_text: height = 0.1
9.924745000433177	EXP	thanks_text: bold = false
9.924745000433177	EXP	thanks_text: italic = false
9.924745000433177	EXP	thanks_text: alignHoriz = "left"
9.924745000433177	EXP	thanks_text: alignVert = "center"
9.924745000433177	EXP	thanks_text: wrapWidth = 1
9.924745000433177	EXP	thanks_text: flipHoriz = false
9.924745000433177	EXP	thanks_text: flipVert = false
9.924745000433177	EXP	instructs_text: text = "You will be presented with words or images to classify into categories using either the 'A' or 'L' key. \r\n \r\nTry to go as fast as possible while making as few mistakes as possible. \r\n"
9.924745000433177	EXP	instructs_text: autoDraw = true
9.924745000433177	EXP	instr_done_button: autoDraw = true
9.924745000433177	EXP	instr_done_label: autoDraw = true
13.773925000336021	DATA	Keydown: a
15.047865000087768	DATA	Mouse: 0 button down, pos=(993,964)
15.056385000236332	EXP	instructs_text: autoDraw = false
15.056385000236332	EXP	instr_done_button: autoDraw = false
15.056385000236332	EXP	instr_done_label: autoDraw = false
15.056385000236332	EXP	instructs_text: text = "Keep in mind: \r\n \r\n1) Labels at the top of the screen indicate which catogory goes with which key. \r\n \r\n2) Each word or image has a correct catogory classification \r\n \r\n3) Keep your index fingers on the A and L keys to enable a rapid response. \r\n \r\n4) The test gives no results if you go slow- please try to go as fast as possible \r\n"
15.056385000236332	EXP	instructs_text: autoDraw = true
15.056385000236332	EXP	instr_done_button: autoDraw = true
15.056385000236332	EXP	instr_done_label: autoDraw = true
15.112005000002682	DATA	Mouse: 0 button down, pos=(993,964)
21.79804000025615	DATA	Keydown:  
21.818560000043362	EXP	instructs_text: autoDraw = false
21.818560000043362	EXP	instr_done_button: autoDraw = false
21.818560000043362	EXP	instr_done_label: autoDraw = false
21.818560000043362	EXP	ready_label_L: text = "A = \r\nPositive"
21.818560000043362	EXP	ready_label_R: text = "L = \r\nNegative"
21.818560000043362	EXP	main_ready_msg: autoDraw = true
21.818560000043362	EXP	button_L: autoDraw = true
21.818560000043362	EXP	ready_label_L: autoDraw = true
21.818560000043362	EXP	button_R: autoDraw = true
21.818560000043362	EXP	ready_label_R: autoDraw = true
23.580970000009984	DATA	Keydown:  
23.600680000148714	EXP	main_ready_msg: autoDraw = false
23.600680000148714	EXP	button_L: autoDraw = false
23.600680000148714	EXP	ready_label_L: autoDraw = false
23.600680000148714	EXP	button_R: autoDraw = false
23.600680000148714	EXP	ready_label_R: autoDraw = false
23.600680000148714	EXP	image_stim: image = {}
23.600680000148714	EXP	text_stim: text = "Good"
23.600680000148714	EXP	trial_label_left: text = "A = \r\nPositive"
23.600680000148714	EXP	trial_label_right: text = "L = \r\nNegative"
23.600680000148714	EXP	fixation: autoDraw = true
24.08657500008121	EXP	fixation: autoDraw = false
24.10736500006169	EXP	image_stim: autoDraw = true
24.10736500006169	EXP	text_stim: autoDraw = true
24.10736500006169	EXP	button_left: autoDraw = true
24.10736500006169	EXP	trial_label_left: autoDraw = true
24.10736500006169	EXP	button_right: autoDraw = true
24.10736500006169	EXP	trial_label_right: autoDraw = true
24.854900000151247	DATA	Keydown: a
24.856445000041276	EXP	fixation: autoDraw = false
24.856445000041276	EXP	image_stim: autoDraw = false
24.856445000041276	EXP	text_stim: autoDraw = false
24.856445000041276	EXP	button_left: autoDraw = false
24.856445000041276	EXP	trial_label_left: autoDraw = false
24.856445000041276	EXP	button_right: autoDraw = false
24.856445000041276	EXP	trial_label_right: autoDraw = false
24.856445000041276	EXP	feedback_msg: text = "+"
24.856445000041276	EXP	feedback_msg: autoDraw = true
25.85217500012368	EXP	feedback_msg: autoDraw = false
25.85217500012368	EXP	feedback_msg: autoDraw = false
25.85217500012368	EXP	image_stim: image = {}
25.85217500012368	EXP	text_stim: text = "Bad"
25.85217500012368	EXP	trial_label_left: text = "A = \r\nPositive"
25.85217500012368	EXP	trial_label_right: text = "L = \r\nNegative"
25.85217500012368	EXP	fixation: autoDraw = true
26.34011000022292	EXP	fixation: autoDraw = false
26.35755000030622	EXP	image_stim: autoDraw = true
26.35755000030622	EXP	text_stim: autoDraw = true
26.35755000030622	EXP	button_left: autoDraw = true
26.35755000030622	EXP	trial_label_left: autoDraw = true
26.35755000030622	EXP	button_right: autoDraw = true
26.35755000030622	EXP	trial_label_right: autoDraw = true
27.26695500034839	DATA	Keydown: l
27.268050000071526	EXP	fixation: autoDraw = false
27.268050000071526	EXP	image_stim: autoDraw = false
27.268050000071526	EXP	text_stim: autoDraw = false
27.268050000071526	EXP	button_left: autoDraw = false
27.268050000071526	EXP	trial_label_left: autoDraw = false
27.268050000071526	EXP	button_right: autoDraw = false
27.268050000071526	EXP	trial_label_right: autoDraw = false
27.268050000071526	EXP	feedback_msg: text = "+"
27.268050000071526	EXP	feedback_msg: autoDraw = true
28.26321000000462	EXP	feedback_msg: autoDraw = false
28.26321000000462	EXP	feedback_msg: autoDraw = false
28.26321000000462	EXP	image_stim: image = {}
28.26321000000462	EXP	text_stim: text = "Agony"
28.26321000000462	EXP	trial_label_left: text = "A = \r\nPositive"
28.26321000000462	EXP	trial_label_right: text = "L = \r\nNegative"
28.26321000000462	EXP	fixation: autoDraw = true
28.750855000223964	EXP	fixation: autoDraw = false
28.76791000040248	EXP	image_stim: autoDraw = true
28.76791000040248	EXP	text_stim: autoDraw = true
28.76791000040248	EXP	button_left: autoDraw = true
28.76791000040248	EXP	trial_label_left: autoDraw = true
28.76791000040248	EXP	button_right: autoDraw = true
28.76791000040248	EXP	trial_label_right: autoDraw = true
29.89657000033185	DATA	Keydown: l
29.897790000308305	EXP	fixation: autoDraw = false
29.897790000308305	EXP	image_stim: autoDraw = false
29.897790000308305	EXP	text_stim: autoDraw = false
29.897790000308305	EXP	button_left: autoDraw = false
29.897790000308305	EXP	trial_label_left: autoDraw = false
29.897790000308305	EXP	button_right: autoDraw = false
29.897790000308305	EXP	trial_label_right: autoDraw = false
29.897790000308305	EXP	feedback_msg: text = "+"
29.897790000308305	EXP	feedback_msg: autoDraw = true
30.89060500031337	EXP	feedback_msg: autoDraw = false
30.89060500031337	EXP	feedback_msg: autoDraw = false
30.89060500031337	EXP	image_stim: image = {}
30.89060500031337	EXP	text_stim: text = "Happy"
30.89060500031337	EXP	trial_label_left: text = "A = \r\nPositive"
30.89060500031337	EXP	trial_label_right: text = "L = \r\nNegative"
30.89060500031337	EXP	fixation: autoDraw = true
31.381995000410825	EXP	fixation: autoDraw = false
31.39945000037551	EXP	image_stim: autoDraw = true
31.39945000037551	EXP	text_stim: autoDraw = true
31.39945000037551	EXP	button_left: autoDraw = true
31.39945000037551	EXP	trial_label_left: autoDraw = true
31.39945000037551	EXP	button_right: autoDraw = true
31.39945000037551	EXP	trial_label_right: autoDraw = true
31.961945000104606	DATA	Keydown: a
31.96280000032857	EXP	fixation: autoDraw = false
31.96280000032857	EXP	image_stim: autoDraw = false
31.96280000032857	EXP	text_stim: autoDraw = false
31.96280000032857	EXP	button_left: autoDraw = false
31.96280000032857	EXP	trial_label_left: autoDraw = false
31.96280000032857	EXP	button_right: autoDraw = false
31.96280000032857	EXP	trial_label_right: autoDraw = false
31.96280000032857	EXP	feedback_msg: text = "+"
31.96280000032857	EXP	feedback_msg: autoDraw = true
32.951695000287145	EXP	feedback_msg: autoDraw = false
32.951695000287145	EXP	feedback_msg: autoDraw = false
32.951695000287145	EXP	image_stim: image = {}
32.951695000287145	EXP	text_stim: text = "Joy"
32.951695000287145	EXP	trial_label_left: text = "A = \r\nPositive"
32.951695000287145	EXP	trial_label_right: text = "L = \r\nNegative"
32.951695000287145	EXP	fixation: autoDraw = true
33.439965000376105	EXP	fixation: autoDraw = false
33.45688500022516	EXP	image_stim: autoDraw = true
33.45688500022516	EXP	text_stim: autoDraw = true
33.45688500022516	EXP	button_left: autoDraw = true
33.45688500022516	EXP	trial_label_left: autoDraw = true
33.45688500022516	EXP	button_right: autoDraw = true
33.45688500022516	EXP	trial_label_right: autoDraw = true
34.314185000024736	DATA	Keydown: a
34.31509500043467	EXP	fixation: autoDraw = false
34.31509500043467	EXP	image_stim: autoDraw = false
34.31509500043467	EXP	text_stim: autoDraw = false
34.31509500043467	EXP	button_left: autoDraw = false
34.31509500043467	EXP	trial_label_left: autoDraw = false
34.31509500043467	EXP	button_right: autoDraw = false
34.31509500043467	EXP	trial_label_right: autoDraw = false
34.31509500043467	EXP	feedback_msg: text = "+"
34.31509500043467	EXP	feedback_msg: autoDraw = true
35.30595000041649	EXP	feedback_msg: autoDraw = false
35.30595000041649	EXP	feedback_msg: autoDraw = false
35.30595000041649	EXP	image_stim: image = {}
35.30595000041649	EXP	text_stim: text = "Hurt"
35.30595000041649	EXP	trial_label_left: text = "A = \r\nPositive"
35.30595000041649	EXP	trial_label_right: text = "L = \r\nNegative"
35.30595000041649	EXP	fixation: autoDraw = true
35.793814999982715	EXP	fixation: autoDraw = false
35.81030000001192	EXP	image_stim: autoDraw = true
35.81030000001192	EXP	text_stim: autoDraw = true
35.81030000001192	EXP	button_left: autoDraw = true
35.81030000001192	EXP	trial_label_left: autoDraw = true
35.81030000001192	EXP	button_right: autoDraw = true
35.81030000001192	EXP	trial_label_right: autoDraw = true
36.824895000085235	DATA	Keydown: l
36.82686999998987	EXP	fixation: autoDraw = false
36.82686999998987	EXP	image_stim: autoDraw = false
36.82686999998987	EXP	text_stim: autoDraw = false
36.82686999998987	EXP	button_left: autoDraw = false
36.82686999998987	EXP	trial_label_left: autoDraw = false
36.82686999998987	EXP	button_right: autoDraw = false
36.82686999998987	EXP	trial_label_right: autoDraw = false
36.82686999998987	EXP	feedback_msg: text = "+"
36.82686999998987	EXP	feedback_msg: autoDraw = true
37.82143500028178	EXP	feedback_msg: autoDraw = false
37.82143500028178	EXP	feedback_msg: autoDraw = false
37.82143500028178	EXP	image_stim: image = {}
37.82143500028178	EXP	text_stim: text = "Love"
37.82143500028178	EXP	trial_label_left: text = "A = \r\nPositive"
37.82143500028178	EXP	trial_label_right: text = "L = \r\nNegative"
37.82143500028178	EXP	fixation: autoDraw = true
38.313525000121444	EXP	fixation: autoDraw = false
38.33097500028089	EXP	image_stim: autoDraw = true
38.33097500028089	EXP	text_stim: autoDraw = true
38.33097500028089	EXP	button_left: autoDraw = true
38.33097500028089	EXP	trial_label_left: autoDraw = true
38.33097500028089	EXP	button_right: autoDraw = true
38.33097500028089	EXP	trial_label_right: autoDraw = true
38.66825500037521	DATA	Keydown: Escape
