0.061785000027157366	EXP	Created Window = Window( name=Window, fullscr=true, color=#000000, units=height, waitBlanking=true, autoLog=true, size=[1536,792] )
4.719795000040904	DATA	Keydown: l
4.895785000000615	DATA	Keydown: m
6.346469999989495	EXP	Created instructs_text = TextStim( name=instructs_text, win=Window( name=Window, fullscr=true, color=#000000, ~), autoDraw=null, autoLog=true, units=height, ori=null, opacity=1, pos=[0,0], size=undefined, text=default text, font=Arial, color=#FFFFFF, contrast=1, height=0.03, bold=null, italic=null, alignHoriz=left, alignVert=center, wrapWidth=1, flipHoriz=null, flipVert=null )
6.3492800000240095	EXP	Created instr_done_button = Rect( name=instr_done_button, win=Window( name=Window, fullscr=true, color=#000000, ~), autoDraw=null, autoLog=true, units=height, ori=null, opacity=1, pos=[0,-0.4], size=[1,1], lineWidth=1, lineColor=#006400, fillColor=#90EE90, vertices=[[-0.2,-0.05],[0.2,-0.05],[0.2,0.05],[-0.2,0.05]], closeShape=true, contrast=1, depth=-3, interpolate=true, width=0.4, height=0.1 )
6.349685000022873	EXP	Created instr_done_label = TextStim( name=instr_done_label, win=Window( name=Window, fullscr=true, color=#000000, ~), autoDraw=null, autoLog=true, units=height, ori=null, opacity=1, pos=[0,-0.4], size=undefined, text=Next..., font=Arial, color=#006400, contrast=1, height=0.05, bold=null, italic=null, alignHoriz=left, alignVert=center, wrapWidth=1, flipHoriz=null, flipVert=null )
6.350210000004154	EXP	Created main_ready_msg = TextStim( name=main_ready_msg, win=Window( name=Window, fullscr=true, color=#000000, ~), autoDraw=null, autoLog=true, units=height, ori=null, opacity=1, pos=[0,0], size=undefined, text=Take note of the categories below
 
Position your ~, font=Arial, color=#FFFFFF, contrast=1, height=0.03, bold=null, italic=null, alignHoriz=left, alignVert=center, wrapWidth=1, flipHoriz=null, flipVert=null )
6.351400000043213	EXP	Created button_L = Rect( name=button_L, win=Window( name=Window, fullscr=true, color=#000000, ~), autoDraw=null, autoLog=true, units=height, ori=null, opacity=1, pos=[-0.4,-0.3], size=[1,1], lineWidth=1, lineColor=#006400, fillColor=#90EE90, vertices=[[-0.2,-0.1],[0.2,-0.1],[0.2,0.1],[-0.2,0.1]], closeShape=true, contrast=1, depth=-1, interpolate=true, width=0.4, height=0.2 )
6.351774999988265	EXP	Created ready_label_L = TextStim( name=ready_label_L, win=Window( name=Window, fullscr=true, color=#000000, ~), autoDraw=null, autoLog=true, units=height, ori=null, opacity=1, pos=[-0.4,-0.3], size=undefined, text=default text, font=Arial, color=#006400, contrast=1, height=0.05, bold=null, italic=null, alignHoriz=left, alignVert=center, wrapWidth=1, flipHoriz=null, flipVert=null )
6.352950000029523	EXP	Created button_R = Rect( name=button_R, win=Window( name=Window, fullscr=true, color=#000000, ~), autoDraw=null, autoLog=true, units=height, ori=null, opacity=1, pos=[0.4,-0.3], size=[1,1], lineWidth=1, lineColor=#006400, fillColor=#90EE90, vertices=[[-0.2,-0.1],[0.2,-0.1],[0.2,0.1],[-0.2,0.1]], closeShape=true, contrast=1, depth=-3, interpolate=true, width=0.4, height=0.2 )
6.353364999988116	EXP	Created ready_label_R = TextStim( name=ready_label_R, win=Window( name=Window, fullscr=true, color=#000000, ~), autoDraw=null, autoLog=true, units=height, ori=null, opacity=1, pos=[0.4,-0.3], size=undefined, text=default text, font=Arial, color=#006400, contrast=1, height=0.05, bold=null, italic=null, alignHoriz=left, alignVert=center, wrapWidth=1, flipHoriz=null, flipVert=null )
6.354095000016969	EXP	Created fixation = TextStim( name=fixation, win=Window( name=Window, fullscr=true, color=#000000, ~), autoDraw=null, autoLog=true, units=height, ori=null, opacity=1, pos=[0,0], size=undefined, text=+, font=Arial, color=#FFFFFF, contrast=1, height=0.1, bold=null, italic=null, alignHoriz=left, alignVert=center, wrapWidth=1, flipHoriz=null, flipVert=null )
6.358155000023544	EXP	Created image_stim = ImageStim( name=image_stim, win=Window( name=Window, fullscr=true, color=#000000, ~), autoDraw=null, autoLog=true, units=height, ori=null, opacity=1, pos=[0,0], size=[0.5,0.5], image=undefined, mask=undefined, color=#ffffff, contrast=1, texRes=128, interpolate=true, depth=-1, flipHoriz=null, flipVert=null )
6.359705000009853	EXP	Created text_stim = TextStim( name=text_stim, win=Window( name=Window, fullscr=true, color=#000000, ~), autoDraw=null, autoLog=true, units=height, ori=null, opacity=1, pos=[0,0], size=undefined, text=default text, font=Arial, color=#FFFFFF, contrast=1, height=0.05, bold=null, italic=null, alignHoriz=left, alignVert=center, wrapWidth=1, flipHoriz=null, flipVert=null )
6.362895000027493	EXP	Created button_left = Rect( name=button_left, win=Window( name=Window, fullscr=true, color=#000000, ~), autoDraw=null, autoLog=true, units=height, ori=null, opacity=1, pos=[-0.4,-0.3], size=[1,1], lineWidth=1, lineColor=#006400, fillColor=#90EE90, vertices=[[-0.2,-0.1],[0.2,-0.1],[0.2,0.1],[-0.2,0.1]], closeShape=true, contrast=1, depth=-6, interpolate=true, width=0.4, height=0.2 )
6.363375000015367	EXP	Created trial_label_left = TextStim( name=trial_label_left, win=Window( name=Window, fullscr=true, color=#000000, ~), autoDraw=null, autoLog=true, units=height, ori=null, opacity=1, pos=[-0.4,-0.3], size=undefined, text=default text, font=Arial, color=#006400, contrast=1, height=0.05, bold=null, italic=null, alignHoriz=left, alignVert=center, wrapWidth=1, flipHoriz=null, flipVert=null )
6.364835000014864	EXP	Created button_right = Rect( name=button_right, win=Window( name=Window, fullscr=true, color=#000000, ~), autoDraw=null, autoLog=true, units=height, ori=null, opacity=1, pos=[0.4,-0.3], size=[1,1], lineWidth=1, lineColor=#006400, fillColor=#90EE90, vertices=[[-0.2,-0.1],[0.2,-0.1],[0.2,0.1],[-0.2,0.1]], closeShape=true, contrast=1, depth=-8, interpolate=true, width=0.4, height=0.2 )
6.365240000013728	EXP	Created trial_label_right = TextStim( name=trial_label_right, win=Window( name=Window, fullscr=true, color=#000000, ~), autoDraw=null, autoLog=true, units=height, ori=null, opacity=1, pos=[0.4,-0.3], size=undefined, text=default text, font=Arial, color=#006400, contrast=1, height=0.05, bold=null, italic=null, alignHoriz=left, alignVert=center, wrapWidth=1, flipHoriz=null, flipVert=null )
6.365575000003446	EXP	Created feedback_msg = TextStim( name=feedback_msg, win=Window( name=Window, fullscr=true, color=#000000, ~), autoDraw=null, autoLog=true, units=height, ori=null, opacity=1, pos=[0,0], size=undefined, text=default text, font=Arial, color=#FFFFFF, contrast=1, height=0.1, bold=null, italic=null, alignHoriz=left, alignVert=center, wrapWidth=1, flipHoriz=null, flipVert=null )
6.365885000035632	EXP	Created thanks_text = TextStim( name=thanks_text, win=Window( name=Window, fullscr=true, color=#000000, ~), autoDraw=null, autoLog=true, units=height, ori=null, opacity=1, pos=[0,0], size=undefined, text=The End. 
 
Thank you for your participation., font=Arial, color=#FFFFFF, contrast=1, height=0.1, bold=null, italic=null, alignHoriz=left, alignVert=center, wrapWidth=1, flipHoriz=null, flipVert=null )
6.440709999995306	EXP	instructs_text: units = "height"
6.440709999995306	EXP	instructs_text: ori = 0
6.440709999995306	EXP	instructs_text: opacity = 1
6.440709999995306	EXP	instructs_text: pos = [0,0]
6.440709999995306	EXP	instructs_text: size = undefined
6.440709999995306	EXP	instructs_text: text = "default text"
6.440709999995306	EXP	instructs_text: font = "Arial"
6.440709999995306	EXP	instructs_text: color = {"_hex":"#FFFFFF","_rgb":[1,1,1]}
6.440709999995306	EXP	instructs_text: contrast = 1
6.440709999995306	EXP	instructs_text: height = 0.03
6.440709999995306	EXP	instructs_text: bold = false
6.440709999995306	EXP	instructs_text: italic = false
6.440709999995306	EXP	instructs_text: alignHoriz = "left"
6.440709999995306	EXP	instructs_text: alignVert = "center"
6.440709999995306	EXP	instructs_text: wrapWidth = 1
6.440709999995306	EXP	instructs_text: flipHoriz = false
6.440709999995306	EXP	instructs_text: flipVert = false
6.440709999995306	EXP	instr_done_button: units = "height"
6.440709999995306	EXP	instr_done_button: ori = 0
6.440709999995306	EXP	instr_done_button: opacity = 1
6.440709999995306	EXP	instr_done_button: pos = [0,-0.4]
6.440709999995306	EXP	instr_done_button: size = [1,1]
6.440709999995306	EXP	instr_done_button: lineWidth = 1
6.440709999995306	EXP	instr_done_button: lineColor = {"_hex":"#006400","_rgb":[0,0.39215686274509803,0]}
6.440709999995306	EXP	instr_done_button: fillColor = {"_hex":"#90EE90","_rgb":[0.5647058823529412,0.9333333333333333,0.5647058823529412]}
6.440709999995306	EXP	instr_done_button: vertices = [[-0.5,0],[0,0.5],[0.5,0]]
6.440709999995306	EXP	instr_done_button: closeShape = true
6.440709999995306	EXP	instr_done_button: contrast = 1
6.440709999995306	EXP	instr_done_button: depth = -3
6.440709999995306	EXP	instr_done_button: interpolate = true
6.440709999995306	EXP	instr_done_button: width = 0.4
6.440709999995306	EXP	instr_done_button: vertices = [[-0.2,null],[0.2,null],[0.2,null],[-0.2,null]]
6.440709999995306	EXP	instr_done_button: height = 0.1
6.440709999995306	EXP	instr_done_button: vertices = [[-0.2,-0.05],[0.2,-0.05],[0.2,0.05],[-0.2,0.05]]
6.440709999995306	EXP	instr_done_button: vertices = [[-0.2,-0.05],[0.2,-0.05],[0.2,0.05],[-0.2,0.05]]
6.440709999995306	EXP	instr_done_label: units = "height"
6.440709999995306	EXP	instr_done_label: ori = 0
6.440709999995306	EXP	instr_done_label: opacity = 1
6.440709999995306	EXP	instr_done_label: pos = [0,-0.4]
6.440709999995306	EXP	instr_done_label: size = undefined
6.440709999995306	EXP	instr_done_label: text = "Next..."
6.440709999995306	EXP	instr_done_label: font = "Arial"
6.440709999995306	EXP	instr_done_label: color = {"_hex":"#006400","_rgb":[0,0.39215686274509803,0]}
6.440709999995306	EXP	instr_done_label: contrast = 1
6.440709999995306	EXP	instr_done_label: height = 0.05
6.440709999995306	EXP	instr_done_label: bold = false
6.440709999995306	EXP	instr_done_label: italic = false
6.440709999995306	EXP	instr_done_label: alignHoriz = "left"
6.440709999995306	EXP	instr_done_label: alignVert = "center"
6.440709999995306	EXP	instr_done_label: wrapWidth = 1
6.440709999995306	EXP	instr_done_label: flipHoriz = false
6.440709999995306	EXP	instr_done_label: flipVert = false
6.440709999995306	EXP	main_ready_msg: units = "height"
6.440709999995306	EXP	main_ready_msg: ori = 0
6.440709999995306	EXP	main_ready_msg: opacity = 1
6.440709999995306	EXP	main_ready_msg: pos = [0,0]
6.440709999995306	EXP	main_ready_msg: size = undefined
6.440709999995306	EXP	main_ready_msg: text = "Take note of the categories below\n \nPosition your index fingers \n \nPress the space bar (or one of the green buttons) to begin"
6.440709999995306	EXP	main_ready_msg: font = "Arial"
6.440709999995306	EXP	main_ready_msg: color = {"_hex":"#FFFFFF","_rgb":[1,1,1]}
6.440709999995306	EXP	main_ready_msg: contrast = 1
6.440709999995306	EXP	main_ready_msg: height = 0.03
6.440709999995306	EXP	main_ready_msg: bold = false
6.440709999995306	EXP	main_ready_msg: italic = false
6.440709999995306	EXP	main_ready_msg: alignHoriz = "left"
6.440709999995306	EXP	main_ready_msg: alignVert = "center"
6.440709999995306	EXP	main_ready_msg: wrapWidth = 1
6.440709999995306	EXP	main_ready_msg: flipHoriz = false
6.440709999995306	EXP	main_ready_msg: flipVert = false
6.440709999995306	EXP	button_L: units = "height"
6.440709999995306	EXP	button_L: ori = 0
6.440709999995306	EXP	button_L: opacity = 1
6.440709999995306	EXP	button_L: pos = [-0.4,-0.3]
6.440709999995306	EXP	button_L: size = [1,1]
6.440709999995306	EXP	button_L: lineWidth = 1
6.440709999995306	EXP	button_L: lineColor = {"_hex":"#006400","_rgb":[0,0.39215686274509803,0]}
6.440709999995306	EXP	button_L: fillColor = {"_hex":"#90EE90","_rgb":[0.5647058823529412,0.9333333333333333,0.5647058823529412]}
6.440709999995306	EXP	button_L: vertices = [[-0.5,0],[0,0.5],[0.5,0]]
6.440709999995306	EXP	button_L: closeShape = true
6.440709999995306	EXP	button_L: contrast = 1
6.440709999995306	EXP	button_L: depth = -1
6.440709999995306	EXP	button_L: interpolate = true
6.440709999995306	EXP	button_L: width = 0.4
6.440709999995306	EXP	button_L: vertices = [[-0.2,null],[0.2,null],[0.2,null],[-0.2,null]]
6.440709999995306	EXP	button_L: height = 0.2
6.440709999995306	EXP	button_L: vertices = [[-0.2,-0.1],[0.2,-0.1],[0.2,0.1],[-0.2,0.1]]
6.440709999995306	EXP	button_L: vertices = [[-0.2,-0.1],[0.2,-0.1],[0.2,0.1],[-0.2,0.1]]
6.440709999995306	EXP	ready_label_L: units = "height"
6.440709999995306	EXP	ready_label_L: ori = 0
6.440709999995306	EXP	ready_label_L: opacity = 1
6.440709999995306	EXP	ready_label_L: pos = [-0.4,-0.3]
6.440709999995306	EXP	ready_label_L: size = undefined
6.440709999995306	EXP	ready_label_L: text = "default text"
6.440709999995306	EXP	ready_label_L: font = "Arial"
6.440709999995306	EXP	ready_label_L: color = {"_hex":"#006400","_rgb":[0,0.39215686274509803,0]}
6.440709999995306	EXP	ready_label_L: contrast = 1
6.440709999995306	EXP	ready_label_L: height = 0.05
6.440709999995306	EXP	ready_label_L: bold = false
6.440709999995306	EXP	ready_label_L: italic = false
6.440709999995306	EXP	ready_label_L: alignHoriz = "left"
6.440709999995306	EXP	ready_label_L: alignVert = "center"
6.440709999995306	EXP	ready_label_L: wrapWidth = 1
6.440709999995306	EXP	ready_label_L: flipHoriz = false
6.440709999995306	EXP	ready_label_L: flipVert = false
6.440709999995306	EXP	button_R: units = "height"
6.440709999995306	EXP	button_R: ori = 0
6.440709999995306	EXP	button_R: opacity = 1
6.440709999995306	EXP	button_R: pos = [0.4,-0.3]
6.440709999995306	EXP	button_R: size = [1,1]
6.440709999995306	EXP	button_R: lineWidth = 1
6.440709999995306	EXP	button_R: lineColor = {"_hex":"#006400","_rgb":[0,0.39215686274509803,0]}
6.440709999995306	EXP	button_R: fillColor = {"_hex":"#90EE90","_rgb":[0.5647058823529412,0.9333333333333333,0.5647058823529412]}
6.440709999995306	EXP	button_R: vertices = [[-0.5,0],[0,0.5],[0.5,0]]
6.440709999995306	EXP	button_R: closeShape = true
6.440709999995306	EXP	button_R: contrast = 1
6.440709999995306	EXP	button_R: depth = -3
6.440709999995306	EXP	button_R: interpolate = true
6.440709999995306	EXP	button_R: width = 0.4
6.440709999995306	EXP	button_R: vertices = [[-0.2,null],[0.2,null],[0.2,null],[-0.2,null]]
6.440709999995306	EXP	button_R: height = 0.2
6.440709999995306	EXP	button_R: vertices = [[-0.2,-0.1],[0.2,-0.1],[0.2,0.1],[-0.2,0.1]]
6.440709999995306	EXP	button_R: vertices = [[-0.2,-0.1],[0.2,-0.1],[0.2,0.1],[-0.2,0.1]]
6.440709999995306	EXP	ready_label_R: units = "height"
6.440709999995306	EXP	ready_label_R: ori = 0
6.440709999995306	EXP	ready_label_R: opacity = 1
6.440709999995306	EXP	ready_label_R: pos = [0.4,-0.3]
6.440709999995306	EXP	ready_label_R: size = undefined
6.440709999995306	EXP	ready_label_R: text = "default text"
6.440709999995306	EXP	ready_label_R: font = "Arial"
6.440709999995306	EXP	ready_label_R: color = {"_hex":"#006400","_rgb":[0,0.39215686274509803,0]}
6.440709999995306	EXP	ready_label_R: contrast = 1
6.440709999995306	EXP	ready_label_R: height = 0.05
6.440709999995306	EXP	ready_label_R: bold = false
6.440709999995306	EXP	ready_label_R: italic = false
6.440709999995306	EXP	ready_label_R: alignHoriz = "left"
6.440709999995306	EXP	ready_label_R: alignVert = "center"
6.440709999995306	EXP	ready_label_R: wrapWidth = 1
6.440709999995306	EXP	ready_label_R: flipHoriz = false
6.440709999995306	EXP	ready_label_R: flipVert = false
6.440709999995306	EXP	fixation: units = "height"
6.440709999995306	EXP	fixation: ori = 0
6.440709999995306	EXP	fixation: opacity = 1
6.440709999995306	EXP	fixation: pos = [0,0]
6.440709999995306	EXP	fixation: size = undefined
6.440709999995306	EXP	fixation: text = "+"
6.440709999995306	EXP	fixation: font = "Arial"
6.440709999995306	EXP	fixation: color = {"_hex":"#FFFFFF","_rgb":[1,1,1]}
6.440709999995306	EXP	fixation: contrast = 1
6.440709999995306	EXP	fixation: height = 0.1
6.440709999995306	EXP	fixation: bold = false
6.440709999995306	EXP	fixation: italic = false
6.440709999995306	EXP	fixation: alignHoriz = "left"
6.440709999995306	EXP	fixation: alignVert = "center"
6.440709999995306	EXP	fixation: wrapWidth = 1
6.440709999995306	EXP	fixation: flipHoriz = false
6.440709999995306	EXP	fixation: flipVert = false
6.440709999995306	EXP	image_stim: units = "height"
6.440709999995306	EXP	image_stim: ori = 0
6.440709999995306	EXP	image_stim: opacity = 1
6.440709999995306	EXP	image_stim: pos = [0,0]
6.440709999995306	EXP	image_stim: size = [0.5,0.5]
6.440709999995306	EXP	image_stim: image = undefined
6.440709999995306	EXP	image_stim: mask = undefined
6.440709999995306	EXP	image_stim: color = {"_rgb":[1,1,1]}
6.440709999995306	EXP	image_stim: contrast = 1
6.440709999995306	EXP	image_stim: texRes = 128
6.440709999995306	EXP	image_stim: interpolate = true
6.440709999995306	EXP	image_stim: depth = -1
6.440709999995306	EXP	image_stim: flipHoriz = false
6.440709999995306	EXP	image_stim: flipVert = false
6.440709999995306	EXP	text_stim: units = "height"
6.440709999995306	EXP	text_stim: ori = 0
6.440709999995306	EXP	text_stim: opacity = 1
6.440709999995306	EXP	text_stim: pos = [0,0]
6.440709999995306	EXP	text_stim: size = undefined
6.440709999995306	EXP	text_stim: text = "default text"
6.440709999995306	EXP	text_stim: font = "Arial"
6.440709999995306	EXP	text_stim: color = {"_hex":"#FFFFFF","_rgb":[1,1,1]}
6.440709999995306	EXP	text_stim: contrast = 1
6.440709999995306	EXP	text_stim: height = 0.05
6.440709999995306	EXP	text_stim: bold = false
6.440709999995306	EXP	text_stim: italic = false
6.440709999995306	EXP	text_stim: alignHoriz = "left"
6.440709999995306	EXP	text_stim: alignVert = "center"
6.440709999995306	EXP	text_stim: wrapWidth = 1
6.440709999995306	EXP	text_stim: flipHoriz = false
6.440709999995306	EXP	text_stim: flipVert = false
6.440709999995306	EXP	button_left: units = "height"
6.440709999995306	EXP	button_left: ori = 0
6.440709999995306	EXP	button_left: opacity = 1
6.440709999995306	EXP	button_left: pos = [-0.4,-0.3]
6.440709999995306	EXP	button_left: size = [1,1]
6.440709999995306	EXP	button_left: lineWidth = 1
6.440709999995306	EXP	button_left: lineColor = {"_hex":"#006400","_rgb":[0,0.39215686274509803,0]}
6.440709999995306	EXP	button_left: fillColor = {"_hex":"#90EE90","_rgb":[0.5647058823529412,0.9333333333333333,0.5647058823529412]}
6.440709999995306	EXP	button_left: vertices = [[-0.5,0],[0,0.5],[0.5,0]]
6.440709999995306	EXP	button_left: closeShape = true
6.440709999995306	EXP	button_left: contrast = 1
6.440709999995306	EXP	button_left: depth = -6
6.440709999995306	EXP	button_left: interpolate = true
6.440709999995306	EXP	button_left: width = 0.4
6.440709999995306	EXP	button_left: vertices = [[-0.2,null],[0.2,null],[0.2,null],[-0.2,null]]
6.440709999995306	EXP	button_left: height = 0.2
6.440709999995306	EXP	button_left: vertices = [[-0.2,-0.1],[0.2,-0.1],[0.2,0.1],[-0.2,0.1]]
6.440709999995306	EXP	button_left: vertices = [[-0.2,-0.1],[0.2,-0.1],[0.2,0.1],[-0.2,0.1]]
6.440709999995306	EXP	trial_label_left: units = "height"
6.440709999995306	EXP	trial_label_left: ori = 0
6.440709999995306	EXP	trial_label_left: opacity = 1
6.440709999995306	EXP	trial_label_left: pos = [-0.4,-0.3]
6.440709999995306	EXP	trial_label_left: size = undefined
6.440709999995306	EXP	trial_label_left: text = "default text"
6.440709999995306	EXP	trial_label_left: font = "Arial"
6.440709999995306	EXP	trial_label_left: color = {"_hex":"#006400","_rgb":[0,0.39215686274509803,0]}
6.440709999995306	EXP	trial_label_left: contrast = 1
6.440709999995306	EXP	trial_label_left: height = 0.05
6.440709999995306	EXP	trial_label_left: bold = false
6.440709999995306	EXP	trial_label_left: italic = false
6.440709999995306	EXP	trial_label_left: alignHoriz = "left"
6.440709999995306	EXP	trial_label_left: alignVert = "center"
6.440709999995306	EXP	trial_label_left: wrapWidth = 1
6.440709999995306	EXP	trial_label_left: flipHoriz = false
6.440709999995306	EXP	trial_label_left: flipVert = false
6.440709999995306	EXP	button_right: units = "height"
6.440709999995306	EXP	button_right: ori = 0
6.440709999995306	EXP	button_right: opacity = 1
6.440709999995306	EXP	button_right: pos = [0.4,-0.3]
6.440709999995306	EXP	button_right: size = [1,1]
6.440709999995306	EXP	button_right: lineWidth = 1
6.440709999995306	EXP	button_right: lineColor = {"_hex":"#006400","_rgb":[0,0.39215686274509803,0]}
6.440709999995306	EXP	button_right: fillColor = {"_hex":"#90EE90","_rgb":[0.5647058823529412,0.9333333333333333,0.5647058823529412]}
6.440709999995306	EXP	button_right: vertices = [[-0.5,0],[0,0.5],[0.5,0]]
6.440709999995306	EXP	button_right: closeShape = true
6.440709999995306	EXP	button_right: contrast = 1
6.440709999995306	EXP	button_right: depth = -8
6.440709999995306	EXP	button_right: interpolate = true
6.440709999995306	EXP	button_right: width = 0.4
6.440709999995306	EXP	button_right: vertices = [[-0.2,null],[0.2,null],[0.2,null],[-0.2,null]]
6.440709999995306	EXP	button_right: height = 0.2
6.440709999995306	EXP	button_right: vertices = [[-0.2,-0.1],[0.2,-0.1],[0.2,0.1],[-0.2,0.1]]
6.440709999995306	EXP	button_right: vertices = [[-0.2,-0.1],[0.2,-0.1],[0.2,0.1],[-0.2,0.1]]
6.440709999995306	EXP	trial_label_right: units = "height"
6.440709999995306	EXP	trial_label_right: ori = 0
6.440709999995306	EXP	trial_label_right: opacity = 1
6.440709999995306	EXP	trial_label_right: pos = [0.4,-0.3]
6.440709999995306	EXP	trial_label_right: size = undefined
6.440709999995306	EXP	trial_label_right: text = "default text"
6.440709999995306	EXP	trial_label_right: font = "Arial"
6.440709999995306	EXP	trial_label_right: color = {"_hex":"#006400","_rgb":[0,0.39215686274509803,0]}
6.440709999995306	EXP	trial_label_right: contrast = 1
6.440709999995306	EXP	trial_label_right: height = 0.05
6.440709999995306	EXP	trial_label_right: bold = false
6.440709999995306	EXP	trial_label_right: italic = false
6.440709999995306	EXP	trial_label_right: alignHoriz = "left"
6.440709999995306	EXP	trial_label_right: alignVert = "center"
6.440709999995306	EXP	trial_label_right: wrapWidth = 1
6.440709999995306	EXP	trial_label_right: flipHoriz = false
6.440709999995306	EXP	trial_label_right: flipVert = false
6.440709999995306	EXP	feedback_msg: units = "height"
6.440709999995306	EXP	feedback_msg: ori = 0
6.440709999995306	EXP	feedback_msg: opacity = 1
6.440709999995306	EXP	feedback_msg: pos = [0,0]
6.440709999995306	EXP	feedback_msg: size = undefined
6.440709999995306	EXP	feedback_msg: text = "default text"
6.440709999995306	EXP	feedback_msg: font = "Arial"
6.440709999995306	EXP	feedback_msg: color = {"_hex":"#FFFFFF","_rgb":[1,1,1]}
6.440709999995306	EXP	feedback_msg: contrast = 1
6.440709999995306	EXP	feedback_msg: height = 0.1
6.440709999995306	EXP	feedback_msg: bold = false
6.440709999995306	EXP	feedback_msg: italic = false
6.440709999995306	EXP	feedback_msg: alignHoriz = "left"
6.440709999995306	EXP	feedback_msg: alignVert = "center"
6.440709999995306	EXP	feedback_msg: wrapWidth = 1
6.440709999995306	EXP	feedback_msg: flipHoriz = false
6.440709999995306	EXP	feedback_msg: flipVert = false
6.440709999995306	EXP	thanks_text: units = "height"
6.440709999995306	EXP	thanks_text: ori = 0
6.440709999995306	EXP	thanks_text: opacity = 1
6.440709999995306	EXP	thanks_text: pos = [0,0]
6.440709999995306	EXP	thanks_text: size = undefined
6.440709999995306	EXP	thanks_text: text = "The End. \n \nThank you for your participation."
6.440709999995306	EXP	thanks_text: font = "Arial"
6.440709999995306	EXP	thanks_text: color = {"_hex":"#FFFFFF","_rgb":[1,1,1]}
6.440709999995306	EXP	thanks_text: contrast = 1
6.440709999995306	EXP	thanks_text: height = 0.1
6.440709999995306	EXP	thanks_text: bold = false
6.440709999995306	EXP	thanks_text: italic = false
6.440709999995306	EXP	thanks_text: alignHoriz = "left"
6.440709999995306	EXP	thanks_text: alignVert = "center"
6.440709999995306	EXP	thanks_text: wrapWidth = 1
6.440709999995306	EXP	thanks_text: flipHoriz = false
6.440709999995306	EXP	thanks_text: flipVert = false
6.440709999995306	EXP	instructs_text: text = "You will be presented with words or images to classify into categories using either the 'A' or 'L' key. \r\n \r\nTry to go as fast as possible while making as few mistakes as possible. \r\n"
6.440709999995306	EXP	instructs_text: autoDraw = true
6.440709999995306	EXP	instr_done_button: autoDraw = true
6.440709999995306	EXP	instr_done_label: autoDraw = true
14.940640000044368	DATA	Mouse: 0 button down, pos=(765.6000602364547,765.6000602364547)
14.953220000024885	EXP	instructs_text: autoDraw = false
14.953220000024885	EXP	instr_done_button: autoDraw = false
14.953220000024885	EXP	instr_done_label: autoDraw = false
14.953220000024885	EXP	instructs_text: text = "Keep in mind: \r\n \r\n1) Labels at the top of the screen indicate which catogory goes with which key. \r\n \r\n2) Each word or image has a correct catogory classification \r\n \r\n3) Keep your index fingers on the A and L keys to enable a rapid response. \r\n \r\n4) The test gives no results if you go slow- please try to go as fast as possible \r\n"
14.953220000024885	EXP	instructs_text: autoDraw = true
14.953220000024885	EXP	instr_done_button: autoDraw = true
14.953220000024885	EXP	instr_done_label: autoDraw = true
15.085770000005141	DATA	Mouse: 0 button down, pos=(766.4000114202499,765.6000602364547)
25.126435000041965	DATA	Mouse: 0 button down, pos=(763.2000113725662,765.6000602364547)
25.157055000017863	EXP	instructs_text: autoDraw = false
25.157055000017863	EXP	instr_done_button: autoDraw = false
25.157055000017863	EXP	instr_done_label: autoDraw = false
25.157055000017863	EXP	ready_label_L: text = "A = \r\nPositive"
25.157055000017863	EXP	ready_label_R: text = "L = \r\nNegative"
25.157055000017863	EXP	main_ready_msg: autoDraw = true
25.157055000017863	EXP	button_L: autoDraw = true
25.157055000017863	EXP	ready_label_L: autoDraw = true
25.157055000017863	EXP	button_R: autoDraw = true
25.157055000017863	EXP	ready_label_R: autoDraw = true
25.285495000018273	DATA	Mouse: 0 button down, pos=(763.2000113725662,765.6000602364547)
26.119280000042636	DATA	Mouse: 0 button down, pos=(445.6000066399574,679.2000101208687)
26.14688000001479	EXP	main_ready_msg: autoDraw = false
26.14688000001479	EXP	button_L: autoDraw = false
26.14688000001479	EXP	ready_label_L: autoDraw = false
26.14688000001479	EXP	button_R: autoDraw = false
26.14688000001479	EXP	ready_label_R: autoDraw = false
26.14688000001479	EXP	image_stim: image = {}
26.14688000001479	EXP	text_stim: text = "Agony"
26.14688000001479	EXP	trial_label_left: text = "A = \r\nPositive"
26.14688000001479	EXP	trial_label_right: text = "L = \r\nNegative"
26.14688000001479	EXP	fixation: autoDraw = true
26.28536500001792	DATA	Mouse: 0 button down, pos=(445.6000066399574,679.2000101208687)
26.642619999998715	EXP	fixation: autoDraw = false
26.662965000024997	EXP	image_stim: autoDraw = true
26.662965000024997	EXP	text_stim: autoDraw = true
26.662965000024997	EXP	button_left: autoDraw = true
26.662965000024997	EXP	trial_label_left: autoDraw = true
26.662965000024997	EXP	button_right: autoDraw = true
26.662965000024997	EXP	trial_label_right: autoDraw = true
27.626055000000633	DATA	Mouse: 0 button down, pos=(1122.4000167250633,699.2000104188919)
27.641430000017863	EXP	fixation: autoDraw = false
27.641430000017863	EXP	image_stim: autoDraw = false
27.641430000017863	EXP	text_stim: autoDraw = false
27.641430000017863	EXP	button_left: autoDraw = false
27.641430000017863	EXP	trial_label_left: autoDraw = false
27.641430000017863	EXP	button_right: autoDraw = false
27.641430000017863	EXP	trial_label_right: autoDraw = false
27.641430000017863	EXP	feedback_msg: text = "+"
27.641430000017863	EXP	feedback_msg: autoDraw = true
27.743140000035055	DATA	Mouse: 0 button down, pos=(1122.4000167250633,698.400010406971)
28.64134000003105	EXP	feedback_msg: autoDraw = false
28.64134000003105	EXP	feedback_msg: autoDraw = false
28.64134000003105	EXP	image_stim: image = {}
28.64134000003105	EXP	text_stim: text = "Nasty"
28.64134000003105	EXP	trial_label_left: text = "A = \r\nPositive"
28.64134000003105	EXP	trial_label_right: text = "L = \r\nNegative"
28.64134000003105	EXP	fixation: autoDraw = true
29.141785000043456	EXP	fixation: autoDraw = false
29.16325500002131	EXP	image_stim: autoDraw = true
29.16325500002131	EXP	text_stim: autoDraw = true
29.16325500002131	EXP	button_left: autoDraw = true
29.16325500002131	EXP	trial_label_left: autoDraw = true
29.16325500002131	EXP	button_right: autoDraw = true
29.16325500002131	EXP	trial_label_right: autoDraw = true
30.30863500002306	DATA	Mouse: 0 button down, pos=(1113.600016593933,705.6000593423851)
30.324940000020433	EXP	fixation: autoDraw = false
30.324940000020433	EXP	image_stim: autoDraw = false
30.324940000020433	EXP	text_stim: autoDraw = false
30.324940000020433	EXP	button_left: autoDraw = false
30.324940000020433	EXP	trial_label_left: autoDraw = false
30.324940000020433	EXP	button_right: autoDraw = false
30.324940000020433	EXP	trial_label_right: autoDraw = false
30.324940000020433	EXP	feedback_msg: text = "+"
30.324940000020433	EXP	feedback_msg: autoDraw = true
30.414199999999255	DATA	Mouse: 0 button down, pos=(1113.600016593933,705.6000593423851)
31.32522500003688	EXP	feedback_msg: autoDraw = false
31.32522500003688	EXP	feedback_msg: autoDraw = false
31.32522500003688	EXP	image_stim: image = {}
31.32522500003688	EXP	text_stim: text = "Bad"
31.32522500003688	EXP	trial_label_left: text = "A = \r\nPositive"
31.32522500003688	EXP	trial_label_right: text = "L = \r\nNegative"
31.32522500003688	EXP	fixation: autoDraw = true
31.823875000001863	EXP	fixation: autoDraw = false
31.842890000029	EXP	image_stim: autoDraw = true
31.842890000029	EXP	text_stim: autoDraw = true
31.842890000029	EXP	button_left: autoDraw = true
31.842890000029	EXP	trial_label_left: autoDraw = true
31.842890000029	EXP	button_right: autoDraw = true
31.842890000029	EXP	trial_label_right: autoDraw = true
33.09621500002686	DATA	Mouse: 0 button down, pos=(1117.6000166535378,712.8000106215477)
33.11063000001013	EXP	fixation: autoDraw = false
33.11063000001013	EXP	image_stim: autoDraw = false
33.11063000001013	EXP	text_stim: autoDraw = false
33.11063000001013	EXP	button_left: autoDraw = false
33.11063000001013	EXP	trial_label_left: autoDraw = false
33.11063000001013	EXP	button_right: autoDraw = false
33.11063000001013	EXP	trial_label_right: autoDraw = false
33.11063000001013	EXP	feedback_msg: text = "+"
33.11063000001013	EXP	feedback_msg: autoDraw = true
33.51740000001155	DATA	Mouse: 0 button down, pos=(1117.6000166535378,712.8000106215477)
34.10835500003304	EXP	feedback_msg: autoDraw = false
34.10835500003304	EXP	feedback_msg: autoDraw = false
34.10835500003304	EXP	image_stim: image = {}
34.10835500003304	EXP	text_stim: text = "Hurt"
34.10835500003304	EXP	trial_label_left: text = "A = \r\nPositive"
34.10835500003304	EXP	trial_label_right: text = "L = \r\nNegative"
34.10835500003304	EXP	fixation: autoDraw = true
34.60831000003964	EXP	fixation: autoDraw = false
34.63253500004066	EXP	image_stim: autoDraw = true
34.63253500004066	EXP	text_stim: autoDraw = true
34.63253500004066	EXP	button_left: autoDraw = true
34.63253500004066	EXP	trial_label_left: autoDraw = true
34.63253500004066	EXP	button_right: autoDraw = true
34.63253500004066	EXP	trial_label_right: autoDraw = true
35.216279999993276	DATA	Mouse: 0 button down, pos=(1117.6000166535378,712.8000106215477)
35.22727999999188	EXP	fixation: autoDraw = false
35.22727999999188	EXP	image_stim: autoDraw = false
35.22727999999188	EXP	text_stim: autoDraw = false
35.22727999999188	EXP	button_left: autoDraw = false
35.22727999999188	EXP	trial_label_left: autoDraw = false
35.22727999999188	EXP	button_right: autoDraw = false
35.22727999999188	EXP	trial_label_right: autoDraw = false
35.22727999999188	EXP	feedback_msg: text = "+"
35.22727999999188	EXP	feedback_msg: autoDraw = true
35.327265000029	DATA	Mouse: 0 button down, pos=(1117.6000166535378,712.8000106215477)
36.22436500003096	EXP	feedback_msg: autoDraw = false
36.22436500003096	EXP	feedback_msg: autoDraw = false
36.22436500003096	EXP	image_stim: image = {}
36.22436500003096	EXP	text_stim: text = "Pleasure"
36.22436500003096	EXP	trial_label_left: text = "A = \r\nPositive"
36.22436500003096	EXP	trial_label_right: text = "L = \r\nNegative"
36.22436500003096	EXP	fixation: autoDraw = true
36.724359999992885	EXP	fixation: autoDraw = false
36.743684999994	EXP	image_stim: autoDraw = true
36.743684999994	EXP	text_stim: autoDraw = true
36.743684999994	EXP	button_left: autoDraw = true
36.743684999994	EXP	trial_label_left: autoDraw = true
36.743684999994	EXP	button_right: autoDraw = true
36.743684999994	EXP	trial_label_right: autoDraw = true
43.983680000004824	DATA	Keydown: Escape
