0.16699499997776002	EXP	Created Window = Window( name=Window, fullscr=true, color=#000000, units=height, waitBlanking=true, autoLog=true, size=[1920,920] )
8.890050000045449	DATA	Keydown: m
15.434540000045672	EXP	Created instructs_text = TextStim( name=instructs_text, win=Window( name=Window, fullscr=true, color=#000000, ~), autoDraw=null, autoLog=true, units=height, ori=null, opacity=1, pos=[0,0], size=undefined, text=default text, font=Arial, color=#FFFFFF, contrast=1, height=0.03, bold=null, italic=null, alignHoriz=left, alignVert=center, wrapWidth=1, flipHoriz=null, flipVert=null )
15.438244999968447	EXP	Created instr_done_button = Rect( name=instr_done_button, win=Window( name=Window, fullscr=true, color=#000000, ~), autoDraw=null, autoLog=true, units=height, ori=null, opacity=1, pos=[0,-0.4], size=[1,1], lineWidth=1, lineColor=#006400, fillColor=#90EE90, vertices=[[-0.2,-0.05],[0.2,-0.05],[0.2,0.05],[-0.2,0.05]], closeShape=true, contrast=1, depth=-3, interpolate=true, width=0.4, height=0.1 )
15.438914999947883	EXP	Created instr_done_label = TextStim( name=instr_done_label, win=Window( name=Window, fullscr=true, color=#000000, ~), autoDraw=null, autoLog=true, units=height, ori=null, opacity=1, pos=[0,-0.4], size=undefined, text=Next..., font=Arial, color=#006400, contrast=1, height=0.05, bold=null, italic=null, alignHoriz=left, alignVert=center, wrapWidth=1, flipHoriz=null, flipVert=null )
15.43963999999687	EXP	Created main_ready_msg = TextStim( name=main_ready_msg, win=Window( name=Window, fullscr=true, color=#000000, ~), autoDraw=null, autoLog=true, units=height, ori=null, opacity=1, pos=[0,0], size=undefined, text=Take note of the categories below
 
Position your ~, font=Arial, color=#FFFFFF, contrast=1, height=0.03, bold=null, italic=null, alignHoriz=left, alignVert=center, wrapWidth=1, flipHoriz=null, flipVert=null )
15.441725000040606	EXP	Created button_L = Rect( name=button_L, win=Window( name=Window, fullscr=true, color=#000000, ~), autoDraw=null, autoLog=true, units=height, ori=null, opacity=1, pos=[-0.4,-0.3], size=[1,1], lineWidth=1, lineColor=#006400, fillColor=#90EE90, vertices=[[-0.2,-0.1],[0.2,-0.1],[0.2,0.1],[-0.2,0.1]], closeShape=true, contrast=1, depth=-1, interpolate=true, width=0.4, height=0.2 )
15.443710000021383	EXP	Created ready_label_L = TextStim( name=ready_label_L, win=Window( name=Window, fullscr=true, color=#000000, ~), autoDraw=null, autoLog=true, units=height, ori=null, opacity=1, pos=[-0.4,-0.3], size=undefined, text=default text, font=Arial, color=#006400, contrast=1, height=0.05, bold=null, italic=null, alignHoriz=left, alignVert=center, wrapWidth=1, flipHoriz=null, flipVert=null )
15.44866999995429	EXP	Created button_R = Rect( name=button_R, win=Window( name=Window, fullscr=true, color=#000000, ~), autoDraw=null, autoLog=true, units=height, ori=null, opacity=1, pos=[0.4,-0.3], size=[1,1], lineWidth=1, lineColor=#006400, fillColor=#90EE90, vertices=[[-0.2,-0.1],[0.2,-0.1],[0.2,0.1],[-0.2,0.1]], closeShape=true, contrast=1, depth=-3, interpolate=true, width=0.4, height=0.2 )
15.4493449999718	EXP	Created ready_label_R = TextStim( name=ready_label_R, win=Window( name=Window, fullscr=true, color=#000000, ~), autoDraw=null, autoLog=true, units=height, ori=null, opacity=1, pos=[0.4,-0.3], size=undefined, text=default text, font=Arial, color=#006400, contrast=1, height=0.05, bold=null, italic=null, alignHoriz=left, alignVert=center, wrapWidth=1, flipHoriz=null, flipVert=null )
15.45035000005737	EXP	Created fixation = TextStim( name=fixation, win=Window( name=Window, fullscr=true, color=#000000, ~), autoDraw=null, autoLog=true, units=height, ori=null, opacity=1, pos=[0,0], size=undefined, text=+, font=Arial, color=#FFFFFF, contrast=1, height=0.1, bold=null, italic=null, alignHoriz=left, alignVert=center, wrapWidth=1, flipHoriz=null, flipVert=null )
15.45327499997802	EXP	Created image_stim = ImageStim( name=image_stim, win=Window( name=Window, fullscr=true, color=#000000, ~), autoDraw=null, autoLog=true, units=height, ori=null, opacity=1, pos=[0,0], size=[0.5,0.5], image=undefined, mask=undefined, color=#ffffff, contrast=1, texRes=128, interpolate=true, depth=-1, flipHoriz=null, flipVert=null )
15.45430999994278	EXP	Created text_stim = TextStim( name=text_stim, win=Window( name=Window, fullscr=true, color=#000000, ~), autoDraw=null, autoLog=true, units=height, ori=null, opacity=1, pos=[0,0], size=undefined, text=default text, font=Arial, color=#FFFFFF, contrast=1, height=0.05, bold=null, italic=null, alignHoriz=left, alignVert=center, wrapWidth=1, flipHoriz=null, flipVert=null )
15.456819999963045	EXP	Created button_left = Rect( name=button_left, win=Window( name=Window, fullscr=true, color=#000000, ~), autoDraw=null, autoLog=true, units=height, ori=null, opacity=1, pos=[-0.4,-0.3], size=[1,1], lineWidth=1, lineColor=#006400, fillColor=#90EE90, vertices=[[-0.2,-0.1],[0.2,-0.1],[0.2,0.1],[-0.2,0.1]], closeShape=true, contrast=1, depth=-6, interpolate=true, width=0.4, height=0.2 )
15.45738999999594	EXP	Created trial_label_left = TextStim( name=trial_label_left, win=Window( name=Window, fullscr=true, color=#000000, ~), autoDraw=null, autoLog=true, units=height, ori=null, opacity=1, pos=[-0.4,-0.3], size=undefined, text=default text, font=Arial, color=#006400, contrast=1, height=0.05, bold=null, italic=null, alignHoriz=left, alignVert=center, wrapWidth=1, flipHoriz=null, flipVert=null )
15.46001499996055	EXP	Created button_right = Rect( name=button_right, win=Window( name=Window, fullscr=true, color=#000000, ~), autoDraw=null, autoLog=true, units=height, ori=null, opacity=1, pos=[0.4,-0.3], size=[1,1], lineWidth=1, lineColor=#006400, fillColor=#90EE90, vertices=[[-0.2,-0.1],[0.2,-0.1],[0.2,0.1],[-0.2,0.1]], closeShape=true, contrast=1, depth=-8, interpolate=true, width=0.4, height=0.2 )
15.460955000016838	EXP	Created trial_label_right = TextStim( name=trial_label_right, win=Window( name=Window, fullscr=true, color=#000000, ~), autoDraw=null, autoLog=true, units=height, ori=null, opacity=1, pos=[0.4,-0.3], size=undefined, text=default text, font=Arial, color=#006400, contrast=1, height=0.05, bold=null, italic=null, alignHoriz=left, alignVert=center, wrapWidth=1, flipHoriz=null, flipVert=null )
15.46167999994941	EXP	Created feedback_msg = TextStim( name=feedback_msg, win=Window( name=Window, fullscr=true, color=#000000, ~), autoDraw=null, autoLog=true, units=height, ori=null, opacity=1, pos=[0,0], size=undefined, text=default text, font=Arial, color=#FFFFFF, contrast=1, height=0.1, bold=null, italic=null, alignHoriz=left, alignVert=center, wrapWidth=1, flipHoriz=null, flipVert=null )
15.462679999996908	EXP	Created thanks_text = TextStim( name=thanks_text, win=Window( name=Window, fullscr=true, color=#000000, ~), autoDraw=null, autoLog=true, units=height, ori=null, opacity=1, pos=[0,0], size=undefined, text=The End. 
 
Thank you for your participation., font=Arial, color=#FFFFFF, contrast=1, height=0.1, bold=null, italic=null, alignHoriz=left, alignVert=center, wrapWidth=1, flipHoriz=null, flipVert=null )
15.539564999984577	EXP	instructs_text: units = "height"
15.539564999984577	EXP	instructs_text: ori = 0
15.539564999984577	EXP	instructs_text: opacity = 1
15.539564999984577	EXP	instructs_text: pos = [0,0]
15.539564999984577	EXP	instructs_text: size = undefined
15.539564999984577	EXP	instructs_text: text = "default text"
15.539564999984577	EXP	instructs_text: font = "Arial"
15.539564999984577	EXP	instructs_text: color = {"_hex":"#FFFFFF","_rgb":[1,1,1]}
15.539564999984577	EXP	instructs_text: contrast = 1
15.539564999984577	EXP	instructs_text: height = 0.03
15.539564999984577	EXP	instructs_text: bold = false
15.539564999984577	EXP	instructs_text: italic = false
15.539564999984577	EXP	instructs_text: alignHoriz = "left"
15.539564999984577	EXP	instructs_text: alignVert = "center"
15.539564999984577	EXP	instructs_text: wrapWidth = 1
15.539564999984577	EXP	instructs_text: flipHoriz = false
15.539564999984577	EXP	instructs_text: flipVert = false
15.539564999984577	EXP	instr_done_button: units = "height"
15.539564999984577	EXP	instr_done_button: ori = 0
15.539564999984577	EXP	instr_done_button: opacity = 1
15.539564999984577	EXP	instr_done_button: pos = [0,-0.4]
15.539564999984577	EXP	instr_done_button: size = [1,1]
15.539564999984577	EXP	instr_done_button: lineWidth = 1
15.539564999984577	EXP	instr_done_button: lineColor = {"_hex":"#006400","_rgb":[0,0.39215686274509803,0]}
15.539564999984577	EXP	instr_done_button: fillColor = {"_hex":"#90EE90","_rgb":[0.5647058823529412,0.9333333333333333,0.5647058823529412]}
15.539564999984577	EXP	instr_done_button: vertices = [[-0.5,0],[0,0.5],[0.5,0]]
15.539564999984577	EXP	instr_done_button: closeShape = true
15.539564999984577	EXP	instr_done_button: contrast = 1
15.539564999984577	EXP	instr_done_button: depth = -3
15.539564999984577	EXP	instr_done_button: interpolate = true
15.539564999984577	EXP	instr_done_button: width = 0.4
15.539564999984577	EXP	instr_done_button: vertices = [[-0.2,null],[0.2,null],[0.2,null],[-0.2,null]]
15.539564999984577	EXP	instr_done_button: height = 0.1
15.539564999984577	EXP	instr_done_button: vertices = [[-0.2,-0.05],[0.2,-0.05],[0.2,0.05],[-0.2,0.05]]
15.539564999984577	EXP	instr_done_button: vertices = [[-0.2,-0.05],[0.2,-0.05],[0.2,0.05],[-0.2,0.05]]
15.539564999984577	EXP	instr_done_label: units = "height"
15.539564999984577	EXP	instr_done_label: ori = 0
15.539564999984577	EXP	instr_done_label: opacity = 1
15.539564999984577	EXP	instr_done_label: pos = [0,-0.4]
15.539564999984577	EXP	instr_done_label: size = undefined
15.539564999984577	EXP	instr_done_label: text = "Next..."
15.539564999984577	EXP	instr_done_label: font = "Arial"
15.539564999984577	EXP	instr_done_label: color = {"_hex":"#006400","_rgb":[0,0.39215686274509803,0]}
15.539564999984577	EXP	instr_done_label: contrast = 1
15.539564999984577	EXP	instr_done_label: height = 0.05
15.539564999984577	EXP	instr_done_label: bold = false
15.539564999984577	EXP	instr_done_label: italic = false
15.539564999984577	EXP	instr_done_label: alignHoriz = "left"
15.539564999984577	EXP	instr_done_label: alignVert = "center"
15.539564999984577	EXP	instr_done_label: wrapWidth = 1
15.539564999984577	EXP	instr_done_label: flipHoriz = false
15.539564999984577	EXP	instr_done_label: flipVert = false
15.539564999984577	EXP	main_ready_msg: units = "height"
15.539564999984577	EXP	main_ready_msg: ori = 0
15.539564999984577	EXP	main_ready_msg: opacity = 1
15.539564999984577	EXP	main_ready_msg: pos = [0,0]
15.539564999984577	EXP	main_ready_msg: size = undefined
15.539564999984577	EXP	main_ready_msg: text = "Take note of the categories below\n \nPosition your index fingers \n \nPress the space bar (or one of the green buttons) to begin"
15.539564999984577	EXP	main_ready_msg: font = "Arial"
15.539564999984577	EXP	main_ready_msg: color = {"_hex":"#FFFFFF","_rgb":[1,1,1]}
15.539564999984577	EXP	main_ready_msg: contrast = 1
15.539564999984577	EXP	main_ready_msg: height = 0.03
15.539564999984577	EXP	main_ready_msg: bold = false
15.539564999984577	EXP	main_ready_msg: italic = false
15.539564999984577	EXP	main_ready_msg: alignHoriz = "left"
15.539564999984577	EXP	main_ready_msg: alignVert = "center"
15.539564999984577	EXP	main_ready_msg: wrapWidth = 1
15.539564999984577	EXP	main_ready_msg: flipHoriz = false
15.539564999984577	EXP	main_ready_msg: flipVert = false
15.539564999984577	EXP	button_L: units = "height"
15.539564999984577	EXP	button_L: ori = 0
15.539564999984577	EXP	button_L: opacity = 1
15.539564999984577	EXP	button_L: pos = [-0.4,-0.3]
15.539564999984577	EXP	button_L: size = [1,1]
15.539564999984577	EXP	button_L: lineWidth = 1
15.539564999984577	EXP	button_L: lineColor = {"_hex":"#006400","_rgb":[0,0.39215686274509803,0]}
15.539564999984577	EXP	button_L: fillColor = {"_hex":"#90EE90","_rgb":[0.5647058823529412,0.9333333333333333,0.5647058823529412]}
15.539564999984577	EXP	button_L: vertices = [[-0.5,0],[0,0.5],[0.5,0]]
15.539564999984577	EXP	button_L: closeShape = true
15.539564999984577	EXP	button_L: contrast = 1
15.539564999984577	EXP	button_L: depth = -1
15.539564999984577	EXP	button_L: interpolate = true
15.539564999984577	EXP	button_L: width = 0.4
15.539564999984577	EXP	button_L: vertices = [[-0.2,null],[0.2,null],[0.2,null],[-0.2,null]]
15.539564999984577	EXP	button_L: height = 0.2
15.539564999984577	EXP	button_L: vertices = [[-0.2,-0.1],[0.2,-0.1],[0.2,0.1],[-0.2,0.1]]
15.539564999984577	EXP	button_L: vertices = [[-0.2,-0.1],[0.2,-0.1],[0.2,0.1],[-0.2,0.1]]
15.539564999984577	EXP	ready_label_L: units = "height"
15.539564999984577	EXP	ready_label_L: ori = 0
15.539564999984577	EXP	ready_label_L: opacity = 1
15.539564999984577	EXP	ready_label_L: pos = [-0.4,-0.3]
15.539564999984577	EXP	ready_label_L: size = undefined
15.539564999984577	EXP	ready_label_L: text = "default text"
15.539564999984577	EXP	ready_label_L: font = "Arial"
15.539564999984577	EXP	ready_label_L: color = {"_hex":"#006400","_rgb":[0,0.39215686274509803,0]}
15.539564999984577	EXP	ready_label_L: contrast = 1
15.539564999984577	EXP	ready_label_L: height = 0.05
15.539564999984577	EXP	ready_label_L: bold = false
15.539564999984577	EXP	ready_label_L: italic = false
15.539564999984577	EXP	ready_label_L: alignHoriz = "left"
15.539564999984577	EXP	ready_label_L: alignVert = "center"
15.539564999984577	EXP	ready_label_L: wrapWidth = 1
15.539564999984577	EXP	ready_label_L: flipHoriz = false
15.539564999984577	EXP	ready_label_L: flipVert = false
15.539564999984577	EXP	button_R: units = "height"
15.539564999984577	EXP	button_R: ori = 0
15.539564999984577	EXP	button_R: opacity = 1
15.539564999984577	EXP	button_R: pos = [0.4,-0.3]
15.539564999984577	EXP	button_R: size = [1,1]
15.539564999984577	EXP	button_R: lineWidth = 1
15.539564999984577	EXP	button_R: lineColor = {"_hex":"#006400","_rgb":[0,0.39215686274509803,0]}
15.539564999984577	EXP	button_R: fillColor = {"_hex":"#90EE90","_rgb":[0.5647058823529412,0.9333333333333333,0.5647058823529412]}
15.539564999984577	EXP	button_R: vertices = [[-0.5,0],[0,0.5],[0.5,0]]
15.539564999984577	EXP	button_R: closeShape = true
15.539564999984577	EXP	button_R: contrast = 1
15.539564999984577	EXP	button_R: depth = -3
15.539564999984577	EXP	button_R: interpolate = true
15.539564999984577	EXP	button_R: width = 0.4
15.539564999984577	EXP	button_R: vertices = [[-0.2,null],[0.2,null],[0.2,null],[-0.2,null]]
15.539564999984577	EXP	button_R: height = 0.2
15.539564999984577	EXP	button_R: vertices = [[-0.2,-0.1],[0.2,-0.1],[0.2,0.1],[-0.2,0.1]]
15.539564999984577	EXP	button_R: vertices = [[-0.2,-0.1],[0.2,-0.1],[0.2,0.1],[-0.2,0.1]]
15.539564999984577	EXP	ready_label_R: units = "height"
15.539564999984577	EXP	ready_label_R: ori = 0
15.539564999984577	EXP	ready_label_R: opacity = 1
15.539564999984577	EXP	ready_label_R: pos = [0.4,-0.3]
15.539564999984577	EXP	ready_label_R: size = undefined
15.539564999984577	EXP	ready_label_R: text = "default text"
15.539564999984577	EXP	ready_label_R: font = "Arial"
15.539564999984577	EXP	ready_label_R: color = {"_hex":"#006400","_rgb":[0,0.39215686274509803,0]}
15.539564999984577	EXP	ready_label_R: contrast = 1
15.539564999984577	EXP	ready_label_R: height = 0.05
15.539564999984577	EXP	ready_label_R: bold = false
15.539564999984577	EXP	ready_label_R: italic = false
15.539564999984577	EXP	ready_label_R: alignHoriz = "left"
15.539564999984577	EXP	ready_label_R: alignVert = "center"
15.539564999984577	EXP	ready_label_R: wrapWidth = 1
15.539564999984577	EXP	ready_label_R: flipHoriz = false
15.539564999984577	EXP	ready_label_R: flipVert = false
15.539564999984577	EXP	fixation: units = "height"
15.539564999984577	EXP	fixation: ori = 0
15.539564999984577	EXP	fixation: opacity = 1
15.539564999984577	EXP	fixation: pos = [0,0]
15.539564999984577	EXP	fixation: size = undefined
15.539564999984577	EXP	fixation: text = "+"
15.539564999984577	EXP	fixation: font = "Arial"
15.539564999984577	EXP	fixation: color = {"_hex":"#FFFFFF","_rgb":[1,1,1]}
15.539564999984577	EXP	fixation: contrast = 1
15.539564999984577	EXP	fixation: height = 0.1
15.539564999984577	EXP	fixation: bold = false
15.539564999984577	EXP	fixation: italic = false
15.539564999984577	EXP	fixation: alignHoriz = "left"
15.539564999984577	EXP	fixation: alignVert = "center"
15.539564999984577	EXP	fixation: wrapWidth = 1
15.539564999984577	EXP	fixation: flipHoriz = false
15.539564999984577	EXP	fixation: flipVert = false
15.539564999984577	EXP	image_stim: units = "height"
15.539564999984577	EXP	image_stim: ori = 0
15.539564999984577	EXP	image_stim: opacity = 1
15.539564999984577	EXP	image_stim: pos = [0,0]
15.539564999984577	EXP	image_stim: size = [0.5,0.5]
15.539564999984577	EXP	image_stim: image = undefined
15.539564999984577	EXP	image_stim: mask = undefined
15.539564999984577	EXP	image_stim: color = {"_rgb":[1,1,1]}
15.539564999984577	EXP	image_stim: contrast = 1
15.539564999984577	EXP	image_stim: texRes = 128
15.539564999984577	EXP	image_stim: interpolate = true
15.539564999984577	EXP	image_stim: depth = -1
15.539564999984577	EXP	image_stim: flipHoriz = false
15.539564999984577	EXP	image_stim: flipVert = false
15.539564999984577	EXP	text_stim: units = "height"
15.539564999984577	EXP	text_stim: ori = 0
15.539564999984577	EXP	text_stim: opacity = 1
15.539564999984577	EXP	text_stim: pos = [0,0]
15.539564999984577	EXP	text_stim: size = undefined
15.539564999984577	EXP	text_stim: text = "default text"
15.539564999984577	EXP	text_stim: font = "Arial"
15.539564999984577	EXP	text_stim: color = {"_hex":"#FFFFFF","_rgb":[1,1,1]}
15.539564999984577	EXP	text_stim: contrast = 1
15.539564999984577	EXP	text_stim: height = 0.05
15.539564999984577	EXP	text_stim: bold = false
15.539564999984577	EXP	text_stim: italic = false
15.539564999984577	EXP	text_stim: alignHoriz = "left"
15.539564999984577	EXP	text_stim: alignVert = "center"
15.539564999984577	EXP	text_stim: wrapWidth = 1
15.539564999984577	EXP	text_stim: flipHoriz = false
15.539564999984577	EXP	text_stim: flipVert = false
15.539564999984577	EXP	button_left: units = "height"
15.539564999984577	EXP	button_left: ori = 0
15.539564999984577	EXP	button_left: opacity = 1
15.539564999984577	EXP	button_left: pos = [-0.4,-0.3]
15.539564999984577	EXP	button_left: size = [1,1]
15.539564999984577	EXP	button_left: lineWidth = 1
15.539564999984577	EXP	button_left: lineColor = {"_hex":"#006400","_rgb":[0,0.39215686274509803,0]}
15.539564999984577	EXP	button_left: fillColor = {"_hex":"#90EE90","_rgb":[0.5647058823529412,0.9333333333333333,0.5647058823529412]}
15.539564999984577	EXP	button_left: vertices = [[-0.5,0],[0,0.5],[0.5,0]]
15.539564999984577	EXP	button_left: closeShape = true
15.539564999984577	EXP	button_left: contrast = 1
15.539564999984577	EXP	button_left: depth = -6
15.539564999984577	EXP	button_left: interpolate = true
15.539564999984577	EXP	button_left: width = 0.4
15.539564999984577	EXP	button_left: vertices = [[-0.2,null],[0.2,null],[0.2,null],[-0.2,null]]
15.539564999984577	EXP	button_left: height = 0.2
15.539564999984577	EXP	button_left: vertices = [[-0.2,-0.1],[0.2,-0.1],[0.2,0.1],[-0.2,0.1]]
15.539564999984577	EXP	button_left: vertices = [[-0.2,-0.1],[0.2,-0.1],[0.2,0.1],[-0.2,0.1]]
15.539564999984577	EXP	trial_label_left: units = "height"
15.539564999984577	EXP	trial_label_left: ori = 0
15.539564999984577	EXP	trial_label_left: opacity = 1
15.539564999984577	EXP	trial_label_left: pos = [-0.4,-0.3]
15.539564999984577	EXP	trial_label_left: size = undefined
15.539564999984577	EXP	trial_label_left: text = "default text"
15.539564999984577	EXP	trial_label_left: font = "Arial"
15.539564999984577	EXP	trial_label_left: color = {"_hex":"#006400","_rgb":[0,0.39215686274509803,0]}
15.539564999984577	EXP	trial_label_left: contrast = 1
15.539564999984577	EXP	trial_label_left: height = 0.05
15.539564999984577	EXP	trial_label_left: bold = false
15.539564999984577	EXP	trial_label_left: italic = false
15.539564999984577	EXP	trial_label_left: alignHoriz = "left"
15.539564999984577	EXP	trial_label_left: alignVert = "center"
15.539564999984577	EXP	trial_label_left: wrapWidth = 1
15.539564999984577	EXP	trial_label_left: flipHoriz = false
15.539564999984577	EXP	trial_label_left: flipVert = false
15.539564999984577	EXP	button_right: units = "height"
15.539564999984577	EXP	button_right: ori = 0
15.539564999984577	EXP	button_right: opacity = 1
15.539564999984577	EXP	button_right: pos = [0.4,-0.3]
15.539564999984577	EXP	button_right: size = [1,1]
15.539564999984577	EXP	button_right: lineWidth = 1
15.539564999984577	EXP	button_right: lineColor = {"_hex":"#006400","_rgb":[0,0.39215686274509803,0]}
15.539564999984577	EXP	button_right: fillColor = {"_hex":"#90EE90","_rgb":[0.5647058823529412,0.9333333333333333,0.5647058823529412]}
15.539564999984577	EXP	button_right: vertices = [[-0.5,0],[0,0.5],[0.5,0]]
15.539564999984577	EXP	button_right: closeShape = true
15.539564999984577	EXP	button_right: contrast = 1
15.539564999984577	EXP	button_right: depth = -8
15.539564999984577	EXP	button_right: interpolate = true
15.539564999984577	EXP	button_right: width = 0.4
15.539564999984577	EXP	button_right: vertices = [[-0.2,null],[0.2,null],[0.2,null],[-0.2,null]]
15.539564999984577	EXP	button_right: height = 0.2
15.539564999984577	EXP	button_right: vertices = [[-0.2,-0.1],[0.2,-0.1],[0.2,0.1],[-0.2,0.1]]
15.539564999984577	EXP	button_right: vertices = [[-0.2,-0.1],[0.2,-0.1],[0.2,0.1],[-0.2,0.1]]
15.539564999984577	EXP	trial_label_right: units = "height"
15.539564999984577	EXP	trial_label_right: ori = 0
15.539564999984577	EXP	trial_label_right: opacity = 1
15.539564999984577	EXP	trial_label_right: pos = [0.4,-0.3]
15.539564999984577	EXP	trial_label_right: size = undefined
15.539564999984577	EXP	trial_label_right: text = "default text"
15.539564999984577	EXP	trial_label_right: font = "Arial"
15.539564999984577	EXP	trial_label_right: color = {"_hex":"#006400","_rgb":[0,0.39215686274509803,0]}
15.539564999984577	EXP	trial_label_right: contrast = 1
15.539564999984577	EXP	trial_label_right: height = 0.05
15.539564999984577	EXP	trial_label_right: bold = false
15.539564999984577	EXP	trial_label_right: italic = false
15.539564999984577	EXP	trial_label_right: alignHoriz = "left"
15.539564999984577	EXP	trial_label_right: alignVert = "center"
15.539564999984577	EXP	trial_label_right: wrapWidth = 1
15.539564999984577	EXP	trial_label_right: flipHoriz = false
15.539564999984577	EXP	trial_label_right: flipVert = false
15.539564999984577	EXP	feedback_msg: units = "height"
15.539564999984577	EXP	feedback_msg: ori = 0
15.539564999984577	EXP	feedback_msg: opacity = 1
15.539564999984577	EXP	feedback_msg: pos = [0,0]
15.539564999984577	EXP	feedback_msg: size = undefined
15.539564999984577	EXP	feedback_msg: text = "default text"
15.539564999984577	EXP	feedback_msg: font = "Arial"
15.539564999984577	EXP	feedback_msg: color = {"_hex":"#FFFFFF","_rgb":[1,1,1]}
15.539564999984577	EXP	feedback_msg: contrast = 1
15.539564999984577	EXP	feedback_msg: height = 0.1
15.539564999984577	EXP	feedback_msg: bold = false
15.539564999984577	EXP	feedback_msg: italic = false
15.539564999984577	EXP	feedback_msg: alignHoriz = "left"
15.539564999984577	EXP	feedback_msg: alignVert = "center"
15.539564999984577	EXP	feedback_msg: wrapWidth = 1
15.539564999984577	EXP	feedback_msg: flipHoriz = false
15.539564999984577	EXP	feedback_msg: flipVert = false
15.539564999984577	EXP	thanks_text: units = "height"
15.539564999984577	EXP	thanks_text: ori = 0
15.539564999984577	EXP	thanks_text: opacity = 1
15.539564999984577	EXP	thanks_text: pos = [0,0]
15.539564999984577	EXP	thanks_text: size = undefined
15.539564999984577	EXP	thanks_text: text = "The End. \n \nThank you for your participation."
15.539564999984577	EXP	thanks_text: font = "Arial"
15.539564999984577	EXP	thanks_text: color = {"_hex":"#FFFFFF","_rgb":[1,1,1]}
15.539564999984577	EXP	thanks_text: contrast = 1
15.539564999984577	EXP	thanks_text: height = 0.1
15.539564999984577	EXP	thanks_text: bold = false
15.539564999984577	EXP	thanks_text: italic = false
15.539564999984577	EXP	thanks_text: alignHoriz = "left"
15.539564999984577	EXP	thanks_text: alignVert = "center"
15.539564999984577	EXP	thanks_text: wrapWidth = 1
15.539564999984577	EXP	thanks_text: flipHoriz = false
15.539564999984577	EXP	thanks_text: flipVert = false
15.539564999984577	EXP	instructs_text: text = "You will be presented with words or images to classify into categories using either the 'A' or 'L' key. \r\n \r\nTry to go as fast as possible while making as few mistakes as possible. \r\n"
15.539564999984577	EXP	instructs_text: autoDraw = true
15.539564999984577	EXP	instr_done_button: autoDraw = true
15.539564999984577	EXP	instr_done_label: autoDraw = true
18.65149499999825	DATA	Mouse: 0 button down, pos=(974,986)
18.676394999958575	EXP	instructs_text: autoDraw = false
18.676394999958575	EXP	instr_done_button: autoDraw = false
18.676394999958575	EXP	instr_done_label: autoDraw = false
18.676394999958575	EXP	instructs_text: text = "Keep in mind: \r\n \r\n1) Labels at the top of the screen indicate which catogory goes with which key. \r\n \r\n2) Each word or image has a correct catogory classification \r\n \r\n3) Keep your index fingers on the A and L keys to enable a rapid response. \r\n \r\n4) The test gives no results if you go slow- please try to go as fast as possible \r\n"
18.676394999958575	EXP	instructs_text: autoDraw = true
18.676394999958575	EXP	instr_done_button: autoDraw = true
18.676394999958575	EXP	instr_done_label: autoDraw = true
18.760305000003427	DATA	Mouse: 0 button down, pos=(974,986)
19.73664999997709	DATA	Mouse: 0 button down, pos=(959,970)
19.77902500005439	EXP	instructs_text: autoDraw = false
19.77902500005439	EXP	instr_done_button: autoDraw = false
19.77902500005439	EXP	instr_done_label: autoDraw = false
19.77902500005439	EXP	ready_label_L: text = "A = \r\nPositive"
19.77902500005439	EXP	ready_label_R: text = "L = \r\nNegative"
19.77902500005439	EXP	main_ready_msg: autoDraw = true
19.77902500005439	EXP	button_L: autoDraw = true
19.77902500005439	EXP	ready_label_L: autoDraw = true
19.77902500005439	EXP	button_R: autoDraw = true
19.77902500005439	EXP	ready_label_R: autoDraw = true
19.880540000041947	DATA	Mouse: 0 button down, pos=(959,970)
22.57640000001993	DATA	Mouse: 0 button down, pos=(1292,906)
22.608905000030063	EXP	main_ready_msg: autoDraw = false
22.608905000030063	EXP	button_L: autoDraw = false
22.608905000030063	EXP	ready_label_L: autoDraw = false
22.608905000030063	EXP	button_R: autoDraw = false
22.608905000030063	EXP	ready_label_R: autoDraw = false
22.608905000030063	EXP	image_stim: image = {}
22.608905000030063	EXP	text_stim: text = "Joy"
22.608905000030063	EXP	trial_label_left: text = "A = \r\nPositive"
22.608905000030063	EXP	trial_label_right: text = "L = \r\nNegative"
22.608905000030063	EXP	fixation: autoDraw = true
22.6961949999677	DATA	Mouse: 0 button down, pos=(1292,906)
23.113404999952763	EXP	fixation: autoDraw = false
23.113404999952763	EXP	image_stim: autoDraw = true
23.113404999952763	EXP	text_stim: autoDraw = true
23.113404999952763	EXP	button_left: autoDraw = true
23.113404999952763	EXP	trial_label_left: autoDraw = true
23.113404999952763	EXP	button_right: autoDraw = true
23.113404999952763	EXP	trial_label_right: autoDraw = true
25.7449000000488	DATA	Mouse: 0 button down, pos=(499,873)
25.756590000004508	EXP	fixation: autoDraw = false
25.756590000004508	EXP	image_stim: autoDraw = false
25.756590000004508	EXP	text_stim: autoDraw = false
25.756590000004508	EXP	button_left: autoDraw = false
25.756590000004508	EXP	trial_label_left: autoDraw = false
25.756590000004508	EXP	button_right: autoDraw = false
25.756590000004508	EXP	trial_label_right: autoDraw = false
25.756590000004508	EXP	feedback_msg: text = "+"
25.756590000004508	EXP	feedback_msg: autoDraw = true
25.848250000039116	DATA	Mouse: 0 button down, pos=(499,873)
26.75586499995552	EXP	feedback_msg: autoDraw = false
26.75586499995552	EXP	feedback_msg: autoDraw = false
26.75586499995552	EXP	image_stim: image = {}
26.75586499995552	EXP	text_stim: text = "Happy"
26.75586499995552	EXP	trial_label_left: text = "A = \r\nPositive"
26.75586499995552	EXP	trial_label_right: text = "L = \r\nNegative"
26.75586499995552	EXP	fixation: autoDraw = true
27.255725000053644	EXP	fixation: autoDraw = false
27.277989999973215	EXP	image_stim: autoDraw = true
27.277989999973215	EXP	text_stim: autoDraw = true
27.277989999973215	EXP	button_left: autoDraw = true
27.277989999973215	EXP	trial_label_left: autoDraw = true
27.277989999973215	EXP	button_right: autoDraw = true
27.277989999973215	EXP	trial_label_right: autoDraw = true
28.096585000050254	DATA	Mouse: 0 button down, pos=(532,815)
28.109375	EXP	fixation: autoDraw = false
28.109375	EXP	image_stim: autoDraw = false
28.109375	EXP	text_stim: autoDraw = false
28.109375	EXP	button_left: autoDraw = false
28.109375	EXP	trial_label_left: autoDraw = false
28.109375	EXP	button_right: autoDraw = false
28.109375	EXP	trial_label_right: autoDraw = false
28.109375	EXP	feedback_msg: text = "+"
28.109375	EXP	feedback_msg: autoDraw = true
28.192009999998845	DATA	Mouse: 0 button down, pos=(532,815)
29.10805999999866	EXP	feedback_msg: autoDraw = false
29.10805999999866	EXP	feedback_msg: autoDraw = false
29.10805999999866	EXP	image_stim: image = {}
29.10805999999866	EXP	text_stim: text = "Love"
29.10805999999866	EXP	trial_label_left: text = "A = \r\nPositive"
29.10805999999866	EXP	trial_label_right: text = "L = \r\nNegative"
29.10805999999866	EXP	fixation: autoDraw = true
29.613050000043586	EXP	fixation: autoDraw = false
29.613050000043586	EXP	image_stim: autoDraw = true
29.613050000043586	EXP	text_stim: autoDraw = true
29.613050000043586	EXP	button_left: autoDraw = true
29.613050000043586	EXP	trial_label_left: autoDraw = true
29.613050000043586	EXP	button_right: autoDraw = true
29.613050000043586	EXP	trial_label_right: autoDraw = true
30.12109499995131	DATA	Mouse: 0 button down, pos=(532,815)
30.127444999990985	EXP	fixation: autoDraw = false
30.127444999990985	EXP	image_stim: autoDraw = false
30.127444999990985	EXP	text_stim: autoDraw = false
30.127444999990985	EXP	button_left: autoDraw = false
30.127444999990985	EXP	trial_label_left: autoDraw = false
30.127444999990985	EXP	button_right: autoDraw = false
30.127444999990985	EXP	trial_label_right: autoDraw = false
30.127444999990985	EXP	feedback_msg: text = "+"
30.127444999990985	EXP	feedback_msg: autoDraw = true
30.22432000003755	DATA	Mouse: 0 button down, pos=(532,815)
31.126810000045225	EXP	feedback_msg: autoDraw = false
31.126810000045225	EXP	feedback_msg: autoDraw = false
31.126810000045225	EXP	image_stim: image = {}
31.126810000045225	EXP	text_stim: text = "Nasty"
31.126810000045225	EXP	trial_label_left: text = "A = \r\nPositive"
31.126810000045225	EXP	trial_label_right: text = "L = \r\nNegative"
31.126810000045225	EXP	fixation: autoDraw = true
31.634139999980107	EXP	fixation: autoDraw = false
31.634139999980107	EXP	image_stim: autoDraw = true
31.634139999980107	EXP	text_stim: autoDraw = true
31.634139999980107	EXP	button_left: autoDraw = true
31.634139999980107	EXP	trial_label_left: autoDraw = true
31.634139999980107	EXP	button_right: autoDraw = true
31.634139999980107	EXP	trial_label_right: autoDraw = true
32.7620299999835	DATA	Mouse: 0 button down, pos=(1417,867)
32.78051499999128	EXP	fixation: autoDraw = false
32.78051499999128	EXP	image_stim: autoDraw = false
32.78051499999128	EXP	text_stim: autoDraw = false
32.78051499999128	EXP	button_left: autoDraw = false
32.78051499999128	EXP	trial_label_left: autoDraw = false
32.78051499999128	EXP	button_right: autoDraw = false
32.78051499999128	EXP	trial_label_right: autoDraw = false
32.78051499999128	EXP	feedback_msg: text = "+"
32.78051499999128	EXP	feedback_msg: autoDraw = true
32.88039499998558	DATA	Mouse: 0 button down, pos=(1417,867)
33.77940999995917	EXP	feedback_msg: autoDraw = false
33.77940999995917	EXP	feedback_msg: autoDraw = false
33.77940999995917	EXP	image_stim: image = {}
33.77940999995917	EXP	text_stim: text = "Hurt"
33.77940999995917	EXP	trial_label_left: text = "A = \r\nPositive"
33.77940999995917	EXP	trial_label_right: text = "L = \r\nNegative"
33.77940999995917	EXP	fixation: autoDraw = true
34.28386500000488	EXP	fixation: autoDraw = false
34.28386500000488	EXP	image_stim: autoDraw = true
34.28386500000488	EXP	text_stim: autoDraw = true
34.28386500000488	EXP	button_left: autoDraw = true
34.28386500000488	EXP	trial_label_left: autoDraw = true
34.28386500000488	EXP	button_right: autoDraw = true
34.28386500000488	EXP	trial_label_right: autoDraw = true
34.897624999983236	DATA	Mouse: 0 button down, pos=(1417,867)
34.915765000041574	EXP	fixation: autoDraw = false
34.915765000041574	EXP	image_stim: autoDraw = false
34.915765000041574	EXP	text_stim: autoDraw = false
34.915765000041574	EXP	button_left: autoDraw = false
34.915765000041574	EXP	trial_label_left: autoDraw = false
34.915765000041574	EXP	button_right: autoDraw = false
34.915765000041574	EXP	trial_label_right: autoDraw = false
34.915765000041574	EXP	feedback_msg: text = "+"
34.915765000041574	EXP	feedback_msg: autoDraw = true
35.00820499996189	DATA	Mouse: 0 button down, pos=(1417,867)
35.91530500003137	EXP	feedback_msg: autoDraw = false
35.91530500003137	EXP	feedback_msg: autoDraw = false
35.91530500003137	EXP	image_stim: image = {}
35.91530500003137	EXP	text_stim: text = "Pleasure"
35.91530500003137	EXP	trial_label_left: text = "A = \r\nPositive"
35.91530500003137	EXP	trial_label_right: text = "L = \r\nNegative"
35.91530500003137	EXP	fixation: autoDraw = true
36.41466000000946	EXP	fixation: autoDraw = false
36.43660500005353	EXP	image_stim: autoDraw = true
36.43660500005353	EXP	text_stim: autoDraw = true
36.43660500005353	EXP	button_left: autoDraw = true
36.43660500005353	EXP	trial_label_left: autoDraw = true
36.43660500005353	EXP	button_right: autoDraw = true
36.43660500005353	EXP	trial_label_right: autoDraw = true
37.433530000038445	DATA	Mouse: 0 button down, pos=(475,786)
37.45099499996286	EXP	fixation: autoDraw = false
37.45099499996286	EXP	image_stim: autoDraw = false
37.45099499996286	EXP	text_stim: autoDraw = false
37.45099499996286	EXP	button_left: autoDraw = false
37.45099499996286	EXP	trial_label_left: autoDraw = false
37.45099499996286	EXP	button_right: autoDraw = false
37.45099499996286	EXP	trial_label_right: autoDraw = false
37.45099499996286	EXP	feedback_msg: text = "+"
37.45099499996286	EXP	feedback_msg: autoDraw = true
37.56816000002436	DATA	Mouse: 0 button down, pos=(475,786)
38.45094999996945	EXP	feedback_msg: autoDraw = false
38.45094999996945	EXP	feedback_msg: autoDraw = false
38.45094999996945	EXP	image_stim: image = {}
38.45094999996945	EXP	text_stim: text = "Good"
38.45094999996945	EXP	trial_label_left: text = "A = \r\nPositive"
38.45094999996945	EXP	trial_label_right: text = "L = \r\nNegative"
38.45094999996945	EXP	fixation: autoDraw = true
38.9628200000152	EXP	fixation: autoDraw = false
38.9628200000152	EXP	image_stim: autoDraw = true
38.9628200000152	EXP	text_stim: autoDraw = true
38.9628200000152	EXP	button_left: autoDraw = true
38.9628200000152	EXP	trial_label_left: autoDraw = true
38.9628200000152	EXP	button_right: autoDraw = true
38.9628200000152	EXP	trial_label_right: autoDraw = true
39.96822499996051	DATA	Mouse: wheel shift=(0,-100), pos=(1159,536)
39.98463500000071	DATA	Mouse: wheel shift=(0,-300), pos=(1160,540)
40.001004999969155	DATA	Mouse: wheel shift=(0,-100), pos=(1160,540)
40.034319999977015	DATA	Mouse: wheel shift=(0,-100), pos=(1160,540)
40.40904000005685	DATA	Keydown: Escape
