0.15482500003417954	EXP	Created Window = Window( name=Window, fullscr=true, color=#000000, units=height, waitBlanking=true, autoLog=true, size=[1366,625] )
3.9595400000107475	DATA	Keydown: o
3.964009999996051	DATA	Keydown: l
4.025205000012647	DATA	Keydown: h
4.1545700000133365	DATA	Keydown: p
468.37560500000836	EXP	Created instructs_text = TextStim( name=instructs_text, win=Window( name=Window, fullscr=true, color=#000000, ~), autoDraw=null, autoLog=true, units=height, ori=null, opacity=1, pos=[0,0], size=undefined, text=default text, font=Arial, color=#FFFFFF, contrast=1, height=0.03, bold=null, italic=null, alignHoriz=left, alignVert=center, wrapWidth=1, flipHoriz=null, flipVert=null )
468.3815900000045	EXP	Created instr_done_button = Rect( name=instr_done_button, win=Window( name=Window, fullscr=true, color=#000000, ~), autoDraw=null, autoLog=true, units=height, ori=null, opacity=1, pos=[0,-0.4], size=[1,1], lineWidth=1, lineColor=#006400, fillColor=#90EE90, vertices=[[-0.2,-0.05],[0.2,-0.05],[0.2,0.05],[-0.2,0.05]], closeShape=true, contrast=1, depth=-3, interpolate=true, width=0.4, height=0.1 )
468.3826350000454	EXP	Created instr_done_label = TextStim( name=instr_done_label, win=Window( name=Window, fullscr=true, color=#000000, ~), autoDraw=null, autoLog=true, units=height, ori=null, opacity=1, pos=[0,-0.4], size=undefined, text=Next..., font=Arial, color=#006400, contrast=1, height=0.05, bold=null, italic=null, alignHoriz=left, alignVert=center, wrapWidth=1, flipHoriz=null, flipVert=null )
468.3841750000138	EXP	Created main_ready_msg = TextStim( name=main_ready_msg, win=Window( name=Window, fullscr=true, color=#000000, ~), autoDraw=null, autoLog=true, units=height, ori=null, opacity=1, pos=[0,0], size=undefined, text=Take note of the categories below
 
Position your ~, font=Arial, color=#FFFFFF, contrast=1, height=0.03, bold=null, italic=null, alignHoriz=left, alignVert=center, wrapWidth=1, flipHoriz=null, flipVert=null )
468.38665500003844	EXP	Created button_L = Rect( name=button_L, win=Window( name=Window, fullscr=true, color=#000000, ~), autoDraw=null, autoLog=true, units=height, ori=null, opacity=1, pos=[-0.4,-0.3], size=[1,1], lineWidth=1, lineColor=#006400, fillColor=#90EE90, vertices=[[-0.2,-0.1],[0.2,-0.1],[0.2,0.1],[-0.2,0.1]], closeShape=true, contrast=1, depth=-1, interpolate=true, width=0.4, height=0.2 )
468.38784000003943	EXP	Created ready_label_L = TextStim( name=ready_label_L, win=Window( name=Window, fullscr=true, color=#000000, ~), autoDraw=null, autoLog=true, units=height, ori=null, opacity=1, pos=[-0.4,-0.3], size=undefined, text=default text, font=Arial, color=#006400, contrast=1, height=0.05, bold=null, italic=null, alignHoriz=left, alignVert=center, wrapWidth=1, flipHoriz=null, flipVert=null )
468.3900900000008	EXP	Created button_R = Rect( name=button_R, win=Window( name=Window, fullscr=true, color=#000000, ~), autoDraw=null, autoLog=true, units=height, ori=null, opacity=1, pos=[0.4,-0.3], size=[1,1], lineWidth=1, lineColor=#006400, fillColor=#90EE90, vertices=[[-0.2,-0.1],[0.2,-0.1],[0.2,0.1],[-0.2,0.1]], closeShape=true, contrast=1, depth=-3, interpolate=true, width=0.4, height=0.2 )
468.3908850000007	EXP	Created ready_label_R = TextStim( name=ready_label_R, win=Window( name=Window, fullscr=true, color=#000000, ~), autoDraw=null, autoLog=true, units=height, ori=null, opacity=1, pos=[0.4,-0.3], size=undefined, text=default text, font=Arial, color=#006400, contrast=1, height=0.05, bold=null, italic=null, alignHoriz=left, alignVert=center, wrapWidth=1, flipHoriz=null, flipVert=null )
468.39247500000056	EXP	Created fixation = TextStim( name=fixation, win=Window( name=Window, fullscr=true, color=#000000, ~), autoDraw=null, autoLog=true, units=height, ori=null, opacity=1, pos=[0,0], size=undefined, text=+, font=Arial, color=#FFFFFF, contrast=1, height=0.1, bold=null, italic=null, alignHoriz=left, alignVert=center, wrapWidth=1, flipHoriz=null, flipVert=null )
468.39604000002146	EXP	Created image_stim = ImageStim( name=image_stim, win=Window( name=Window, fullscr=true, color=#000000, ~), autoDraw=null, autoLog=true, units=height, ori=null, opacity=1, pos=[0,0], size=[0.5,0.5], image=undefined, mask=undefined, color=#ffffff, contrast=1, texRes=128, interpolate=true, depth=-1, flipHoriz=null, flipVert=null )
468.3966900000232	EXP	Created text_stim = TextStim( name=text_stim, win=Window( name=Window, fullscr=true, color=#000000, ~), autoDraw=null, autoLog=true, units=height, ori=null, opacity=1, pos=[0,0], size=undefined, text=default text, font=Arial, color=#FFFFFF, contrast=1, height=0.05, bold=null, italic=null, alignHoriz=left, alignVert=center, wrapWidth=1, flipHoriz=null, flipVert=null )
468.399550000031	EXP	Created button_left = Rect( name=button_left, win=Window( name=Window, fullscr=true, color=#000000, ~), autoDraw=null, autoLog=true, units=height, ori=null, opacity=1, pos=[-0.4,-0.3], size=[1,1], lineWidth=1, lineColor=#006400, fillColor=#90EE90, vertices=[[-0.2,-0.1],[0.2,-0.1],[0.2,0.1],[-0.2,0.1]], closeShape=true, contrast=1, depth=-6, interpolate=true, width=0.4, height=0.2 )
468.4002150000306	EXP	Created trial_label_left = TextStim( name=trial_label_left, win=Window( name=Window, fullscr=true, color=#000000, ~), autoDraw=null, autoLog=true, units=height, ori=null, opacity=1, pos=[-0.4,-0.3], size=undefined, text=default text, font=Arial, color=#006400, contrast=1, height=0.05, bold=null, italic=null, alignHoriz=left, alignVert=center, wrapWidth=1, flipHoriz=null, flipVert=null )
468.40212500002235	EXP	Created button_right = Rect( name=button_right, win=Window( name=Window, fullscr=true, color=#000000, ~), autoDraw=null, autoLog=true, units=height, ori=null, opacity=1, pos=[0.4,-0.3], size=[1,1], lineWidth=1, lineColor=#006400, fillColor=#90EE90, vertices=[[-0.2,-0.1],[0.2,-0.1],[0.2,0.1],[-0.2,0.1]], closeShape=true, contrast=1, depth=-8, interpolate=true, width=0.4, height=0.2 )
468.402705000015	EXP	Created trial_label_right = TextStim( name=trial_label_right, win=Window( name=Window, fullscr=true, color=#000000, ~), autoDraw=null, autoLog=true, units=height, ori=null, opacity=1, pos=[0.4,-0.3], size=undefined, text=default text, font=Arial, color=#006400, contrast=1, height=0.05, bold=null, italic=null, alignHoriz=left, alignVert=center, wrapWidth=1, flipHoriz=null, flipVert=null )
468.40325000003213	EXP	Created feedback_msg = TextStim( name=feedback_msg, win=Window( name=Window, fullscr=true, color=#000000, ~), autoDraw=null, autoLog=true, units=height, ori=null, opacity=1, pos=[0,0], size=undefined, text=default text, font=Arial, color=#FFFFFF, contrast=1, height=0.1, bold=null, italic=null, alignHoriz=left, alignVert=center, wrapWidth=1, flipHoriz=null, flipVert=null )
468.4037600000156	EXP	Created thanks_text = TextStim( name=thanks_text, win=Window( name=Window, fullscr=true, color=#000000, ~), autoDraw=null, autoLog=true, units=height, ori=null, opacity=1, pos=[0,0], size=undefined, text=The End. 
 
Thank you for your participation., font=Arial, color=#FFFFFF, contrast=1, height=0.1, bold=null, italic=null, alignHoriz=left, alignVert=center, wrapWidth=1, flipHoriz=null, flipVert=null )
468.49700000003213	EXP	instructs_text: units = "height"
468.49700000003213	EXP	instructs_text: ori = 0
468.49700000003213	EXP	instructs_text: opacity = 1
468.49700000003213	EXP	instructs_text: pos = [0,0]
468.49700000003213	EXP	instructs_text: size = undefined
468.49700000003213	EXP	instructs_text: text = "default text"
468.49700000003213	EXP	instructs_text: font = "Arial"
468.49700000003213	EXP	instructs_text: color = {"_hex":"#FFFFFF","_rgb":[1,1,1]}
468.49700000003213	EXP	instructs_text: contrast = 1
468.49700000003213	EXP	instructs_text: height = 0.03
468.49700000003213	EXP	instructs_text: bold = false
468.49700000003213	EXP	instructs_text: italic = false
468.49700000003213	EXP	instructs_text: alignHoriz = "left"
468.49700000003213	EXP	instructs_text: alignVert = "center"
468.49700000003213	EXP	instructs_text: wrapWidth = 1
468.49700000003213	EXP	instructs_text: flipHoriz = false
468.49700000003213	EXP	instructs_text: flipVert = false
468.49700000003213	EXP	instr_done_button: units = "height"
468.49700000003213	EXP	instr_done_button: ori = 0
468.49700000003213	EXP	instr_done_button: opacity = 1
468.49700000003213	EXP	instr_done_button: pos = [0,-0.4]
468.49700000003213	EXP	instr_done_button: size = [1,1]
468.49700000003213	EXP	instr_done_button: lineWidth = 1
468.49700000003213	EXP	instr_done_button: lineColor = {"_hex":"#006400","_rgb":[0,0.39215686274509803,0]}
468.49700000003213	EXP	instr_done_button: fillColor = {"_hex":"#90EE90","_rgb":[0.5647058823529412,0.9333333333333333,0.5647058823529412]}
468.49700000003213	EXP	instr_done_button: vertices = [[-0.5,0],[0,0.5],[0.5,0]]
468.49700000003213	EXP	instr_done_button: closeShape = true
468.49700000003213	EXP	instr_done_button: contrast = 1
468.49700000003213	EXP	instr_done_button: depth = -3
468.49700000003213	EXP	instr_done_button: interpolate = true
468.49700000003213	EXP	instr_done_button: width = 0.4
468.49700000003213	EXP	instr_done_button: vertices = [[-0.2,null],[0.2,null],[0.2,null],[-0.2,null]]
468.49700000003213	EXP	instr_done_button: height = 0.1
468.49700000003213	EXP	instr_done_button: vertices = [[-0.2,-0.05],[0.2,-0.05],[0.2,0.05],[-0.2,0.05]]
468.49700000003213	EXP	instr_done_button: vertices = [[-0.2,-0.05],[0.2,-0.05],[0.2,0.05],[-0.2,0.05]]
468.49700000003213	EXP	instr_done_label: units = "height"
468.49700000003213	EXP	instr_done_label: ori = 0
468.49700000003213	EXP	instr_done_label: opacity = 1
468.49700000003213	EXP	instr_done_label: pos = [0,-0.4]
468.49700000003213	EXP	instr_done_label: size = undefined
468.49700000003213	EXP	instr_done_label: text = "Next..."
468.49700000003213	EXP	instr_done_label: font = "Arial"
468.49700000003213	EXP	instr_done_label: color = {"_hex":"#006400","_rgb":[0,0.39215686274509803,0]}
468.49700000003213	EXP	instr_done_label: contrast = 1
468.49700000003213	EXP	instr_done_label: height = 0.05
468.49700000003213	EXP	instr_done_label: bold = false
468.49700000003213	EXP	instr_done_label: italic = false
468.49700000003213	EXP	instr_done_label: alignHoriz = "left"
468.49700000003213	EXP	instr_done_label: alignVert = "center"
468.49700000003213	EXP	instr_done_label: wrapWidth = 1
468.49700000003213	EXP	instr_done_label: flipHoriz = false
468.49700000003213	EXP	instr_done_label: flipVert = false
468.49700000003213	EXP	main_ready_msg: units = "height"
468.49700000003213	EXP	main_ready_msg: ori = 0
468.49700000003213	EXP	main_ready_msg: opacity = 1
468.49700000003213	EXP	main_ready_msg: pos = [0,0]
468.49700000003213	EXP	main_ready_msg: size = undefined
468.49700000003213	EXP	main_ready_msg: text = "Take note of the categories below\n \nPosition your index fingers \n \nPress the space bar (or one of the green buttons) to begin"
468.49700000003213	EXP	main_ready_msg: font = "Arial"
468.49700000003213	EXP	main_ready_msg: color = {"_hex":"#FFFFFF","_rgb":[1,1,1]}
468.49700000003213	EXP	main_ready_msg: contrast = 1
468.49700000003213	EXP	main_ready_msg: height = 0.03
468.49700000003213	EXP	main_ready_msg: bold = false
468.49700000003213	EXP	main_ready_msg: italic = false
468.49700000003213	EXP	main_ready_msg: alignHoriz = "left"
468.49700000003213	EXP	main_ready_msg: alignVert = "center"
468.49700000003213	EXP	main_ready_msg: wrapWidth = 1
468.49700000003213	EXP	main_ready_msg: flipHoriz = false
468.49700000003213	EXP	main_ready_msg: flipVert = false
468.49700000003213	EXP	button_L: units = "height"
468.49700000003213	EXP	button_L: ori = 0
468.49700000003213	EXP	button_L: opacity = 1
468.49700000003213	EXP	button_L: pos = [-0.4,-0.3]
468.49700000003213	EXP	button_L: size = [1,1]
468.49700000003213	EXP	button_L: lineWidth = 1
468.49700000003213	EXP	button_L: lineColor = {"_hex":"#006400","_rgb":[0,0.39215686274509803,0]}
468.49700000003213	EXP	button_L: fillColor = {"_hex":"#90EE90","_rgb":[0.5647058823529412,0.9333333333333333,0.5647058823529412]}
468.49700000003213	EXP	button_L: vertices = [[-0.5,0],[0,0.5],[0.5,0]]
468.49700000003213	EXP	button_L: closeShape = true
468.49700000003213	EXP	button_L: contrast = 1
468.49700000003213	EXP	button_L: depth = -1
468.49700000003213	EXP	button_L: interpolate = true
468.49700000003213	EXP	button_L: width = 0.4
468.49700000003213	EXP	button_L: vertices = [[-0.2,null],[0.2,null],[0.2,null],[-0.2,null]]
468.49700000003213	EXP	button_L: height = 0.2
468.49700000003213	EXP	button_L: vertices = [[-0.2,-0.1],[0.2,-0.1],[0.2,0.1],[-0.2,0.1]]
468.49700000003213	EXP	button_L: vertices = [[-0.2,-0.1],[0.2,-0.1],[0.2,0.1],[-0.2,0.1]]
468.49700000003213	EXP	ready_label_L: units = "height"
468.49700000003213	EXP	ready_label_L: ori = 0
468.49700000003213	EXP	ready_label_L: opacity = 1
468.49700000003213	EXP	ready_label_L: pos = [-0.4,-0.3]
468.49700000003213	EXP	ready_label_L: size = undefined
468.49700000003213	EXP	ready_label_L: text = "default text"
468.49700000003213	EXP	ready_label_L: font = "Arial"
468.49700000003213	EXP	ready_label_L: color = {"_hex":"#006400","_rgb":[0,0.39215686274509803,0]}
468.49700000003213	EXP	ready_label_L: contrast = 1
468.49700000003213	EXP	ready_label_L: height = 0.05
468.49700000003213	EXP	ready_label_L: bold = false
468.49700000003213	EXP	ready_label_L: italic = false
468.49700000003213	EXP	ready_label_L: alignHoriz = "left"
468.49700000003213	EXP	ready_label_L: alignVert = "center"
468.49700000003213	EXP	ready_label_L: wrapWidth = 1
468.49700000003213	EXP	ready_label_L: flipHoriz = false
468.49700000003213	EXP	ready_label_L: flipVert = false
468.49700000003213	EXP	button_R: units = "height"
468.49700000003213	EXP	button_R: ori = 0
468.49700000003213	EXP	button_R: opacity = 1
468.49700000003213	EXP	button_R: pos = [0.4,-0.3]
468.49700000003213	EXP	button_R: size = [1,1]
468.49700000003213	EXP	button_R: lineWidth = 1
468.49700000003213	EXP	button_R: lineColor = {"_hex":"#006400","_rgb":[0,0.39215686274509803,0]}
468.49700000003213	EXP	button_R: fillColor = {"_hex":"#90EE90","_rgb":[0.5647058823529412,0.9333333333333333,0.5647058823529412]}
468.49700000003213	EXP	button_R: vertices = [[-0.5,0],[0,0.5],[0.5,0]]
468.49700000003213	EXP	button_R: closeShape = true
468.49700000003213	EXP	button_R: contrast = 1
468.49700000003213	EXP	button_R: depth = -3
468.49700000003213	EXP	button_R: interpolate = true
468.49700000003213	EXP	button_R: width = 0.4
468.49700000003213	EXP	button_R: vertices = [[-0.2,null],[0.2,null],[0.2,null],[-0.2,null]]
468.49700000003213	EXP	button_R: height = 0.2
468.49700000003213	EXP	button_R: vertices = [[-0.2,-0.1],[0.2,-0.1],[0.2,0.1],[-0.2,0.1]]
468.49700000003213	EXP	button_R: vertices = [[-0.2,-0.1],[0.2,-0.1],[0.2,0.1],[-0.2,0.1]]
468.49700000003213	EXP	ready_label_R: units = "height"
468.49700000003213	EXP	ready_label_R: ori = 0
468.49700000003213	EXP	ready_label_R: opacity = 1
468.49700000003213	EXP	ready_label_R: pos = [0.4,-0.3]
468.49700000003213	EXP	ready_label_R: size = undefined
468.49700000003213	EXP	ready_label_R: text = "default text"
468.49700000003213	EXP	ready_label_R: font = "Arial"
468.49700000003213	EXP	ready_label_R: color = {"_hex":"#006400","_rgb":[0,0.39215686274509803,0]}
468.49700000003213	EXP	ready_label_R: contrast = 1
468.49700000003213	EXP	ready_label_R: height = 0.05
468.49700000003213	EXP	ready_label_R: bold = false
468.49700000003213	EXP	ready_label_R: italic = false
468.49700000003213	EXP	ready_label_R: alignHoriz = "left"
468.49700000003213	EXP	ready_label_R: alignVert = "center"
468.49700000003213	EXP	ready_label_R: wrapWidth = 1
468.49700000003213	EXP	ready_label_R: flipHoriz = false
468.49700000003213	EXP	ready_label_R: flipVert = false
468.49700000003213	EXP	fixation: units = "height"
468.49700000003213	EXP	fixation: ori = 0
468.49700000003213	EXP	fixation: opacity = 1
468.49700000003213	EXP	fixation: pos = [0,0]
468.49700000003213	EXP	fixation: size = undefined
468.49700000003213	EXP	fixation: text = "+"
468.49700000003213	EXP	fixation: font = "Arial"
468.49700000003213	EXP	fixation: color = {"_hex":"#FFFFFF","_rgb":[1,1,1]}
468.49700000003213	EXP	fixation: contrast = 1
468.49700000003213	EXP	fixation: height = 0.1
468.49700000003213	EXP	fixation: bold = false
468.49700000003213	EXP	fixation: italic = false
468.49700000003213	EXP	fixation: alignHoriz = "left"
468.49700000003213	EXP	fixation: alignVert = "center"
468.49700000003213	EXP	fixation: wrapWidth = 1
468.49700000003213	EXP	fixation: flipHoriz = false
468.49700000003213	EXP	fixation: flipVert = false
468.49700000003213	EXP	image_stim: units = "height"
468.49700000003213	EXP	image_stim: ori = 0
468.49700000003213	EXP	image_stim: opacity = 1
468.49700000003213	EXP	image_stim: pos = [0,0]
468.49700000003213	EXP	image_stim: size = [0.5,0.5]
468.49700000003213	EXP	image_stim: image = undefined
468.49700000003213	EXP	image_stim: mask = undefined
468.49700000003213	EXP	image_stim: color = {"_rgb":[1,1,1]}
468.49700000003213	EXP	image_stim: contrast = 1
468.49700000003213	EXP	image_stim: texRes = 128
468.49700000003213	EXP	image_stim: interpolate = true
468.49700000003213	EXP	image_stim: depth = -1
468.49700000003213	EXP	image_stim: flipHoriz = false
468.49700000003213	EXP	image_stim: flipVert = false
468.49700000003213	EXP	text_stim: units = "height"
468.49700000003213	EXP	text_stim: ori = 0
468.49700000003213	EXP	text_stim: opacity = 1
468.49700000003213	EXP	text_stim: pos = [0,0]
468.49700000003213	EXP	text_stim: size = undefined
468.49700000003213	EXP	text_stim: text = "default text"
468.49700000003213	EXP	text_stim: font = "Arial"
468.49700000003213	EXP	text_stim: color = {"_hex":"#FFFFFF","_rgb":[1,1,1]}
468.49700000003213	EXP	text_stim: contrast = 1
468.49700000003213	EXP	text_stim: height = 0.05
468.49700000003213	EXP	text_stim: bold = false
468.49700000003213	EXP	text_stim: italic = false
468.49700000003213	EXP	text_stim: alignHoriz = "left"
468.49700000003213	EXP	text_stim: alignVert = "center"
468.49700000003213	EXP	text_stim: wrapWidth = 1
468.49700000003213	EXP	text_stim: flipHoriz = false
468.49700000003213	EXP	text_stim: flipVert = false
468.49700000003213	EXP	button_left: units = "height"
468.49700000003213	EXP	button_left: ori = 0
468.49700000003213	EXP	button_left: opacity = 1
468.49700000003213	EXP	button_left: pos = [-0.4,-0.3]
468.49700000003213	EXP	button_left: size = [1,1]
468.49700000003213	EXP	button_left: lineWidth = 1
468.49700000003213	EXP	button_left: lineColor = {"_hex":"#006400","_rgb":[0,0.39215686274509803,0]}
468.49700000003213	EXP	button_left: fillColor = {"_hex":"#90EE90","_rgb":[0.5647058823529412,0.9333333333333333,0.5647058823529412]}
468.49700000003213	EXP	button_left: vertices = [[-0.5,0],[0,0.5],[0.5,0]]
468.49700000003213	EXP	button_left: closeShape = true
468.49700000003213	EXP	button_left: contrast = 1
468.49700000003213	EXP	button_left: depth = -6
468.49700000003213	EXP	button_left: interpolate = true
468.49700000003213	EXP	button_left: width = 0.4
468.49700000003213	EXP	button_left: vertices = [[-0.2,null],[0.2,null],[0.2,null],[-0.2,null]]
468.49700000003213	EXP	button_left: height = 0.2
468.49700000003213	EXP	button_left: vertices = [[-0.2,-0.1],[0.2,-0.1],[0.2,0.1],[-0.2,0.1]]
468.49700000003213	EXP	button_left: vertices = [[-0.2,-0.1],[0.2,-0.1],[0.2,0.1],[-0.2,0.1]]
468.49700000003213	EXP	trial_label_left: units = "height"
468.49700000003213	EXP	trial_label_left: ori = 0
468.49700000003213	EXP	trial_label_left: opacity = 1
468.49700000003213	EXP	trial_label_left: pos = [-0.4,-0.3]
468.49700000003213	EXP	trial_label_left: size = undefined
468.49700000003213	EXP	trial_label_left: text = "default text"
468.49700000003213	EXP	trial_label_left: font = "Arial"
468.49700000003213	EXP	trial_label_left: color = {"_hex":"#006400","_rgb":[0,0.39215686274509803,0]}
468.49700000003213	EXP	trial_label_left: contrast = 1
468.49700000003213	EXP	trial_label_left: height = 0.05
468.49700000003213	EXP	trial_label_left: bold = false
468.49700000003213	EXP	trial_label_left: italic = false
468.49700000003213	EXP	trial_label_left: alignHoriz = "left"
468.49700000003213	EXP	trial_label_left: alignVert = "center"
468.49700000003213	EXP	trial_label_left: wrapWidth = 1
468.49700000003213	EXP	trial_label_left: flipHoriz = false
468.49700000003213	EXP	trial_label_left: flipVert = false
468.49700000003213	EXP	button_right: units = "height"
468.49700000003213	EXP	button_right: ori = 0
468.49700000003213	EXP	button_right: opacity = 1
468.49700000003213	EXP	button_right: pos = [0.4,-0.3]
468.49700000003213	EXP	button_right: size = [1,1]
468.49700000003213	EXP	button_right: lineWidth = 1
468.49700000003213	EXP	button_right: lineColor = {"_hex":"#006400","_rgb":[0,0.39215686274509803,0]}
468.49700000003213	EXP	button_right: fillColor = {"_hex":"#90EE90","_rgb":[0.5647058823529412,0.9333333333333333,0.5647058823529412]}
468.49700000003213	EXP	button_right: vertices = [[-0.5,0],[0,0.5],[0.5,0]]
468.49700000003213	EXP	button_right: closeShape = true
468.49700000003213	EXP	button_right: contrast = 1
468.49700000003213	EXP	button_right: depth = -8
468.49700000003213	EXP	button_right: interpolate = true
468.49700000003213	EXP	button_right: width = 0.4
468.49700000003213	EXP	button_right: vertices = [[-0.2,null],[0.2,null],[0.2,null],[-0.2,null]]
468.49700000003213	EXP	button_right: height = 0.2
468.49700000003213	EXP	button_right: vertices = [[-0.2,-0.1],[0.2,-0.1],[0.2,0.1],[-0.2,0.1]]
468.49700000003213	EXP	button_right: vertices = [[-0.2,-0.1],[0.2,-0.1],[0.2,0.1],[-0.2,0.1]]
468.49700000003213	EXP	trial_label_right: units = "height"
468.49700000003213	EXP	trial_label_right: ori = 0
468.49700000003213	EXP	trial_label_right: opacity = 1
468.49700000003213	EXP	trial_label_right: pos = [0.4,-0.3]
468.49700000003213	EXP	trial_label_right: size = undefined
468.49700000003213	EXP	trial_label_right: text = "default text"
468.49700000003213	EXP	trial_label_right: font = "Arial"
468.49700000003213	EXP	trial_label_right: color = {"_hex":"#006400","_rgb":[0,0.39215686274509803,0]}
468.49700000003213	EXP	trial_label_right: contrast = 1
468.49700000003213	EXP	trial_label_right: height = 0.05
468.49700000003213	EXP	trial_label_right: bold = false
468.49700000003213	EXP	trial_label_right: italic = false
468.49700000003213	EXP	trial_label_right: alignHoriz = "left"
468.49700000003213	EXP	trial_label_right: alignVert = "center"
468.49700000003213	EXP	trial_label_right: wrapWidth = 1
468.49700000003213	EXP	trial_label_right: flipHoriz = false
468.49700000003213	EXP	trial_label_right: flipVert = false
468.49700000003213	EXP	feedback_msg: units = "height"
468.49700000003213	EXP	feedback_msg: ori = 0
468.49700000003213	EXP	feedback_msg: opacity = 1
468.49700000003213	EXP	feedback_msg: pos = [0,0]
468.49700000003213	EXP	feedback_msg: size = undefined
468.49700000003213	EXP	feedback_msg: text = "default text"
468.49700000003213	EXP	feedback_msg: font = "Arial"
468.49700000003213	EXP	feedback_msg: color = {"_hex":"#FFFFFF","_rgb":[1,1,1]}
468.49700000003213	EXP	feedback_msg: contrast = 1
468.49700000003213	EXP	feedback_msg: height = 0.1
468.49700000003213	EXP	feedback_msg: bold = false
468.49700000003213	EXP	feedback_msg: italic = false
468.49700000003213	EXP	feedback_msg: alignHoriz = "left"
468.49700000003213	EXP	feedback_msg: alignVert = "center"
468.49700000003213	EXP	feedback_msg: wrapWidth = 1
468.49700000003213	EXP	feedback_msg: flipHoriz = false
468.49700000003213	EXP	feedback_msg: flipVert = false
468.49700000003213	EXP	thanks_text: units = "height"
468.49700000003213	EXP	thanks_text: ori = 0
468.49700000003213	EXP	thanks_text: opacity = 1
468.49700000003213	EXP	thanks_text: pos = [0,0]
468.49700000003213	EXP	thanks_text: size = undefined
468.49700000003213	EXP	thanks_text: text = "The End. \n \nThank you for your participation."
468.49700000003213	EXP	thanks_text: font = "Arial"
468.49700000003213	EXP	thanks_text: color = {"_hex":"#FFFFFF","_rgb":[1,1,1]}
468.49700000003213	EXP	thanks_text: contrast = 1
468.49700000003213	EXP	thanks_text: height = 0.1
468.49700000003213	EXP	thanks_text: bold = false
468.49700000003213	EXP	thanks_text: italic = false
468.49700000003213	EXP	thanks_text: alignHoriz = "left"
468.49700000003213	EXP	thanks_text: alignVert = "center"
468.49700000003213	EXP	thanks_text: wrapWidth = 1
468.49700000003213	EXP	thanks_text: flipHoriz = false
468.49700000003213	EXP	thanks_text: flipVert = false
468.49700000003213	EXP	instructs_text: text = "You will be presented with words or images to classify into categories using either the 'A' or 'L' key. \r\n \r\nTry to go as fast as possible while making as few mistakes as possible. \r\n"
468.49700000003213	EXP	instructs_text: autoDraw = true
468.49700000003213	EXP	instr_done_button: autoDraw = true
468.49700000003213	EXP	instr_done_label: autoDraw = true
474.2228050000267	DATA	Mouse: 0 button down, pos=(704,668)
474.23659500002395	EXP	instructs_text: autoDraw = false
474.23659500002395	EXP	instr_done_button: autoDraw = false
474.23659500002395	EXP	instr_done_label: autoDraw = false
474.23659500002395	EXP	instructs_text: text = "Keep in mind: \r\n \r\n1) Labels at the top of the screen indicate which catogory goes with which key. \r\n \r\n2) Each word or image has a correct catogory classification \r\n \r\n3) Keep your index fingers on the A and L keys to enable a rapid response. \r\n \r\n4) The test gives no results if you go slow- please try to go as fast as possible \r\n"
474.23659500002395	EXP	instructs_text: autoDraw = true
474.23659500002395	EXP	instr_done_button: autoDraw = true
474.23659500002395	EXP	instr_done_label: autoDraw = true
474.33538500004215	DATA	Mouse: 0 button down, pos=(704,668)
478.12755999999354	DATA	Mouse: 0 button down, pos=(704,668)
478.1646400000318	EXP	instructs_text: autoDraw = false
478.1646400000318	EXP	instr_done_button: autoDraw = false
478.1646400000318	EXP	instr_done_label: autoDraw = false
478.1646400000318	EXP	ready_label_L: text = "A = \r\nPositive"
478.1646400000318	EXP	ready_label_R: text = "L = \r\nNegative"
478.1646400000318	EXP	main_ready_msg: autoDraw = true
478.1646400000318	EXP	button_L: autoDraw = true
478.1646400000318	EXP	ready_label_L: autoDraw = true
478.1646400000318	EXP	button_R: autoDraw = true
478.1646400000318	EXP	ready_label_R: autoDraw = true
478.31896000000415	DATA	Mouse: 0 button down, pos=(704,668)
483.23996000003535	DATA	Mouse: 0 button down, pos=(705,668)
483.34101000003284	DATA	Mouse: 0 button down, pos=(705,668)
485.8442149999901	DATA	Keydown:  
485.87427000002936	EXP	main_ready_msg: autoDraw = false
485.87427000002936	EXP	button_L: autoDraw = false
485.87427000002936	EXP	ready_label_L: autoDraw = false
485.87427000002936	EXP	button_R: autoDraw = false
485.87427000002936	EXP	ready_label_R: autoDraw = false
485.87427000002936	EXP	image_stim: image = {}
485.87427000002936	EXP	text_stim: text = "Agony"
485.87427000002936	EXP	trial_label_left: text = "A = \r\nPositive"
485.87427000002936	EXP	trial_label_right: text = "L = \r\nNegative"
485.87427000002936	EXP	fixation: autoDraw = true
486.43025500001386	EXP	fixation: autoDraw = false
486.43025500001386	EXP	image_stim: autoDraw = true
486.43025500001386	EXP	text_stim: autoDraw = true
486.43025500001386	EXP	button_left: autoDraw = true
486.43025500001386	EXP	trial_label_left: autoDraw = true
486.43025500001386	EXP	button_right: autoDraw = true
486.43025500001386	EXP	trial_label_right: autoDraw = true
489.88408500002697	DATA	Keydown: l
489.894895000034	EXP	fixation: autoDraw = false
489.894895000034	EXP	image_stim: autoDraw = false
489.894895000034	EXP	text_stim: autoDraw = false
489.894895000034	EXP	button_left: autoDraw = false
489.894895000034	EXP	trial_label_left: autoDraw = false
489.894895000034	EXP	button_right: autoDraw = false
489.894895000034	EXP	trial_label_right: autoDraw = false
489.894895000034	EXP	feedback_msg: text = "+"
489.894895000034	EXP	feedback_msg: autoDraw = true
490.89705500000855	EXP	feedback_msg: autoDraw = false
490.89705500000855	EXP	feedback_msg: autoDraw = false
490.89705500000855	EXP	image_stim: image = {}
490.89705500000855	EXP	text_stim: text = "Joy"
490.89705500000855	EXP	trial_label_left: text = "A = \r\nPositive"
490.89705500000855	EXP	trial_label_right: text = "L = \r\nNegative"
490.89705500000855	EXP	fixation: autoDraw = true
491.40260000003036	EXP	fixation: autoDraw = false
491.40260000003036	EXP	image_stim: autoDraw = true
491.40260000003036	EXP	text_stim: autoDraw = true
491.40260000003036	EXP	button_left: autoDraw = true
491.40260000003036	EXP	trial_label_left: autoDraw = true
491.40260000003036	EXP	button_right: autoDraw = true
491.40260000003036	EXP	trial_label_right: autoDraw = true
492.36648000002606	DATA	Keydown: a
492.38429000001634	EXP	fixation: autoDraw = false
492.38429000001634	EXP	image_stim: autoDraw = false
492.38429000001634	EXP	text_stim: autoDraw = false
492.38429000001634	EXP	button_left: autoDraw = false
492.38429000001634	EXP	trial_label_left: autoDraw = false
492.38429000001634	EXP	button_right: autoDraw = false
492.38429000001634	EXP	trial_label_right: autoDraw = false
492.38429000001634	EXP	feedback_msg: text = "+"
492.38429000001634	EXP	feedback_msg: autoDraw = true
493.38593500002753	EXP	feedback_msg: autoDraw = false
493.38593500002753	EXP	feedback_msg: autoDraw = false
493.38593500002753	EXP	image_stim: image = {}
493.38593500002753	EXP	text_stim: text = "Happy"
493.38593500002753	EXP	trial_label_left: text = "A = \r\nPositive"
493.38593500002753	EXP	trial_label_right: text = "L = \r\nNegative"
493.38593500002753	EXP	fixation: autoDraw = true
493.8917200000142	EXP	fixation: autoDraw = false
493.8917200000142	EXP	image_stim: autoDraw = true
493.8917200000142	EXP	text_stim: autoDraw = true
493.8917200000142	EXP	button_left: autoDraw = true
493.8917200000142	EXP	trial_label_left: autoDraw = true
493.8917200000142	EXP	button_right: autoDraw = true
493.8917200000142	EXP	trial_label_right: autoDraw = true
494.7662700000219	DATA	Keydown: a
494.77211499999976	EXP	fixation: autoDraw = false
494.77211499999976	EXP	image_stim: autoDraw = false
494.77211499999976	EXP	text_stim: autoDraw = false
494.77211499999976	EXP	button_left: autoDraw = false
494.77211499999976	EXP	trial_label_left: autoDraw = false
494.77211499999976	EXP	button_right: autoDraw = false
494.77211499999976	EXP	trial_label_right: autoDraw = false
494.77211499999976	EXP	feedback_msg: text = "+"
494.77211499999976	EXP	feedback_msg: autoDraw = true
495.77370000001974	EXP	feedback_msg: autoDraw = false
495.77370000001974	EXP	feedback_msg: autoDraw = false
495.77370000001974	EXP	image_stim: image = {}
495.77370000001974	EXP	text_stim: text = "Nasty"
495.77370000001974	EXP	trial_label_left: text = "A = \r\nPositive"
495.77370000001974	EXP	trial_label_right: text = "L = \r\nNegative"
495.77370000001974	EXP	fixation: autoDraw = true
496.2797900000005	EXP	fixation: autoDraw = false
496.2797900000005	EXP	image_stim: autoDraw = true
496.2797900000005	EXP	text_stim: autoDraw = true
496.2797900000005	EXP	button_left: autoDraw = true
496.2797900000005	EXP	trial_label_left: autoDraw = true
496.2797900000005	EXP	button_right: autoDraw = true
496.2797900000005	EXP	trial_label_right: autoDraw = true
498.0814150000224	DATA	Keydown: l
498.0970250000246	EXP	fixation: autoDraw = false
498.0970250000246	EXP	image_stim: autoDraw = false
498.0970250000246	EXP	text_stim: autoDraw = false
498.0970250000246	EXP	button_left: autoDraw = false
498.0970250000246	EXP	trial_label_left: autoDraw = false
498.0970250000246	EXP	button_right: autoDraw = false
498.0970250000246	EXP	trial_label_right: autoDraw = false
498.0970250000246	EXP	feedback_msg: text = "+"
498.0970250000246	EXP	feedback_msg: autoDraw = true
499.0994950000313	EXP	feedback_msg: autoDraw = false
499.0994950000313	EXP	feedback_msg: autoDraw = false
499.0994950000313	EXP	image_stim: image = {}
499.0994950000313	EXP	text_stim: text = "Bad"
499.0994950000313	EXP	trial_label_left: text = "A = \r\nPositive"
499.0994950000313	EXP	trial_label_right: text = "L = \r\nNegative"
499.0994950000313	EXP	fixation: autoDraw = true
499.5986350000021	EXP	fixation: autoDraw = false
499.62035500002094	EXP	image_stim: autoDraw = true
499.62035500002094	EXP	text_stim: autoDraw = true
499.62035500002094	EXP	button_left: autoDraw = true
499.62035500002094	EXP	trial_label_left: autoDraw = true
499.62035500002094	EXP	button_right: autoDraw = true
499.62035500002094	EXP	trial_label_right: autoDraw = true
500.71264500002144	DATA	Keydown: a
500.7201800000039	EXP	fixation: autoDraw = false
500.7201800000039	EXP	image_stim: autoDraw = false
500.7201800000039	EXP	text_stim: autoDraw = false
500.7201800000039	EXP	button_left: autoDraw = false
500.7201800000039	EXP	trial_label_left: autoDraw = false
500.7201800000039	EXP	button_right: autoDraw = false
500.7201800000039	EXP	trial_label_right: autoDraw = false
500.7201800000039	EXP	feedback_msg: text = "oops"
500.7201800000039	EXP	feedback_msg: autoDraw = true
501.7210049999994	EXP	feedback_msg: autoDraw = false
501.7210049999994	EXP	feedback_msg: autoDraw = false
501.7210049999994	EXP	image_stim: image = {}
501.7210049999994	EXP	text_stim: text = "Evil"
501.7210049999994	EXP	trial_label_left: text = "A = \r\nPositive"
501.7210049999994	EXP	trial_label_right: text = "L = \r\nNegative"
501.7210049999994	EXP	fixation: autoDraw = true
502.2264000000432	EXP	fixation: autoDraw = false
502.2264000000432	EXP	image_stim: autoDraw = true
502.2264000000432	EXP	text_stim: autoDraw = true
502.2264000000432	EXP	button_left: autoDraw = true
502.2264000000432	EXP	trial_label_left: autoDraw = true
502.2264000000432	EXP	button_right: autoDraw = true
502.2264000000432	EXP	trial_label_right: autoDraw = true
567.1674399999902	DATA	Keydown: Escape
