0.04899999999999993	EXP	Created Window = Window( name=Window, fullscr=true, color=#000000, units=height, waitBlanking=true, autoLog=true, size=[1280,614] )
3.126	EXP	Created instructs_text = TextStim( name=instructs_text, win=Window( name=Window, fullscr=true, color=#000000, ~), autoDraw=null, autoLog=true, units=height, ori=null, opacity=1, pos=[0,0], size=undefined, text=default text, font=Arial, color=#FFFFFF, contrast=1, height=0.03, bold=null, italic=null, alignHoriz=left, alignVert=center, wrapWidth=1, flipHoriz=null, flipVert=null )
3.132	EXP	Created instr_done_button = Rect( name=instr_done_button, win=Window( name=Window, fullscr=true, color=#000000, ~), autoDraw=null, autoLog=true, units=height, ori=null, opacity=1, pos=[0,-0.4], size=[1,1], lineWidth=1, lineColor=#006400, fillColor=#90EE90, vertices=[[-0.2,-0.05],[0.2,-0.05],[0.2,0.05],[-0.2,0.05]], closeShape=true, contrast=1, depth=-3, interpolate=true, width=0.4, height=0.1 )
3.134	EXP	Created instr_done_label = TextStim( name=instr_done_label, win=Window( name=Window, fullscr=true, color=#000000, ~), autoDraw=null, autoLog=true, units=height, ori=null, opacity=1, pos=[0,-0.4], size=undefined, text=Next..., font=Arial, color=#006400, contrast=1, height=0.05, bold=null, italic=null, alignHoriz=left, alignVert=center, wrapWidth=1, flipHoriz=null, flipVert=null )
3.136	EXP	Created main_ready_msg = TextStim( name=main_ready_msg, win=Window( name=Window, fullscr=true, color=#000000, ~), autoDraw=null, autoLog=true, units=height, ori=null, opacity=1, pos=[0,0], size=undefined, text=Take note of the categories below
 
Position your ~, font=Arial, color=#FFFFFF, contrast=1, height=0.03, bold=null, italic=null, alignHoriz=left, alignVert=center, wrapWidth=1, flipHoriz=null, flipVert=null )
3.138	EXP	Created button_L = Rect( name=button_L, win=Window( name=Window, fullscr=true, color=#000000, ~), autoDraw=null, autoLog=true, units=height, ori=null, opacity=1, pos=[-0.4,-0.3], size=[1,1], lineWidth=1, lineColor=#006400, fillColor=#90EE90, vertices=[[-0.2,-0.1],[0.2,-0.1],[0.2,0.1],[-0.2,0.1]], closeShape=true, contrast=1, depth=-1, interpolate=true, width=0.4, height=0.2 )
3.139	EXP	Created ready_label_L = TextStim( name=ready_label_L, win=Window( name=Window, fullscr=true, color=#000000, ~), autoDraw=null, autoLog=true, units=height, ori=null, opacity=1, pos=[-0.4,-0.3], size=undefined, text=default text, font=Arial, color=#006400, contrast=1, height=0.05, bold=null, italic=null, alignHoriz=left, alignVert=center, wrapWidth=1, flipHoriz=null, flipVert=null )
3.142	EXP	Created button_R = Rect( name=button_R, win=Window( name=Window, fullscr=true, color=#000000, ~), autoDraw=null, autoLog=true, units=height, ori=null, opacity=1, pos=[0.4,-0.3], size=[1,1], lineWidth=1, lineColor=#006400, fillColor=#90EE90, vertices=[[-0.2,-0.1],[0.2,-0.1],[0.2,0.1],[-0.2,0.1]], closeShape=true, contrast=1, depth=-3, interpolate=true, width=0.4, height=0.2 )
3.143	EXP	Created ready_label_R = TextStim( name=ready_label_R, win=Window( name=Window, fullscr=true, color=#000000, ~), autoDraw=null, autoLog=true, units=height, ori=null, opacity=1, pos=[0.4,-0.3], size=undefined, text=default text, font=Arial, color=#006400, contrast=1, height=0.05, bold=null, italic=null, alignHoriz=left, alignVert=center, wrapWidth=1, flipHoriz=null, flipVert=null )
3.145	EXP	Created fixation = TextStim( name=fixation, win=Window( name=Window, fullscr=true, color=#000000, ~), autoDraw=null, autoLog=true, units=height, ori=null, opacity=1, pos=[0,0], size=undefined, text=+, font=Arial, color=#FFFFFF, contrast=1, height=0.1, bold=null, italic=null, alignHoriz=left, alignVert=center, wrapWidth=1, flipHoriz=null, flipVert=null )
3.147	EXP	Created image_stim = ImageStim( name=image_stim, win=Window( name=Window, fullscr=true, color=#000000, ~), autoDraw=null, autoLog=true, units=height, ori=null, opacity=1, pos=[0,0], size=[0.5,0.5], image=undefined, mask=undefined, color=#ffffff, contrast=1, texRes=128, interpolate=true, depth=-1, flipHoriz=null, flipVert=null )
3.148	EXP	Created text_stim = TextStim( name=text_stim, win=Window( name=Window, fullscr=true, color=#000000, ~), autoDraw=null, autoLog=true, units=height, ori=null, opacity=1, pos=[0,0], size=undefined, text=default text, font=Arial, color=#FFFFFF, contrast=1, height=0.05, bold=null, italic=null, alignHoriz=left, alignVert=center, wrapWidth=1, flipHoriz=null, flipVert=null )
3.151	EXP	Created button_left = Rect( name=button_left, win=Window( name=Window, fullscr=true, color=#000000, ~), autoDraw=null, autoLog=true, units=height, ori=null, opacity=1, pos=[-0.4,-0.3], size=[1,1], lineWidth=1, lineColor=#006400, fillColor=#90EE90, vertices=[[-0.2,-0.1],[0.2,-0.1],[0.2,0.1],[-0.2,0.1]], closeShape=true, contrast=1, depth=-6, interpolate=true, width=0.4, height=0.2 )
3.152	EXP	Created trial_label_left = TextStim( name=trial_label_left, win=Window( name=Window, fullscr=true, color=#000000, ~), autoDraw=null, autoLog=true, units=height, ori=null, opacity=1, pos=[-0.4,-0.3], size=undefined, text=default text, font=Arial, color=#006400, contrast=1, height=0.05, bold=null, italic=null, alignHoriz=left, alignVert=center, wrapWidth=1, flipHoriz=null, flipVert=null )
3.154	EXP	Created button_right = Rect( name=button_right, win=Window( name=Window, fullscr=true, color=#000000, ~), autoDraw=null, autoLog=true, units=height, ori=null, opacity=1, pos=[0.4,-0.3], size=[1,1], lineWidth=1, lineColor=#006400, fillColor=#90EE90, vertices=[[-0.2,-0.1],[0.2,-0.1],[0.2,0.1],[-0.2,0.1]], closeShape=true, contrast=1, depth=-8, interpolate=true, width=0.4, height=0.2 )
3.155	EXP	Created trial_label_right = TextStim( name=trial_label_right, win=Window( name=Window, fullscr=true, color=#000000, ~), autoDraw=null, autoLog=true, units=height, ori=null, opacity=1, pos=[0.4,-0.3], size=undefined, text=default text, font=Arial, color=#006400, contrast=1, height=0.05, bold=null, italic=null, alignHoriz=left, alignVert=center, wrapWidth=1, flipHoriz=null, flipVert=null )
3.156	EXP	Created feedback_msg = TextStim( name=feedback_msg, win=Window( name=Window, fullscr=true, color=#000000, ~), autoDraw=null, autoLog=true, units=height, ori=null, opacity=1, pos=[0,0], size=undefined, text=default text, font=Arial, color=#FFFFFF, contrast=1, height=0.1, bold=null, italic=null, alignHoriz=left, alignVert=center, wrapWidth=1, flipHoriz=null, flipVert=null )
3.156	EXP	Created thanks_text = TextStim( name=thanks_text, win=Window( name=Window, fullscr=true, color=#000000, ~), autoDraw=null, autoLog=true, units=height, ori=null, opacity=1, pos=[0,0], size=undefined, text=The End. 
 
Thank you for your participation., font=Arial, color=#FFFFFF, contrast=1, height=0.1, bold=null, italic=null, alignHoriz=left, alignVert=center, wrapWidth=1, flipHoriz=null, flipVert=null )
3.2359999999999998	EXP	instructs_text: units = "height"
3.2359999999999998	EXP	instructs_text: ori = 0
3.2359999999999998	EXP	instructs_text: opacity = 1
3.2359999999999998	EXP	instructs_text: pos = [0,0]
3.2359999999999998	EXP	instructs_text: size = undefined
3.2359999999999998	EXP	instructs_text: text = "default text"
3.2359999999999998	EXP	instructs_text: font = "Arial"
3.2359999999999998	EXP	instructs_text: color = {"_hex":"#FFFFFF","_rgb":[1,1,1]}
3.2359999999999998	EXP	instructs_text: contrast = 1
3.2359999999999998	EXP	instructs_text: height = 0.03
3.2359999999999998	EXP	instructs_text: bold = false
3.2359999999999998	EXP	instructs_text: italic = false
3.2359999999999998	EXP	instructs_text: alignHoriz = "left"
3.2359999999999998	EXP	instructs_text: alignVert = "center"
3.2359999999999998	EXP	instructs_text: wrapWidth = 1
3.2359999999999998	EXP	instructs_text: flipHoriz = false
3.2359999999999998	EXP	instructs_text: flipVert = false
3.2359999999999998	EXP	instr_done_button: units = "height"
3.2359999999999998	EXP	instr_done_button: ori = 0
3.2359999999999998	EXP	instr_done_button: opacity = 1
3.2359999999999998	EXP	instr_done_button: pos = [0,-0.4]
3.2359999999999998	EXP	instr_done_button: size = [1,1]
3.2359999999999998	EXP	instr_done_button: lineWidth = 1
3.2359999999999998	EXP	instr_done_button: lineColor = {"_hex":"#006400","_rgb":[0,0.39215686274509803,0]}
3.2359999999999998	EXP	instr_done_button: fillColor = {"_hex":"#90EE90","_rgb":[0.5647058823529412,0.9333333333333333,0.5647058823529412]}
3.2359999999999998	EXP	instr_done_button: vertices = [[-0.5,0],[0,0.5],[0.5,0]]
3.2359999999999998	EXP	instr_done_button: closeShape = true
3.2359999999999998	EXP	instr_done_button: contrast = 1
3.2359999999999998	EXP	instr_done_button: depth = -3
3.2359999999999998	EXP	instr_done_button: interpolate = true
3.2359999999999998	EXP	instr_done_button: width = 0.4
3.2359999999999998	EXP	instr_done_button: vertices = [[-0.2,null],[0.2,null],[0.2,null],[-0.2,null]]
3.2359999999999998	EXP	instr_done_button: height = 0.1
3.2359999999999998	EXP	instr_done_button: vertices = [[-0.2,-0.05],[0.2,-0.05],[0.2,0.05],[-0.2,0.05]]
3.2359999999999998	EXP	instr_done_button: vertices = [[-0.2,-0.05],[0.2,-0.05],[0.2,0.05],[-0.2,0.05]]
3.2359999999999998	EXP	instr_done_label: units = "height"
3.2359999999999998	EXP	instr_done_label: ori = 0
3.2359999999999998	EXP	instr_done_label: opacity = 1
3.2359999999999998	EXP	instr_done_label: pos = [0,-0.4]
3.2359999999999998	EXP	instr_done_label: size = undefined
3.2359999999999998	EXP	instr_done_label: text = "Next..."
3.2359999999999998	EXP	instr_done_label: font = "Arial"
3.2359999999999998	EXP	instr_done_label: color = {"_hex":"#006400","_rgb":[0,0.39215686274509803,0]}
3.2359999999999998	EXP	instr_done_label: contrast = 1
3.2359999999999998	EXP	instr_done_label: height = 0.05
3.2359999999999998	EXP	instr_done_label: bold = false
3.2359999999999998	EXP	instr_done_label: italic = false
3.2359999999999998	EXP	instr_done_label: alignHoriz = "left"
3.2359999999999998	EXP	instr_done_label: alignVert = "center"
3.2359999999999998	EXP	instr_done_label: wrapWidth = 1
3.2359999999999998	EXP	instr_done_label: flipHoriz = false
3.2359999999999998	EXP	instr_done_label: flipVert = false
3.2359999999999998	EXP	main_ready_msg: units = "height"
3.2359999999999998	EXP	main_ready_msg: ori = 0
3.2359999999999998	EXP	main_ready_msg: opacity = 1
3.2359999999999998	EXP	main_ready_msg: pos = [0,0]
3.2359999999999998	EXP	main_ready_msg: size = undefined
3.2359999999999998	EXP	main_ready_msg: text = "Take note of the categories below\n \nPosition your index fingers \n \nPress the space bar (or one of the green buttons) to begin"
3.2359999999999998	EXP	main_ready_msg: font = "Arial"
3.2359999999999998	EXP	main_ready_msg: color = {"_hex":"#FFFFFF","_rgb":[1,1,1]}
3.2359999999999998	EXP	main_ready_msg: contrast = 1
3.2359999999999998	EXP	main_ready_msg: height = 0.03
3.2359999999999998	EXP	main_ready_msg: bold = false
3.2359999999999998	EXP	main_ready_msg: italic = false
3.2359999999999998	EXP	main_ready_msg: alignHoriz = "left"
3.2359999999999998	EXP	main_ready_msg: alignVert = "center"
3.2359999999999998	EXP	main_ready_msg: wrapWidth = 1
3.2359999999999998	EXP	main_ready_msg: flipHoriz = false
3.2359999999999998	EXP	main_ready_msg: flipVert = false
3.2359999999999998	EXP	button_L: units = "height"
3.2359999999999998	EXP	button_L: ori = 0
3.2359999999999998	EXP	button_L: opacity = 1
3.2359999999999998	EXP	button_L: pos = [-0.4,-0.3]
3.2359999999999998	EXP	button_L: size = [1,1]
3.2359999999999998	EXP	button_L: lineWidth = 1
3.2359999999999998	EXP	button_L: lineColor = {"_hex":"#006400","_rgb":[0,0.39215686274509803,0]}
3.2359999999999998	EXP	button_L: fillColor = {"_hex":"#90EE90","_rgb":[0.5647058823529412,0.9333333333333333,0.5647058823529412]}
3.2359999999999998	EXP	button_L: vertices = [[-0.5,0],[0,0.5],[0.5,0]]
3.2359999999999998	EXP	button_L: closeShape = true
3.2359999999999998	EXP	button_L: contrast = 1
3.2359999999999998	EXP	button_L: depth = -1
3.2359999999999998	EXP	button_L: interpolate = true
3.2359999999999998	EXP	button_L: width = 0.4
3.2359999999999998	EXP	button_L: vertices = [[-0.2,null],[0.2,null],[0.2,null],[-0.2,null]]
3.2359999999999998	EXP	button_L: height = 0.2
3.2359999999999998	EXP	button_L: vertices = [[-0.2,-0.1],[0.2,-0.1],[0.2,0.1],[-0.2,0.1]]
3.2359999999999998	EXP	button_L: vertices = [[-0.2,-0.1],[0.2,-0.1],[0.2,0.1],[-0.2,0.1]]
3.2359999999999998	EXP	ready_label_L: units = "height"
3.2359999999999998	EXP	ready_label_L: ori = 0
3.2359999999999998	EXP	ready_label_L: opacity = 1
3.2359999999999998	EXP	ready_label_L: pos = [-0.4,-0.3]
3.2359999999999998	EXP	ready_label_L: size = undefined
3.2359999999999998	EXP	ready_label_L: text = "default text"
3.2359999999999998	EXP	ready_label_L: font = "Arial"
3.2359999999999998	EXP	ready_label_L: color = {"_hex":"#006400","_rgb":[0,0.39215686274509803,0]}
3.2359999999999998	EXP	ready_label_L: contrast = 1
3.2359999999999998	EXP	ready_label_L: height = 0.05
3.2359999999999998	EXP	ready_label_L: bold = false
3.2359999999999998	EXP	ready_label_L: italic = false
3.2359999999999998	EXP	ready_label_L: alignHoriz = "left"
3.2359999999999998	EXP	ready_label_L: alignVert = "center"
3.2359999999999998	EXP	ready_label_L: wrapWidth = 1
3.2359999999999998	EXP	ready_label_L: flipHoriz = false
3.2359999999999998	EXP	ready_label_L: flipVert = false
3.2359999999999998	EXP	button_R: units = "height"
3.2359999999999998	EXP	button_R: ori = 0
3.2359999999999998	EXP	button_R: opacity = 1
3.2359999999999998	EXP	button_R: pos = [0.4,-0.3]
3.2359999999999998	EXP	button_R: size = [1,1]
3.2359999999999998	EXP	button_R: lineWidth = 1
3.2359999999999998	EXP	button_R: lineColor = {"_hex":"#006400","_rgb":[0,0.39215686274509803,0]}
3.2359999999999998	EXP	button_R: fillColor = {"_hex":"#90EE90","_rgb":[0.5647058823529412,0.9333333333333333,0.5647058823529412]}
3.2359999999999998	EXP	button_R: vertices = [[-0.5,0],[0,0.5],[0.5,0]]
3.2359999999999998	EXP	button_R: closeShape = true
3.2359999999999998	EXP	button_R: contrast = 1
3.2359999999999998	EXP	button_R: depth = -3
3.2359999999999998	EXP	button_R: interpolate = true
3.2359999999999998	EXP	button_R: width = 0.4
3.2359999999999998	EXP	button_R: vertices = [[-0.2,null],[0.2,null],[0.2,null],[-0.2,null]]
3.2359999999999998	EXP	button_R: height = 0.2
3.2359999999999998	EXP	button_R: vertices = [[-0.2,-0.1],[0.2,-0.1],[0.2,0.1],[-0.2,0.1]]
3.2359999999999998	EXP	button_R: vertices = [[-0.2,-0.1],[0.2,-0.1],[0.2,0.1],[-0.2,0.1]]
3.2359999999999998	EXP	ready_label_R: units = "height"
3.2359999999999998	EXP	ready_label_R: ori = 0
3.2359999999999998	EXP	ready_label_R: opacity = 1
3.2359999999999998	EXP	ready_label_R: pos = [0.4,-0.3]
3.2359999999999998	EXP	ready_label_R: size = undefined
3.2359999999999998	EXP	ready_label_R: text = "default text"
3.2359999999999998	EXP	ready_label_R: font = "Arial"
3.2359999999999998	EXP	ready_label_R: color = {"_hex":"#006400","_rgb":[0,0.39215686274509803,0]}
3.2359999999999998	EXP	ready_label_R: contrast = 1
3.2359999999999998	EXP	ready_label_R: height = 0.05
3.2359999999999998	EXP	ready_label_R: bold = false
3.2359999999999998	EXP	ready_label_R: italic = false
3.2359999999999998	EXP	ready_label_R: alignHoriz = "left"
3.2359999999999998	EXP	ready_label_R: alignVert = "center"
3.2359999999999998	EXP	ready_label_R: wrapWidth = 1
3.2359999999999998	EXP	ready_label_R: flipHoriz = false
3.2359999999999998	EXP	ready_label_R: flipVert = false
3.2359999999999998	EXP	fixation: units = "height"
3.2359999999999998	EXP	fixation: ori = 0
3.2359999999999998	EXP	fixation: opacity = 1
3.2359999999999998	EXP	fixation: pos = [0,0]
3.2359999999999998	EXP	fixation: size = undefined
3.2359999999999998	EXP	fixation: text = "+"
3.2359999999999998	EXP	fixation: font = "Arial"
3.2359999999999998	EXP	fixation: color = {"_hex":"#FFFFFF","_rgb":[1,1,1]}
3.2359999999999998	EXP	fixation: contrast = 1
3.2359999999999998	EXP	fixation: height = 0.1
3.2359999999999998	EXP	fixation: bold = false
3.2359999999999998	EXP	fixation: italic = false
3.2359999999999998	EXP	fixation: alignHoriz = "left"
3.2359999999999998	EXP	fixation: alignVert = "center"
3.2359999999999998	EXP	fixation: wrapWidth = 1
3.2359999999999998	EXP	fixation: flipHoriz = false
3.2359999999999998	EXP	fixation: flipVert = false
3.2359999999999998	EXP	image_stim: units = "height"
3.2359999999999998	EXP	image_stim: ori = 0
3.2359999999999998	EXP	image_stim: opacity = 1
3.2359999999999998	EXP	image_stim: pos = [0,0]
3.2359999999999998	EXP	image_stim: size = [0.5,0.5]
3.2359999999999998	EXP	image_stim: image = undefined
3.2359999999999998	EXP	image_stim: mask = undefined
3.2359999999999998	EXP	image_stim: color = {"_rgb":[1,1,1]}
3.2359999999999998	EXP	image_stim: contrast = 1
3.2359999999999998	EXP	image_stim: texRes = 128
3.2359999999999998	EXP	image_stim: interpolate = true
3.2359999999999998	EXP	image_stim: depth = -1
3.2359999999999998	EXP	image_stim: flipHoriz = false
3.2359999999999998	EXP	image_stim: flipVert = false
3.2359999999999998	EXP	text_stim: units = "height"
3.2359999999999998	EXP	text_stim: ori = 0
3.2359999999999998	EXP	text_stim: opacity = 1
3.2359999999999998	EXP	text_stim: pos = [0,0]
3.2359999999999998	EXP	text_stim: size = undefined
3.2359999999999998	EXP	text_stim: text = "default text"
3.2359999999999998	EXP	text_stim: font = "Arial"
3.2359999999999998	EXP	text_stim: color = {"_hex":"#FFFFFF","_rgb":[1,1,1]}
3.2359999999999998	EXP	text_stim: contrast = 1
3.2359999999999998	EXP	text_stim: height = 0.05
3.2359999999999998	EXP	text_stim: bold = false
3.2359999999999998	EXP	text_stim: italic = false
3.2359999999999998	EXP	text_stim: alignHoriz = "left"
3.2359999999999998	EXP	text_stim: alignVert = "center"
3.2359999999999998	EXP	text_stim: wrapWidth = 1
3.2359999999999998	EXP	text_stim: flipHoriz = false
3.2359999999999998	EXP	text_stim: flipVert = false
3.2359999999999998	EXP	button_left: units = "height"
3.2359999999999998	EXP	button_left: ori = 0
3.2359999999999998	EXP	button_left: opacity = 1
3.2359999999999998	EXP	button_left: pos = [-0.4,-0.3]
3.2359999999999998	EXP	button_left: size = [1,1]
3.2359999999999998	EXP	button_left: lineWidth = 1
3.2359999999999998	EXP	button_left: lineColor = {"_hex":"#006400","_rgb":[0,0.39215686274509803,0]}
3.2359999999999998	EXP	button_left: fillColor = {"_hex":"#90EE90","_rgb":[0.5647058823529412,0.9333333333333333,0.5647058823529412]}
3.2359999999999998	EXP	button_left: vertices = [[-0.5,0],[0,0.5],[0.5,0]]
3.2359999999999998	EXP	button_left: closeShape = true
3.2359999999999998	EXP	button_left: contrast = 1
3.2359999999999998	EXP	button_left: depth = -6
3.2359999999999998	EXP	button_left: interpolate = true
3.2359999999999998	EXP	button_left: width = 0.4
3.2359999999999998	EXP	button_left: vertices = [[-0.2,null],[0.2,null],[0.2,null],[-0.2,null]]
3.2359999999999998	EXP	button_left: height = 0.2
3.2359999999999998	EXP	button_left: vertices = [[-0.2,-0.1],[0.2,-0.1],[0.2,0.1],[-0.2,0.1]]
3.2359999999999998	EXP	button_left: vertices = [[-0.2,-0.1],[0.2,-0.1],[0.2,0.1],[-0.2,0.1]]
3.2359999999999998	EXP	trial_label_left: units = "height"
3.2359999999999998	EXP	trial_label_left: ori = 0
3.2359999999999998	EXP	trial_label_left: opacity = 1
3.2359999999999998	EXP	trial_label_left: pos = [-0.4,-0.3]
3.2359999999999998	EXP	trial_label_left: size = undefined
3.2359999999999998	EXP	trial_label_left: text = "default text"
3.2359999999999998	EXP	trial_label_left: font = "Arial"
3.2359999999999998	EXP	trial_label_left: color = {"_hex":"#006400","_rgb":[0,0.39215686274509803,0]}
3.2359999999999998	EXP	trial_label_left: contrast = 1
3.2359999999999998	EXP	trial_label_left: height = 0.05
3.2359999999999998	EXP	trial_label_left: bold = false
3.2359999999999998	EXP	trial_label_left: italic = false
3.2359999999999998	EXP	trial_label_left: alignHoriz = "left"
3.2359999999999998	EXP	trial_label_left: alignVert = "center"
3.2359999999999998	EXP	trial_label_left: wrapWidth = 1
3.2359999999999998	EXP	trial_label_left: flipHoriz = false
3.2359999999999998	EXP	trial_label_left: flipVert = false
3.2359999999999998	EXP	button_right: units = "height"
3.2359999999999998	EXP	button_right: ori = 0
3.2359999999999998	EXP	button_right: opacity = 1
3.2359999999999998	EXP	button_right: pos = [0.4,-0.3]
3.2359999999999998	EXP	button_right: size = [1,1]
3.2359999999999998	EXP	button_right: lineWidth = 1
3.2359999999999998	EXP	button_right: lineColor = {"_hex":"#006400","_rgb":[0,0.39215686274509803,0]}
3.2359999999999998	EXP	button_right: fillColor = {"_hex":"#90EE90","_rgb":[0.5647058823529412,0.9333333333333333,0.5647058823529412]}
3.2359999999999998	EXP	button_right: vertices = [[-0.5,0],[0,0.5],[0.5,0]]
3.2359999999999998	EXP	button_right: closeShape = true
3.2359999999999998	EXP	button_right: contrast = 1
3.2359999999999998	EXP	button_right: depth = -8
3.2359999999999998	EXP	button_right: interpolate = true
3.2359999999999998	EXP	button_right: width = 0.4
3.2359999999999998	EXP	button_right: vertices = [[-0.2,null],[0.2,null],[0.2,null],[-0.2,null]]
3.2359999999999998	EXP	button_right: height = 0.2
3.2359999999999998	EXP	button_right: vertices = [[-0.2,-0.1],[0.2,-0.1],[0.2,0.1],[-0.2,0.1]]
3.2359999999999998	EXP	button_right: vertices = [[-0.2,-0.1],[0.2,-0.1],[0.2,0.1],[-0.2,0.1]]
3.2359999999999998	EXP	trial_label_right: units = "height"
3.2359999999999998	EXP	trial_label_right: ori = 0
3.2359999999999998	EXP	trial_label_right: opacity = 1
3.2359999999999998	EXP	trial_label_right: pos = [0.4,-0.3]
3.2359999999999998	EXP	trial_label_right: size = undefined
3.2359999999999998	EXP	trial_label_right: text = "default text"
3.2359999999999998	EXP	trial_label_right: font = "Arial"
3.2359999999999998	EXP	trial_label_right: color = {"_hex":"#006400","_rgb":[0,0.39215686274509803,0]}
3.2359999999999998	EXP	trial_label_right: contrast = 1
3.2359999999999998	EXP	trial_label_right: height = 0.05
3.2359999999999998	EXP	trial_label_right: bold = false
3.2359999999999998	EXP	trial_label_right: italic = false
3.2359999999999998	EXP	trial_label_right: alignHoriz = "left"
3.2359999999999998	EXP	trial_label_right: alignVert = "center"
3.2359999999999998	EXP	trial_label_right: wrapWidth = 1
3.2359999999999998	EXP	trial_label_right: flipHoriz = false
3.2359999999999998	EXP	trial_label_right: flipVert = false
3.2359999999999998	EXP	feedback_msg: units = "height"
3.2359999999999998	EXP	feedback_msg: ori = 0
3.2359999999999998	EXP	feedback_msg: opacity = 1
3.2359999999999998	EXP	feedback_msg: pos = [0,0]
3.2359999999999998	EXP	feedback_msg: size = undefined
3.2359999999999998	EXP	feedback_msg: text = "default text"
3.2359999999999998	EXP	feedback_msg: font = "Arial"
3.2359999999999998	EXP	feedback_msg: color = {"_hex":"#FFFFFF","_rgb":[1,1,1]}
3.2359999999999998	EXP	feedback_msg: contrast = 1
3.2359999999999998	EXP	feedback_msg: height = 0.1
3.2359999999999998	EXP	feedback_msg: bold = false
3.2359999999999998	EXP	feedback_msg: italic = false
3.2359999999999998	EXP	feedback_msg: alignHoriz = "left"
3.2359999999999998	EXP	feedback_msg: alignVert = "center"
3.2359999999999998	EXP	feedback_msg: wrapWidth = 1
3.2359999999999998	EXP	feedback_msg: flipHoriz = false
3.2359999999999998	EXP	feedback_msg: flipVert = false
3.2359999999999998	EXP	thanks_text: units = "height"
3.2359999999999998	EXP	thanks_text: ori = 0
3.2359999999999998	EXP	thanks_text: opacity = 1
3.2359999999999998	EXP	thanks_text: pos = [0,0]
3.2359999999999998	EXP	thanks_text: size = undefined
3.2359999999999998	EXP	thanks_text: text = "The End. \n \nThank you for your participation."
3.2359999999999998	EXP	thanks_text: font = "Arial"
3.2359999999999998	EXP	thanks_text: color = {"_hex":"#FFFFFF","_rgb":[1,1,1]}
3.2359999999999998	EXP	thanks_text: contrast = 1
3.2359999999999998	EXP	thanks_text: height = 0.1
3.2359999999999998	EXP	thanks_text: bold = false
3.2359999999999998	EXP	thanks_text: italic = false
3.2359999999999998	EXP	thanks_text: alignHoriz = "left"
3.2359999999999998	EXP	thanks_text: alignVert = "center"
3.2359999999999998	EXP	thanks_text: wrapWidth = 1
3.2359999999999998	EXP	thanks_text: flipHoriz = false
3.2359999999999998	EXP	thanks_text: flipVert = false
3.2359999999999998	EXP	instructs_text: text = "You will be presented with words or images to classify into categories using either the 'A' or 'L' key. \r\n \r\nTry to go as fast as possible while making as few mistakes as possible. \r\n"
3.2359999999999998	EXP	instructs_text: autoDraw = true
3.2359999999999998	EXP	instr_done_button: autoDraw = true
3.2359999999999998	EXP	instr_done_label: autoDraw = true
4.686999999999999	DATA	Mouse: 0 button down, pos=(706,735)
4.731	EXP	instructs_text: autoDraw = false
4.731	EXP	instr_done_button: autoDraw = false
4.731	EXP	instr_done_label: autoDraw = false
4.731	EXP	instructs_text: text = "Keep in mind: \r\n \r\n1) Labels at the top of the screen indicate which catogory goes with which key. \r\n \r\n2) Each word or image has a correct catogory classification \r\n \r\n3) Keep your index fingers on the A and L keys to enable a rapid response. \r\n \r\n4) The test gives no results if you go slow- please try to go as fast as possible \r\n"
4.731	EXP	instructs_text: autoDraw = true
4.731	EXP	instr_done_button: autoDraw = true
4.731	EXP	instr_done_label: autoDraw = true
4.773999999999999	DATA	Mouse: 0 button down, pos=(706,735)
12.176	DATA	Mouse: 0 button down, pos=(705,735)
12.229	EXP	instructs_text: autoDraw = false
12.229	EXP	instr_done_button: autoDraw = false
12.229	EXP	instr_done_label: autoDraw = false
12.229	EXP	ready_label_L: text = "A = \r\nPositive"
12.229	EXP	ready_label_R: text = "L = \r\nNegative"
12.229	EXP	main_ready_msg: autoDraw = true
12.229	EXP	button_L: autoDraw = true
12.229	EXP	ready_label_L: autoDraw = true
12.229	EXP	button_R: autoDraw = true
12.229	EXP	ready_label_R: autoDraw = true
12.741999999999999	DATA	Mouse: 0 button down, pos=(705,735)
13.373	DATA	Keydown: a
14.176	DATA	Keydown: a
14.66	DATA	Mouse: 0 button down, pos=(407,658)
14.690999999999999	EXP	main_ready_msg: autoDraw = false
14.690999999999999	EXP	button_L: autoDraw = false
14.690999999999999	EXP	ready_label_L: autoDraw = false
14.690999999999999	EXP	button_R: autoDraw = false
14.690999999999999	EXP	ready_label_R: autoDraw = false
14.690999999999999	EXP	image_stim: image = {}
14.690999999999999	EXP	text_stim: text = "Happy"
14.690999999999999	EXP	trial_label_left: text = "A = \r\nPositive"
14.690999999999999	EXP	trial_label_right: text = "L = \r\nNegative"
14.690999999999999	EXP	fixation: autoDraw = true
14.758	DATA	Mouse: 0 button down, pos=(406,658)
15.189	EXP	fixation: autoDraw = false
15.215	EXP	image_stim: autoDraw = true
15.215	EXP	text_stim: autoDraw = true
15.215	EXP	button_left: autoDraw = true
15.215	EXP	trial_label_left: autoDraw = true
15.215	EXP	button_right: autoDraw = true
15.215	EXP	trial_label_right: autoDraw = true
15.597	DATA	Mouse: 0 button down, pos=(957,647)
15.609	EXP	fixation: autoDraw = false
15.609	EXP	image_stim: autoDraw = false
15.609	EXP	text_stim: autoDraw = false
15.609	EXP	button_left: autoDraw = false
15.609	EXP	trial_label_left: autoDraw = false
15.609	EXP	button_right: autoDraw = false
15.609	EXP	trial_label_right: autoDraw = false
15.609	EXP	feedback_msg: text = "oops"
15.609	EXP	feedback_msg: autoDraw = true
15.729000000000001	DATA	Mouse: 0 button down, pos=(957,647)
16.606	EXP	feedback_msg: autoDraw = false
16.606	EXP	feedback_msg: autoDraw = false
16.606	EXP	image_stim: image = {}
16.606	EXP	text_stim: text = "Nasty"
16.606	EXP	trial_label_left: text = "A = \r\nPositive"
16.606	EXP	trial_label_right: text = "L = \r\nNegative"
16.606	EXP	fixation: autoDraw = true
16.879	DATA	Mouse: 0 button down, pos=(957,647)
17.059	DATA	Mouse: 0 button down, pos=(956,647)
17.104000000000003	EXP	fixation: autoDraw = false
17.129	EXP	image_stim: autoDraw = true
17.129	EXP	text_stim: autoDraw = true
17.129	EXP	button_left: autoDraw = true
17.129	EXP	trial_label_left: autoDraw = true
17.129	EXP	button_right: autoDraw = true
17.129	EXP	trial_label_right: autoDraw = true
17.48	DATA	Mouse: 0 button down, pos=(956,647)
17.491	EXP	fixation: autoDraw = false
17.491	EXP	image_stim: autoDraw = false
17.491	EXP	text_stim: autoDraw = false
17.491	EXP	button_left: autoDraw = false
17.491	EXP	trial_label_left: autoDraw = false
17.491	EXP	button_right: autoDraw = false
17.491	EXP	trial_label_right: autoDraw = false
17.491	EXP	feedback_msg: text = "+"
17.491	EXP	feedback_msg: autoDraw = true
17.607000000000003	DATA	Mouse: 0 button down, pos=(956,647)
18.491	EXP	feedback_msg: autoDraw = false
18.491	EXP	feedback_msg: autoDraw = false
18.491	EXP	image_stim: image = {}
18.491	EXP	text_stim: text = "Hurt"
18.491	EXP	trial_label_left: text = "A = \r\nPositive"
18.491	EXP	trial_label_right: text = "L = \r\nNegative"
18.491	EXP	fixation: autoDraw = true
18.999000000000002	EXP	fixation: autoDraw = false
18.999000000000002	EXP	image_stim: autoDraw = true
18.999000000000002	EXP	text_stim: autoDraw = true
18.999000000000002	EXP	button_left: autoDraw = true
18.999000000000002	EXP	trial_label_left: autoDraw = true
18.999000000000002	EXP	button_right: autoDraw = true
18.999000000000002	EXP	trial_label_right: autoDraw = true
19.631	DATA	Mouse: 0 button down, pos=(370,616)
19.643	EXP	fixation: autoDraw = false
19.643	EXP	image_stim: autoDraw = false
19.643	EXP	text_stim: autoDraw = false
19.643	EXP	button_left: autoDraw = false
19.643	EXP	trial_label_left: autoDraw = false
19.643	EXP	button_right: autoDraw = false
19.643	EXP	trial_label_right: autoDraw = false
19.643	EXP	feedback_msg: text = "oops"
19.643	EXP	feedback_msg: autoDraw = true
19.761000000000003	DATA	Mouse: 0 button down, pos=(370,616)
20.642000000000003	EXP	feedback_msg: autoDraw = false
20.642000000000003	EXP	feedback_msg: autoDraw = false
20.642000000000003	EXP	image_stim: image = {}
20.642000000000003	EXP	text_stim: text = "Bad"
20.642000000000003	EXP	trial_label_left: text = "A = \r\nPositive"
20.642000000000003	EXP	trial_label_right: text = "L = \r\nNegative"
20.642000000000003	EXP	fixation: autoDraw = true
21.14	EXP	fixation: autoDraw = false
21.174000000000003	EXP	image_stim: autoDraw = true
21.174000000000003	EXP	text_stim: autoDraw = true
21.174000000000003	EXP	button_left: autoDraw = true
21.174000000000003	EXP	trial_label_left: autoDraw = true
21.174000000000003	EXP	button_right: autoDraw = true
21.174000000000003	EXP	trial_label_right: autoDraw = true
22.512	DATA	Keydown: Escape
