0.0660900000075344	EXP	Created Window = Window( name=Window, fullscr=true, color=#000000, units=height, waitBlanking=true, autoLog=true, size=[1200,906] )
9.733785000018543	EXP	Created instructs_text = TextStim( name=instructs_text, win=Window( name=Window, fullscr=true, color=#000000, ~), autoDraw=null, autoLog=true, units=height, ori=null, opacity=1, pos=[0,0], size=undefined, text=default text, font=Arial, color=#FFFFFF, contrast=1, height=0.03, bold=null, italic=null, alignHoriz=left, alignVert=center, wrapWidth=1, flipHoriz=null, flipVert=null )
9.737240000016754	EXP	Created instr_done_button = Rect( name=instr_done_button, win=Window( name=Window, fullscr=true, color=#000000, ~), autoDraw=null, autoLog=true, units=height, ori=null, opacity=1, pos=[0,-0.4], size=[1,1], lineWidth=1, lineColor=#006400, fillColor=#90EE90, vertices=[[-0.2,-0.05],[0.2,-0.05],[0.2,0.05],[-0.2,0.05]], closeShape=true, contrast=1, depth=-3, interpolate=true, width=0.4, height=0.1 )
9.737720000004629	EXP	Created instr_done_label = TextStim( name=instr_done_label, win=Window( name=Window, fullscr=true, color=#000000, ~), autoDraw=null, autoLog=true, units=height, ori=null, opacity=1, pos=[0,-0.4], size=undefined, text=Next..., font=Arial, color=#006400, contrast=1, height=0.05, bold=null, italic=null, alignHoriz=left, alignVert=center, wrapWidth=1, flipHoriz=null, flipVert=null )
9.738355000008596	EXP	Created main_ready_msg = TextStim( name=main_ready_msg, win=Window( name=Window, fullscr=true, color=#000000, ~), autoDraw=null, autoLog=true, units=height, ori=null, opacity=1, pos=[0,0], size=undefined, text=Take note of the categories below
 
Position your ~, font=Arial, color=#FFFFFF, contrast=1, height=0.03, bold=null, italic=null, alignHoriz=left, alignVert=center, wrapWidth=1, flipHoriz=null, flipVert=null )
9.739809999999125	EXP	Created button_L = Rect( name=button_L, win=Window( name=Window, fullscr=true, color=#000000, ~), autoDraw=null, autoLog=true, units=height, ori=null, opacity=1, pos=[-0.4,-0.3], size=[1,1], lineWidth=1, lineColor=#006400, fillColor=#90EE90, vertices=[[-0.2,-0.1],[0.2,-0.1],[0.2,0.1],[-0.2,0.1]], closeShape=true, contrast=1, depth=-1, interpolate=true, width=0.4, height=0.2 )
9.740245000022696	EXP	Created ready_label_L = TextStim( name=ready_label_L, win=Window( name=Window, fullscr=true, color=#000000, ~), autoDraw=null, autoLog=true, units=height, ori=null, opacity=1, pos=[-0.4,-0.3], size=undefined, text=default text, font=Arial, color=#006400, contrast=1, height=0.05, bold=null, italic=null, alignHoriz=left, alignVert=center, wrapWidth=1, flipHoriz=null, flipVert=null )
9.741620000015246	EXP	Created button_R = Rect( name=button_R, win=Window( name=Window, fullscr=true, color=#000000, ~), autoDraw=null, autoLog=true, units=height, ori=null, opacity=1, pos=[0.4,-0.3], size=[1,1], lineWidth=1, lineColor=#006400, fillColor=#90EE90, vertices=[[-0.2,-0.1],[0.2,-0.1],[0.2,0.1],[-0.2,0.1]], closeShape=true, contrast=1, depth=-3, interpolate=true, width=0.4, height=0.2 )
9.742010000016307	EXP	Created ready_label_R = TextStim( name=ready_label_R, win=Window( name=Window, fullscr=true, color=#000000, ~), autoDraw=null, autoLog=true, units=height, ori=null, opacity=1, pos=[0.4,-0.3], size=undefined, text=default text, font=Arial, color=#006400, contrast=1, height=0.05, bold=null, italic=null, alignHoriz=left, alignVert=center, wrapWidth=1, flipHoriz=null, flipVert=null )
9.742540000006557	EXP	Created fixation = TextStim( name=fixation, win=Window( name=Window, fullscr=true, color=#000000, ~), autoDraw=null, autoLog=true, units=height, ori=null, opacity=1, pos=[0,0], size=undefined, text=+, font=Arial, color=#FFFFFF, contrast=1, height=0.1, bold=null, italic=null, alignHoriz=left, alignVert=center, wrapWidth=1, flipHoriz=null, flipVert=null )
9.745045000017853	EXP	Created image_stim = ImageStim( name=image_stim, win=Window( name=Window, fullscr=true, color=#000000, ~), autoDraw=null, autoLog=true, units=height, ori=null, opacity=1, pos=[0,0], size=[0.5,0.5], image=undefined, mask=undefined, color=#ffffff, contrast=1, texRes=128, interpolate=true, depth=-1, flipHoriz=null, flipVert=null )
9.74546500001452	EXP	Created text_stim = TextStim( name=text_stim, win=Window( name=Window, fullscr=true, color=#000000, ~), autoDraw=null, autoLog=true, units=height, ori=null, opacity=1, pos=[0,0], size=undefined, text=default text, font=Arial, color=#FFFFFF, contrast=1, height=0.05, bold=null, italic=null, alignHoriz=left, alignVert=center, wrapWidth=1, flipHoriz=null, flipVert=null )
9.747675000020536	EXP	Created button_left = Rect( name=button_left, win=Window( name=Window, fullscr=true, color=#000000, ~), autoDraw=null, autoLog=true, units=height, ori=null, opacity=1, pos=[-0.4,-0.3], size=[1,1], lineWidth=1, lineColor=#006400, fillColor=#90EE90, vertices=[[-0.2,-0.1],[0.2,-0.1],[0.2,0.1],[-0.2,0.1]], closeShape=true, contrast=1, depth=-6, interpolate=true, width=0.4, height=0.2 )
9.74815500000841	EXP	Created trial_label_left = TextStim( name=trial_label_left, win=Window( name=Window, fullscr=true, color=#000000, ~), autoDraw=null, autoLog=true, units=height, ori=null, opacity=1, pos=[-0.4,-0.3], size=undefined, text=default text, font=Arial, color=#006400, contrast=1, height=0.05, bold=null, italic=null, alignHoriz=left, alignVert=center, wrapWidth=1, flipHoriz=null, flipVert=null )
9.74984500001301	EXP	Created button_right = Rect( name=button_right, win=Window( name=Window, fullscr=true, color=#000000, ~), autoDraw=null, autoLog=true, units=height, ori=null, opacity=1, pos=[0.4,-0.3], size=[1,1], lineWidth=1, lineColor=#006400, fillColor=#90EE90, vertices=[[-0.2,-0.1],[0.2,-0.1],[0.2,0.1],[-0.2,0.1]], closeShape=true, contrast=1, depth=-8, interpolate=true, width=0.4, height=0.2 )
9.750245000002906	EXP	Created trial_label_right = TextStim( name=trial_label_right, win=Window( name=Window, fullscr=true, color=#000000, ~), autoDraw=null, autoLog=true, units=height, ori=null, opacity=1, pos=[0.4,-0.3], size=undefined, text=default text, font=Arial, color=#006400, contrast=1, height=0.05, bold=null, italic=null, alignHoriz=left, alignVert=center, wrapWidth=1, flipHoriz=null, flipVert=null )
9.750610000017332	EXP	Created feedback_msg = TextStim( name=feedback_msg, win=Window( name=Window, fullscr=true, color=#000000, ~), autoDraw=null, autoLog=true, units=height, ori=null, opacity=1, pos=[0,0], size=undefined, text=default text, font=Arial, color=#FFFFFF, contrast=1, height=0.1, bold=null, italic=null, alignHoriz=left, alignVert=center, wrapWidth=1, flipHoriz=null, flipVert=null )
9.75096500001382	EXP	Created thanks_text = TextStim( name=thanks_text, win=Window( name=Window, fullscr=true, color=#000000, ~), autoDraw=null, autoLog=true, units=height, ori=null, opacity=1, pos=[0,0], size=undefined, text=The End. 
 
Thank you for your participation., font=Arial, color=#FFFFFF, contrast=1, height=0.1, bold=null, italic=null, alignHoriz=left, alignVert=center, wrapWidth=1, flipHoriz=null, flipVert=null )
9.844630000006873	EXP	instructs_text: units = "height"
9.844630000006873	EXP	instructs_text: ori = 0
9.844630000006873	EXP	instructs_text: opacity = 1
9.844630000006873	EXP	instructs_text: pos = [0,0]
9.844630000006873	EXP	instructs_text: size = undefined
9.844630000006873	EXP	instructs_text: text = "default text"
9.844630000006873	EXP	instructs_text: font = "Arial"
9.844630000006873	EXP	instructs_text: color = {"_hex":"#FFFFFF","_rgb":[1,1,1]}
9.844630000006873	EXP	instructs_text: contrast = 1
9.844630000006873	EXP	instructs_text: height = 0.03
9.844630000006873	EXP	instructs_text: bold = false
9.844630000006873	EXP	instructs_text: italic = false
9.844630000006873	EXP	instructs_text: alignHoriz = "left"
9.844630000006873	EXP	instructs_text: alignVert = "center"
9.844630000006873	EXP	instructs_text: wrapWidth = 1
9.844630000006873	EXP	instructs_text: flipHoriz = false
9.844630000006873	EXP	instructs_text: flipVert = false
9.844630000006873	EXP	instr_done_button: units = "height"
9.844630000006873	EXP	instr_done_button: ori = 0
9.844630000006873	EXP	instr_done_button: opacity = 1
9.844630000006873	EXP	instr_done_button: pos = [0,-0.4]
9.844630000006873	EXP	instr_done_button: size = [1,1]
9.844630000006873	EXP	instr_done_button: lineWidth = 1
9.844630000006873	EXP	instr_done_button: lineColor = {"_hex":"#006400","_rgb":[0,0.39215686274509803,0]}
9.844630000006873	EXP	instr_done_button: fillColor = {"_hex":"#90EE90","_rgb":[0.5647058823529412,0.9333333333333333,0.5647058823529412]}
9.844630000006873	EXP	instr_done_button: vertices = [[-0.5,0],[0,0.5],[0.5,0]]
9.844630000006873	EXP	instr_done_button: closeShape = true
9.844630000006873	EXP	instr_done_button: contrast = 1
9.844630000006873	EXP	instr_done_button: depth = -3
9.844630000006873	EXP	instr_done_button: interpolate = true
9.844630000006873	EXP	instr_done_button: width = 0.4
9.844630000006873	EXP	instr_done_button: vertices = [[-0.2,null],[0.2,null],[0.2,null],[-0.2,null]]
9.844630000006873	EXP	instr_done_button: height = 0.1
9.844630000006873	EXP	instr_done_button: vertices = [[-0.2,-0.05],[0.2,-0.05],[0.2,0.05],[-0.2,0.05]]
9.844630000006873	EXP	instr_done_button: vertices = [[-0.2,-0.05],[0.2,-0.05],[0.2,0.05],[-0.2,0.05]]
9.844630000006873	EXP	instr_done_label: units = "height"
9.844630000006873	EXP	instr_done_label: ori = 0
9.844630000006873	EXP	instr_done_label: opacity = 1
9.844630000006873	EXP	instr_done_label: pos = [0,-0.4]
9.844630000006873	EXP	instr_done_label: size = undefined
9.844630000006873	EXP	instr_done_label: text = "Next..."
9.844630000006873	EXP	instr_done_label: font = "Arial"
9.844630000006873	EXP	instr_done_label: color = {"_hex":"#006400","_rgb":[0,0.39215686274509803,0]}
9.844630000006873	EXP	instr_done_label: contrast = 1
9.844630000006873	EXP	instr_done_label: height = 0.05
9.844630000006873	EXP	instr_done_label: bold = false
9.844630000006873	EXP	instr_done_label: italic = false
9.844630000006873	EXP	instr_done_label: alignHoriz = "left"
9.844630000006873	EXP	instr_done_label: alignVert = "center"
9.844630000006873	EXP	instr_done_label: wrapWidth = 1
9.844630000006873	EXP	instr_done_label: flipHoriz = false
9.844630000006873	EXP	instr_done_label: flipVert = false
9.844630000006873	EXP	main_ready_msg: units = "height"
9.844630000006873	EXP	main_ready_msg: ori = 0
9.844630000006873	EXP	main_ready_msg: opacity = 1
9.844630000006873	EXP	main_ready_msg: pos = [0,0]
9.844630000006873	EXP	main_ready_msg: size = undefined
9.844630000006873	EXP	main_ready_msg: text = "Take note of the categories below\n \nPosition your index fingers \n \nPress the space bar (or one of the green buttons) to begin"
9.844630000006873	EXP	main_ready_msg: font = "Arial"
9.844630000006873	EXP	main_ready_msg: color = {"_hex":"#FFFFFF","_rgb":[1,1,1]}
9.844630000006873	EXP	main_ready_msg: contrast = 1
9.844630000006873	EXP	main_ready_msg: height = 0.03
9.844630000006873	EXP	main_ready_msg: bold = false
9.844630000006873	EXP	main_ready_msg: italic = false
9.844630000006873	EXP	main_ready_msg: alignHoriz = "left"
9.844630000006873	EXP	main_ready_msg: alignVert = "center"
9.844630000006873	EXP	main_ready_msg: wrapWidth = 1
9.844630000006873	EXP	main_ready_msg: flipHoriz = false
9.844630000006873	EXP	main_ready_msg: flipVert = false
9.844630000006873	EXP	button_L: units = "height"
9.844630000006873	EXP	button_L: ori = 0
9.844630000006873	EXP	button_L: opacity = 1
9.844630000006873	EXP	button_L: pos = [-0.4,-0.3]
9.844630000006873	EXP	button_L: size = [1,1]
9.844630000006873	EXP	button_L: lineWidth = 1
9.844630000006873	EXP	button_L: lineColor = {"_hex":"#006400","_rgb":[0,0.39215686274509803,0]}
9.844630000006873	EXP	button_L: fillColor = {"_hex":"#90EE90","_rgb":[0.5647058823529412,0.9333333333333333,0.5647058823529412]}
9.844630000006873	EXP	button_L: vertices = [[-0.5,0],[0,0.5],[0.5,0]]
9.844630000006873	EXP	button_L: closeShape = true
9.844630000006873	EXP	button_L: contrast = 1
9.844630000006873	EXP	button_L: depth = -1
9.844630000006873	EXP	button_L: interpolate = true
9.844630000006873	EXP	button_L: width = 0.4
9.844630000006873	EXP	button_L: vertices = [[-0.2,null],[0.2,null],[0.2,null],[-0.2,null]]
9.844630000006873	EXP	button_L: height = 0.2
9.844630000006873	EXP	button_L: vertices = [[-0.2,-0.1],[0.2,-0.1],[0.2,0.1],[-0.2,0.1]]
9.844630000006873	EXP	button_L: vertices = [[-0.2,-0.1],[0.2,-0.1],[0.2,0.1],[-0.2,0.1]]
9.844630000006873	EXP	ready_label_L: units = "height"
9.844630000006873	EXP	ready_label_L: ori = 0
9.844630000006873	EXP	ready_label_L: opacity = 1
9.844630000006873	EXP	ready_label_L: pos = [-0.4,-0.3]
9.844630000006873	EXP	ready_label_L: size = undefined
9.844630000006873	EXP	ready_label_L: text = "default text"
9.844630000006873	EXP	ready_label_L: font = "Arial"
9.844630000006873	EXP	ready_label_L: color = {"_hex":"#006400","_rgb":[0,0.39215686274509803,0]}
9.844630000006873	EXP	ready_label_L: contrast = 1
9.844630000006873	EXP	ready_label_L: height = 0.05
9.844630000006873	EXP	ready_label_L: bold = false
9.844630000006873	EXP	ready_label_L: italic = false
9.844630000006873	EXP	ready_label_L: alignHoriz = "left"
9.844630000006873	EXP	ready_label_L: alignVert = "center"
9.844630000006873	EXP	ready_label_L: wrapWidth = 1
9.844630000006873	EXP	ready_label_L: flipHoriz = false
9.844630000006873	EXP	ready_label_L: flipVert = false
9.844630000006873	EXP	button_R: units = "height"
9.844630000006873	EXP	button_R: ori = 0
9.844630000006873	EXP	button_R: opacity = 1
9.844630000006873	EXP	button_R: pos = [0.4,-0.3]
9.844630000006873	EXP	button_R: size = [1,1]
9.844630000006873	EXP	button_R: lineWidth = 1
9.844630000006873	EXP	button_R: lineColor = {"_hex":"#006400","_rgb":[0,0.39215686274509803,0]}
9.844630000006873	EXP	button_R: fillColor = {"_hex":"#90EE90","_rgb":[0.5647058823529412,0.9333333333333333,0.5647058823529412]}
9.844630000006873	EXP	button_R: vertices = [[-0.5,0],[0,0.5],[0.5,0]]
9.844630000006873	EXP	button_R: closeShape = true
9.844630000006873	EXP	button_R: contrast = 1
9.844630000006873	EXP	button_R: depth = -3
9.844630000006873	EXP	button_R: interpolate = true
9.844630000006873	EXP	button_R: width = 0.4
9.844630000006873	EXP	button_R: vertices = [[-0.2,null],[0.2,null],[0.2,null],[-0.2,null]]
9.844630000006873	EXP	button_R: height = 0.2
9.844630000006873	EXP	button_R: vertices = [[-0.2,-0.1],[0.2,-0.1],[0.2,0.1],[-0.2,0.1]]
9.844630000006873	EXP	button_R: vertices = [[-0.2,-0.1],[0.2,-0.1],[0.2,0.1],[-0.2,0.1]]
9.844630000006873	EXP	ready_label_R: units = "height"
9.844630000006873	EXP	ready_label_R: ori = 0
9.844630000006873	EXP	ready_label_R: opacity = 1
9.844630000006873	EXP	ready_label_R: pos = [0.4,-0.3]
9.844630000006873	EXP	ready_label_R: size = undefined
9.844630000006873	EXP	ready_label_R: text = "default text"
9.844630000006873	EXP	ready_label_R: font = "Arial"
9.844630000006873	EXP	ready_label_R: color = {"_hex":"#006400","_rgb":[0,0.39215686274509803,0]}
9.844630000006873	EXP	ready_label_R: contrast = 1
9.844630000006873	EXP	ready_label_R: height = 0.05
9.844630000006873	EXP	ready_label_R: bold = false
9.844630000006873	EXP	ready_label_R: italic = false
9.844630000006873	EXP	ready_label_R: alignHoriz = "left"
9.844630000006873	EXP	ready_label_R: alignVert = "center"
9.844630000006873	EXP	ready_label_R: wrapWidth = 1
9.844630000006873	EXP	ready_label_R: flipHoriz = false
9.844630000006873	EXP	ready_label_R: flipVert = false
9.844630000006873	EXP	fixation: units = "height"
9.844630000006873	EXP	fixation: ori = 0
9.844630000006873	EXP	fixation: opacity = 1
9.844630000006873	EXP	fixation: pos = [0,0]
9.844630000006873	EXP	fixation: size = undefined
9.844630000006873	EXP	fixation: text = "+"
9.844630000006873	EXP	fixation: font = "Arial"
9.844630000006873	EXP	fixation: color = {"_hex":"#FFFFFF","_rgb":[1,1,1]}
9.844630000006873	EXP	fixation: contrast = 1
9.844630000006873	EXP	fixation: height = 0.1
9.844630000006873	EXP	fixation: bold = false
9.844630000006873	EXP	fixation: italic = false
9.844630000006873	EXP	fixation: alignHoriz = "left"
9.844630000006873	EXP	fixation: alignVert = "center"
9.844630000006873	EXP	fixation: wrapWidth = 1
9.844630000006873	EXP	fixation: flipHoriz = false
9.844630000006873	EXP	fixation: flipVert = false
9.844630000006873	EXP	image_stim: units = "height"
9.844630000006873	EXP	image_stim: ori = 0
9.844630000006873	EXP	image_stim: opacity = 1
9.844630000006873	EXP	image_stim: pos = [0,0]
9.844630000006873	EXP	image_stim: size = [0.5,0.5]
9.844630000006873	EXP	image_stim: image = undefined
9.844630000006873	EXP	image_stim: mask = undefined
9.844630000006873	EXP	image_stim: color = {"_rgb":[1,1,1]}
9.844630000006873	EXP	image_stim: contrast = 1
9.844630000006873	EXP	image_stim: texRes = 128
9.844630000006873	EXP	image_stim: interpolate = true
9.844630000006873	EXP	image_stim: depth = -1
9.844630000006873	EXP	image_stim: flipHoriz = false
9.844630000006873	EXP	image_stim: flipVert = false
9.844630000006873	EXP	text_stim: units = "height"
9.844630000006873	EXP	text_stim: ori = 0
9.844630000006873	EXP	text_stim: opacity = 1
9.844630000006873	EXP	text_stim: pos = [0,0]
9.844630000006873	EXP	text_stim: size = undefined
9.844630000006873	EXP	text_stim: text = "default text"
9.844630000006873	EXP	text_stim: font = "Arial"
9.844630000006873	EXP	text_stim: color = {"_hex":"#FFFFFF","_rgb":[1,1,1]}
9.844630000006873	EXP	text_stim: contrast = 1
9.844630000006873	EXP	text_stim: height = 0.05
9.844630000006873	EXP	text_stim: bold = false
9.844630000006873	EXP	text_stim: italic = false
9.844630000006873	EXP	text_stim: alignHoriz = "left"
9.844630000006873	EXP	text_stim: alignVert = "center"
9.844630000006873	EXP	text_stim: wrapWidth = 1
9.844630000006873	EXP	text_stim: flipHoriz = false
9.844630000006873	EXP	text_stim: flipVert = false
9.844630000006873	EXP	button_left: units = "height"
9.844630000006873	EXP	button_left: ori = 0
9.844630000006873	EXP	button_left: opacity = 1
9.844630000006873	EXP	button_left: pos = [-0.4,-0.3]
9.844630000006873	EXP	button_left: size = [1,1]
9.844630000006873	EXP	button_left: lineWidth = 1
9.844630000006873	EXP	button_left: lineColor = {"_hex":"#006400","_rgb":[0,0.39215686274509803,0]}
9.844630000006873	EXP	button_left: fillColor = {"_hex":"#90EE90","_rgb":[0.5647058823529412,0.9333333333333333,0.5647058823529412]}
9.844630000006873	EXP	button_left: vertices = [[-0.5,0],[0,0.5],[0.5,0]]
9.844630000006873	EXP	button_left: closeShape = true
9.844630000006873	EXP	button_left: contrast = 1
9.844630000006873	EXP	button_left: depth = -6
9.844630000006873	EXP	button_left: interpolate = true
9.844630000006873	EXP	button_left: width = 0.4
9.844630000006873	EXP	button_left: vertices = [[-0.2,null],[0.2,null],[0.2,null],[-0.2,null]]
9.844630000006873	EXP	button_left: height = 0.2
9.844630000006873	EXP	button_left: vertices = [[-0.2,-0.1],[0.2,-0.1],[0.2,0.1],[-0.2,0.1]]
9.844630000006873	EXP	button_left: vertices = [[-0.2,-0.1],[0.2,-0.1],[0.2,0.1],[-0.2,0.1]]
9.844630000006873	EXP	trial_label_left: units = "height"
9.844630000006873	EXP	trial_label_left: ori = 0
9.844630000006873	EXP	trial_label_left: opacity = 1
9.844630000006873	EXP	trial_label_left: pos = [-0.4,-0.3]
9.844630000006873	EXP	trial_label_left: size = undefined
9.844630000006873	EXP	trial_label_left: text = "default text"
9.844630000006873	EXP	trial_label_left: font = "Arial"
9.844630000006873	EXP	trial_label_left: color = {"_hex":"#006400","_rgb":[0,0.39215686274509803,0]}
9.844630000006873	EXP	trial_label_left: contrast = 1
9.844630000006873	EXP	trial_label_left: height = 0.05
9.844630000006873	EXP	trial_label_left: bold = false
9.844630000006873	EXP	trial_label_left: italic = false
9.844630000006873	EXP	trial_label_left: alignHoriz = "left"
9.844630000006873	EXP	trial_label_left: alignVert = "center"
9.844630000006873	EXP	trial_label_left: wrapWidth = 1
9.844630000006873	EXP	trial_label_left: flipHoriz = false
9.844630000006873	EXP	trial_label_left: flipVert = false
9.844630000006873	EXP	button_right: units = "height"
9.844630000006873	EXP	button_right: ori = 0
9.844630000006873	EXP	button_right: opacity = 1
9.844630000006873	EXP	button_right: pos = [0.4,-0.3]
9.844630000006873	EXP	button_right: size = [1,1]
9.844630000006873	EXP	button_right: lineWidth = 1
9.844630000006873	EXP	button_right: lineColor = {"_hex":"#006400","_rgb":[0,0.39215686274509803,0]}
9.844630000006873	EXP	button_right: fillColor = {"_hex":"#90EE90","_rgb":[0.5647058823529412,0.9333333333333333,0.5647058823529412]}
9.844630000006873	EXP	button_right: vertices = [[-0.5,0],[0,0.5],[0.5,0]]
9.844630000006873	EXP	button_right: closeShape = true
9.844630000006873	EXP	button_right: contrast = 1
9.844630000006873	EXP	button_right: depth = -8
9.844630000006873	EXP	button_right: interpolate = true
9.844630000006873	EXP	button_right: width = 0.4
9.844630000006873	EXP	button_right: vertices = [[-0.2,null],[0.2,null],[0.2,null],[-0.2,null]]
9.844630000006873	EXP	button_right: height = 0.2
9.844630000006873	EXP	button_right: vertices = [[-0.2,-0.1],[0.2,-0.1],[0.2,0.1],[-0.2,0.1]]
9.844630000006873	EXP	button_right: vertices = [[-0.2,-0.1],[0.2,-0.1],[0.2,0.1],[-0.2,0.1]]
9.844630000006873	EXP	trial_label_right: units = "height"
9.844630000006873	EXP	trial_label_right: ori = 0
9.844630000006873	EXP	trial_label_right: opacity = 1
9.844630000006873	EXP	trial_label_right: pos = [0.4,-0.3]
9.844630000006873	EXP	trial_label_right: size = undefined
9.844630000006873	EXP	trial_label_right: text = "default text"
9.844630000006873	EXP	trial_label_right: font = "Arial"
9.844630000006873	EXP	trial_label_right: color = {"_hex":"#006400","_rgb":[0,0.39215686274509803,0]}
9.844630000006873	EXP	trial_label_right: contrast = 1
9.844630000006873	EXP	trial_label_right: height = 0.05
9.844630000006873	EXP	trial_label_right: bold = false
9.844630000006873	EXP	trial_label_right: italic = false
9.844630000006873	EXP	trial_label_right: alignHoriz = "left"
9.844630000006873	EXP	trial_label_right: alignVert = "center"
9.844630000006873	EXP	trial_label_right: wrapWidth = 1
9.844630000006873	EXP	trial_label_right: flipHoriz = false
9.844630000006873	EXP	trial_label_right: flipVert = false
9.844630000006873	EXP	feedback_msg: units = "height"
9.844630000006873	EXP	feedback_msg: ori = 0
9.844630000006873	EXP	feedback_msg: opacity = 1
9.844630000006873	EXP	feedback_msg: pos = [0,0]
9.844630000006873	EXP	feedback_msg: size = undefined
9.844630000006873	EXP	feedback_msg: text = "default text"
9.844630000006873	EXP	feedback_msg: font = "Arial"
9.844630000006873	EXP	feedback_msg: color = {"_hex":"#FFFFFF","_rgb":[1,1,1]}
9.844630000006873	EXP	feedback_msg: contrast = 1
9.844630000006873	EXP	feedback_msg: height = 0.1
9.844630000006873	EXP	feedback_msg: bold = false
9.844630000006873	EXP	feedback_msg: italic = false
9.844630000006873	EXP	feedback_msg: alignHoriz = "left"
9.844630000006873	EXP	feedback_msg: alignVert = "center"
9.844630000006873	EXP	feedback_msg: wrapWidth = 1
9.844630000006873	EXP	feedback_msg: flipHoriz = false
9.844630000006873	EXP	feedback_msg: flipVert = false
9.844630000006873	EXP	thanks_text: units = "height"
9.844630000006873	EXP	thanks_text: ori = 0
9.844630000006873	EXP	thanks_text: opacity = 1
9.844630000006873	EXP	thanks_text: pos = [0,0]
9.844630000006873	EXP	thanks_text: size = undefined
9.844630000006873	EXP	thanks_text: text = "The End. \n \nThank you for your participation."
9.844630000006873	EXP	thanks_text: font = "Arial"
9.844630000006873	EXP	thanks_text: color = {"_hex":"#FFFFFF","_rgb":[1,1,1]}
9.844630000006873	EXP	thanks_text: contrast = 1
9.844630000006873	EXP	thanks_text: height = 0.1
9.844630000006873	EXP	thanks_text: bold = false
9.844630000006873	EXP	thanks_text: italic = false
9.844630000006873	EXP	thanks_text: alignHoriz = "left"
9.844630000006873	EXP	thanks_text: alignVert = "center"
9.844630000006873	EXP	thanks_text: wrapWidth = 1
9.844630000006873	EXP	thanks_text: flipHoriz = false
9.844630000006873	EXP	thanks_text: flipVert = false
9.844630000006873	EXP	instructs_text: text = "You will be presented with words or images to classify into categories using either the 'A' or 'L' key. \r\n \r\nTry to go as fast as possible while making as few mistakes as possible. \r\n"
9.844630000006873	EXP	instructs_text: autoDraw = true
9.844630000006873	EXP	instr_done_button: autoDraw = true
9.844630000006873	EXP	instr_done_label: autoDraw = true
11.545285000000149	DATA	Mouse: 0 button down, pos=(603.4921875,1368.56640625)
11.612415000010515	DATA	Mouse: 0 button down, pos=(603.4921875,1368.56640625)
11.864635000005364	DATA	Mouse: 0 button down, pos=(593.8359375,1426.0546875)
11.884810000017751	EXP	instructs_text: autoDraw = false
11.884810000017751	EXP	instr_done_button: autoDraw = false
11.884810000017751	EXP	instr_done_label: autoDraw = false
11.884810000017751	EXP	instructs_text: text = "Keep in mind: \r\n \r\n1) Labels at the top of the screen indicate which catogory goes with which key. \r\n \r\n2) Each word or image has a correct catogory classification \r\n \r\n3) Keep your index fingers on the A and L keys to enable a rapid response. \r\n \r\n4) The test gives no results if you go slow- please try to go as fast as possible \r\n"
11.884810000017751	EXP	instructs_text: autoDraw = true
11.884810000017751	EXP	instr_done_button: autoDraw = true
11.884810000017751	EXP	instr_done_label: autoDraw = true
11.946725000016158	DATA	Mouse: 0 button down, pos=(593.8359375,1426.0546875)
12.614065000001574	DATA	Mouse: 0 button down, pos=(599.37109375,1440.84375)
12.652759999997215	EXP	instructs_text: autoDraw = false
12.652759999997215	EXP	instr_done_button: autoDraw = false
12.652759999997215	EXP	instr_done_label: autoDraw = false
12.652759999997215	EXP	ready_label_L: text = "A = \r\nPositive"
12.652759999997215	EXP	ready_label_R: text = "L = \r\nNegative"
12.652759999997215	EXP	main_ready_msg: autoDraw = true
12.652759999997215	EXP	button_L: autoDraw = true
12.652759999997215	EXP	ready_label_L: autoDraw = true
12.652759999997215	EXP	button_R: autoDraw = true
12.652759999997215	EXP	ready_label_R: autoDraw = true
12.698120000015479	DATA	Mouse: 0 button down, pos=(599.37109375,1440.84375)
13.49743000001763	DATA	Mouse: 0 button down, pos=(916.65625,1425.68359375)
13.535570000007283	EXP	main_ready_msg: autoDraw = false
13.535570000007283	EXP	button_L: autoDraw = false
13.535570000007283	EXP	ready_label_L: autoDraw = false
13.535570000007283	EXP	button_R: autoDraw = false
13.535570000007283	EXP	ready_label_R: autoDraw = false
13.535570000007283	EXP	image_stim: image = {}
13.535570000007283	EXP	text_stim: text = "Hurt"
13.535570000007283	EXP	trial_label_left: text = "A = \r\nPositive"
13.535570000007283	EXP	trial_label_right: text = "L = \r\nNegative"
13.535570000007283	EXP	fixation: autoDraw = true
13.581630000000587	DATA	Mouse: 0 button down, pos=(916.65625,1425.68359375)
14.0272399999958	EXP	fixation: autoDraw = false
14.058565000013914	EXP	image_stim: autoDraw = true
14.058565000013914	EXP	text_stim: autoDraw = true
14.058565000013914	EXP	button_left: autoDraw = true
14.058565000013914	EXP	trial_label_left: autoDraw = true
14.058565000013914	EXP	button_right: autoDraw = true
14.058565000013914	EXP	trial_label_right: autoDraw = true
14.949925000022631	DATA	Mouse: 0 button down, pos=(898.17578125,1389.1328125)
14.965105000010226	EXP	fixation: autoDraw = false
14.965105000010226	EXP	image_stim: autoDraw = false
14.965105000010226	EXP	text_stim: autoDraw = false
14.965105000010226	EXP	button_left: autoDraw = false
14.965105000010226	EXP	trial_label_left: autoDraw = false
14.965105000010226	EXP	button_right: autoDraw = false
14.965105000010226	EXP	trial_label_right: autoDraw = false
14.965105000010226	EXP	feedback_msg: text = "+"
14.965105000010226	EXP	feedback_msg: autoDraw = true
15.000815000006696	DATA	Mouse: 0 button down, pos=(898.17578125,1389.1328125)
15.965815000003204	EXP	feedback_msg: autoDraw = false
15.965815000003204	EXP	feedback_msg: autoDraw = false
15.965815000003204	EXP	image_stim: image = {}
15.965815000003204	EXP	text_stim: text = "Pleasure"
15.965815000003204	EXP	trial_label_left: text = "A = \r\nPositive"
15.965815000003204	EXP	trial_label_right: text = "L = \r\nNegative"
15.965815000003204	EXP	fixation: autoDraw = true
16.465794999996433	EXP	fixation: autoDraw = false
16.485190000006696	EXP	image_stim: autoDraw = true
16.485190000006696	EXP	text_stim: autoDraw = true
16.485190000006696	EXP	button_left: autoDraw = true
16.485190000006696	EXP	trial_label_left: autoDraw = true
16.485190000006696	EXP	button_right: autoDraw = true
16.485190000006696	EXP	trial_label_right: autoDraw = true
17.30161500000395	DATA	Mouse: 0 button down, pos=(278.6015625,1363.76953125)
17.316814999998314	EXP	fixation: autoDraw = false
17.316814999998314	EXP	image_stim: autoDraw = false
17.316814999998314	EXP	text_stim: autoDraw = false
17.316814999998314	EXP	button_left: autoDraw = false
17.316814999998314	EXP	trial_label_left: autoDraw = false
17.316814999998314	EXP	button_right: autoDraw = false
17.316814999998314	EXP	trial_label_right: autoDraw = false
17.316814999998314	EXP	feedback_msg: text = "+"
17.316814999998314	EXP	feedback_msg: autoDraw = true
17.350955000001704	DATA	Mouse: 0 button down, pos=(278.6015625,1364.68359375)
18.317785000021104	EXP	feedback_msg: autoDraw = false
18.317785000021104	EXP	feedback_msg: autoDraw = false
18.317785000021104	EXP	image_stim: image = {}
18.317785000021104	EXP	text_stim: text = "Joy"
18.317785000021104	EXP	trial_label_left: text = "A = \r\nPositive"
18.317785000021104	EXP	trial_label_right: text = "L = \r\nNegative"
18.317785000021104	EXP	fixation: autoDraw = true
18.817715000011958	EXP	fixation: autoDraw = false
18.83834499999648	EXP	image_stim: autoDraw = true
18.83834499999648	EXP	text_stim: autoDraw = true
18.83834499999648	EXP	button_left: autoDraw = true
18.83834499999648	EXP	trial_label_left: autoDraw = true
18.83834499999648	EXP	button_right: autoDraw = true
18.83834499999648	EXP	trial_label_right: autoDraw = true
20.470980000012787	DATA	Keydown: l
20.487075000011828	EXP	fixation: autoDraw = false
20.487075000011828	EXP	image_stim: autoDraw = false
20.487075000011828	EXP	text_stim: autoDraw = false
20.487075000011828	EXP	button_left: autoDraw = false
20.487075000011828	EXP	trial_label_left: autoDraw = false
20.487075000011828	EXP	button_right: autoDraw = false
20.487075000011828	EXP	trial_label_right: autoDraw = false
20.487075000011828	EXP	feedback_msg: text = "oops"
20.487075000011828	EXP	feedback_msg: autoDraw = true
21.486950000020443	EXP	feedback_msg: autoDraw = false
21.486950000020443	EXP	feedback_msg: autoDraw = false
21.486950000020443	EXP	image_stim: image = {}
21.486950000020443	EXP	text_stim: text = "Good"
21.486950000020443	EXP	trial_label_left: text = "A = \r\nPositive"
21.486950000020443	EXP	trial_label_right: text = "L = \r\nNegative"
21.486950000020443	EXP	fixation: autoDraw = true
21.98952500001178	EXP	fixation: autoDraw = false
21.98952500001178	EXP	image_stim: autoDraw = true
21.98952500001178	EXP	text_stim: autoDraw = true
21.98952500001178	EXP	button_left: autoDraw = true
21.98952500001178	EXP	trial_label_left: autoDraw = true
21.98952500001178	EXP	button_right: autoDraw = true
21.98952500001178	EXP	trial_label_right: autoDraw = true
22.388570000010077	DATA	Keydown: l
22.405064999999013	EXP	fixation: autoDraw = false
22.405064999999013	EXP	image_stim: autoDraw = false
22.405064999999013	EXP	text_stim: autoDraw = false
22.405064999999013	EXP	button_left: autoDraw = false
22.405064999999013	EXP	trial_label_left: autoDraw = false
22.405064999999013	EXP	button_right: autoDraw = false
22.405064999999013	EXP	trial_label_right: autoDraw = false
22.405064999999013	EXP	feedback_msg: text = "oops"
22.405064999999013	EXP	feedback_msg: autoDraw = true
23.4054049999977	EXP	feedback_msg: autoDraw = false
23.4054049999977	EXP	feedback_msg: autoDraw = false
23.4054049999977	EXP	image_stim: image = {}
23.4054049999977	EXP	text_stim: text = "Happy"
23.4054049999977	EXP	trial_label_left: text = "A = \r\nPositive"
23.4054049999977	EXP	trial_label_right: text = "L = \r\nNegative"
23.4054049999977	EXP	fixation: autoDraw = true
23.90783999999985	EXP	fixation: autoDraw = false
23.90783999999985	EXP	image_stim: autoDraw = true
23.90783999999985	EXP	text_stim: autoDraw = true
23.90783999999985	EXP	button_left: autoDraw = true
23.90783999999985	EXP	trial_label_left: autoDraw = true
23.90783999999985	EXP	button_right: autoDraw = true
23.90783999999985	EXP	trial_label_right: autoDraw = true
25.841500000009546	DATA	Keydown: a
25.85731500000111	EXP	fixation: autoDraw = false
25.85731500000111	EXP	image_stim: autoDraw = false
25.85731500000111	EXP	text_stim: autoDraw = false
25.85731500000111	EXP	button_left: autoDraw = false
25.85731500000111	EXP	trial_label_left: autoDraw = false
25.85731500000111	EXP	button_right: autoDraw = false
25.85731500000111	EXP	trial_label_right: autoDraw = false
25.85731500000111	EXP	feedback_msg: text = "+"
25.85731500000111	EXP	feedback_msg: autoDraw = true
26.858230000012554	EXP	feedback_msg: autoDraw = false
26.858230000012554	EXP	feedback_msg: autoDraw = false
26.858230000012554	EXP	image_stim: image = {}
26.858230000012554	EXP	text_stim: text = "Evil"
26.858230000012554	EXP	trial_label_left: text = "A = \r\nPositive"
26.858230000012554	EXP	trial_label_right: text = "L = \r\nNegative"
26.858230000012554	EXP	fixation: autoDraw = true
27.3602200000023	EXP	fixation: autoDraw = false
27.3602200000023	EXP	image_stim: autoDraw = true
27.3602200000023	EXP	text_stim: autoDraw = true
27.3602200000023	EXP	button_left: autoDraw = true
27.3602200000023	EXP	trial_label_left: autoDraw = true
27.3602200000023	EXP	button_right: autoDraw = true
27.3602200000023	EXP	trial_label_right: autoDraw = true
28.96056999999564	DATA	Keydown: l
28.97594500001287	EXP	fixation: autoDraw = false
28.97594500001287	EXP	image_stim: autoDraw = false
28.97594500001287	EXP	text_stim: autoDraw = false
28.97594500001287	EXP	button_left: autoDraw = false
28.97594500001287	EXP	trial_label_left: autoDraw = false
28.97594500001287	EXP	button_right: autoDraw = false
28.97594500001287	EXP	trial_label_right: autoDraw = false
28.97594500001287	EXP	feedback_msg: text = "+"
28.97594500001287	EXP	feedback_msg: autoDraw = true
29.977765000017826	EXP	feedback_msg: autoDraw = false
29.977765000017826	EXP	feedback_msg: autoDraw = false
29.977765000017826	EXP	image_stim: image = {}
29.977765000017826	EXP	text_stim: text = "Agony"
29.977765000017826	EXP	trial_label_left: text = "A = \r\nPositive"
29.977765000017826	EXP	trial_label_right: text = "L = \r\nNegative"
29.977765000017826	EXP	fixation: autoDraw = true
30.481025000015507	EXP	fixation: autoDraw = false
30.481025000015507	EXP	image_stim: autoDraw = true
30.481025000015507	EXP	text_stim: autoDraw = true
30.481025000015507	EXP	button_left: autoDraw = true
30.481025000015507	EXP	trial_label_left: autoDraw = true
30.481025000015507	EXP	button_right: autoDraw = true
30.481025000015507	EXP	trial_label_right: autoDraw = true
32.51349500002107	DATA	Keydown: l
32.529395000019576	EXP	fixation: autoDraw = false
32.529395000019576	EXP	image_stim: autoDraw = false
32.529395000019576	EXP	text_stim: autoDraw = false
32.529395000019576	EXP	button_left: autoDraw = false
32.529395000019576	EXP	trial_label_left: autoDraw = false
32.529395000019576	EXP	button_right: autoDraw = false
32.529395000019576	EXP	trial_label_right: autoDraw = false
32.529395000019576	EXP	feedback_msg: text = "+"
32.529395000019576	EXP	feedback_msg: autoDraw = true
33.52968000000692	EXP	feedback_msg: autoDraw = false
33.52968000000692	EXP	feedback_msg: autoDraw = false
33.52968000000692	EXP	image_stim: image = {}
33.52968000000692	EXP	text_stim: text = "Bad"
33.52968000000692	EXP	trial_label_left: text = "A = \r\nPositive"
33.52968000000692	EXP	trial_label_right: text = "L = \r\nNegative"
33.52968000000692	EXP	fixation: autoDraw = true
34.02715999999782	EXP	fixation: autoDraw = false
34.05263500000001	EXP	image_stim: autoDraw = true
34.05263500000001	EXP	text_stim: autoDraw = true
34.05263500000001	EXP	button_left: autoDraw = true
34.05263500000001	EXP	trial_label_left: autoDraw = true
34.05263500000001	EXP	button_right: autoDraw = true
34.05263500000001	EXP	trial_label_right: autoDraw = true
35.97937000001548	DATA	Keydown: Escape
