0.09850500000175089	EXP	Created Window = Window( name=Window, fullscr=true, color=#000000, units=height, waitBlanking=true, autoLog=true, size=[1368,770] )
7.370929999975488	EXP	Created instructs_text = TextStim( name=instructs_text, win=Window( name=Window, fullscr=true, color=#000000, ~), autoDraw=null, autoLog=true, units=height, ori=null, opacity=1, pos=[0,0], size=undefined, text=default text, font=Arial, color=#FFFFFF, contrast=1, height=0.03, bold=null, italic=null, alignHoriz=left, alignVert=center, wrapWidth=1, flipHoriz=null, flipVert=null )
7.378429999924265	EXP	Created instr_done_button = Rect( name=instr_done_button, win=Window( name=Window, fullscr=true, color=#000000, ~), autoDraw=null, autoLog=true, units=height, ori=null, opacity=1, pos=[0,-0.4], size=[1,1], lineWidth=1, lineColor=#006400, fillColor=#90EE90, vertices=[[-0.2,-0.05],[0.2,-0.05],[0.2,0.05],[-0.2,0.05]], closeShape=true, contrast=1, depth=-3, interpolate=true, width=0.4, height=0.1 )
7.381524999975227	EXP	Created instr_done_label = TextStim( name=instr_done_label, win=Window( name=Window, fullscr=true, color=#000000, ~), autoDraw=null, autoLog=true, units=height, ori=null, opacity=1, pos=[0,-0.4], size=undefined, text=Next..., font=Arial, color=#006400, contrast=1, height=0.05, bold=null, italic=null, alignHoriz=left, alignVert=center, wrapWidth=1, flipHoriz=null, flipVert=null )
7.387310000020079	EXP	Created main_ready_msg = TextStim( name=main_ready_msg, win=Window( name=Window, fullscr=true, color=#000000, ~), autoDraw=null, autoLog=true, units=height, ori=null, opacity=1, pos=[0,0], size=undefined, text=Take note of the categories below
 
Position your ~, font=Arial, color=#FFFFFF, contrast=1, height=0.03, bold=null, italic=null, alignHoriz=left, alignVert=center, wrapWidth=1, flipHoriz=null, flipVert=null )
7.4044349999167025	EXP	Created button_L = Rect( name=button_L, win=Window( name=Window, fullscr=true, color=#000000, ~), autoDraw=null, autoLog=true, units=height, ori=null, opacity=1, pos=[-0.4,-0.3], size=[1,1], lineWidth=1, lineColor=#006400, fillColor=#90EE90, vertices=[[-0.2,-0.1],[0.2,-0.1],[0.2,0.1],[-0.2,0.1]], closeShape=true, contrast=1, depth=-1, interpolate=true, width=0.4, height=0.2 )
7.406104999943636	EXP	Created ready_label_L = TextStim( name=ready_label_L, win=Window( name=Window, fullscr=true, color=#000000, ~), autoDraw=null, autoLog=true, units=height, ori=null, opacity=1, pos=[-0.4,-0.3], size=undefined, text=default text, font=Arial, color=#006400, contrast=1, height=0.05, bold=null, italic=null, alignHoriz=left, alignVert=center, wrapWidth=1, flipHoriz=null, flipVert=null )
7.4114999999292195	EXP	Created button_R = Rect( name=button_R, win=Window( name=Window, fullscr=true, color=#000000, ~), autoDraw=null, autoLog=true, units=height, ori=null, opacity=1, pos=[0.4,-0.3], size=[1,1], lineWidth=1, lineColor=#006400, fillColor=#90EE90, vertices=[[-0.2,-0.1],[0.2,-0.1],[0.2,0.1],[-0.2,0.1]], closeShape=true, contrast=1, depth=-3, interpolate=true, width=0.4, height=0.2 )
7.412884999997914	EXP	Created ready_label_R = TextStim( name=ready_label_R, win=Window( name=Window, fullscr=true, color=#000000, ~), autoDraw=null, autoLog=true, units=height, ori=null, opacity=1, pos=[0.4,-0.3], size=undefined, text=default text, font=Arial, color=#006400, contrast=1, height=0.05, bold=null, italic=null, alignHoriz=left, alignVert=center, wrapWidth=1, flipHoriz=null, flipVert=null )
7.4147200000006706	EXP	Created fixation = TextStim( name=fixation, win=Window( name=Window, fullscr=true, color=#000000, ~), autoDraw=null, autoLog=true, units=height, ori=null, opacity=1, pos=[0,0], size=undefined, text=+, font=Arial, color=#FFFFFF, contrast=1, height=0.1, bold=null, italic=null, alignHoriz=left, alignVert=center, wrapWidth=1, flipHoriz=null, flipVert=null )
7.41961999994237	EXP	Created image_stim = ImageStim( name=image_stim, win=Window( name=Window, fullscr=true, color=#000000, ~), autoDraw=null, autoLog=true, units=height, ori=null, opacity=1, pos=[0,0], size=[0.5,0.5], image=undefined, mask=undefined, color=#ffffff, contrast=1, texRes=128, interpolate=true, depth=-1, flipHoriz=null, flipVert=null )
7.420579999918118	EXP	Created text_stim = TextStim( name=text_stim, win=Window( name=Window, fullscr=true, color=#000000, ~), autoDraw=null, autoLog=true, units=height, ori=null, opacity=1, pos=[0,0], size=undefined, text=default text, font=Arial, color=#FFFFFF, contrast=1, height=0.05, bold=null, italic=null, alignHoriz=left, alignVert=center, wrapWidth=1, flipHoriz=null, flipVert=null )
7.423895000014454	EXP	Created button_left = Rect( name=button_left, win=Window( name=Window, fullscr=true, color=#000000, ~), autoDraw=null, autoLog=true, units=height, ori=null, opacity=1, pos=[-0.4,-0.3], size=[1,1], lineWidth=1, lineColor=#006400, fillColor=#90EE90, vertices=[[-0.2,-0.1],[0.2,-0.1],[0.2,0.1],[-0.2,0.1]], closeShape=true, contrast=1, depth=-6, interpolate=true, width=0.4, height=0.2 )
7.424809999996796	EXP	Created trial_label_left = TextStim( name=trial_label_left, win=Window( name=Window, fullscr=true, color=#000000, ~), autoDraw=null, autoLog=true, units=height, ori=null, opacity=1, pos=[-0.4,-0.3], size=undefined, text=default text, font=Arial, color=#006400, contrast=1, height=0.05, bold=null, italic=null, alignHoriz=left, alignVert=center, wrapWidth=1, flipHoriz=null, flipVert=null )
7.427574999979697	EXP	Created button_right = Rect( name=button_right, win=Window( name=Window, fullscr=true, color=#000000, ~), autoDraw=null, autoLog=true, units=height, ori=null, opacity=1, pos=[0.4,-0.3], size=[1,1], lineWidth=1, lineColor=#006400, fillColor=#90EE90, vertices=[[-0.2,-0.1],[0.2,-0.1],[0.2,0.1],[-0.2,0.1]], closeShape=true, contrast=1, depth=-8, interpolate=true, width=0.4, height=0.2 )
7.428354999981821	EXP	Created trial_label_right = TextStim( name=trial_label_right, win=Window( name=Window, fullscr=true, color=#000000, ~), autoDraw=null, autoLog=true, units=height, ori=null, opacity=1, pos=[0.4,-0.3], size=undefined, text=default text, font=Arial, color=#006400, contrast=1, height=0.05, bold=null, italic=null, alignHoriz=left, alignVert=center, wrapWidth=1, flipHoriz=null, flipVert=null )
7.429034999920987	EXP	Created feedback_msg = TextStim( name=feedback_msg, win=Window( name=Window, fullscr=true, color=#000000, ~), autoDraw=null, autoLog=true, units=height, ori=null, opacity=1, pos=[0,0], size=undefined, text=default text, font=Arial, color=#FFFFFF, contrast=1, height=0.1, bold=null, italic=null, alignHoriz=left, alignVert=center, wrapWidth=1, flipHoriz=null, flipVert=null )
7.429774999967776	EXP	Created thanks_text = TextStim( name=thanks_text, win=Window( name=Window, fullscr=true, color=#000000, ~), autoDraw=null, autoLog=true, units=height, ori=null, opacity=1, pos=[0,0], size=undefined, text=The End. 
 
Thank you for your participation., font=Arial, color=#FFFFFF, contrast=1, height=0.1, bold=null, italic=null, alignHoriz=left, alignVert=center, wrapWidth=1, flipHoriz=null, flipVert=null )
7.933484999928623	EXP	instructs_text: units = "height"
7.933484999928623	EXP	instructs_text: ori = 0
7.933484999928623	EXP	instructs_text: opacity = 1
7.933484999928623	EXP	instructs_text: pos = [0,0]
7.933484999928623	EXP	instructs_text: size = undefined
7.933484999928623	EXP	instructs_text: text = "default text"
7.933484999928623	EXP	instructs_text: font = "Arial"
7.933484999928623	EXP	instructs_text: color = {"_hex":"#FFFFFF","_rgb":[1,1,1]}
7.933484999928623	EXP	instructs_text: contrast = 1
7.933484999928623	EXP	instructs_text: height = 0.03
7.933484999928623	EXP	instructs_text: bold = false
7.933484999928623	EXP	instructs_text: italic = false
7.933484999928623	EXP	instructs_text: alignHoriz = "left"
7.933484999928623	EXP	instructs_text: alignVert = "center"
7.933484999928623	EXP	instructs_text: wrapWidth = 1
7.933484999928623	EXP	instructs_text: flipHoriz = false
7.933484999928623	EXP	instructs_text: flipVert = false
7.933484999928623	EXP	instr_done_button: units = "height"
7.933484999928623	EXP	instr_done_button: ori = 0
7.933484999928623	EXP	instr_done_button: opacity = 1
7.933484999928623	EXP	instr_done_button: pos = [0,-0.4]
7.933484999928623	EXP	instr_done_button: size = [1,1]
7.933484999928623	EXP	instr_done_button: lineWidth = 1
7.933484999928623	EXP	instr_done_button: lineColor = {"_hex":"#006400","_rgb":[0,0.39215686274509803,0]}
7.933484999928623	EXP	instr_done_button: fillColor = {"_hex":"#90EE90","_rgb":[0.5647058823529412,0.9333333333333333,0.5647058823529412]}
7.933484999928623	EXP	instr_done_button: vertices = [[-0.5,0],[0,0.5],[0.5,0]]
7.933484999928623	EXP	instr_done_button: closeShape = true
7.933484999928623	EXP	instr_done_button: contrast = 1
7.933484999928623	EXP	instr_done_button: depth = -3
7.933484999928623	EXP	instr_done_button: interpolate = true
7.933484999928623	EXP	instr_done_button: width = 0.4
7.933484999928623	EXP	instr_done_button: vertices = [[-0.2,null],[0.2,null],[0.2,null],[-0.2,null]]
7.933484999928623	EXP	instr_done_button: height = 0.1
7.933484999928623	EXP	instr_done_button: vertices = [[-0.2,-0.05],[0.2,-0.05],[0.2,0.05],[-0.2,0.05]]
7.933484999928623	EXP	instr_done_button: vertices = [[-0.2,-0.05],[0.2,-0.05],[0.2,0.05],[-0.2,0.05]]
7.933484999928623	EXP	instr_done_label: units = "height"
7.933484999928623	EXP	instr_done_label: ori = 0
7.933484999928623	EXP	instr_done_label: opacity = 1
7.933484999928623	EXP	instr_done_label: pos = [0,-0.4]
7.933484999928623	EXP	instr_done_label: size = undefined
7.933484999928623	EXP	instr_done_label: text = "Next..."
7.933484999928623	EXP	instr_done_label: font = "Arial"
7.933484999928623	EXP	instr_done_label: color = {"_hex":"#006400","_rgb":[0,0.39215686274509803,0]}
7.933484999928623	EXP	instr_done_label: contrast = 1
7.933484999928623	EXP	instr_done_label: height = 0.05
7.933484999928623	EXP	instr_done_label: bold = false
7.933484999928623	EXP	instr_done_label: italic = false
7.933484999928623	EXP	instr_done_label: alignHoriz = "left"
7.933484999928623	EXP	instr_done_label: alignVert = "center"
7.933484999928623	EXP	instr_done_label: wrapWidth = 1
7.933484999928623	EXP	instr_done_label: flipHoriz = false
7.933484999928623	EXP	instr_done_label: flipVert = false
7.933484999928623	EXP	main_ready_msg: units = "height"
7.933484999928623	EXP	main_ready_msg: ori = 0
7.933484999928623	EXP	main_ready_msg: opacity = 1
7.933484999928623	EXP	main_ready_msg: pos = [0,0]
7.933484999928623	EXP	main_ready_msg: size = undefined
7.933484999928623	EXP	main_ready_msg: text = "Take note of the categories below\n \nPosition your index fingers \n \nPress the space bar (or one of the green buttons) to begin"
7.933484999928623	EXP	main_ready_msg: font = "Arial"
7.933484999928623	EXP	main_ready_msg: color = {"_hex":"#FFFFFF","_rgb":[1,1,1]}
7.933484999928623	EXP	main_ready_msg: contrast = 1
7.933484999928623	EXP	main_ready_msg: height = 0.03
7.933484999928623	EXP	main_ready_msg: bold = false
7.933484999928623	EXP	main_ready_msg: italic = false
7.933484999928623	EXP	main_ready_msg: alignHoriz = "left"
7.933484999928623	EXP	main_ready_msg: alignVert = "center"
7.933484999928623	EXP	main_ready_msg: wrapWidth = 1
7.933484999928623	EXP	main_ready_msg: flipHoriz = false
7.933484999928623	EXP	main_ready_msg: flipVert = false
7.933484999928623	EXP	button_L: units = "height"
7.933484999928623	EXP	button_L: ori = 0
7.933484999928623	EXP	button_L: opacity = 1
7.933484999928623	EXP	button_L: pos = [-0.4,-0.3]
7.933484999928623	EXP	button_L: size = [1,1]
7.933484999928623	EXP	button_L: lineWidth = 1
7.933484999928623	EXP	button_L: lineColor = {"_hex":"#006400","_rgb":[0,0.39215686274509803,0]}
7.933484999928623	EXP	button_L: fillColor = {"_hex":"#90EE90","_rgb":[0.5647058823529412,0.9333333333333333,0.5647058823529412]}
7.933484999928623	EXP	button_L: vertices = [[-0.5,0],[0,0.5],[0.5,0]]
7.933484999928623	EXP	button_L: closeShape = true
7.933484999928623	EXP	button_L: contrast = 1
7.933484999928623	EXP	button_L: depth = -1
7.933484999928623	EXP	button_L: interpolate = true
7.933484999928623	EXP	button_L: width = 0.4
7.933484999928623	EXP	button_L: vertices = [[-0.2,null],[0.2,null],[0.2,null],[-0.2,null]]
7.933484999928623	EXP	button_L: height = 0.2
7.933484999928623	EXP	button_L: vertices = [[-0.2,-0.1],[0.2,-0.1],[0.2,0.1],[-0.2,0.1]]
7.933484999928623	EXP	button_L: vertices = [[-0.2,-0.1],[0.2,-0.1],[0.2,0.1],[-0.2,0.1]]
7.933484999928623	EXP	ready_label_L: units = "height"
7.933484999928623	EXP	ready_label_L: ori = 0
7.933484999928623	EXP	ready_label_L: opacity = 1
7.933484999928623	EXP	ready_label_L: pos = [-0.4,-0.3]
7.933484999928623	EXP	ready_label_L: size = undefined
7.933484999928623	EXP	ready_label_L: text = "default text"
7.933484999928623	EXP	ready_label_L: font = "Arial"
7.933484999928623	EXP	ready_label_L: color = {"_hex":"#006400","_rgb":[0,0.39215686274509803,0]}
7.933484999928623	EXP	ready_label_L: contrast = 1
7.933484999928623	EXP	ready_label_L: height = 0.05
7.933484999928623	EXP	ready_label_L: bold = false
7.933484999928623	EXP	ready_label_L: italic = false
7.933484999928623	EXP	ready_label_L: alignHoriz = "left"
7.933484999928623	EXP	ready_label_L: alignVert = "center"
7.933484999928623	EXP	ready_label_L: wrapWidth = 1
7.933484999928623	EXP	ready_label_L: flipHoriz = false
7.933484999928623	EXP	ready_label_L: flipVert = false
7.933484999928623	EXP	button_R: units = "height"
7.933484999928623	EXP	button_R: ori = 0
7.933484999928623	EXP	button_R: opacity = 1
7.933484999928623	EXP	button_R: pos = [0.4,-0.3]
7.933484999928623	EXP	button_R: size = [1,1]
7.933484999928623	EXP	button_R: lineWidth = 1
7.933484999928623	EXP	button_R: lineColor = {"_hex":"#006400","_rgb":[0,0.39215686274509803,0]}
7.933484999928623	EXP	button_R: fillColor = {"_hex":"#90EE90","_rgb":[0.5647058823529412,0.9333333333333333,0.5647058823529412]}
7.933484999928623	EXP	button_R: vertices = [[-0.5,0],[0,0.5],[0.5,0]]
7.933484999928623	EXP	button_R: closeShape = true
7.933484999928623	EXP	button_R: contrast = 1
7.933484999928623	EXP	button_R: depth = -3
7.933484999928623	EXP	button_R: interpolate = true
7.933484999928623	EXP	button_R: width = 0.4
7.933484999928623	EXP	button_R: vertices = [[-0.2,null],[0.2,null],[0.2,null],[-0.2,null]]
7.933484999928623	EXP	button_R: height = 0.2
7.933484999928623	EXP	button_R: vertices = [[-0.2,-0.1],[0.2,-0.1],[0.2,0.1],[-0.2,0.1]]
7.933484999928623	EXP	button_R: vertices = [[-0.2,-0.1],[0.2,-0.1],[0.2,0.1],[-0.2,0.1]]
7.933484999928623	EXP	ready_label_R: units = "height"
7.933484999928623	EXP	ready_label_R: ori = 0
7.933484999928623	EXP	ready_label_R: opacity = 1
7.933484999928623	EXP	ready_label_R: pos = [0.4,-0.3]
7.933484999928623	EXP	ready_label_R: size = undefined
7.933484999928623	EXP	ready_label_R: text = "default text"
7.933484999928623	EXP	ready_label_R: font = "Arial"
7.933484999928623	EXP	ready_label_R: color = {"_hex":"#006400","_rgb":[0,0.39215686274509803,0]}
7.933484999928623	EXP	ready_label_R: contrast = 1
7.933484999928623	EXP	ready_label_R: height = 0.05
7.933484999928623	EXP	ready_label_R: bold = false
7.933484999928623	EXP	ready_label_R: italic = false
7.933484999928623	EXP	ready_label_R: alignHoriz = "left"
7.933484999928623	EXP	ready_label_R: alignVert = "center"
7.933484999928623	EXP	ready_label_R: wrapWidth = 1
7.933484999928623	EXP	ready_label_R: flipHoriz = false
7.933484999928623	EXP	ready_label_R: flipVert = false
7.933484999928623	EXP	fixation: units = "height"
7.933484999928623	EXP	fixation: ori = 0
7.933484999928623	EXP	fixation: opacity = 1
7.933484999928623	EXP	fixation: pos = [0,0]
7.933484999928623	EXP	fixation: size = undefined
7.933484999928623	EXP	fixation: text = "+"
7.933484999928623	EXP	fixation: font = "Arial"
7.933484999928623	EXP	fixation: color = {"_hex":"#FFFFFF","_rgb":[1,1,1]}
7.933484999928623	EXP	fixation: contrast = 1
7.933484999928623	EXP	fixation: height = 0.1
7.933484999928623	EXP	fixation: bold = false
7.933484999928623	EXP	fixation: italic = false
7.933484999928623	EXP	fixation: alignHoriz = "left"
7.933484999928623	EXP	fixation: alignVert = "center"
7.933484999928623	EXP	fixation: wrapWidth = 1
7.933484999928623	EXP	fixation: flipHoriz = false
7.933484999928623	EXP	fixation: flipVert = false
7.933484999928623	EXP	image_stim: units = "height"
7.933484999928623	EXP	image_stim: ori = 0
7.933484999928623	EXP	image_stim: opacity = 1
7.933484999928623	EXP	image_stim: pos = [0,0]
7.933484999928623	EXP	image_stim: size = [0.5,0.5]
7.933484999928623	EXP	image_stim: image = undefined
7.933484999928623	EXP	image_stim: mask = undefined
7.933484999928623	EXP	image_stim: color = {"_rgb":[1,1,1]}
7.933484999928623	EXP	image_stim: contrast = 1
7.933484999928623	EXP	image_stim: texRes = 128
7.933484999928623	EXP	image_stim: interpolate = true
7.933484999928623	EXP	image_stim: depth = -1
7.933484999928623	EXP	image_stim: flipHoriz = false
7.933484999928623	EXP	image_stim: flipVert = false
7.933484999928623	EXP	text_stim: units = "height"
7.933484999928623	EXP	text_stim: ori = 0
7.933484999928623	EXP	text_stim: opacity = 1
7.933484999928623	EXP	text_stim: pos = [0,0]
7.933484999928623	EXP	text_stim: size = undefined
7.933484999928623	EXP	text_stim: text = "default text"
7.933484999928623	EXP	text_stim: font = "Arial"
7.933484999928623	EXP	text_stim: color = {"_hex":"#FFFFFF","_rgb":[1,1,1]}
7.933484999928623	EXP	text_stim: contrast = 1
7.933484999928623	EXP	text_stim: height = 0.05
7.933484999928623	EXP	text_stim: bold = false
7.933484999928623	EXP	text_stim: italic = false
7.933484999928623	EXP	text_stim: alignHoriz = "left"
7.933484999928623	EXP	text_stim: alignVert = "center"
7.933484999928623	EXP	text_stim: wrapWidth = 1
7.933484999928623	EXP	text_stim: flipHoriz = false
7.933484999928623	EXP	text_stim: flipVert = false
7.933484999928623	EXP	button_left: units = "height"
7.933484999928623	EXP	button_left: ori = 0
7.933484999928623	EXP	button_left: opacity = 1
7.933484999928623	EXP	button_left: pos = [-0.4,-0.3]
7.933484999928623	EXP	button_left: size = [1,1]
7.933484999928623	EXP	button_left: lineWidth = 1
7.933484999928623	EXP	button_left: lineColor = {"_hex":"#006400","_rgb":[0,0.39215686274509803,0]}
7.933484999928623	EXP	button_left: fillColor = {"_hex":"#90EE90","_rgb":[0.5647058823529412,0.9333333333333333,0.5647058823529412]}
7.933484999928623	EXP	button_left: vertices = [[-0.5,0],[0,0.5],[0.5,0]]
7.933484999928623	EXP	button_left: closeShape = true
7.933484999928623	EXP	button_left: contrast = 1
7.933484999928623	EXP	button_left: depth = -6
7.933484999928623	EXP	button_left: interpolate = true
7.933484999928623	EXP	button_left: width = 0.4
7.933484999928623	EXP	button_left: vertices = [[-0.2,null],[0.2,null],[0.2,null],[-0.2,null]]
7.933484999928623	EXP	button_left: height = 0.2
7.933484999928623	EXP	button_left: vertices = [[-0.2,-0.1],[0.2,-0.1],[0.2,0.1],[-0.2,0.1]]
7.933484999928623	EXP	button_left: vertices = [[-0.2,-0.1],[0.2,-0.1],[0.2,0.1],[-0.2,0.1]]
7.933484999928623	EXP	trial_label_left: units = "height"
7.933484999928623	EXP	trial_label_left: ori = 0
7.933484999928623	EXP	trial_label_left: opacity = 1
7.933484999928623	EXP	trial_label_left: pos = [-0.4,-0.3]
7.933484999928623	EXP	trial_label_left: size = undefined
7.933484999928623	EXP	trial_label_left: text = "default text"
7.933484999928623	EXP	trial_label_left: font = "Arial"
7.933484999928623	EXP	trial_label_left: color = {"_hex":"#006400","_rgb":[0,0.39215686274509803,0]}
7.933484999928623	EXP	trial_label_left: contrast = 1
7.933484999928623	EXP	trial_label_left: height = 0.05
7.933484999928623	EXP	trial_label_left: bold = false
7.933484999928623	EXP	trial_label_left: italic = false
7.933484999928623	EXP	trial_label_left: alignHoriz = "left"
7.933484999928623	EXP	trial_label_left: alignVert = "center"
7.933484999928623	EXP	trial_label_left: wrapWidth = 1
7.933484999928623	EXP	trial_label_left: flipHoriz = false
7.933484999928623	EXP	trial_label_left: flipVert = false
7.933484999928623	EXP	button_right: units = "height"
7.933484999928623	EXP	button_right: ori = 0
7.933484999928623	EXP	button_right: opacity = 1
7.933484999928623	EXP	button_right: pos = [0.4,-0.3]
7.933484999928623	EXP	button_right: size = [1,1]
7.933484999928623	EXP	button_right: lineWidth = 1
7.933484999928623	EXP	button_right: lineColor = {"_hex":"#006400","_rgb":[0,0.39215686274509803,0]}
7.933484999928623	EXP	button_right: fillColor = {"_hex":"#90EE90","_rgb":[0.5647058823529412,0.9333333333333333,0.5647058823529412]}
7.933484999928623	EXP	button_right: vertices = [[-0.5,0],[0,0.5],[0.5,0]]
7.933484999928623	EXP	button_right: closeShape = true
7.933484999928623	EXP	button_right: contrast = 1
7.933484999928623	EXP	button_right: depth = -8
7.933484999928623	EXP	button_right: interpolate = true
7.933484999928623	EXP	button_right: width = 0.4
7.933484999928623	EXP	button_right: vertices = [[-0.2,null],[0.2,null],[0.2,null],[-0.2,null]]
7.933484999928623	EXP	button_right: height = 0.2
7.933484999928623	EXP	button_right: vertices = [[-0.2,-0.1],[0.2,-0.1],[0.2,0.1],[-0.2,0.1]]
7.933484999928623	EXP	button_right: vertices = [[-0.2,-0.1],[0.2,-0.1],[0.2,0.1],[-0.2,0.1]]
7.933484999928623	EXP	trial_label_right: units = "height"
7.933484999928623	EXP	trial_label_right: ori = 0
7.933484999928623	EXP	trial_label_right: opacity = 1
7.933484999928623	EXP	trial_label_right: pos = [0.4,-0.3]
7.933484999928623	EXP	trial_label_right: size = undefined
7.933484999928623	EXP	trial_label_right: text = "default text"
7.933484999928623	EXP	trial_label_right: font = "Arial"
7.933484999928623	EXP	trial_label_right: color = {"_hex":"#006400","_rgb":[0,0.39215686274509803,0]}
7.933484999928623	EXP	trial_label_right: contrast = 1
7.933484999928623	EXP	trial_label_right: height = 0.05
7.933484999928623	EXP	trial_label_right: bold = false
7.933484999928623	EXP	trial_label_right: italic = false
7.933484999928623	EXP	trial_label_right: alignHoriz = "left"
7.933484999928623	EXP	trial_label_right: alignVert = "center"
7.933484999928623	EXP	trial_label_right: wrapWidth = 1
7.933484999928623	EXP	trial_label_right: flipHoriz = false
7.933484999928623	EXP	trial_label_right: flipVert = false
7.933484999928623	EXP	feedback_msg: units = "height"
7.933484999928623	EXP	feedback_msg: ori = 0
7.933484999928623	EXP	feedback_msg: opacity = 1
7.933484999928623	EXP	feedback_msg: pos = [0,0]
7.933484999928623	EXP	feedback_msg: size = undefined
7.933484999928623	EXP	feedback_msg: text = "default text"
7.933484999928623	EXP	feedback_msg: font = "Arial"
7.933484999928623	EXP	feedback_msg: color = {"_hex":"#FFFFFF","_rgb":[1,1,1]}
7.933484999928623	EXP	feedback_msg: contrast = 1
7.933484999928623	EXP	feedback_msg: height = 0.1
7.933484999928623	EXP	feedback_msg: bold = false
7.933484999928623	EXP	feedback_msg: italic = false
7.933484999928623	EXP	feedback_msg: alignHoriz = "left"
7.933484999928623	EXP	feedback_msg: alignVert = "center"
7.933484999928623	EXP	feedback_msg: wrapWidth = 1
7.933484999928623	EXP	feedback_msg: flipHoriz = false
7.933484999928623	EXP	feedback_msg: flipVert = false
7.933484999928623	EXP	thanks_text: units = "height"
7.933484999928623	EXP	thanks_text: ori = 0
7.933484999928623	EXP	thanks_text: opacity = 1
7.933484999928623	EXP	thanks_text: pos = [0,0]
7.933484999928623	EXP	thanks_text: size = undefined
7.933484999928623	EXP	thanks_text: text = "The End. \n \nThank you for your participation."
7.933484999928623	EXP	thanks_text: font = "Arial"
7.933484999928623	EXP	thanks_text: color = {"_hex":"#FFFFFF","_rgb":[1,1,1]}
7.933484999928623	EXP	thanks_text: contrast = 1
7.933484999928623	EXP	thanks_text: height = 0.1
7.933484999928623	EXP	thanks_text: bold = false
7.933484999928623	EXP	thanks_text: italic = false
7.933484999928623	EXP	thanks_text: alignHoriz = "left"
7.933484999928623	EXP	thanks_text: alignVert = "center"
7.933484999928623	EXP	thanks_text: wrapWidth = 1
7.933484999928623	EXP	thanks_text: flipHoriz = false
7.933484999928623	EXP	thanks_text: flipVert = false
7.933484999928623	EXP	instructs_text: text = "You will be presented with words or images to classify into categories using either the 'A' or 'L' key. \r\n \r\nTry to go as fast as possible while making as few mistakes as possible. \r\n"
7.933484999928623	EXP	instructs_text: autoDraw = true
7.933484999928623	EXP	instr_done_button: autoDraw = true
7.933484999928623	EXP	instr_done_label: autoDraw = true
10.624179999926127	DATA	Mouse: 0 button down, pos=(827,641.5)
10.734244999941438	DATA	Mouse: 0 button down, pos=(827,641.5)
11.881844999967143	DATA	Mouse: 0 button down, pos=(797.5,785)
11.915734999929555	EXP	instructs_text: autoDraw = false
11.915734999929555	EXP	instr_done_button: autoDraw = false
11.915734999929555	EXP	instr_done_label: autoDraw = false
11.915734999929555	EXP	instructs_text: text = "Keep in mind: \r\n \r\n1) Labels at the top of the screen indicate which catogory goes with which key. \r\n \r\n2) Each word or image has a correct catogory classification \r\n \r\n3) Keep your index fingers on the A and L keys to enable a rapid response. \r\n \r\n4) The test gives no results if you go slow- please try to go as fast as possible \r\n"
11.915734999929555	EXP	instructs_text: autoDraw = true
11.915734999929555	EXP	instr_done_button: autoDraw = true
11.915734999929555	EXP	instr_done_label: autoDraw = true
12.026405000011437	DATA	Mouse: 0 button down, pos=(795,794)
12.64462499995716	DATA	Mouse: 0 button down, pos=(795,794)
12.712459999951534	EXP	instructs_text: autoDraw = false
12.712459999951534	EXP	instr_done_button: autoDraw = false
12.712459999951534	EXP	instr_done_label: autoDraw = false
12.712459999951534	EXP	ready_label_L: text = "A = \r\nPositive"
12.712459999951534	EXP	ready_label_R: text = "L = \r\nNegative"
12.712459999951534	EXP	main_ready_msg: autoDraw = true
12.712459999951534	EXP	button_L: autoDraw = true
12.712459999951534	EXP	ready_label_L: autoDraw = true
12.712459999951534	EXP	button_R: autoDraw = true
12.712459999951534	EXP	ready_label_R: autoDraw = true
12.778489999938756	DATA	Mouse: 0 button down, pos=(795,794)
14.172494999947958	DATA	Mouse: 0 button down, pos=(795,794)
14.277754999930039	DATA	Mouse: 0 button down, pos=(795,794)
15.11937999993097	DATA	Mouse: 0 button down, pos=(869.5,781)
15.229850000003353	EXP	main_ready_msg: autoDraw = false
15.229850000003353	EXP	button_L: autoDraw = false
15.229850000003353	EXP	ready_label_L: autoDraw = false
15.229850000003353	EXP	button_R: autoDraw = false
15.229850000003353	EXP	ready_label_R: autoDraw = false
15.229850000003353	EXP	image_stim: image = {}
15.229850000003353	EXP	text_stim: text = "Nasty"
15.229850000003353	EXP	trial_label_left: text = "A = \r\nPositive"
15.229850000003353	EXP	trial_label_right: text = "L = \r\nNegative"
15.229850000003353	EXP	fixation: autoDraw = true
15.26288499997463	DATA	Mouse: 0 button down, pos=(869.5,781)
15.677024999982677	EXP	fixation: autoDraw = false
15.742359999916516	EXP	image_stim: autoDraw = true
15.742359999916516	EXP	text_stim: autoDraw = true
15.742359999916516	EXP	button_left: autoDraw = true
15.742359999916516	EXP	trial_label_left: autoDraw = true
15.742359999916516	EXP	button_right: autoDraw = true
15.742359999916516	EXP	trial_label_right: autoDraw = true
15.805259999935515	DATA	Mouse: 0 button down, pos=(869.5,781)
15.828699999954551	EXP	fixation: autoDraw = false
15.828699999954551	EXP	image_stim: autoDraw = false
15.828699999954551	EXP	text_stim: autoDraw = false
15.828699999954551	EXP	button_left: autoDraw = false
15.828699999954551	EXP	trial_label_left: autoDraw = false
15.828699999954551	EXP	button_right: autoDraw = false
15.828699999954551	EXP	trial_label_right: autoDraw = false
15.828699999954551	EXP	feedback_msg: text = "+"
15.828699999954551	EXP	feedback_msg: autoDraw = true
15.918545000022277	DATA	Mouse: 0 button down, pos=(869.5,781)
16.372480000020005	DATA	Mouse: 0 button down, pos=(869.5,781)
16.455844999989495	DATA	Mouse: 0 button down, pos=(869.5,781)
16.814254999975674	EXP	feedback_msg: autoDraw = false
16.814254999975674	EXP	feedback_msg: autoDraw = false
16.814254999975674	EXP	image_stim: image = {}
16.814254999975674	EXP	text_stim: text = "Bad"
16.814254999975674	EXP	trial_label_left: text = "A = \r\nPositive"
16.814254999975674	EXP	trial_label_right: text = "L = \r\nNegative"
16.814254999975674	EXP	fixation: autoDraw = true
17.31076000002213	EXP	fixation: autoDraw = false
17.350144999916665	EXP	image_stim: autoDraw = true
17.350144999916665	EXP	text_stim: autoDraw = true
17.350144999916665	EXP	button_left: autoDraw = true
17.350144999916665	EXP	trial_label_left: autoDraw = true
17.350144999916665	EXP	button_right: autoDraw = true
17.350144999916665	EXP	trial_label_right: autoDraw = true
17.82751999993343	DATA	Keydown: ArrowRight
17.948725000023842	DATA	Keydown: ArrowRight
18.139764999970794	DATA	Keydown: ArrowRight
18.922789999982342	DATA	Keydown: l
18.943669999949634	EXP	fixation: autoDraw = false
18.943669999949634	EXP	image_stim: autoDraw = false
18.943669999949634	EXP	text_stim: autoDraw = false
18.943669999949634	EXP	button_left: autoDraw = false
18.943669999949634	EXP	trial_label_left: autoDraw = false
18.943669999949634	EXP	button_right: autoDraw = false
18.943669999949634	EXP	trial_label_right: autoDraw = false
18.943669999949634	EXP	feedback_msg: text = "+"
18.943669999949634	EXP	feedback_msg: autoDraw = true
19.249564999947324	DATA	Keydown: l
19.42099999997299	DATA	Keydown: l
19.603549999999814	DATA	Keydown: l
19.932824999908917	EXP	feedback_msg: autoDraw = false
19.932824999908917	EXP	feedback_msg: autoDraw = false
19.932824999908917	EXP	image_stim: image = {}
19.932824999908917	EXP	text_stim: text = "Pleasure"
19.932824999908917	EXP	trial_label_left: text = "A = \r\nPositive"
19.932824999908917	EXP	trial_label_right: text = "L = \r\nNegative"
19.932824999908917	EXP	fixation: autoDraw = true
20.430184999946505	EXP	fixation: autoDraw = false
20.46544499997981	EXP	image_stim: autoDraw = true
20.46544499997981	EXP	text_stim: autoDraw = true
20.46544499997981	EXP	button_left: autoDraw = true
20.46544499997981	EXP	trial_label_left: autoDraw = true
20.46544499997981	EXP	button_right: autoDraw = true
20.46544499997981	EXP	trial_label_right: autoDraw = true
20.735229999991134	DATA	Mouse: 0 button down, pos=(971.5,762.5)
20.769759999937378	EXP	fixation: autoDraw = false
20.769759999937378	EXP	image_stim: autoDraw = false
20.769759999937378	EXP	text_stim: autoDraw = false
20.769759999937378	EXP	button_left: autoDraw = false
20.769759999937378	EXP	trial_label_left: autoDraw = false
20.769759999937378	EXP	button_right: autoDraw = false
20.769759999937378	EXP	trial_label_right: autoDraw = false
20.769759999937378	EXP	feedback_msg: text = "oops"
20.769759999937378	EXP	feedback_msg: autoDraw = true
20.822724999976344	DATA	Mouse: 0 button down, pos=(971.5,762.5)
20.91920000000391	DATA	Mouse: 0 button down, pos=(971.5,762.5)
21.017430000007153	DATA	Mouse: 0 button down, pos=(971.5,762.5)
21.08811000001151	DATA	Mouse: 0 button down, pos=(971.5,762.5)
21.184314999962226	DATA	Mouse: 0 button down, pos=(971.5,762.5)
21.255394999985583	DATA	Mouse: 0 button down, pos=(971.5,762.5)
21.377144999918528	DATA	Mouse: 0 button down, pos=(971.5,762.5)
21.7519349999493	EXP	feedback_msg: autoDraw = false
21.7519349999493	EXP	feedback_msg: autoDraw = false
21.7519349999493	EXP	image_stim: image = {}
21.7519349999493	EXP	text_stim: text = "Hurt"
21.7519349999493	EXP	trial_label_left: text = "A = \r\nPositive"
21.7519349999493	EXP	trial_label_right: text = "L = \r\nNegative"
21.7519349999493	EXP	fixation: autoDraw = true
22.25021999992896	EXP	fixation: autoDraw = false
22.29331999993883	EXP	image_stim: autoDraw = true
22.29331999993883	EXP	text_stim: autoDraw = true
22.29331999993883	EXP	button_left: autoDraw = true
22.29331999993883	EXP	trial_label_left: autoDraw = true
22.29331999993883	EXP	button_right: autoDraw = true
22.29331999993883	EXP	trial_label_right: autoDraw = true
22.4392499999376	DATA	Mouse: 0 button down, pos=(971.5,762.5)
22.459299999987707	EXP	fixation: autoDraw = false
22.459299999987707	EXP	image_stim: autoDraw = false
22.459299999987707	EXP	text_stim: autoDraw = false
22.459299999987707	EXP	button_left: autoDraw = false
22.459299999987707	EXP	trial_label_left: autoDraw = false
22.459299999987707	EXP	button_right: autoDraw = false
22.459299999987707	EXP	trial_label_right: autoDraw = false
22.459299999987707	EXP	feedback_msg: text = "+"
22.459299999987707	EXP	feedback_msg: autoDraw = true
22.567425000015646	DATA	Mouse: 0 button down, pos=(971.5,762.5)
23.455925000016578	EXP	feedback_msg: autoDraw = false
23.455925000016578	EXP	feedback_msg: autoDraw = false
23.455925000016578	EXP	image_stim: image = {}
23.455925000016578	EXP	text_stim: text = "Joy"
23.455925000016578	EXP	trial_label_left: text = "A = \r\nPositive"
23.455925000016578	EXP	trial_label_right: text = "L = \r\nNegative"
23.455925000016578	EXP	fixation: autoDraw = true
23.949214999913238	EXP	fixation: autoDraw = false
23.983155000023544	EXP	image_stim: autoDraw = true
23.983155000023544	EXP	text_stim: autoDraw = true
23.983155000023544	EXP	button_left: autoDraw = true
23.983155000023544	EXP	trial_label_left: autoDraw = true
23.983155000023544	EXP	button_right: autoDraw = true
23.983155000023544	EXP	trial_label_right: autoDraw = true
24.177974999998696	DATA	Mouse: 0 button down, pos=(971.5,762.5)
24.189610000001267	EXP	fixation: autoDraw = false
24.189610000001267	EXP	image_stim: autoDraw = false
24.189610000001267	EXP	text_stim: autoDraw = false
24.189610000001267	EXP	button_left: autoDraw = false
24.189610000001267	EXP	trial_label_left: autoDraw = false
24.189610000001267	EXP	button_right: autoDraw = false
24.189610000001267	EXP	trial_label_right: autoDraw = false
24.189610000001267	EXP	feedback_msg: text = "oops"
24.189610000001267	EXP	feedback_msg: autoDraw = true
24.301325000007637	DATA	Mouse: 0 button down, pos=(971.5,762.5)
25.186639999970794	EXP	feedback_msg: autoDraw = false
25.186639999970794	EXP	feedback_msg: autoDraw = false
25.186639999970794	EXP	image_stim: image = {}
25.186639999970794	EXP	text_stim: text = "Happy"
25.186639999970794	EXP	trial_label_left: text = "A = \r\nPositive"
25.186639999970794	EXP	trial_label_right: text = "L = \r\nNegative"
25.186639999970794	EXP	fixation: autoDraw = true
25.684109999914654	EXP	fixation: autoDraw = false
25.718989999964833	EXP	image_stim: autoDraw = true
25.718989999964833	EXP	text_stim: autoDraw = true
25.718989999964833	EXP	button_left: autoDraw = true
25.718989999964833	EXP	trial_label_left: autoDraw = true
25.718989999964833	EXP	button_right: autoDraw = true
25.718989999964833	EXP	trial_label_right: autoDraw = true
29.684320000000298	DATA	Mouse: wheel shift=(0,200), pos=(719.5,445.5)
29.74945000000298	DATA	Mouse: wheel shift=(0,200), pos=(719.5,443.5)
30.31559999997262	DATA	Mouse: 0 button down, pos=(768.5,399)
30.447954999981448	DATA	Mouse: 0 button down, pos=(768.5,399)
34.39880500000436	DATA	Keydown: Escape
