0.09340500000007523	EXP	Created Window = Window( name=Window, fullscr=true, color=#000000, units=height, waitBlanking=true, autoLog=true, size=[1536,722] )
10.371009999999842	EXP	Created instructs_text = TextStim( name=instructs_text, win=Window( name=Window, fullscr=true, color=#000000, ~), autoDraw=null, autoLog=true, units=height, ori=null, opacity=1, pos=[0,0], size=undefined, text=default text, font=Arial, color=#FFFFFF, contrast=1, height=0.03, bold=null, italic=null, alignHoriz=left, alignVert=center, wrapWidth=1, flipHoriz=null, flipVert=null )
10.374409999999898	EXP	Created instr_done_button = Rect( name=instr_done_button, win=Window( name=Window, fullscr=true, color=#000000, ~), autoDraw=null, autoLog=true, units=height, ori=null, opacity=1, pos=[0,-0.4], size=[1,1], lineWidth=1, lineColor=#006400, fillColor=#90EE90, vertices=[[-0.2,-0.05],[0.2,-0.05],[0.2,0.05],[-0.2,0.05]], closeShape=true, contrast=1, depth=-3, interpolate=true, width=0.4, height=0.1 )
10.375175000000127	EXP	Created instr_done_label = TextStim( name=instr_done_label, win=Window( name=Window, fullscr=true, color=#000000, ~), autoDraw=null, autoLog=true, units=height, ori=null, opacity=1, pos=[0,-0.4], size=undefined, text=Next..., font=Arial, color=#006400, contrast=1, height=0.05, bold=null, italic=null, alignHoriz=left, alignVert=center, wrapWidth=1, flipHoriz=null, flipVert=null )
10.375954999999976	EXP	Created main_ready_msg = TextStim( name=main_ready_msg, win=Window( name=Window, fullscr=true, color=#000000, ~), autoDraw=null, autoLog=true, units=height, ori=null, opacity=1, pos=[0,0], size=undefined, text=Take note of the categories below
 
Position your ~, font=Arial, color=#FFFFFF, contrast=1, height=0.03, bold=null, italic=null, alignHoriz=left, alignVert=center, wrapWidth=1, flipHoriz=null, flipVert=null )
10.377289999999903	EXP	Created button_L = Rect( name=button_L, win=Window( name=Window, fullscr=true, color=#000000, ~), autoDraw=null, autoLog=true, units=height, ori=null, opacity=1, pos=[-0.4,-0.3], size=[1,1], lineWidth=1, lineColor=#006400, fillColor=#90EE90, vertices=[[-0.2,-0.1],[0.2,-0.1],[0.2,0.1],[-0.2,0.1]], closeShape=true, contrast=1, depth=-1, interpolate=true, width=0.4, height=0.2 )
10.37762500000008	EXP	Created ready_label_L = TextStim( name=ready_label_L, win=Window( name=Window, fullscr=true, color=#000000, ~), autoDraw=null, autoLog=true, units=height, ori=null, opacity=1, pos=[-0.4,-0.3], size=undefined, text=default text, font=Arial, color=#006400, contrast=1, height=0.05, bold=null, italic=null, alignHoriz=left, alignVert=center, wrapWidth=1, flipHoriz=null, flipVert=null )
10.379050000000007	EXP	Created button_R = Rect( name=button_R, win=Window( name=Window, fullscr=true, color=#000000, ~), autoDraw=null, autoLog=true, units=height, ori=null, opacity=1, pos=[0.4,-0.3], size=[1,1], lineWidth=1, lineColor=#006400, fillColor=#90EE90, vertices=[[-0.2,-0.1],[0.2,-0.1],[0.2,0.1],[-0.2,0.1]], closeShape=true, contrast=1, depth=-3, interpolate=true, width=0.4, height=0.2 )
10.379440000000159	EXP	Created ready_label_R = TextStim( name=ready_label_R, win=Window( name=Window, fullscr=true, color=#000000, ~), autoDraw=null, autoLog=true, units=height, ori=null, opacity=1, pos=[0.4,-0.3], size=undefined, text=default text, font=Arial, color=#006400, contrast=1, height=0.05, bold=null, italic=null, alignHoriz=left, alignVert=center, wrapWidth=1, flipHoriz=null, flipVert=null )
10.37999499999978	EXP	Created fixation = TextStim( name=fixation, win=Window( name=Window, fullscr=true, color=#000000, ~), autoDraw=null, autoLog=true, units=height, ori=null, opacity=1, pos=[0,0], size=undefined, text=+, font=Arial, color=#FFFFFF, contrast=1, height=0.1, bold=null, italic=null, alignHoriz=left, alignVert=center, wrapWidth=1, flipHoriz=null, flipVert=null )
10.383104999999887	EXP	Created image_stim = ImageStim( name=image_stim, win=Window( name=Window, fullscr=true, color=#000000, ~), autoDraw=null, autoLog=true, units=height, ori=null, opacity=1, pos=[0,0], size=[0.5,0.5], image=undefined, mask=undefined, color=#ffffff, contrast=1, texRes=128, interpolate=true, depth=-1, flipHoriz=null, flipVert=null )
10.383449999999812	EXP	Created text_stim = TextStim( name=text_stim, win=Window( name=Window, fullscr=true, color=#000000, ~), autoDraw=null, autoLog=true, units=height, ori=null, opacity=1, pos=[0,0], size=undefined, text=default text, font=Arial, color=#FFFFFF, contrast=1, height=0.05, bold=null, italic=null, alignHoriz=left, alignVert=center, wrapWidth=1, flipHoriz=null, flipVert=null )
10.38497499999994	EXP	Created button_left = Rect( name=button_left, win=Window( name=Window, fullscr=true, color=#000000, ~), autoDraw=null, autoLog=true, units=height, ori=null, opacity=1, pos=[-0.4,-0.3], size=[1,1], lineWidth=1, lineColor=#006400, fillColor=#90EE90, vertices=[[-0.2,-0.1],[0.2,-0.1],[0.2,0.1],[-0.2,0.1]], closeShape=true, contrast=1, depth=-6, interpolate=true, width=0.4, height=0.2 )
10.38528499999984	EXP	Created trial_label_left = TextStim( name=trial_label_left, win=Window( name=Window, fullscr=true, color=#000000, ~), autoDraw=null, autoLog=true, units=height, ori=null, opacity=1, pos=[-0.4,-0.3], size=undefined, text=default text, font=Arial, color=#006400, contrast=1, height=0.05, bold=null, italic=null, alignHoriz=left, alignVert=center, wrapWidth=1, flipHoriz=null, flipVert=null )
10.386304999999993	EXP	Created button_right = Rect( name=button_right, win=Window( name=Window, fullscr=true, color=#000000, ~), autoDraw=null, autoLog=true, units=height, ori=null, opacity=1, pos=[0.4,-0.3], size=[1,1], lineWidth=1, lineColor=#006400, fillColor=#90EE90, vertices=[[-0.2,-0.1],[0.2,-0.1],[0.2,0.1],[-0.2,0.1]], closeShape=true, contrast=1, depth=-8, interpolate=true, width=0.4, height=0.2 )
10.386605000000145	EXP	Created trial_label_right = TextStim( name=trial_label_right, win=Window( name=Window, fullscr=true, color=#000000, ~), autoDraw=null, autoLog=true, units=height, ori=null, opacity=1, pos=[0.4,-0.3], size=undefined, text=default text, font=Arial, color=#006400, contrast=1, height=0.05, bold=null, italic=null, alignHoriz=left, alignVert=center, wrapWidth=1, flipHoriz=null, flipVert=null )
10.38688000000002	EXP	Created feedback_msg = TextStim( name=feedback_msg, win=Window( name=Window, fullscr=true, color=#000000, ~), autoDraw=null, autoLog=true, units=height, ori=null, opacity=1, pos=[0,0], size=undefined, text=default text, font=Arial, color=#FFFFFF, contrast=1, height=0.1, bold=null, italic=null, alignHoriz=left, alignVert=center, wrapWidth=1, flipHoriz=null, flipVert=null )
10.387154999999893	EXP	Created thanks_text = TextStim( name=thanks_text, win=Window( name=Window, fullscr=true, color=#000000, ~), autoDraw=null, autoLog=true, units=height, ori=null, opacity=1, pos=[0,0], size=undefined, text=The End. 
 
Thank you for your participation., font=Arial, color=#FFFFFF, contrast=1, height=0.1, bold=null, italic=null, alignHoriz=left, alignVert=center, wrapWidth=1, flipHoriz=null, flipVert=null )
10.44633500000009	EXP	instructs_text: units = "height"
10.44633500000009	EXP	instructs_text: ori = 0
10.44633500000009	EXP	instructs_text: opacity = 1
10.44633500000009	EXP	instructs_text: pos = [0,0]
10.44633500000009	EXP	instructs_text: size = undefined
10.44633500000009	EXP	instructs_text: text = "default text"
10.44633500000009	EXP	instructs_text: font = "Arial"
10.44633500000009	EXP	instructs_text: color = {"_hex":"#FFFFFF","_rgb":[1,1,1]}
10.44633500000009	EXP	instructs_text: contrast = 1
10.44633500000009	EXP	instructs_text: height = 0.03
10.44633500000009	EXP	instructs_text: bold = false
10.44633500000009	EXP	instructs_text: italic = false
10.44633500000009	EXP	instructs_text: alignHoriz = "left"
10.44633500000009	EXP	instructs_text: alignVert = "center"
10.44633500000009	EXP	instructs_text: wrapWidth = 1
10.44633500000009	EXP	instructs_text: flipHoriz = false
10.44633500000009	EXP	instructs_text: flipVert = false
10.44633500000009	EXP	instr_done_button: units = "height"
10.44633500000009	EXP	instr_done_button: ori = 0
10.44633500000009	EXP	instr_done_button: opacity = 1
10.44633500000009	EXP	instr_done_button: pos = [0,-0.4]
10.44633500000009	EXP	instr_done_button: size = [1,1]
10.44633500000009	EXP	instr_done_button: lineWidth = 1
10.44633500000009	EXP	instr_done_button: lineColor = {"_hex":"#006400","_rgb":[0,0.39215686274509803,0]}
10.44633500000009	EXP	instr_done_button: fillColor = {"_hex":"#90EE90","_rgb":[0.5647058823529412,0.9333333333333333,0.5647058823529412]}
10.44633500000009	EXP	instr_done_button: vertices = [[-0.5,0],[0,0.5],[0.5,0]]
10.44633500000009	EXP	instr_done_button: closeShape = true
10.44633500000009	EXP	instr_done_button: contrast = 1
10.44633500000009	EXP	instr_done_button: depth = -3
10.44633500000009	EXP	instr_done_button: interpolate = true
10.44633500000009	EXP	instr_done_button: width = 0.4
10.44633500000009	EXP	instr_done_button: vertices = [[-0.2,null],[0.2,null],[0.2,null],[-0.2,null]]
10.44633500000009	EXP	instr_done_button: height = 0.1
10.44633500000009	EXP	instr_done_button: vertices = [[-0.2,-0.05],[0.2,-0.05],[0.2,0.05],[-0.2,0.05]]
10.44633500000009	EXP	instr_done_button: vertices = [[-0.2,-0.05],[0.2,-0.05],[0.2,0.05],[-0.2,0.05]]
10.44633500000009	EXP	instr_done_label: units = "height"
10.44633500000009	EXP	instr_done_label: ori = 0
10.44633500000009	EXP	instr_done_label: opacity = 1
10.44633500000009	EXP	instr_done_label: pos = [0,-0.4]
10.44633500000009	EXP	instr_done_label: size = undefined
10.44633500000009	EXP	instr_done_label: text = "Next..."
10.44633500000009	EXP	instr_done_label: font = "Arial"
10.44633500000009	EXP	instr_done_label: color = {"_hex":"#006400","_rgb":[0,0.39215686274509803,0]}
10.44633500000009	EXP	instr_done_label: contrast = 1
10.44633500000009	EXP	instr_done_label: height = 0.05
10.44633500000009	EXP	instr_done_label: bold = false
10.44633500000009	EXP	instr_done_label: italic = false
10.44633500000009	EXP	instr_done_label: alignHoriz = "left"
10.44633500000009	EXP	instr_done_label: alignVert = "center"
10.44633500000009	EXP	instr_done_label: wrapWidth = 1
10.44633500000009	EXP	instr_done_label: flipHoriz = false
10.44633500000009	EXP	instr_done_label: flipVert = false
10.44633500000009	EXP	main_ready_msg: units = "height"
10.44633500000009	EXP	main_ready_msg: ori = 0
10.44633500000009	EXP	main_ready_msg: opacity = 1
10.44633500000009	EXP	main_ready_msg: pos = [0,0]
10.44633500000009	EXP	main_ready_msg: size = undefined
10.44633500000009	EXP	main_ready_msg: text = "Take note of the categories below\n \nPosition your index fingers \n \nPress the space bar (or one of the green buttons) to begin"
10.44633500000009	EXP	main_ready_msg: font = "Arial"
10.44633500000009	EXP	main_ready_msg: color = {"_hex":"#FFFFFF","_rgb":[1,1,1]}
10.44633500000009	EXP	main_ready_msg: contrast = 1
10.44633500000009	EXP	main_ready_msg: height = 0.03
10.44633500000009	EXP	main_ready_msg: bold = false
10.44633500000009	EXP	main_ready_msg: italic = false
10.44633500000009	EXP	main_ready_msg: alignHoriz = "left"
10.44633500000009	EXP	main_ready_msg: alignVert = "center"
10.44633500000009	EXP	main_ready_msg: wrapWidth = 1
10.44633500000009	EXP	main_ready_msg: flipHoriz = false
10.44633500000009	EXP	main_ready_msg: flipVert = false
10.44633500000009	EXP	button_L: units = "height"
10.44633500000009	EXP	button_L: ori = 0
10.44633500000009	EXP	button_L: opacity = 1
10.44633500000009	EXP	button_L: pos = [-0.4,-0.3]
10.44633500000009	EXP	button_L: size = [1,1]
10.44633500000009	EXP	button_L: lineWidth = 1
10.44633500000009	EXP	button_L: lineColor = {"_hex":"#006400","_rgb":[0,0.39215686274509803,0]}
10.44633500000009	EXP	button_L: fillColor = {"_hex":"#90EE90","_rgb":[0.5647058823529412,0.9333333333333333,0.5647058823529412]}
10.44633500000009	EXP	button_L: vertices = [[-0.5,0],[0,0.5],[0.5,0]]
10.44633500000009	EXP	button_L: closeShape = true
10.44633500000009	EXP	button_L: contrast = 1
10.44633500000009	EXP	button_L: depth = -1
10.44633500000009	EXP	button_L: interpolate = true
10.44633500000009	EXP	button_L: width = 0.4
10.44633500000009	EXP	button_L: vertices = [[-0.2,null],[0.2,null],[0.2,null],[-0.2,null]]
10.44633500000009	EXP	button_L: height = 0.2
10.44633500000009	EXP	button_L: vertices = [[-0.2,-0.1],[0.2,-0.1],[0.2,0.1],[-0.2,0.1]]
10.44633500000009	EXP	button_L: vertices = [[-0.2,-0.1],[0.2,-0.1],[0.2,0.1],[-0.2,0.1]]
10.44633500000009	EXP	ready_label_L: units = "height"
10.44633500000009	EXP	ready_label_L: ori = 0
10.44633500000009	EXP	ready_label_L: opacity = 1
10.44633500000009	EXP	ready_label_L: pos = [-0.4,-0.3]
10.44633500000009	EXP	ready_label_L: size = undefined
10.44633500000009	EXP	ready_label_L: text = "default text"
10.44633500000009	EXP	ready_label_L: font = "Arial"
10.44633500000009	EXP	ready_label_L: color = {"_hex":"#006400","_rgb":[0,0.39215686274509803,0]}
10.44633500000009	EXP	ready_label_L: contrast = 1
10.44633500000009	EXP	ready_label_L: height = 0.05
10.44633500000009	EXP	ready_label_L: bold = false
10.44633500000009	EXP	ready_label_L: italic = false
10.44633500000009	EXP	ready_label_L: alignHoriz = "left"
10.44633500000009	EXP	ready_label_L: alignVert = "center"
10.44633500000009	EXP	ready_label_L: wrapWidth = 1
10.44633500000009	EXP	ready_label_L: flipHoriz = false
10.44633500000009	EXP	ready_label_L: flipVert = false
10.44633500000009	EXP	button_R: units = "height"
10.44633500000009	EXP	button_R: ori = 0
10.44633500000009	EXP	button_R: opacity = 1
10.44633500000009	EXP	button_R: pos = [0.4,-0.3]
10.44633500000009	EXP	button_R: size = [1,1]
10.44633500000009	EXP	button_R: lineWidth = 1
10.44633500000009	EXP	button_R: lineColor = {"_hex":"#006400","_rgb":[0,0.39215686274509803,0]}
10.44633500000009	EXP	button_R: fillColor = {"_hex":"#90EE90","_rgb":[0.5647058823529412,0.9333333333333333,0.5647058823529412]}
10.44633500000009	EXP	button_R: vertices = [[-0.5,0],[0,0.5],[0.5,0]]
10.44633500000009	EXP	button_R: closeShape = true
10.44633500000009	EXP	button_R: contrast = 1
10.44633500000009	EXP	button_R: depth = -3
10.44633500000009	EXP	button_R: interpolate = true
10.44633500000009	EXP	button_R: width = 0.4
10.44633500000009	EXP	button_R: vertices = [[-0.2,null],[0.2,null],[0.2,null],[-0.2,null]]
10.44633500000009	EXP	button_R: height = 0.2
10.44633500000009	EXP	button_R: vertices = [[-0.2,-0.1],[0.2,-0.1],[0.2,0.1],[-0.2,0.1]]
10.44633500000009	EXP	button_R: vertices = [[-0.2,-0.1],[0.2,-0.1],[0.2,0.1],[-0.2,0.1]]
10.44633500000009	EXP	ready_label_R: units = "height"
10.44633500000009	EXP	ready_label_R: ori = 0
10.44633500000009	EXP	ready_label_R: opacity = 1
10.44633500000009	EXP	ready_label_R: pos = [0.4,-0.3]
10.44633500000009	EXP	ready_label_R: size = undefined
10.44633500000009	EXP	ready_label_R: text = "default text"
10.44633500000009	EXP	ready_label_R: font = "Arial"
10.44633500000009	EXP	ready_label_R: color = {"_hex":"#006400","_rgb":[0,0.39215686274509803,0]}
10.44633500000009	EXP	ready_label_R: contrast = 1
10.44633500000009	EXP	ready_label_R: height = 0.05
10.44633500000009	EXP	ready_label_R: bold = false
10.44633500000009	EXP	ready_label_R: italic = false
10.44633500000009	EXP	ready_label_R: alignHoriz = "left"
10.44633500000009	EXP	ready_label_R: alignVert = "center"
10.44633500000009	EXP	ready_label_R: wrapWidth = 1
10.44633500000009	EXP	ready_label_R: flipHoriz = false
10.44633500000009	EXP	ready_label_R: flipVert = false
10.44633500000009	EXP	fixation: units = "height"
10.44633500000009	EXP	fixation: ori = 0
10.44633500000009	EXP	fixation: opacity = 1
10.44633500000009	EXP	fixation: pos = [0,0]
10.44633500000009	EXP	fixation: size = undefined
10.44633500000009	EXP	fixation: text = "+"
10.44633500000009	EXP	fixation: font = "Arial"
10.44633500000009	EXP	fixation: color = {"_hex":"#FFFFFF","_rgb":[1,1,1]}
10.44633500000009	EXP	fixation: contrast = 1
10.44633500000009	EXP	fixation: height = 0.1
10.44633500000009	EXP	fixation: bold = false
10.44633500000009	EXP	fixation: italic = false
10.44633500000009	EXP	fixation: alignHoriz = "left"
10.44633500000009	EXP	fixation: alignVert = "center"
10.44633500000009	EXP	fixation: wrapWidth = 1
10.44633500000009	EXP	fixation: flipHoriz = false
10.44633500000009	EXP	fixation: flipVert = false
10.44633500000009	EXP	image_stim: units = "height"
10.44633500000009	EXP	image_stim: ori = 0
10.44633500000009	EXP	image_stim: opacity = 1
10.44633500000009	EXP	image_stim: pos = [0,0]
10.44633500000009	EXP	image_stim: size = [0.5,0.5]
10.44633500000009	EXP	image_stim: image = undefined
10.44633500000009	EXP	image_stim: mask = undefined
10.44633500000009	EXP	image_stim: color = {"_rgb":[1,1,1]}
10.44633500000009	EXP	image_stim: contrast = 1
10.44633500000009	EXP	image_stim: texRes = 128
10.44633500000009	EXP	image_stim: interpolate = true
10.44633500000009	EXP	image_stim: depth = -1
10.44633500000009	EXP	image_stim: flipHoriz = false
10.44633500000009	EXP	image_stim: flipVert = false
10.44633500000009	EXP	text_stim: units = "height"
10.44633500000009	EXP	text_stim: ori = 0
10.44633500000009	EXP	text_stim: opacity = 1
10.44633500000009	EXP	text_stim: pos = [0,0]
10.44633500000009	EXP	text_stim: size = undefined
10.44633500000009	EXP	text_stim: text = "default text"
10.44633500000009	EXP	text_stim: font = "Arial"
10.44633500000009	EXP	text_stim: color = {"_hex":"#FFFFFF","_rgb":[1,1,1]}
10.44633500000009	EXP	text_stim: contrast = 1
10.44633500000009	EXP	text_stim: height = 0.05
10.44633500000009	EXP	text_stim: bold = false
10.44633500000009	EXP	text_stim: italic = false
10.44633500000009	EXP	text_stim: alignHoriz = "left"
10.44633500000009	EXP	text_stim: alignVert = "center"
10.44633500000009	EXP	text_stim: wrapWidth = 1
10.44633500000009	EXP	text_stim: flipHoriz = false
10.44633500000009	EXP	text_stim: flipVert = false
10.44633500000009	EXP	button_left: units = "height"
10.44633500000009	EXP	button_left: ori = 0
10.44633500000009	EXP	button_left: opacity = 1
10.44633500000009	EXP	button_left: pos = [-0.4,-0.3]
10.44633500000009	EXP	button_left: size = [1,1]
10.44633500000009	EXP	button_left: lineWidth = 1
10.44633500000009	EXP	button_left: lineColor = {"_hex":"#006400","_rgb":[0,0.39215686274509803,0]}
10.44633500000009	EXP	button_left: fillColor = {"_hex":"#90EE90","_rgb":[0.5647058823529412,0.9333333333333333,0.5647058823529412]}
10.44633500000009	EXP	button_left: vertices = [[-0.5,0],[0,0.5],[0.5,0]]
10.44633500000009	EXP	button_left: closeShape = true
10.44633500000009	EXP	button_left: contrast = 1
10.44633500000009	EXP	button_left: depth = -6
10.44633500000009	EXP	button_left: interpolate = true
10.44633500000009	EXP	button_left: width = 0.4
10.44633500000009	EXP	button_left: vertices = [[-0.2,null],[0.2,null],[0.2,null],[-0.2,null]]
10.44633500000009	EXP	button_left: height = 0.2
10.44633500000009	EXP	button_left: vertices = [[-0.2,-0.1],[0.2,-0.1],[0.2,0.1],[-0.2,0.1]]
10.44633500000009	EXP	button_left: vertices = [[-0.2,-0.1],[0.2,-0.1],[0.2,0.1],[-0.2,0.1]]
10.44633500000009	EXP	trial_label_left: units = "height"
10.44633500000009	EXP	trial_label_left: ori = 0
10.44633500000009	EXP	trial_label_left: opacity = 1
10.44633500000009	EXP	trial_label_left: pos = [-0.4,-0.3]
10.44633500000009	EXP	trial_label_left: size = undefined
10.44633500000009	EXP	trial_label_left: text = "default text"
10.44633500000009	EXP	trial_label_left: font = "Arial"
10.44633500000009	EXP	trial_label_left: color = {"_hex":"#006400","_rgb":[0,0.39215686274509803,0]}
10.44633500000009	EXP	trial_label_left: contrast = 1
10.44633500000009	EXP	trial_label_left: height = 0.05
10.44633500000009	EXP	trial_label_left: bold = false
10.44633500000009	EXP	trial_label_left: italic = false
10.44633500000009	EXP	trial_label_left: alignHoriz = "left"
10.44633500000009	EXP	trial_label_left: alignVert = "center"
10.44633500000009	EXP	trial_label_left: wrapWidth = 1
10.44633500000009	EXP	trial_label_left: flipHoriz = false
10.44633500000009	EXP	trial_label_left: flipVert = false
10.44633500000009	EXP	button_right: units = "height"
10.44633500000009	EXP	button_right: ori = 0
10.44633500000009	EXP	button_right: opacity = 1
10.44633500000009	EXP	button_right: pos = [0.4,-0.3]
10.44633500000009	EXP	button_right: size = [1,1]
10.44633500000009	EXP	button_right: lineWidth = 1
10.44633500000009	EXP	button_right: lineColor = {"_hex":"#006400","_rgb":[0,0.39215686274509803,0]}
10.44633500000009	EXP	button_right: fillColor = {"_hex":"#90EE90","_rgb":[0.5647058823529412,0.9333333333333333,0.5647058823529412]}
10.44633500000009	EXP	button_right: vertices = [[-0.5,0],[0,0.5],[0.5,0]]
10.44633500000009	EXP	button_right: closeShape = true
10.44633500000009	EXP	button_right: contrast = 1
10.44633500000009	EXP	button_right: depth = -8
10.44633500000009	EXP	button_right: interpolate = true
10.44633500000009	EXP	button_right: width = 0.4
10.44633500000009	EXP	button_right: vertices = [[-0.2,null],[0.2,null],[0.2,null],[-0.2,null]]
10.44633500000009	EXP	button_right: height = 0.2
10.44633500000009	EXP	button_right: vertices = [[-0.2,-0.1],[0.2,-0.1],[0.2,0.1],[-0.2,0.1]]
10.44633500000009	EXP	button_right: vertices = [[-0.2,-0.1],[0.2,-0.1],[0.2,0.1],[-0.2,0.1]]
10.44633500000009	EXP	trial_label_right: units = "height"
10.44633500000009	EXP	trial_label_right: ori = 0
10.44633500000009	EXP	trial_label_right: opacity = 1
10.44633500000009	EXP	trial_label_right: pos = [0.4,-0.3]
10.44633500000009	EXP	trial_label_right: size = undefined
10.44633500000009	EXP	trial_label_right: text = "default text"
10.44633500000009	EXP	trial_label_right: font = "Arial"
10.44633500000009	EXP	trial_label_right: color = {"_hex":"#006400","_rgb":[0,0.39215686274509803,0]}
10.44633500000009	EXP	trial_label_right: contrast = 1
10.44633500000009	EXP	trial_label_right: height = 0.05
10.44633500000009	EXP	trial_label_right: bold = false
10.44633500000009	EXP	trial_label_right: italic = false
10.44633500000009	EXP	trial_label_right: alignHoriz = "left"
10.44633500000009	EXP	trial_label_right: alignVert = "center"
10.44633500000009	EXP	trial_label_right: wrapWidth = 1
10.44633500000009	EXP	trial_label_right: flipHoriz = false
10.44633500000009	EXP	trial_label_right: flipVert = false
10.44633500000009	EXP	feedback_msg: units = "height"
10.44633500000009	EXP	feedback_msg: ori = 0
10.44633500000009	EXP	feedback_msg: opacity = 1
10.44633500000009	EXP	feedback_msg: pos = [0,0]
10.44633500000009	EXP	feedback_msg: size = undefined
10.44633500000009	EXP	feedback_msg: text = "default text"
10.44633500000009	EXP	feedback_msg: font = "Arial"
10.44633500000009	EXP	feedback_msg: color = {"_hex":"#FFFFFF","_rgb":[1,1,1]}
10.44633500000009	EXP	feedback_msg: contrast = 1
10.44633500000009	EXP	feedback_msg: height = 0.1
10.44633500000009	EXP	feedback_msg: bold = false
10.44633500000009	EXP	feedback_msg: italic = false
10.44633500000009	EXP	feedback_msg: alignHoriz = "left"
10.44633500000009	EXP	feedback_msg: alignVert = "center"
10.44633500000009	EXP	feedback_msg: wrapWidth = 1
10.44633500000009	EXP	feedback_msg: flipHoriz = false
10.44633500000009	EXP	feedback_msg: flipVert = false
10.44633500000009	EXP	thanks_text: units = "height"
10.44633500000009	EXP	thanks_text: ori = 0
10.44633500000009	EXP	thanks_text: opacity = 1
10.44633500000009	EXP	thanks_text: pos = [0,0]
10.44633500000009	EXP	thanks_text: size = undefined
10.44633500000009	EXP	thanks_text: text = "The End. \n \nThank you for your participation."
10.44633500000009	EXP	thanks_text: font = "Arial"
10.44633500000009	EXP	thanks_text: color = {"_hex":"#FFFFFF","_rgb":[1,1,1]}
10.44633500000009	EXP	thanks_text: contrast = 1
10.44633500000009	EXP	thanks_text: height = 0.1
10.44633500000009	EXP	thanks_text: bold = false
10.44633500000009	EXP	thanks_text: italic = false
10.44633500000009	EXP	thanks_text: alignHoriz = "left"
10.44633500000009	EXP	thanks_text: alignVert = "center"
10.44633500000009	EXP	thanks_text: wrapWidth = 1
10.44633500000009	EXP	thanks_text: flipHoriz = false
10.44633500000009	EXP	thanks_text: flipVert = false
10.44633500000009	EXP	instructs_text: text = "You will be presented with words or images to classify into categories using either the 'A' or 'L' key. \r\n \r\nTry to go as fast as possible while making as few mistakes as possible. \r\n"
10.44633500000009	EXP	instructs_text: autoDraw = true
10.44633500000009	EXP	instr_done_button: autoDraw = true
10.44633500000009	EXP	instr_done_label: autoDraw = true
18.23260500000015	DATA	Mouse: 0 button down, pos=(760.8000113368034,776.0000115633011)
18.25427499999978	EXP	instructs_text: autoDraw = false
18.25427499999978	EXP	instr_done_button: autoDraw = false
18.25427499999978	EXP	instr_done_label: autoDraw = false
18.25427499999978	EXP	instructs_text: text = "Keep in mind: \r\n \r\n1) Labels at the top of the screen indicate which catogory goes with which key. \r\n \r\n2) Each word or image has a correct catogory classification \r\n \r\n3) Keep your index fingers on the A and L keys to enable a rapid response. \r\n \r\n4) The test gives no results if you go slow- please try to go as fast as possible \r\n"
18.25427499999978	EXP	instructs_text: autoDraw = true
18.25427499999978	EXP	instr_done_button: autoDraw = true
18.25427499999978	EXP	instr_done_label: autoDraw = true
18.4382599999999	DATA	Mouse: 0 button down, pos=(760.8000113368034,776.0000115633011)
36.63186499999984	DATA	Mouse: 0 button down, pos=(760.8000113368034,776.0000115633011)
36.678649999999834	EXP	instructs_text: autoDraw = false
36.678649999999834	EXP	instr_done_button: autoDraw = false
36.678649999999834	EXP	instr_done_label: autoDraw = false
36.678649999999834	EXP	ready_label_L: text = "A = \r\nPositive"
36.678649999999834	EXP	ready_label_R: text = "L = \r\nNegative"
36.678649999999834	EXP	main_ready_msg: autoDraw = true
36.678649999999834	EXP	button_L: autoDraw = true
36.678649999999834	EXP	ready_label_L: autoDraw = true
36.678649999999834	EXP	button_R: autoDraw = true
36.678649999999834	EXP	ready_label_R: autoDraw = true
36.73231499999975	DATA	Mouse: 0 button down, pos=(760.8000113368034,776.0000115633011)
47.642299999999985	DATA	Keydown: a
49.01012499999979	DATA	Keydown:  
49.04879500000015	EXP	main_ready_msg: autoDraw = false
49.04879500000015	EXP	button_L: autoDraw = false
49.04879500000015	EXP	ready_label_L: autoDraw = false
49.04879500000015	EXP	button_R: autoDraw = false
49.04879500000015	EXP	ready_label_R: autoDraw = false
49.04879500000015	EXP	image_stim: image = {}
49.04879500000015	EXP	text_stim: text = "Bad"
49.04879500000015	EXP	trial_label_left: text = "A = \r\nPositive"
49.04879500000015	EXP	trial_label_right: text = "L = \r\nNegative"
49.04879500000015	EXP	fixation: autoDraw = true
49.538134999999784	EXP	fixation: autoDraw = false
49.57465999999976	EXP	image_stim: autoDraw = true
49.57465999999976	EXP	text_stim: autoDraw = true
49.57465999999976	EXP	button_left: autoDraw = true
49.57465999999976	EXP	trial_label_left: autoDraw = true
49.57465999999976	EXP	button_right: autoDraw = true
49.57465999999976	EXP	trial_label_right: autoDraw = true
50.68220500000007	DATA	Keydown: l
50.70393999999988	EXP	fixation: autoDraw = false
50.70393999999988	EXP	image_stim: autoDraw = false
50.70393999999988	EXP	text_stim: autoDraw = false
50.70393999999988	EXP	button_left: autoDraw = false
50.70393999999988	EXP	trial_label_left: autoDraw = false
50.70393999999988	EXP	button_right: autoDraw = false
50.70393999999988	EXP	trial_label_right: autoDraw = false
50.70393999999988	EXP	feedback_msg: text = "+"
50.70393999999988	EXP	feedback_msg: autoDraw = true
51.70404000000007	EXP	feedback_msg: autoDraw = false
51.70404000000007	EXP	feedback_msg: autoDraw = false
51.70404000000007	EXP	image_stim: image = {}
51.70404000000007	EXP	text_stim: text = "Pleasure"
51.70404000000007	EXP	trial_label_left: text = "A = \r\nPositive"
51.70404000000007	EXP	trial_label_right: text = "L = \r\nNegative"
51.70404000000007	EXP	fixation: autoDraw = true
52.18768	EXP	fixation: autoDraw = false
52.221230000000105	EXP	image_stim: autoDraw = true
52.221230000000105	EXP	text_stim: autoDraw = true
52.221230000000105	EXP	button_left: autoDraw = true
52.221230000000105	EXP	trial_label_left: autoDraw = true
52.221230000000105	EXP	button_right: autoDraw = true
52.221230000000105	EXP	trial_label_right: autoDraw = true
53.04688499999975	DATA	Keydown: a
53.07083499999998	EXP	fixation: autoDraw = false
53.07083499999998	EXP	image_stim: autoDraw = false
53.07083499999998	EXP	text_stim: autoDraw = false
53.07083499999998	EXP	button_left: autoDraw = false
53.07083499999998	EXP	trial_label_left: autoDraw = false
53.07083499999998	EXP	button_right: autoDraw = false
53.07083499999998	EXP	trial_label_right: autoDraw = false
53.07083499999998	EXP	feedback_msg: text = "+"
53.07083499999998	EXP	feedback_msg: autoDraw = true
54.07049999999981	EXP	feedback_msg: autoDraw = false
54.07049999999981	EXP	feedback_msg: autoDraw = false
54.07049999999981	EXP	image_stim: image = {}
54.07049999999981	EXP	text_stim: text = "Hurt"
54.07049999999981	EXP	trial_label_left: text = "A = \r\nPositive"
54.07049999999981	EXP	trial_label_right: text = "L = \r\nNegative"
54.07049999999981	EXP	fixation: autoDraw = true
54.55454499999996	EXP	fixation: autoDraw = false
54.58785499999976	EXP	image_stim: autoDraw = true
54.58785499999976	EXP	text_stim: autoDraw = true
54.58785499999976	EXP	button_left: autoDraw = true
54.58785499999976	EXP	trial_label_left: autoDraw = true
54.58785499999976	EXP	button_right: autoDraw = true
54.58785499999976	EXP	trial_label_right: autoDraw = true
55.426620000000185	DATA	Keydown: l
55.4538050000001	EXP	fixation: autoDraw = false
55.4538050000001	EXP	image_stim: autoDraw = false
55.4538050000001	EXP	text_stim: autoDraw = false
55.4538050000001	EXP	button_left: autoDraw = false
55.4538050000001	EXP	trial_label_left: autoDraw = false
55.4538050000001	EXP	button_right: autoDraw = false
55.4538050000001	EXP	trial_label_right: autoDraw = false
55.4538050000001	EXP	feedback_msg: text = "+"
55.4538050000001	EXP	feedback_msg: autoDraw = true
56.453520000000026	EXP	feedback_msg: autoDraw = false
56.453520000000026	EXP	feedback_msg: autoDraw = false
56.453520000000026	EXP	image_stim: image = {}
56.453520000000026	EXP	text_stim: text = "Happy"
56.453520000000026	EXP	trial_label_left: text = "A = \r\nPositive"
56.453520000000026	EXP	trial_label_right: text = "L = \r\nNegative"
56.453520000000026	EXP	fixation: autoDraw = true
56.93733500000007	EXP	fixation: autoDraw = false
56.97078999999986	EXP	image_stim: autoDraw = true
56.97078999999986	EXP	text_stim: autoDraw = true
56.97078999999986	EXP	button_left: autoDraw = true
56.97078999999986	EXP	trial_label_left: autoDraw = true
56.97078999999986	EXP	button_right: autoDraw = true
56.97078999999986	EXP	trial_label_right: autoDraw = true
58.056619999999846	DATA	Keydown: a
58.08693499999982	EXP	fixation: autoDraw = false
58.08693499999982	EXP	image_stim: autoDraw = false
58.08693499999982	EXP	text_stim: autoDraw = false
58.08693499999982	EXP	button_left: autoDraw = false
58.08693499999982	EXP	trial_label_left: autoDraw = false
58.08693499999982	EXP	button_right: autoDraw = false
58.08693499999982	EXP	trial_label_right: autoDraw = false
58.08693499999982	EXP	feedback_msg: text = "+"
58.08693499999982	EXP	feedback_msg: autoDraw = true
59.086499999999894	EXP	feedback_msg: autoDraw = false
59.086499999999894	EXP	feedback_msg: autoDraw = false
59.086499999999894	EXP	image_stim: image = {}
59.086499999999894	EXP	text_stim: text = "Good"
59.086499999999894	EXP	trial_label_left: text = "A = \r\nPositive"
59.086499999999894	EXP	trial_label_right: text = "L = \r\nNegative"
59.086499999999894	EXP	fixation: autoDraw = true
59.57033499999988	EXP	fixation: autoDraw = false
59.60341999999992	EXP	image_stim: autoDraw = true
59.60341999999992	EXP	text_stim: autoDraw = true
59.60341999999992	EXP	button_left: autoDraw = true
59.60341999999992	EXP	trial_label_left: autoDraw = true
59.60341999999992	EXP	button_right: autoDraw = true
59.60341999999992	EXP	trial_label_right: autoDraw = true
60.30736500000011	DATA	Keydown: a
60.33623499999976	EXP	fixation: autoDraw = false
60.33623499999976	EXP	image_stim: autoDraw = false
60.33623499999976	EXP	text_stim: autoDraw = false
60.33623499999976	EXP	button_left: autoDraw = false
60.33623499999976	EXP	trial_label_left: autoDraw = false
60.33623499999976	EXP	button_right: autoDraw = false
60.33623499999976	EXP	trial_label_right: autoDraw = false
60.33623499999976	EXP	feedback_msg: text = "+"
60.33623499999976	EXP	feedback_msg: autoDraw = true
61.33658999999989	EXP	feedback_msg: autoDraw = false
61.33658999999989	EXP	feedback_msg: autoDraw = false
61.33658999999989	EXP	image_stim: image = {}
61.33658999999989	EXP	text_stim: text = "Agony"
61.33658999999989	EXP	trial_label_left: text = "A = \r\nPositive"
61.33658999999989	EXP	trial_label_right: text = "L = \r\nNegative"
61.33658999999989	EXP	fixation: autoDraw = true
61.82008499999984	EXP	fixation: autoDraw = false
61.853759999999966	EXP	image_stim: autoDraw = true
61.853759999999966	EXP	text_stim: autoDraw = true
61.853759999999966	EXP	button_left: autoDraw = true
61.853759999999966	EXP	trial_label_left: autoDraw = true
61.853759999999966	EXP	button_right: autoDraw = true
61.853759999999966	EXP	trial_label_right: autoDraw = true
62.705715000000055	DATA	Keydown: l
62.7363949999999	EXP	fixation: autoDraw = false
62.7363949999999	EXP	image_stim: autoDraw = false
62.7363949999999	EXP	text_stim: autoDraw = false
62.7363949999999	EXP	button_left: autoDraw = false
62.7363949999999	EXP	trial_label_left: autoDraw = false
62.7363949999999	EXP	button_right: autoDraw = false
62.7363949999999	EXP	trial_label_right: autoDraw = false
62.7363949999999	EXP	feedback_msg: text = "+"
62.7363949999999	EXP	feedback_msg: autoDraw = true
63.73619000000008	EXP	feedback_msg: autoDraw = false
63.73619000000008	EXP	feedback_msg: autoDraw = false
63.73619000000008	EXP	image_stim: image = {}
63.73619000000008	EXP	text_stim: text = "Evil"
63.73619000000008	EXP	trial_label_left: text = "A = \r\nPositive"
63.73619000000008	EXP	trial_label_right: text = "L = \r\nNegative"
63.73619000000008	EXP	fixation: autoDraw = true
64.21988499999998	EXP	fixation: autoDraw = false
64.25337499999978	EXP	image_stim: autoDraw = true
64.25337499999978	EXP	text_stim: autoDraw = true
64.25337499999978	EXP	button_left: autoDraw = true
64.25337499999978	EXP	trial_label_left: autoDraw = true
64.25337499999978	EXP	button_right: autoDraw = true
64.25337499999978	EXP	trial_label_right: autoDraw = true
65.45238500000005	DATA	Keydown: l
65.48575500000015	EXP	fixation: autoDraw = false
65.48575500000015	EXP	image_stim: autoDraw = false
65.48575500000015	EXP	text_stim: autoDraw = false
65.48575500000015	EXP	button_left: autoDraw = false
65.48575500000015	EXP	trial_label_left: autoDraw = false
65.48575500000015	EXP	button_right: autoDraw = false
65.48575500000015	EXP	trial_label_right: autoDraw = false
65.48575500000015	EXP	feedback_msg: text = "+"
65.48575500000015	EXP	feedback_msg: autoDraw = true
66.48570000000018	EXP	feedback_msg: autoDraw = false
66.48570000000018	EXP	feedback_msg: autoDraw = false
66.48570000000018	EXP	image_stim: image = {}
66.48570000000018	EXP	text_stim: text = "Nasty"
66.48570000000018	EXP	trial_label_left: text = "A = \r\nPositive"
66.48570000000018	EXP	trial_label_right: text = "L = \r\nNegative"
66.48570000000018	EXP	fixation: autoDraw = true
66.9697299999998	EXP	fixation: autoDraw = false
67.00307999999995	EXP	image_stim: autoDraw = true
67.00307999999995	EXP	text_stim: autoDraw = true
67.00307999999995	EXP	button_left: autoDraw = true
67.00307999999995	EXP	trial_label_left: autoDraw = true
67.00307999999995	EXP	button_right: autoDraw = true
67.00307999999995	EXP	trial_label_right: autoDraw = true
67.62156000000004	DATA	Keydown: l
67.65227999999979	EXP	fixation: autoDraw = false
67.65227999999979	EXP	image_stim: autoDraw = false
67.65227999999979	EXP	text_stim: autoDraw = false
67.65227999999979	EXP	button_left: autoDraw = false
67.65227999999979	EXP	trial_label_left: autoDraw = false
67.65227999999979	EXP	button_right: autoDraw = false
67.65227999999979	EXP	trial_label_right: autoDraw = false
67.65227999999979	EXP	feedback_msg: text = "+"
67.65227999999979	EXP	feedback_msg: autoDraw = true
68.65207000000011	EXP	feedback_msg: autoDraw = false
68.65207000000011	EXP	feedback_msg: autoDraw = false
68.65207000000011	EXP	image_stim: image = {}
68.65207000000011	EXP	text_stim: text = "Love"
68.65207000000011	EXP	trial_label_left: text = "A = \r\nPositive"
68.65207000000011	EXP	trial_label_right: text = "L = \r\nNegative"
68.65207000000011	EXP	fixation: autoDraw = true
69.13610000000017	EXP	fixation: autoDraw = false
69.16924999999992	EXP	image_stim: autoDraw = true
69.16924999999992	EXP	text_stim: autoDraw = true
69.16924999999992	EXP	button_left: autoDraw = true
69.16924999999992	EXP	trial_label_left: autoDraw = true
69.16924999999992	EXP	button_right: autoDraw = true
69.16924999999992	EXP	trial_label_right: autoDraw = true
69.75549499999988	DATA	Keydown: a
69.78576500000008	EXP	fixation: autoDraw = false
69.78576500000008	EXP	image_stim: autoDraw = false
69.78576500000008	EXP	text_stim: autoDraw = false
69.78576500000008	EXP	button_left: autoDraw = false
69.78576500000008	EXP	trial_label_left: autoDraw = false
69.78576500000008	EXP	button_right: autoDraw = false
69.78576500000008	EXP	trial_label_right: autoDraw = false
69.78576500000008	EXP	feedback_msg: text = "+"
69.78576500000008	EXP	feedback_msg: autoDraw = true
70.7853	EXP	feedback_msg: autoDraw = false
70.7853	EXP	feedback_msg: autoDraw = false
70.7853	EXP	image_stim: image = {}
70.7853	EXP	text_stim: text = "Joy"
70.7853	EXP	trial_label_left: text = "A = \r\nPositive"
70.7853	EXP	trial_label_right: text = "L = \r\nNegative"
70.7853	EXP	fixation: autoDraw = true
71.2689949999999	EXP	fixation: autoDraw = false
71.30196500000011	EXP	image_stim: autoDraw = true
71.30196500000011	EXP	text_stim: autoDraw = true
71.30196500000011	EXP	button_left: autoDraw = true
71.30196500000011	EXP	trial_label_left: autoDraw = true
71.30196500000011	EXP	button_right: autoDraw = true
71.30196500000011	EXP	trial_label_right: autoDraw = true
71.89850999999999	DATA	Keydown: a
71.918455	EXP	fixation: autoDraw = false
71.918455	EXP	image_stim: autoDraw = false
71.918455	EXP	text_stim: autoDraw = false
71.918455	EXP	button_left: autoDraw = false
71.918455	EXP	trial_label_left: autoDraw = false
71.918455	EXP	button_right: autoDraw = false
71.918455	EXP	trial_label_right: autoDraw = false
71.918455	EXP	feedback_msg: text = "+"
71.918455	EXP	feedback_msg: autoDraw = true
72.91897999999992	EXP	feedback_msg: autoDraw = false
72.91897999999992	EXP	feedback_msg: autoDraw = false
72.91897999999992	EXP	ready_label_L: text = "A = \r\nWhite"
72.91897999999992	EXP	ready_label_R: text = "L = \r\nBlack"
72.91897999999992	EXP	main_ready_msg: autoDraw = true
72.91897999999992	EXP	button_L: autoDraw = true
72.91897999999992	EXP	ready_label_L: autoDraw = true
72.91897999999992	EXP	button_R: autoDraw = true
72.91897999999992	EXP	ready_label_R: autoDraw = true
80.57534499999974	DATA	Keydown:  
80.60750000000006	EXP	main_ready_msg: autoDraw = false
80.60750000000006	EXP	button_L: autoDraw = false
80.60750000000006	EXP	ready_label_L: autoDraw = false
80.60750000000006	EXP	button_R: autoDraw = false
80.60750000000006	EXP	ready_label_R: autoDraw = false
80.60750000000006	EXP	image_stim: image = {}
80.60750000000006	EXP	text_stim: text = null
80.60750000000006	EXP	trial_label_left: text = "A = \r\nWhite"
80.60750000000006	EXP	trial_label_right: text = "L = \r\nBlack"
80.60750000000006	EXP	fixation: autoDraw = true
81.10165499999994	EXP	fixation: autoDraw = false
81.13490000000002	EXP	image_stim: autoDraw = true
81.13490000000002	EXP	text_stim: autoDraw = true
81.13490000000002	EXP	button_left: autoDraw = true
81.13490000000002	EXP	trial_label_left: autoDraw = true
81.13490000000002	EXP	button_right: autoDraw = true
81.13490000000002	EXP	trial_label_right: autoDraw = true
82.17381999999999	DATA	Keydown: a
82.2011950000001	EXP	fixation: autoDraw = false
82.2011950000001	EXP	image_stim: autoDraw = false
82.2011950000001	EXP	text_stim: autoDraw = false
82.2011950000001	EXP	button_left: autoDraw = false
82.2011950000001	EXP	trial_label_left: autoDraw = false
82.2011950000001	EXP	button_right: autoDraw = false
82.2011950000001	EXP	trial_label_right: autoDraw = false
82.2011950000001	EXP	feedback_msg: text = "+"
82.2011950000001	EXP	feedback_msg: autoDraw = true
83.20101999999997	EXP	feedback_msg: autoDraw = false
83.20101999999997	EXP	feedback_msg: autoDraw = false
83.20101999999997	EXP	image_stim: image = {}
83.20101999999997	EXP	text_stim: text = null
83.20101999999997	EXP	trial_label_left: text = "A = \r\nWhite"
83.20101999999997	EXP	trial_label_right: text = "L = \r\nBlack"
83.20101999999997	EXP	fixation: autoDraw = true
83.6832800000002	EXP	fixation: autoDraw = false
83.71780499999977	EXP	image_stim: autoDraw = true
83.71780499999977	EXP	text_stim: autoDraw = true
83.71780499999977	EXP	button_left: autoDraw = true
83.71780499999977	EXP	trial_label_left: autoDraw = true
83.71780499999977	EXP	button_right: autoDraw = true
83.71780499999977	EXP	trial_label_right: autoDraw = true
84.87362500000019	DATA	Keydown: l
84.90075999999999	EXP	fixation: autoDraw = false
84.90075999999999	EXP	image_stim: autoDraw = false
84.90075999999999	EXP	text_stim: autoDraw = false
84.90075999999999	EXP	button_left: autoDraw = false
84.90075999999999	EXP	trial_label_left: autoDraw = false
84.90075999999999	EXP	button_right: autoDraw = false
84.90075999999999	EXP	trial_label_right: autoDraw = false
84.90075999999999	EXP	feedback_msg: text = "+"
84.90075999999999	EXP	feedback_msg: autoDraw = true
85.90071499999978	EXP	feedback_msg: autoDraw = false
85.90071499999978	EXP	feedback_msg: autoDraw = false
85.90071499999978	EXP	image_stim: image = {}
85.90071499999978	EXP	text_stim: text = null
85.90071499999978	EXP	trial_label_left: text = "A = \r\nWhite"
85.90071499999978	EXP	trial_label_right: text = "L = \r\nBlack"
85.90071499999978	EXP	fixation: autoDraw = true
86.3838649999998	EXP	fixation: autoDraw = false
86.4177850000001	EXP	image_stim: autoDraw = true
86.4177850000001	EXP	text_stim: autoDraw = true
86.4177850000001	EXP	button_left: autoDraw = true
86.4177850000001	EXP	trial_label_left: autoDraw = true
86.4177850000001	EXP	button_right: autoDraw = true
86.4177850000001	EXP	trial_label_right: autoDraw = true
87.45310000000018	DATA	Keydown: a
87.48383999999987	EXP	fixation: autoDraw = false
87.48383999999987	EXP	image_stim: autoDraw = false
87.48383999999987	EXP	text_stim: autoDraw = false
87.48383999999987	EXP	button_left: autoDraw = false
87.48383999999987	EXP	trial_label_left: autoDraw = false
87.48383999999987	EXP	button_right: autoDraw = false
87.48383999999987	EXP	trial_label_right: autoDraw = false
87.48383999999987	EXP	feedback_msg: text = "+"
87.48383999999987	EXP	feedback_msg: autoDraw = true
88.4837849999999	EXP	feedback_msg: autoDraw = false
88.4837849999999	EXP	feedback_msg: autoDraw = false
88.4837849999999	EXP	image_stim: image = {}
88.4837849999999	EXP	text_stim: text = null
88.4837849999999	EXP	trial_label_left: text = "A = \r\nWhite"
88.4837849999999	EXP	trial_label_right: text = "L = \r\nBlack"
88.4837849999999	EXP	fixation: autoDraw = true
88.96706499999982	EXP	fixation: autoDraw = false
89.00087500000018	EXP	image_stim: autoDraw = true
89.00087500000018	EXP	text_stim: autoDraw = true
89.00087500000018	EXP	button_left: autoDraw = true
89.00087500000018	EXP	trial_label_left: autoDraw = true
89.00087500000018	EXP	button_right: autoDraw = true
89.00087500000018	EXP	trial_label_right: autoDraw = true
89.63324000000011	DATA	Keydown: l
89.66658499999994	EXP	fixation: autoDraw = false
89.66658499999994	EXP	image_stim: autoDraw = false
89.66658499999994	EXP	text_stim: autoDraw = false
89.66658499999994	EXP	button_left: autoDraw = false
89.66658499999994	EXP	trial_label_left: autoDraw = false
89.66658499999994	EXP	button_right: autoDraw = false
89.66658499999994	EXP	trial_label_right: autoDraw = false
89.66658499999994	EXP	feedback_msg: text = "+"
89.66658499999994	EXP	feedback_msg: autoDraw = true
90.66645000000017	EXP	feedback_msg: autoDraw = false
90.66645000000017	EXP	feedback_msg: autoDraw = false
90.66645000000017	EXP	image_stim: image = {}
90.66645000000017	EXP	text_stim: text = null
90.66645000000017	EXP	trial_label_left: text = "A = \r\nWhite"
90.66645000000017	EXP	trial_label_right: text = "L = \r\nBlack"
90.66645000000017	EXP	fixation: autoDraw = true
91.16719999999988	EXP	fixation: autoDraw = false
91.16719999999988	EXP	image_stim: autoDraw = true
91.16719999999988	EXP	text_stim: autoDraw = true
91.16719999999988	EXP	button_left: autoDraw = true
91.16719999999988	EXP	trial_label_left: autoDraw = true
91.16719999999988	EXP	button_right: autoDraw = true
91.16719999999988	EXP	trial_label_right: autoDraw = true
91.7176300000001	DATA	Keydown: a
91.75010999999995	EXP	fixation: autoDraw = false
91.75010999999995	EXP	image_stim: autoDraw = false
91.75010999999995	EXP	text_stim: autoDraw = false
91.75010999999995	EXP	button_left: autoDraw = false
91.75010999999995	EXP	trial_label_left: autoDraw = false
91.75010999999995	EXP	button_right: autoDraw = false
91.75010999999995	EXP	trial_label_right: autoDraw = false
91.75010999999995	EXP	feedback_msg: text = "+"
91.75010999999995	EXP	feedback_msg: autoDraw = true
92.7500399999999	EXP	feedback_msg: autoDraw = false
92.7500399999999	EXP	feedback_msg: autoDraw = false
92.7500399999999	EXP	image_stim: image = {}
92.7500399999999	EXP	text_stim: text = null
92.7500399999999	EXP	trial_label_left: text = "A = \r\nWhite"
92.7500399999999	EXP	trial_label_right: text = "L = \r\nBlack"
92.7500399999999	EXP	fixation: autoDraw = true
93.23345999999992	EXP	fixation: autoDraw = false
93.26672999999982	EXP	image_stim: autoDraw = true
93.26672999999982	EXP	text_stim: autoDraw = true
93.26672999999982	EXP	button_left: autoDraw = true
93.26672999999982	EXP	trial_label_left: autoDraw = true
93.26672999999982	EXP	button_right: autoDraw = true
93.26672999999982	EXP	trial_label_right: autoDraw = true
93.9356499999999	DATA	Keydown: l
93.9664200000002	EXP	fixation: autoDraw = false
93.9664200000002	EXP	image_stim: autoDraw = false
93.9664200000002	EXP	text_stim: autoDraw = false
93.9664200000002	EXP	button_left: autoDraw = false
93.9664200000002	EXP	trial_label_left: autoDraw = false
93.9664200000002	EXP	button_right: autoDraw = false
93.9664200000002	EXP	trial_label_right: autoDraw = false
93.9664200000002	EXP	feedback_msg: text = "+"
93.9664200000002	EXP	feedback_msg: autoDraw = true
94.96634499999982	EXP	feedback_msg: autoDraw = false
94.96634499999982	EXP	feedback_msg: autoDraw = false
94.96634499999982	EXP	image_stim: image = {}
94.96634499999982	EXP	text_stim: text = null
94.96634499999982	EXP	trial_label_left: text = "A = \r\nWhite"
94.96634499999982	EXP	trial_label_right: text = "L = \r\nBlack"
94.96634499999982	EXP	fixation: autoDraw = true
95.45011999999997	EXP	fixation: autoDraw = false
95.48294499999976	EXP	image_stim: autoDraw = true
95.48294499999976	EXP	text_stim: autoDraw = true
95.48294499999976	EXP	button_left: autoDraw = true
95.48294499999976	EXP	trial_label_left: autoDraw = true
95.48294499999976	EXP	button_right: autoDraw = true
95.48294499999976	EXP	trial_label_right: autoDraw = true
96.20973999999978	DATA	Keydown: l
96.23294499999976	EXP	fixation: autoDraw = false
96.23294499999976	EXP	image_stim: autoDraw = false
96.23294499999976	EXP	text_stim: autoDraw = false
96.23294499999976	EXP	button_left: autoDraw = false
96.23294499999976	EXP	trial_label_left: autoDraw = false
96.23294499999976	EXP	button_right: autoDraw = false
96.23294499999976	EXP	trial_label_right: autoDraw = false
96.23294499999976	EXP	feedback_msg: text = "+"
96.23294499999976	EXP	feedback_msg: autoDraw = true
97.2328849999999	EXP	feedback_msg: autoDraw = false
97.2328849999999	EXP	feedback_msg: autoDraw = false
97.2328849999999	EXP	image_stim: image = {}
97.2328849999999	EXP	text_stim: text = null
97.2328849999999	EXP	trial_label_left: text = "A = \r\nWhite"
97.2328849999999	EXP	trial_label_right: text = "L = \r\nBlack"
97.2328849999999	EXP	fixation: autoDraw = true
97.71504999999979	EXP	fixation: autoDraw = false
97.75014999999986	EXP	image_stim: autoDraw = true
97.75014999999986	EXP	text_stim: autoDraw = true
97.75014999999986	EXP	button_left: autoDraw = true
97.75014999999986	EXP	trial_label_left: autoDraw = true
97.75014999999986	EXP	button_right: autoDraw = true
97.75014999999986	EXP	trial_label_right: autoDraw = true
98.45536499999979	DATA	Keydown: l
98.482755	EXP	fixation: autoDraw = false
98.482755	EXP	image_stim: autoDraw = false
98.482755	EXP	text_stim: autoDraw = false
98.482755	EXP	button_left: autoDraw = false
98.482755	EXP	trial_label_left: autoDraw = false
98.482755	EXP	button_right: autoDraw = false
98.482755	EXP	trial_label_right: autoDraw = false
98.482755	EXP	feedback_msg: text = "+"
98.482755	EXP	feedback_msg: autoDraw = true
99.48270999999977	EXP	feedback_msg: autoDraw = false
99.48270999999977	EXP	feedback_msg: autoDraw = false
99.48270999999977	EXP	image_stim: image = {}
99.48270999999977	EXP	text_stim: text = null
99.48270999999977	EXP	trial_label_left: text = "A = \r\nWhite"
99.48270999999977	EXP	trial_label_right: text = "L = \r\nBlack"
99.48270999999977	EXP	fixation: autoDraw = true
99.96598499999982	EXP	fixation: autoDraw = false
99.99899000000006	EXP	image_stim: autoDraw = true
99.99899000000006	EXP	text_stim: autoDraw = true
99.99899000000006	EXP	button_left: autoDraw = true
99.99899000000006	EXP	trial_label_left: autoDraw = true
99.99899000000006	EXP	button_right: autoDraw = true
99.99899000000006	EXP	trial_label_right: autoDraw = true
100.57270000000017	DATA	Keydown: a
100.59927000000016	EXP	fixation: autoDraw = false
100.59927000000016	EXP	image_stim: autoDraw = false
100.59927000000016	EXP	text_stim: autoDraw = false
100.59927000000016	EXP	button_left: autoDraw = false
100.59927000000016	EXP	trial_label_left: autoDraw = false
100.59927000000016	EXP	button_right: autoDraw = false
100.59927000000016	EXP	trial_label_right: autoDraw = false
100.59927000000016	EXP	feedback_msg: text = "+"
100.59927000000016	EXP	feedback_msg: autoDraw = true
101.59879499999987	EXP	feedback_msg: autoDraw = false
101.59879499999987	EXP	feedback_msg: autoDraw = false
101.59879499999987	EXP	image_stim: image = {}
101.59879499999987	EXP	text_stim: text = null
101.59879499999987	EXP	trial_label_left: text = "A = \r\nWhite"
101.59879499999987	EXP	trial_label_right: text = "L = \r\nBlack"
101.59879499999987	EXP	fixation: autoDraw = true
102.0825749999999	EXP	fixation: autoDraw = false
102.11567500000001	EXP	image_stim: autoDraw = true
102.11567500000001	EXP	text_stim: autoDraw = true
102.11567500000001	EXP	button_left: autoDraw = true
102.11567500000001	EXP	trial_label_left: autoDraw = true
102.11567500000001	EXP	button_right: autoDraw = true
102.11567500000001	EXP	trial_label_right: autoDraw = true
102.62948000000006	DATA	Keydown: a
102.64897000000018	EXP	fixation: autoDraw = false
102.64897000000018	EXP	image_stim: autoDraw = false
102.64897000000018	EXP	text_stim: autoDraw = false
102.64897000000018	EXP	button_left: autoDraw = false
102.64897000000018	EXP	trial_label_left: autoDraw = false
102.64897000000018	EXP	button_right: autoDraw = false
102.64897000000018	EXP	trial_label_right: autoDraw = false
102.64897000000018	EXP	feedback_msg: text = "+"
102.64897000000018	EXP	feedback_msg: autoDraw = true
103.64944999999989	EXP	feedback_msg: autoDraw = false
103.64944999999989	EXP	feedback_msg: autoDraw = false
103.64944999999989	EXP	ready_label_L: text = "A = \r\nWhite or \r\nPositive"
103.64944999999989	EXP	ready_label_R: text = "L = \r\nBlack or \r\nNegative"
103.64944999999989	EXP	main_ready_msg: autoDraw = true
103.64944999999989	EXP	button_L: autoDraw = true
103.64944999999989	EXP	ready_label_L: autoDraw = true
103.64944999999989	EXP	button_R: autoDraw = true
103.64944999999989	EXP	ready_label_R: autoDraw = true
108.97476000000006	DATA	Keydown: a
109.6393549999998	DATA	Keydown:  
109.66978500000003	EXP	main_ready_msg: autoDraw = false
109.66978500000003	EXP	button_L: autoDraw = false
109.66978500000003	EXP	ready_label_L: autoDraw = false
109.66978500000003	EXP	button_R: autoDraw = false
109.66978500000003	EXP	ready_label_R: autoDraw = false
109.66978500000003	EXP	image_stim: image = {}
109.66978500000003	EXP	text_stim: text = null
109.66978500000003	EXP	trial_label_left: text = "A = \r\nWhite or \r\nPositive"
109.66978500000003	EXP	trial_label_right: text = "L = \r\nBlack or \r\nNegative"
109.66978500000003	EXP	fixation: autoDraw = true
110.1651149999998	EXP	fixation: autoDraw = false
110.19844000000013	EXP	image_stim: autoDraw = true
110.19844000000013	EXP	text_stim: autoDraw = true
110.19844000000013	EXP	button_left: autoDraw = true
110.19844000000013	EXP	trial_label_left: autoDraw = true
110.19844000000013	EXP	button_right: autoDraw = true
110.19844000000013	EXP	trial_label_right: autoDraw = true
110.91181499999993	DATA	Keydown: l
110.93162500000017	EXP	fixation: autoDraw = false
110.93162500000017	EXP	image_stim: autoDraw = false
110.93162500000017	EXP	text_stim: autoDraw = false
110.93162500000017	EXP	button_left: autoDraw = false
110.93162500000017	EXP	trial_label_left: autoDraw = false
110.93162500000017	EXP	button_right: autoDraw = false
110.93162500000017	EXP	trial_label_right: autoDraw = false
110.93162500000017	EXP	feedback_msg: text = "+"
110.93162500000017	EXP	feedback_msg: autoDraw = true
111.93111499999986	EXP	feedback_msg: autoDraw = false
111.93111499999986	EXP	feedback_msg: autoDraw = false
111.93111499999986	EXP	image_stim: image = {}
111.93111499999986	EXP	text_stim: text = "Agony"
111.93111499999986	EXP	trial_label_left: text = "A = \r\nWhite or \r\nPositive"
111.93111499999986	EXP	trial_label_right: text = "L = \r\nBlack or \r\nNegative"
111.93111499999986	EXP	fixation: autoDraw = true
112.41487499999994	EXP	fixation: autoDraw = false
112.44828999999982	EXP	image_stim: autoDraw = true
112.44828999999982	EXP	text_stim: autoDraw = true
112.44828999999982	EXP	button_left: autoDraw = true
112.44828999999982	EXP	trial_label_left: autoDraw = true
112.44828999999982	EXP	button_right: autoDraw = true
112.44828999999982	EXP	trial_label_right: autoDraw = true
113.19443499999988	DATA	Keydown: l
113.2146200000002	EXP	fixation: autoDraw = false
113.2146200000002	EXP	image_stim: autoDraw = false
113.2146200000002	EXP	text_stim: autoDraw = false
113.2146200000002	EXP	button_left: autoDraw = false
113.2146200000002	EXP	trial_label_left: autoDraw = false
113.2146200000002	EXP	button_right: autoDraw = false
113.2146200000002	EXP	trial_label_right: autoDraw = false
113.2146200000002	EXP	feedback_msg: text = "+"
113.2146200000002	EXP	feedback_msg: autoDraw = true
114.2144800000001	EXP	feedback_msg: autoDraw = false
114.2144800000001	EXP	feedback_msg: autoDraw = false
114.2144800000001	EXP	image_stim: image = {}
114.2144800000001	EXP	text_stim: text = "Good"
114.2144800000001	EXP	trial_label_left: text = "A = \r\nWhite or \r\nPositive"
114.2144800000001	EXP	trial_label_right: text = "L = \r\nBlack or \r\nNegative"
114.2144800000001	EXP	fixation: autoDraw = true
114.69824500000004	EXP	fixation: autoDraw = false
114.73092499999986	EXP	image_stim: autoDraw = true
114.73092499999986	EXP	text_stim: autoDraw = true
114.73092499999986	EXP	button_left: autoDraw = true
114.73092499999986	EXP	trial_label_left: autoDraw = true
114.73092499999986	EXP	button_right: autoDraw = true
114.73092499999986	EXP	trial_label_right: autoDraw = true
115.41721999999982	DATA	Keydown: a
115.44778499999984	EXP	fixation: autoDraw = false
115.44778499999984	EXP	image_stim: autoDraw = false
115.44778499999984	EXP	text_stim: autoDraw = false
115.44778499999984	EXP	button_left: autoDraw = false
115.44778499999984	EXP	trial_label_left: autoDraw = false
115.44778499999984	EXP	button_right: autoDraw = false
115.44778499999984	EXP	trial_label_right: autoDraw = false
115.44778499999984	EXP	feedback_msg: text = "+"
115.44778499999984	EXP	feedback_msg: autoDraw = true
116.44763000000012	EXP	feedback_msg: autoDraw = false
116.44763000000012	EXP	feedback_msg: autoDraw = false
116.44763000000012	EXP	image_stim: image = {}
116.44763000000012	EXP	text_stim: text = null
116.44763000000012	EXP	trial_label_left: text = "A = \r\nWhite or \r\nPositive"
116.44763000000012	EXP	trial_label_right: text = "L = \r\nBlack or \r\nNegative"
116.44763000000012	EXP	fixation: autoDraw = true
116.94702000000007	EXP	fixation: autoDraw = false
116.96405000000004	EXP	image_stim: autoDraw = true
116.96405000000004	EXP	text_stim: autoDraw = true
116.96405000000004	EXP	button_left: autoDraw = true
116.96405000000004	EXP	trial_label_left: autoDraw = true
116.96405000000004	EXP	button_right: autoDraw = true
116.96405000000004	EXP	trial_label_right: autoDraw = true
117.42015499999981	DATA	Keydown: a
117.44744499999977	EXP	fixation: autoDraw = false
117.44744499999977	EXP	image_stim: autoDraw = false
117.44744499999977	EXP	text_stim: autoDraw = false
117.44744499999977	EXP	button_left: autoDraw = false
117.44744499999977	EXP	trial_label_left: autoDraw = false
117.44744499999977	EXP	button_right: autoDraw = false
117.44744499999977	EXP	trial_label_right: autoDraw = false
117.44744499999977	EXP	feedback_msg: text = "+"
117.44744499999977	EXP	feedback_msg: autoDraw = true
118.44729499999993	EXP	feedback_msg: autoDraw = false
118.44729499999993	EXP	feedback_msg: autoDraw = false
118.44729499999993	EXP	image_stim: image = {}
118.44729499999993	EXP	text_stim: text = "Nasty"
118.44729499999993	EXP	trial_label_left: text = "A = \r\nWhite or \r\nPositive"
118.44729499999993	EXP	trial_label_right: text = "L = \r\nBlack or \r\nNegative"
118.44729499999993	EXP	fixation: autoDraw = true
118.92954000000009	EXP	fixation: autoDraw = false
118.96403499999997	EXP	image_stim: autoDraw = true
118.96403499999997	EXP	text_stim: autoDraw = true
118.96403499999997	EXP	button_left: autoDraw = true
118.96403499999997	EXP	trial_label_left: autoDraw = true
118.96403499999997	EXP	button_right: autoDraw = true
118.96403499999997	EXP	trial_label_right: autoDraw = true
119.6331399999999	DATA	Keydown: l
119.66387500000017	EXP	fixation: autoDraw = false
119.66387500000017	EXP	image_stim: autoDraw = false
119.66387500000017	EXP	text_stim: autoDraw = false
119.66387500000017	EXP	button_left: autoDraw = false
119.66387500000017	EXP	trial_label_left: autoDraw = false
119.66387500000017	EXP	button_right: autoDraw = false
119.66387500000017	EXP	trial_label_right: autoDraw = false
119.66387500000017	EXP	feedback_msg: text = "+"
119.66387500000017	EXP	feedback_msg: autoDraw = true
120.66370999999981	EXP	feedback_msg: autoDraw = false
120.66370999999981	EXP	feedback_msg: autoDraw = false
120.66370999999981	EXP	image_stim: image = {}
120.66370999999981	EXP	text_stim: text = "Bad"
120.66370999999981	EXP	trial_label_left: text = "A = \r\nWhite or \r\nPositive"
120.66370999999981	EXP	trial_label_right: text = "L = \r\nBlack or \r\nNegative"
120.66370999999981	EXP	fixation: autoDraw = true
121.14735500000006	EXP	fixation: autoDraw = false
121.18069999999989	EXP	image_stim: autoDraw = true
121.18069999999989	EXP	text_stim: autoDraw = true
121.18069999999989	EXP	button_left: autoDraw = true
121.18069999999989	EXP	trial_label_left: autoDraw = true
121.18069999999989	EXP	button_right: autoDraw = true
121.18069999999989	EXP	trial_label_right: autoDraw = true
121.84983499999998	DATA	Keydown: l
121.87985500000013	EXP	fixation: autoDraw = false
121.87985500000013	EXP	image_stim: autoDraw = false
121.87985500000013	EXP	text_stim: autoDraw = false
121.87985500000013	EXP	button_left: autoDraw = false
121.87985500000013	EXP	trial_label_left: autoDraw = false
121.87985500000013	EXP	button_right: autoDraw = false
121.87985500000013	EXP	trial_label_right: autoDraw = false
121.87985500000013	EXP	feedback_msg: text = "+"
121.87985500000013	EXP	feedback_msg: autoDraw = true
122.87968999999974	EXP	feedback_msg: autoDraw = false
122.87968999999974	EXP	feedback_msg: autoDraw = false
122.87968999999974	EXP	image_stim: image = {}
122.87968999999974	EXP	text_stim: text = null
122.87968999999974	EXP	trial_label_left: text = "A = \r\nWhite or \r\nPositive"
122.87968999999974	EXP	trial_label_right: text = "L = \r\nBlack or \r\nNegative"
122.87968999999974	EXP	fixation: autoDraw = true
123.36279999999988	EXP	fixation: autoDraw = false
123.39690999999993	EXP	image_stim: autoDraw = true
123.39690999999993	EXP	text_stim: autoDraw = true
123.39690999999993	EXP	button_left: autoDraw = true
123.39690999999993	EXP	trial_label_left: autoDraw = true
123.39690999999993	EXP	button_right: autoDraw = true
123.39690999999993	EXP	trial_label_right: autoDraw = true
124.00720499999987	DATA	Keydown: a
124.0299399999999	EXP	fixation: autoDraw = false
124.0299399999999	EXP	image_stim: autoDraw = false
124.0299399999999	EXP	text_stim: autoDraw = false
124.0299399999999	EXP	button_left: autoDraw = false
124.0299399999999	EXP	trial_label_left: autoDraw = false
124.0299399999999	EXP	button_right: autoDraw = false
124.0299399999999	EXP	trial_label_right: autoDraw = false
124.0299399999999	EXP	feedback_msg: text = "+"
124.0299399999999	EXP	feedback_msg: autoDraw = true
125.03008499999987	EXP	feedback_msg: autoDraw = false
125.03008499999987	EXP	feedback_msg: autoDraw = false
125.03008499999987	EXP	image_stim: image = {}
125.03008499999987	EXP	text_stim: text = null
125.03008499999987	EXP	trial_label_left: text = "A = \r\nWhite or \r\nPositive"
125.03008499999987	EXP	trial_label_right: text = "L = \r\nBlack or \r\nNegative"
125.03008499999987	EXP	fixation: autoDraw = true
125.51382000000014	EXP	fixation: autoDraw = false
125.54744500000017	EXP	image_stim: autoDraw = true
125.54744500000017	EXP	text_stim: autoDraw = true
125.54744500000017	EXP	button_left: autoDraw = true
125.54744500000017	EXP	trial_label_left: autoDraw = true
125.54744500000017	EXP	button_right: autoDraw = true
125.54744500000017	EXP	trial_label_right: autoDraw = true
126.26553000000013	DATA	Keydown: l
126.29651999999989	EXP	fixation: autoDraw = false
126.29651999999989	EXP	image_stim: autoDraw = false
126.29651999999989	EXP	text_stim: autoDraw = false
126.29651999999989	EXP	button_left: autoDraw = false
126.29651999999989	EXP	trial_label_left: autoDraw = false
126.29651999999989	EXP	button_right: autoDraw = false
126.29651999999989	EXP	trial_label_right: autoDraw = false
126.29651999999989	EXP	feedback_msg: text = "+"
126.29651999999989	EXP	feedback_msg: autoDraw = true
127.2962050000001	EXP	feedback_msg: autoDraw = false
127.2962050000001	EXP	feedback_msg: autoDraw = false
127.2962050000001	EXP	image_stim: image = {}
127.2962050000001	EXP	text_stim: text = null
127.2962050000001	EXP	trial_label_left: text = "A = \r\nWhite or \r\nPositive"
127.2962050000001	EXP	trial_label_right: text = "L = \r\nBlack or \r\nNegative"
127.2962050000001	EXP	fixation: autoDraw = true
127.7799100000002	EXP	fixation: autoDraw = false
127.81370000000015	EXP	image_stim: autoDraw = true
127.81370000000015	EXP	text_stim: autoDraw = true
127.81370000000015	EXP	button_left: autoDraw = true
127.81370000000015	EXP	trial_label_left: autoDraw = true
127.81370000000015	EXP	button_right: autoDraw = true
127.81370000000015	EXP	trial_label_right: autoDraw = true
128.522915	DATA	Keydown: a
128.54505000000017	EXP	fixation: autoDraw = false
128.54505000000017	EXP	image_stim: autoDraw = false
128.54505000000017	EXP	text_stim: autoDraw = false
128.54505000000017	EXP	button_left: autoDraw = false
128.54505000000017	EXP	trial_label_left: autoDraw = false
128.54505000000017	EXP	button_right: autoDraw = false
128.54505000000017	EXP	trial_label_right: autoDraw = false
128.54505000000017	EXP	feedback_msg: text = "+"
128.54505000000017	EXP	feedback_msg: autoDraw = true
129.54604500000005	EXP	feedback_msg: autoDraw = false
129.54604500000005	EXP	feedback_msg: autoDraw = false
129.54604500000005	EXP	image_stim: image = {}
129.54604500000005	EXP	text_stim: text = "Love"
129.54604500000005	EXP	trial_label_left: text = "A = \r\nWhite or \r\nPositive"
129.54604500000005	EXP	trial_label_right: text = "L = \r\nBlack or \r\nNegative"
129.54604500000005	EXP	fixation: autoDraw = true
130.02973999999995	EXP	fixation: autoDraw = false
130.06322499999987	EXP	image_stim: autoDraw = true
130.06322499999987	EXP	text_stim: autoDraw = true
130.06322499999987	EXP	button_left: autoDraw = true
130.06322499999987	EXP	trial_label_left: autoDraw = true
130.06322499999987	EXP	button_right: autoDraw = true
130.06322499999987	EXP	trial_label_right: autoDraw = true
130.66521999999986	DATA	Keydown: a
130.69595500000014	EXP	fixation: autoDraw = false
130.69595500000014	EXP	image_stim: autoDraw = false
130.69595500000014	EXP	text_stim: autoDraw = false
130.69595500000014	EXP	button_left: autoDraw = false
130.69595500000014	EXP	trial_label_left: autoDraw = false
130.69595500000014	EXP	button_right: autoDraw = false
130.69595500000014	EXP	trial_label_right: autoDraw = false
130.69595500000014	EXP	feedback_msg: text = "+"
130.69595500000014	EXP	feedback_msg: autoDraw = true
131.69581500000004	EXP	feedback_msg: autoDraw = false
131.69581500000004	EXP	feedback_msg: autoDraw = false
131.69581500000004	EXP	image_stim: image = {}
131.69581500000004	EXP	text_stim: text = "Joy"
131.69581500000004	EXP	trial_label_left: text = "A = \r\nWhite or \r\nPositive"
131.69581500000004	EXP	trial_label_right: text = "L = \r\nBlack or \r\nNegative"
131.69581500000004	EXP	fixation: autoDraw = true
132.17986999999994	EXP	fixation: autoDraw = false
132.21261499999991	EXP	image_stim: autoDraw = true
132.21261499999991	EXP	text_stim: autoDraw = true
132.21261499999991	EXP	button_left: autoDraw = true
132.21261499999991	EXP	trial_label_left: autoDraw = true
132.21261499999991	EXP	button_right: autoDraw = true
132.21261499999991	EXP	trial_label_right: autoDraw = true
132.75610000000006	DATA	Keydown: a
132.77799000000005	EXP	fixation: autoDraw = false
132.77799000000005	EXP	image_stim: autoDraw = false
132.77799000000005	EXP	text_stim: autoDraw = false
132.77799000000005	EXP	button_left: autoDraw = false
132.77799000000005	EXP	trial_label_left: autoDraw = false
132.77799000000005	EXP	button_right: autoDraw = false
132.77799000000005	EXP	trial_label_right: autoDraw = false
132.77799000000005	EXP	feedback_msg: text = "+"
132.77799000000005	EXP	feedback_msg: autoDraw = true
133.77896999999984	EXP	feedback_msg: autoDraw = false
133.77896999999984	EXP	feedback_msg: autoDraw = false
133.77896999999984	EXP	image_stim: image = {}
133.77896999999984	EXP	text_stim: text = null
133.77896999999984	EXP	trial_label_left: text = "A = \r\nWhite or \r\nPositive"
133.77896999999984	EXP	trial_label_right: text = "L = \r\nBlack or \r\nNegative"
133.77896999999984	EXP	fixation: autoDraw = true
134.263015	EXP	fixation: autoDraw = false
134.2963850000001	EXP	image_stim: autoDraw = true
134.2963850000001	EXP	text_stim: autoDraw = true
134.2963850000001	EXP	button_left: autoDraw = true
134.2963850000001	EXP	trial_label_left: autoDraw = true
134.2963850000001	EXP	button_right: autoDraw = true
134.2963850000001	EXP	trial_label_right: autoDraw = true
134.9210549999998	DATA	Keydown: a
134.9458749999999	EXP	fixation: autoDraw = false
134.9458749999999	EXP	image_stim: autoDraw = false
134.9458749999999	EXP	text_stim: autoDraw = false
134.9458749999999	EXP	button_left: autoDraw = false
134.9458749999999	EXP	trial_label_left: autoDraw = false
134.9458749999999	EXP	button_right: autoDraw = false
134.9458749999999	EXP	trial_label_right: autoDraw = false
134.9458749999999	EXP	feedback_msg: text = "+"
134.9458749999999	EXP	feedback_msg: autoDraw = true
135.94542999999976	EXP	feedback_msg: autoDraw = false
135.94542999999976	EXP	feedback_msg: autoDraw = false
135.94542999999976	EXP	image_stim: image = {}
135.94542999999976	EXP	text_stim: text = null
135.94542999999976	EXP	trial_label_left: text = "A = \r\nWhite or \r\nPositive"
135.94542999999976	EXP	trial_label_right: text = "L = \r\nBlack or \r\nNegative"
135.94542999999976	EXP	fixation: autoDraw = true
136.42932500000003	EXP	fixation: autoDraw = false
136.46194500000001	EXP	image_stim: autoDraw = true
136.46194500000001	EXP	text_stim: autoDraw = true
136.46194500000001	EXP	button_left: autoDraw = true
136.46194500000001	EXP	trial_label_left: autoDraw = true
136.46194500000001	EXP	button_right: autoDraw = true
136.46194500000001	EXP	trial_label_right: autoDraw = true
137.08103500000016	DATA	Keydown: l
137.11202999999978	EXP	fixation: autoDraw = false
137.11202999999978	EXP	image_stim: autoDraw = false
137.11202999999978	EXP	text_stim: autoDraw = false
137.11202999999978	EXP	button_left: autoDraw = false
137.11202999999978	EXP	trial_label_left: autoDraw = false
137.11202999999978	EXP	button_right: autoDraw = false
137.11202999999978	EXP	trial_label_right: autoDraw = false
137.11202999999978	EXP	feedback_msg: text = "+"
137.11202999999978	EXP	feedback_msg: autoDraw = true
138.11180999999988	EXP	feedback_msg: autoDraw = false
138.11180999999988	EXP	feedback_msg: autoDraw = false
138.11180999999988	EXP	image_stim: image = {}
138.11180999999988	EXP	text_stim: text = null
138.11180999999988	EXP	trial_label_left: text = "A = \r\nWhite or \r\nPositive"
138.11180999999988	EXP	trial_label_right: text = "L = \r\nBlack or \r\nNegative"
138.11180999999988	EXP	fixation: autoDraw = true
138.5956799999999	EXP	fixation: autoDraw = false
138.62889499999983	EXP	image_stim: autoDraw = true
138.62889499999983	EXP	text_stim: autoDraw = true
138.62889499999983	EXP	button_left: autoDraw = true
138.62889499999983	EXP	trial_label_left: autoDraw = true
138.62889499999983	EXP	button_right: autoDraw = true
138.62889499999983	EXP	trial_label_right: autoDraw = true
139.50123500000018	DATA	Keydown: a
139.52855	EXP	fixation: autoDraw = false
139.52855	EXP	image_stim: autoDraw = false
139.52855	EXP	text_stim: autoDraw = false
139.52855	EXP	button_left: autoDraw = false
139.52855	EXP	trial_label_left: autoDraw = false
139.52855	EXP	button_right: autoDraw = false
139.52855	EXP	trial_label_right: autoDraw = false
139.52855	EXP	feedback_msg: text = "+"
139.52855	EXP	feedback_msg: autoDraw = true
140.52853000000005	EXP	feedback_msg: autoDraw = false
140.52853000000005	EXP	feedback_msg: autoDraw = false
140.52853000000005	EXP	image_stim: image = {}
140.52853000000005	EXP	text_stim: text = null
140.52853000000005	EXP	trial_label_left: text = "A = \r\nWhite or \r\nPositive"
140.52853000000005	EXP	trial_label_right: text = "L = \r\nBlack or \r\nNegative"
140.52853000000005	EXP	fixation: autoDraw = true
141.011665	EXP	fixation: autoDraw = false
141.0449349999999	EXP	image_stim: autoDraw = true
141.0449349999999	EXP	text_stim: autoDraw = true
141.0449349999999	EXP	button_left: autoDraw = true
141.0449349999999	EXP	trial_label_left: autoDraw = true
141.0449349999999	EXP	button_right: autoDraw = true
141.0449349999999	EXP	trial_label_right: autoDraw = true
141.5862950000001	DATA	Keydown: l
141.61166000000003	EXP	fixation: autoDraw = false
141.61166000000003	EXP	image_stim: autoDraw = false
141.61166000000003	EXP	text_stim: autoDraw = false
141.61166000000003	EXP	button_left: autoDraw = false
141.61166000000003	EXP	trial_label_left: autoDraw = false
141.61166000000003	EXP	button_right: autoDraw = false
141.61166000000003	EXP	trial_label_right: autoDraw = false
141.61166000000003	EXP	feedback_msg: text = "+"
141.61166000000003	EXP	feedback_msg: autoDraw = true
142.611625	EXP	feedback_msg: autoDraw = false
142.611625	EXP	feedback_msg: autoDraw = false
142.611625	EXP	image_stim: image = {}
142.611625	EXP	text_stim: text = "Pleasure"
142.611625	EXP	trial_label_left: text = "A = \r\nWhite or \r\nPositive"
142.611625	EXP	trial_label_right: text = "L = \r\nBlack or \r\nNegative"
142.611625	EXP	fixation: autoDraw = true
143.09490499999993	EXP	fixation: autoDraw = false
143.12856999999988	EXP	image_stim: autoDraw = true
143.12856999999988	EXP	text_stim: autoDraw = true
143.12856999999988	EXP	button_left: autoDraw = true
143.12856999999988	EXP	trial_label_left: autoDraw = true
143.12856999999988	EXP	button_right: autoDraw = true
143.12856999999988	EXP	trial_label_right: autoDraw = true
144.23099000000002	DATA	Keydown: a
144.26157999999987	EXP	fixation: autoDraw = false
144.26157999999987	EXP	image_stim: autoDraw = false
144.26157999999987	EXP	text_stim: autoDraw = false
144.26157999999987	EXP	button_left: autoDraw = false
144.26157999999987	EXP	trial_label_left: autoDraw = false
144.26157999999987	EXP	button_right: autoDraw = false
144.26157999999987	EXP	trial_label_right: autoDraw = false
144.26157999999987	EXP	feedback_msg: text = "+"
144.26157999999987	EXP	feedback_msg: autoDraw = true
145.2610450000002	EXP	feedback_msg: autoDraw = false
145.2610450000002	EXP	feedback_msg: autoDraw = false
145.2610450000002	EXP	image_stim: image = {}
145.2610450000002	EXP	text_stim: text = "Happy"
145.2610450000002	EXP	trial_label_left: text = "A = \r\nWhite or \r\nPositive"
145.2610450000002	EXP	trial_label_right: text = "L = \r\nBlack or \r\nNegative"
145.2610450000002	EXP	fixation: autoDraw = true
145.74367500000017	EXP	fixation: autoDraw = false
145.7783199999999	EXP	image_stim: autoDraw = true
145.7783199999999	EXP	text_stim: autoDraw = true
145.7783199999999	EXP	button_left: autoDraw = true
145.7783199999999	EXP	trial_label_left: autoDraw = true
145.7783199999999	EXP	button_right: autoDraw = true
145.7783199999999	EXP	trial_label_right: autoDraw = true
146.5410149999998	DATA	Keydown: a
146.56114500000012	EXP	fixation: autoDraw = false
146.56114500000012	EXP	image_stim: autoDraw = false
146.56114500000012	EXP	text_stim: autoDraw = false
146.56114500000012	EXP	button_left: autoDraw = false
146.56114500000012	EXP	trial_label_left: autoDraw = false
146.56114500000012	EXP	button_right: autoDraw = false
146.56114500000012	EXP	trial_label_right: autoDraw = false
146.56114500000012	EXP	feedback_msg: text = "+"
146.56114500000012	EXP	feedback_msg: autoDraw = true
147.56116500000007	EXP	feedback_msg: autoDraw = false
147.56116500000007	EXP	feedback_msg: autoDraw = false
147.56116500000007	EXP	image_stim: image = {}
147.56116500000007	EXP	text_stim: text = null
147.56116500000007	EXP	trial_label_left: text = "A = \r\nWhite or \r\nPositive"
147.56116500000007	EXP	trial_label_right: text = "L = \r\nBlack or \r\nNegative"
147.56116500000007	EXP	fixation: autoDraw = true
148.04484000000002	EXP	fixation: autoDraw = false
148.07792000000018	EXP	image_stim: autoDraw = true
148.07792000000018	EXP	text_stim: autoDraw = true
148.07792000000018	EXP	button_left: autoDraw = true
148.07792000000018	EXP	trial_label_left: autoDraw = true
148.07792000000018	EXP	button_right: autoDraw = true
148.07792000000018	EXP	trial_label_right: autoDraw = true
148.7133600000002	DATA	Keydown: l
148.74445500000002	EXP	fixation: autoDraw = false
148.74445500000002	EXP	image_stim: autoDraw = false
148.74445500000002	EXP	text_stim: autoDraw = false
148.74445500000002	EXP	button_left: autoDraw = false
148.74445500000002	EXP	trial_label_left: autoDraw = false
148.74445500000002	EXP	button_right: autoDraw = false
148.74445500000002	EXP	trial_label_right: autoDraw = false
148.74445500000002	EXP	feedback_msg: text = "+"
148.74445500000002	EXP	feedback_msg: autoDraw = true
149.7439850000001	EXP	feedback_msg: autoDraw = false
149.7439850000001	EXP	feedback_msg: autoDraw = false
149.7439850000001	EXP	image_stim: image = {}
149.7439850000001	EXP	text_stim: text = "Evil"
149.7439850000001	EXP	trial_label_left: text = "A = \r\nWhite or \r\nPositive"
149.7439850000001	EXP	trial_label_right: text = "L = \r\nBlack or \r\nNegative"
149.7439850000001	EXP	fixation: autoDraw = true
150.22798000000012	EXP	fixation: autoDraw = false
150.26110999999992	EXP	image_stim: autoDraw = true
150.26110999999992	EXP	text_stim: autoDraw = true
150.26110999999992	EXP	button_left: autoDraw = true
150.26110999999992	EXP	trial_label_left: autoDraw = true
150.26110999999992	EXP	button_right: autoDraw = true
150.26110999999992	EXP	trial_label_right: autoDraw = true
153.51314499999987	DATA	Keydown: Escape
