0.0783199999932549	EXP	Created Window = Window( name=Window, fullscr=true, color=#000000, units=height, waitBlanking=true, autoLog=true, size=[1452,829] )
5.605109999996785	EXP	Created instructs_text = TextStim( name=instructs_text, win=Window( name=Window, fullscr=true, color=#000000, ~), autoDraw=null, autoLog=true, units=height, ori=null, opacity=1, pos=[0,0], size=undefined, text=default text, font=Arial, color=#FFFFFF, contrast=1, height=0.03, bold=null, italic=null, alignHoriz=left, alignVert=center, wrapWidth=1, flipHoriz=null, flipVert=null )
5.612779999995837	EXP	Created instr_done_button = Rect( name=instr_done_button, win=Window( name=Window, fullscr=true, color=#000000, ~), autoDraw=null, autoLog=true, units=height, ori=null, opacity=1, pos=[0,-0.4], size=[1,1], lineWidth=1, lineColor=#006400, fillColor=#90EE90, vertices=[[-0.2,-0.05],[0.2,-0.05],[0.2,0.05],[-0.2,0.05]], closeShape=true, contrast=1, depth=-3, interpolate=true, width=0.4, height=0.1 )
5.613664999997127	EXP	Created instr_done_label = TextStim( name=instr_done_label, win=Window( name=Window, fullscr=true, color=#000000, ~), autoDraw=null, autoLog=true, units=height, ori=null, opacity=1, pos=[0,-0.4], size=undefined, text=Next..., font=Arial, color=#006400, contrast=1, height=0.05, bold=null, italic=null, alignHoriz=left, alignVert=center, wrapWidth=1, flipHoriz=null, flipVert=null )
5.615174999998999	EXP	Created main_ready_msg = TextStim( name=main_ready_msg, win=Window( name=Window, fullscr=true, color=#000000, ~), autoDraw=null, autoLog=true, units=height, ori=null, opacity=1, pos=[0,0], size=undefined, text=Take note of the categories below
 
Position your ~, font=Arial, color=#FFFFFF, contrast=1, height=0.03, bold=null, italic=null, alignHoriz=left, alignVert=center, wrapWidth=1, flipHoriz=null, flipVert=null )
5.618024999996123	EXP	Created button_L = Rect( name=button_L, win=Window( name=Window, fullscr=true, color=#000000, ~), autoDraw=null, autoLog=true, units=height, ori=null, opacity=1, pos=[-0.4,-0.3], size=[1,1], lineWidth=1, lineColor=#006400, fillColor=#90EE90, vertices=[[-0.2,-0.1],[0.2,-0.1],[0.2,0.1],[-0.2,0.1]], closeShape=true, contrast=1, depth=-1, interpolate=true, width=0.4, height=0.2 )
5.618784999998752	EXP	Created ready_label_L = TextStim( name=ready_label_L, win=Window( name=Window, fullscr=true, color=#000000, ~), autoDraw=null, autoLog=true, units=height, ori=null, opacity=1, pos=[-0.4,-0.3], size=undefined, text=default text, font=Arial, color=#006400, contrast=1, height=0.05, bold=null, italic=null, alignHoriz=left, alignVert=center, wrapWidth=1, flipHoriz=null, flipVert=null )
5.621304999993299	EXP	Created button_R = Rect( name=button_R, win=Window( name=Window, fullscr=true, color=#000000, ~), autoDraw=null, autoLog=true, units=height, ori=null, opacity=1, pos=[0.4,-0.3], size=[1,1], lineWidth=1, lineColor=#006400, fillColor=#90EE90, vertices=[[-0.2,-0.1],[0.2,-0.1],[0.2,0.1],[-0.2,0.1]], closeShape=true, contrast=1, depth=-3, interpolate=true, width=0.4, height=0.2 )
5.62213999999949	EXP	Created ready_label_R = TextStim( name=ready_label_R, win=Window( name=Window, fullscr=true, color=#000000, ~), autoDraw=null, autoLog=true, units=height, ori=null, opacity=1, pos=[0.4,-0.3], size=undefined, text=default text, font=Arial, color=#006400, contrast=1, height=0.05, bold=null, italic=null, alignHoriz=left, alignVert=center, wrapWidth=1, flipHoriz=null, flipVert=null )
5.62326999999641	EXP	Created fixation = TextStim( name=fixation, win=Window( name=Window, fullscr=true, color=#000000, ~), autoDraw=null, autoLog=true, units=height, ori=null, opacity=1, pos=[0,0], size=undefined, text=+, font=Arial, color=#FFFFFF, contrast=1, height=0.1, bold=null, italic=null, alignHoriz=left, alignVert=center, wrapWidth=1, flipHoriz=null, flipVert=null )
5.626689999997325	EXP	Created image_stim = ImageStim( name=image_stim, win=Window( name=Window, fullscr=true, color=#000000, ~), autoDraw=null, autoLog=true, units=height, ori=null, opacity=1, pos=[0,0], size=[0.5,0.5], image=undefined, mask=undefined, color=#ffffff, contrast=1, texRes=128, interpolate=true, depth=-1, flipHoriz=null, flipVert=null )
5.627409999993688	EXP	Created text_stim = TextStim( name=text_stim, win=Window( name=Window, fullscr=true, color=#000000, ~), autoDraw=null, autoLog=true, units=height, ori=null, opacity=1, pos=[0,0], size=undefined, text=default text, font=Arial, color=#FFFFFF, contrast=1, height=0.05, bold=null, italic=null, alignHoriz=left, alignVert=center, wrapWidth=1, flipHoriz=null, flipVert=null )
5.629899999999907	EXP	Created button_left = Rect( name=button_left, win=Window( name=Window, fullscr=true, color=#000000, ~), autoDraw=null, autoLog=true, units=height, ori=null, opacity=1, pos=[-0.4,-0.3], size=[1,1], lineWidth=1, lineColor=#006400, fillColor=#90EE90, vertices=[[-0.2,-0.1],[0.2,-0.1],[0.2,0.1],[-0.2,0.1]], closeShape=true, contrast=1, depth=-6, interpolate=true, width=0.4, height=0.2 )
5.6307249999954365	EXP	Created trial_label_left = TextStim( name=trial_label_left, win=Window( name=Window, fullscr=true, color=#000000, ~), autoDraw=null, autoLog=true, units=height, ori=null, opacity=1, pos=[-0.4,-0.3], size=undefined, text=default text, font=Arial, color=#006400, contrast=1, height=0.05, bold=null, italic=null, alignHoriz=left, alignVert=center, wrapWidth=1, flipHoriz=null, flipVert=null )
5.634109999999055	EXP	Created button_right = Rect( name=button_right, win=Window( name=Window, fullscr=true, color=#000000, ~), autoDraw=null, autoLog=true, units=height, ori=null, opacity=1, pos=[0.4,-0.3], size=[1,1], lineWidth=1, lineColor=#006400, fillColor=#90EE90, vertices=[[-0.2,-0.1],[0.2,-0.1],[0.2,0.1],[-0.2,0.1]], closeShape=true, contrast=1, depth=-8, interpolate=true, width=0.4, height=0.2 )
5.635544999997364	EXP	Created trial_label_right = TextStim( name=trial_label_right, win=Window( name=Window, fullscr=true, color=#000000, ~), autoDraw=null, autoLog=true, units=height, ori=null, opacity=1, pos=[0.4,-0.3], size=undefined, text=default text, font=Arial, color=#006400, contrast=1, height=0.05, bold=null, italic=null, alignHoriz=left, alignVert=center, wrapWidth=1, flipHoriz=null, flipVert=null )
5.636744999996154	EXP	Created feedback_msg = TextStim( name=feedback_msg, win=Window( name=Window, fullscr=true, color=#000000, ~), autoDraw=null, autoLog=true, units=height, ori=null, opacity=1, pos=[0,0], size=undefined, text=default text, font=Arial, color=#FFFFFF, contrast=1, height=0.1, bold=null, italic=null, alignHoriz=left, alignVert=center, wrapWidth=1, flipHoriz=null, flipVert=null )
5.637904999995953	EXP	Created thanks_text = TextStim( name=thanks_text, win=Window( name=Window, fullscr=true, color=#000000, ~), autoDraw=null, autoLog=true, units=height, ori=null, opacity=1, pos=[0,0], size=undefined, text=The End. 
 
Thank you for your participation., font=Arial, color=#FFFFFF, contrast=1, height=0.1, bold=null, italic=null, alignHoriz=left, alignVert=center, wrapWidth=1, flipHoriz=null, flipVert=null )
5.74288499999966	EXP	instructs_text: units = "height"
5.74288499999966	EXP	instructs_text: ori = 0
5.74288499999966	EXP	instructs_text: opacity = 1
5.74288499999966	EXP	instructs_text: pos = [0,0]
5.74288499999966	EXP	instructs_text: size = undefined
5.74288499999966	EXP	instructs_text: text = "default text"
5.74288499999966	EXP	instructs_text: font = "Arial"
5.74288499999966	EXP	instructs_text: color = {"_hex":"#FFFFFF","_rgb":[1,1,1]}
5.74288499999966	EXP	instructs_text: contrast = 1
5.74288499999966	EXP	instructs_text: height = 0.03
5.74288499999966	EXP	instructs_text: bold = false
5.74288499999966	EXP	instructs_text: italic = false
5.74288499999966	EXP	instructs_text: alignHoriz = "left"
5.74288499999966	EXP	instructs_text: alignVert = "center"
5.74288499999966	EXP	instructs_text: wrapWidth = 1
5.74288499999966	EXP	instructs_text: flipHoriz = false
5.74288499999966	EXP	instructs_text: flipVert = false
5.74288499999966	EXP	instr_done_button: units = "height"
5.74288499999966	EXP	instr_done_button: ori = 0
5.74288499999966	EXP	instr_done_button: opacity = 1
5.74288499999966	EXP	instr_done_button: pos = [0,-0.4]
5.74288499999966	EXP	instr_done_button: size = [1,1]
5.74288499999966	EXP	instr_done_button: lineWidth = 1
5.74288499999966	EXP	instr_done_button: lineColor = {"_hex":"#006400","_rgb":[0,0.39215686274509803,0]}
5.74288499999966	EXP	instr_done_button: fillColor = {"_hex":"#90EE90","_rgb":[0.5647058823529412,0.9333333333333333,0.5647058823529412]}
5.74288499999966	EXP	instr_done_button: vertices = [[-0.5,0],[0,0.5],[0.5,0]]
5.74288499999966	EXP	instr_done_button: closeShape = true
5.74288499999966	EXP	instr_done_button: contrast = 1
5.74288499999966	EXP	instr_done_button: depth = -3
5.74288499999966	EXP	instr_done_button: interpolate = true
5.74288499999966	EXP	instr_done_button: width = 0.4
5.74288499999966	EXP	instr_done_button: vertices = [[-0.2,null],[0.2,null],[0.2,null],[-0.2,null]]
5.74288499999966	EXP	instr_done_button: height = 0.1
5.74288499999966	EXP	instr_done_button: vertices = [[-0.2,-0.05],[0.2,-0.05],[0.2,0.05],[-0.2,0.05]]
5.74288499999966	EXP	instr_done_button: vertices = [[-0.2,-0.05],[0.2,-0.05],[0.2,0.05],[-0.2,0.05]]
5.74288499999966	EXP	instr_done_label: units = "height"
5.74288499999966	EXP	instr_done_label: ori = 0
5.74288499999966	EXP	instr_done_label: opacity = 1
5.74288499999966	EXP	instr_done_label: pos = [0,-0.4]
5.74288499999966	EXP	instr_done_label: size = undefined
5.74288499999966	EXP	instr_done_label: text = "Next..."
5.74288499999966	EXP	instr_done_label: font = "Arial"
5.74288499999966	EXP	instr_done_label: color = {"_hex":"#006400","_rgb":[0,0.39215686274509803,0]}
5.74288499999966	EXP	instr_done_label: contrast = 1
5.74288499999966	EXP	instr_done_label: height = 0.05
5.74288499999966	EXP	instr_done_label: bold = false
5.74288499999966	EXP	instr_done_label: italic = false
5.74288499999966	EXP	instr_done_label: alignHoriz = "left"
5.74288499999966	EXP	instr_done_label: alignVert = "center"
5.74288499999966	EXP	instr_done_label: wrapWidth = 1
5.74288499999966	EXP	instr_done_label: flipHoriz = false
5.74288499999966	EXP	instr_done_label: flipVert = false
5.74288499999966	EXP	main_ready_msg: units = "height"
5.74288499999966	EXP	main_ready_msg: ori = 0
5.74288499999966	EXP	main_ready_msg: opacity = 1
5.74288499999966	EXP	main_ready_msg: pos = [0,0]
5.74288499999966	EXP	main_ready_msg: size = undefined
5.74288499999966	EXP	main_ready_msg: text = "Take note of the categories below\n \nPosition your index fingers \n \nPress the space bar (or one of the green buttons) to begin"
5.74288499999966	EXP	main_ready_msg: font = "Arial"
5.74288499999966	EXP	main_ready_msg: color = {"_hex":"#FFFFFF","_rgb":[1,1,1]}
5.74288499999966	EXP	main_ready_msg: contrast = 1
5.74288499999966	EXP	main_ready_msg: height = 0.03
5.74288499999966	EXP	main_ready_msg: bold = false
5.74288499999966	EXP	main_ready_msg: italic = false
5.74288499999966	EXP	main_ready_msg: alignHoriz = "left"
5.74288499999966	EXP	main_ready_msg: alignVert = "center"
5.74288499999966	EXP	main_ready_msg: wrapWidth = 1
5.74288499999966	EXP	main_ready_msg: flipHoriz = false
5.74288499999966	EXP	main_ready_msg: flipVert = false
5.74288499999966	EXP	button_L: units = "height"
5.74288499999966	EXP	button_L: ori = 0
5.74288499999966	EXP	button_L: opacity = 1
5.74288499999966	EXP	button_L: pos = [-0.4,-0.3]
5.74288499999966	EXP	button_L: size = [1,1]
5.74288499999966	EXP	button_L: lineWidth = 1
5.74288499999966	EXP	button_L: lineColor = {"_hex":"#006400","_rgb":[0,0.39215686274509803,0]}
5.74288499999966	EXP	button_L: fillColor = {"_hex":"#90EE90","_rgb":[0.5647058823529412,0.9333333333333333,0.5647058823529412]}
5.74288499999966	EXP	button_L: vertices = [[-0.5,0],[0,0.5],[0.5,0]]
5.74288499999966	EXP	button_L: closeShape = true
5.74288499999966	EXP	button_L: contrast = 1
5.74288499999966	EXP	button_L: depth = -1
5.74288499999966	EXP	button_L: interpolate = true
5.74288499999966	EXP	button_L: width = 0.4
5.74288499999966	EXP	button_L: vertices = [[-0.2,null],[0.2,null],[0.2,null],[-0.2,null]]
5.74288499999966	EXP	button_L: height = 0.2
5.74288499999966	EXP	button_L: vertices = [[-0.2,-0.1],[0.2,-0.1],[0.2,0.1],[-0.2,0.1]]
5.74288499999966	EXP	button_L: vertices = [[-0.2,-0.1],[0.2,-0.1],[0.2,0.1],[-0.2,0.1]]
5.74288499999966	EXP	ready_label_L: units = "height"
5.74288499999966	EXP	ready_label_L: ori = 0
5.74288499999966	EXP	ready_label_L: opacity = 1
5.74288499999966	EXP	ready_label_L: pos = [-0.4,-0.3]
5.74288499999966	EXP	ready_label_L: size = undefined
5.74288499999966	EXP	ready_label_L: text = "default text"
5.74288499999966	EXP	ready_label_L: font = "Arial"
5.74288499999966	EXP	ready_label_L: color = {"_hex":"#006400","_rgb":[0,0.39215686274509803,0]}
5.74288499999966	EXP	ready_label_L: contrast = 1
5.74288499999966	EXP	ready_label_L: height = 0.05
5.74288499999966	EXP	ready_label_L: bold = false
5.74288499999966	EXP	ready_label_L: italic = false
5.74288499999966	EXP	ready_label_L: alignHoriz = "left"
5.74288499999966	EXP	ready_label_L: alignVert = "center"
5.74288499999966	EXP	ready_label_L: wrapWidth = 1
5.74288499999966	EXP	ready_label_L: flipHoriz = false
5.74288499999966	EXP	ready_label_L: flipVert = false
5.74288499999966	EXP	button_R: units = "height"
5.74288499999966	EXP	button_R: ori = 0
5.74288499999966	EXP	button_R: opacity = 1
5.74288499999966	EXP	button_R: pos = [0.4,-0.3]
5.74288499999966	EXP	button_R: size = [1,1]
5.74288499999966	EXP	button_R: lineWidth = 1
5.74288499999966	EXP	button_R: lineColor = {"_hex":"#006400","_rgb":[0,0.39215686274509803,0]}
5.74288499999966	EXP	button_R: fillColor = {"_hex":"#90EE90","_rgb":[0.5647058823529412,0.9333333333333333,0.5647058823529412]}
5.74288499999966	EXP	button_R: vertices = [[-0.5,0],[0,0.5],[0.5,0]]
5.74288499999966	EXP	button_R: closeShape = true
5.74288499999966	EXP	button_R: contrast = 1
5.74288499999966	EXP	button_R: depth = -3
5.74288499999966	EXP	button_R: interpolate = true
5.74288499999966	EXP	button_R: width = 0.4
5.74288499999966	EXP	button_R: vertices = [[-0.2,null],[0.2,null],[0.2,null],[-0.2,null]]
5.74288499999966	EXP	button_R: height = 0.2
5.74288499999966	EXP	button_R: vertices = [[-0.2,-0.1],[0.2,-0.1],[0.2,0.1],[-0.2,0.1]]
5.74288499999966	EXP	button_R: vertices = [[-0.2,-0.1],[0.2,-0.1],[0.2,0.1],[-0.2,0.1]]
5.74288499999966	EXP	ready_label_R: units = "height"
5.74288499999966	EXP	ready_label_R: ori = 0
5.74288499999966	EXP	ready_label_R: opacity = 1
5.74288499999966	EXP	ready_label_R: pos = [0.4,-0.3]
5.74288499999966	EXP	ready_label_R: size = undefined
5.74288499999966	EXP	ready_label_R: text = "default text"
5.74288499999966	EXP	ready_label_R: font = "Arial"
5.74288499999966	EXP	ready_label_R: color = {"_hex":"#006400","_rgb":[0,0.39215686274509803,0]}
5.74288499999966	EXP	ready_label_R: contrast = 1
5.74288499999966	EXP	ready_label_R: height = 0.05
5.74288499999966	EXP	ready_label_R: bold = false
5.74288499999966	EXP	ready_label_R: italic = false
5.74288499999966	EXP	ready_label_R: alignHoriz = "left"
5.74288499999966	EXP	ready_label_R: alignVert = "center"
5.74288499999966	EXP	ready_label_R: wrapWidth = 1
5.74288499999966	EXP	ready_label_R: flipHoriz = false
5.74288499999966	EXP	ready_label_R: flipVert = false
5.74288499999966	EXP	fixation: units = "height"
5.74288499999966	EXP	fixation: ori = 0
5.74288499999966	EXP	fixation: opacity = 1
5.74288499999966	EXP	fixation: pos = [0,0]
5.74288499999966	EXP	fixation: size = undefined
5.74288499999966	EXP	fixation: text = "+"
5.74288499999966	EXP	fixation: font = "Arial"
5.74288499999966	EXP	fixation: color = {"_hex":"#FFFFFF","_rgb":[1,1,1]}
5.74288499999966	EXP	fixation: contrast = 1
5.74288499999966	EXP	fixation: height = 0.1
5.74288499999966	EXP	fixation: bold = false
5.74288499999966	EXP	fixation: italic = false
5.74288499999966	EXP	fixation: alignHoriz = "left"
5.74288499999966	EXP	fixation: alignVert = "center"
5.74288499999966	EXP	fixation: wrapWidth = 1
5.74288499999966	EXP	fixation: flipHoriz = false
5.74288499999966	EXP	fixation: flipVert = false
5.74288499999966	EXP	image_stim: units = "height"
5.74288499999966	EXP	image_stim: ori = 0
5.74288499999966	EXP	image_stim: opacity = 1
5.74288499999966	EXP	image_stim: pos = [0,0]
5.74288499999966	EXP	image_stim: size = [0.5,0.5]
5.74288499999966	EXP	image_stim: image = undefined
5.74288499999966	EXP	image_stim: mask = undefined
5.74288499999966	EXP	image_stim: color = {"_rgb":[1,1,1]}
5.74288499999966	EXP	image_stim: contrast = 1
5.74288499999966	EXP	image_stim: texRes = 128
5.74288499999966	EXP	image_stim: interpolate = true
5.74288499999966	EXP	image_stim: depth = -1
5.74288499999966	EXP	image_stim: flipHoriz = false
5.74288499999966	EXP	image_stim: flipVert = false
5.74288499999966	EXP	text_stim: units = "height"
5.74288499999966	EXP	text_stim: ori = 0
5.74288499999966	EXP	text_stim: opacity = 1
5.74288499999966	EXP	text_stim: pos = [0,0]
5.74288499999966	EXP	text_stim: size = undefined
5.74288499999966	EXP	text_stim: text = "default text"
5.74288499999966	EXP	text_stim: font = "Arial"
5.74288499999966	EXP	text_stim: color = {"_hex":"#FFFFFF","_rgb":[1,1,1]}
5.74288499999966	EXP	text_stim: contrast = 1
5.74288499999966	EXP	text_stim: height = 0.05
5.74288499999966	EXP	text_stim: bold = false
5.74288499999966	EXP	text_stim: italic = false
5.74288499999966	EXP	text_stim: alignHoriz = "left"
5.74288499999966	EXP	text_stim: alignVert = "center"
5.74288499999966	EXP	text_stim: wrapWidth = 1
5.74288499999966	EXP	text_stim: flipHoriz = false
5.74288499999966	EXP	text_stim: flipVert = false
5.74288499999966	EXP	button_left: units = "height"
5.74288499999966	EXP	button_left: ori = 0
5.74288499999966	EXP	button_left: opacity = 1
5.74288499999966	EXP	button_left: pos = [-0.4,-0.3]
5.74288499999966	EXP	button_left: size = [1,1]
5.74288499999966	EXP	button_left: lineWidth = 1
5.74288499999966	EXP	button_left: lineColor = {"_hex":"#006400","_rgb":[0,0.39215686274509803,0]}
5.74288499999966	EXP	button_left: fillColor = {"_hex":"#90EE90","_rgb":[0.5647058823529412,0.9333333333333333,0.5647058823529412]}
5.74288499999966	EXP	button_left: vertices = [[-0.5,0],[0,0.5],[0.5,0]]
5.74288499999966	EXP	button_left: closeShape = true
5.74288499999966	EXP	button_left: contrast = 1
5.74288499999966	EXP	button_left: depth = -6
5.74288499999966	EXP	button_left: interpolate = true
5.74288499999966	EXP	button_left: width = 0.4
5.74288499999966	EXP	button_left: vertices = [[-0.2,null],[0.2,null],[0.2,null],[-0.2,null]]
5.74288499999966	EXP	button_left: height = 0.2
5.74288499999966	EXP	button_left: vertices = [[-0.2,-0.1],[0.2,-0.1],[0.2,0.1],[-0.2,0.1]]
5.74288499999966	EXP	button_left: vertices = [[-0.2,-0.1],[0.2,-0.1],[0.2,0.1],[-0.2,0.1]]
5.74288499999966	EXP	trial_label_left: units = "height"
5.74288499999966	EXP	trial_label_left: ori = 0
5.74288499999966	EXP	trial_label_left: opacity = 1
5.74288499999966	EXP	trial_label_left: pos = [-0.4,-0.3]
5.74288499999966	EXP	trial_label_left: size = undefined
5.74288499999966	EXP	trial_label_left: text = "default text"
5.74288499999966	EXP	trial_label_left: font = "Arial"
5.74288499999966	EXP	trial_label_left: color = {"_hex":"#006400","_rgb":[0,0.39215686274509803,0]}
5.74288499999966	EXP	trial_label_left: contrast = 1
5.74288499999966	EXP	trial_label_left: height = 0.05
5.74288499999966	EXP	trial_label_left: bold = false
5.74288499999966	EXP	trial_label_left: italic = false
5.74288499999966	EXP	trial_label_left: alignHoriz = "left"
5.74288499999966	EXP	trial_label_left: alignVert = "center"
5.74288499999966	EXP	trial_label_left: wrapWidth = 1
5.74288499999966	EXP	trial_label_left: flipHoriz = false
5.74288499999966	EXP	trial_label_left: flipVert = false
5.74288499999966	EXP	button_right: units = "height"
5.74288499999966	EXP	button_right: ori = 0
5.74288499999966	EXP	button_right: opacity = 1
5.74288499999966	EXP	button_right: pos = [0.4,-0.3]
5.74288499999966	EXP	button_right: size = [1,1]
5.74288499999966	EXP	button_right: lineWidth = 1
5.74288499999966	EXP	button_right: lineColor = {"_hex":"#006400","_rgb":[0,0.39215686274509803,0]}
5.74288499999966	EXP	button_right: fillColor = {"_hex":"#90EE90","_rgb":[0.5647058823529412,0.9333333333333333,0.5647058823529412]}
5.74288499999966	EXP	button_right: vertices = [[-0.5,0],[0,0.5],[0.5,0]]
5.74288499999966	EXP	button_right: closeShape = true
5.74288499999966	EXP	button_right: contrast = 1
5.74288499999966	EXP	button_right: depth = -8
5.74288499999966	EXP	button_right: interpolate = true
5.74288499999966	EXP	button_right: width = 0.4
5.74288499999966	EXP	button_right: vertices = [[-0.2,null],[0.2,null],[0.2,null],[-0.2,null]]
5.74288499999966	EXP	button_right: height = 0.2
5.74288499999966	EXP	button_right: vertices = [[-0.2,-0.1],[0.2,-0.1],[0.2,0.1],[-0.2,0.1]]
5.74288499999966	EXP	button_right: vertices = [[-0.2,-0.1],[0.2,-0.1],[0.2,0.1],[-0.2,0.1]]
5.74288499999966	EXP	trial_label_right: units = "height"
5.74288499999966	EXP	trial_label_right: ori = 0
5.74288499999966	EXP	trial_label_right: opacity = 1
5.74288499999966	EXP	trial_label_right: pos = [0.4,-0.3]
5.74288499999966	EXP	trial_label_right: size = undefined
5.74288499999966	EXP	trial_label_right: text = "default text"
5.74288499999966	EXP	trial_label_right: font = "Arial"
5.74288499999966	EXP	trial_label_right: color = {"_hex":"#006400","_rgb":[0,0.39215686274509803,0]}
5.74288499999966	EXP	trial_label_right: contrast = 1
5.74288499999966	EXP	trial_label_right: height = 0.05
5.74288499999966	EXP	trial_label_right: bold = false
5.74288499999966	EXP	trial_label_right: italic = false
5.74288499999966	EXP	trial_label_right: alignHoriz = "left"
5.74288499999966	EXP	trial_label_right: alignVert = "center"
5.74288499999966	EXP	trial_label_right: wrapWidth = 1
5.74288499999966	EXP	trial_label_right: flipHoriz = false
5.74288499999966	EXP	trial_label_right: flipVert = false
5.74288499999966	EXP	feedback_msg: units = "height"
5.74288499999966	EXP	feedback_msg: ori = 0
5.74288499999966	EXP	feedback_msg: opacity = 1
5.74288499999966	EXP	feedback_msg: pos = [0,0]
5.74288499999966	EXP	feedback_msg: size = undefined
5.74288499999966	EXP	feedback_msg: text = "default text"
5.74288499999966	EXP	feedback_msg: font = "Arial"
5.74288499999966	EXP	feedback_msg: color = {"_hex":"#FFFFFF","_rgb":[1,1,1]}
5.74288499999966	EXP	feedback_msg: contrast = 1
5.74288499999966	EXP	feedback_msg: height = 0.1
5.74288499999966	EXP	feedback_msg: bold = false
5.74288499999966	EXP	feedback_msg: italic = false
5.74288499999966	EXP	feedback_msg: alignHoriz = "left"
5.74288499999966	EXP	feedback_msg: alignVert = "center"
5.74288499999966	EXP	feedback_msg: wrapWidth = 1
5.74288499999966	EXP	feedback_msg: flipHoriz = false
5.74288499999966	EXP	feedback_msg: flipVert = false
5.74288499999966	EXP	thanks_text: units = "height"
5.74288499999966	EXP	thanks_text: ori = 0
5.74288499999966	EXP	thanks_text: opacity = 1
5.74288499999966	EXP	thanks_text: pos = [0,0]
5.74288499999966	EXP	thanks_text: size = undefined
5.74288499999966	EXP	thanks_text: text = "The End. \n \nThank you for your participation."
5.74288499999966	EXP	thanks_text: font = "Arial"
5.74288499999966	EXP	thanks_text: color = {"_hex":"#FFFFFF","_rgb":[1,1,1]}
5.74288499999966	EXP	thanks_text: contrast = 1
5.74288499999966	EXP	thanks_text: height = 0.1
5.74288499999966	EXP	thanks_text: bold = false
5.74288499999966	EXP	thanks_text: italic = false
5.74288499999966	EXP	thanks_text: alignHoriz = "left"
5.74288499999966	EXP	thanks_text: alignVert = "center"
5.74288499999966	EXP	thanks_text: wrapWidth = 1
5.74288499999966	EXP	thanks_text: flipHoriz = false
5.74288499999966	EXP	thanks_text: flipVert = false
5.74288499999966	EXP	instructs_text: text = "You will be presented with words or images to classify into categories using either the 'A' or 'L' key. \r\n \r\nTry to go as fast as possible while making as few mistakes as possible. \r\n"
5.74288499999966	EXP	instructs_text: autoDraw = true
5.74288499999966	EXP	instr_done_button: autoDraw = true
5.74288499999966	EXP	instr_done_label: autoDraw = true
12.832564999996976	DATA	Mouse: wheel shift=(-24,20), pos=(792,286)
12.868054999999003	DATA	Mouse: wheel shift=(-54,16), pos=(792,286)
12.902974999997241	DATA	Mouse: wheel shift=(-8,-2), pos=(792,286)
12.942214999995485	DATA	Mouse: wheel shift=(0,0), pos=(792,286)
13.003119999993942	DATA	Mouse: wheel shift=(-6,2), pos=(792,286)
13.084745000000112	DATA	Mouse: wheel shift=(-2,0), pos=(792,286)
13.847584999995888	DATA	Keydown: Escape
