0.03599999999999992	EXP	Created Window = Window( name=Window, fullscr=true, color=#000000, units=height, waitBlanking=true, autoLog=true, size=[1867,1329] )
2.718	DATA	Keydown: r
2.851	DATA	Keydown: i
2.971	DATA	Keydown: c
3.1180000000000003	DATA	Keydown: k
6.1129999999999995	EXP	Created instructs_text = TextStim( name=instructs_text, win=Window( name=Window, fullscr=true, color=#000000, ~), autoDraw=null, autoLog=true, units=height, ori=null, opacity=1, pos=[0,0], size=undefined, text=default text, font=Arial, color=#FFFFFF, contrast=1, height=0.03, bold=null, italic=null, alignHoriz=left, alignVert=center, wrapWidth=1, flipHoriz=null, flipVert=null )
6.116	EXP	Created instr_done_button = Rect( name=instr_done_button, win=Window( name=Window, fullscr=true, color=#000000, ~), autoDraw=null, autoLog=true, units=height, ori=null, opacity=1, pos=[0,-0.4], size=[1,1], lineWidth=1, lineColor=#006400, fillColor=#90EE90, vertices=[[-0.2,-0.05],[0.2,-0.05],[0.2,0.05],[-0.2,0.05]], closeShape=true, contrast=1, depth=-3, interpolate=true, width=0.4, height=0.1 )
6.116	EXP	Created instr_done_label = TextStim( name=instr_done_label, win=Window( name=Window, fullscr=true, color=#000000, ~), autoDraw=null, autoLog=true, units=height, ori=null, opacity=1, pos=[0,-0.4], size=undefined, text=Next..., font=Arial, color=#006400, contrast=1, height=0.05, bold=null, italic=null, alignHoriz=left, alignVert=center, wrapWidth=1, flipHoriz=null, flipVert=null )
6.117	EXP	Created main_ready_msg = TextStim( name=main_ready_msg, win=Window( name=Window, fullscr=true, color=#000000, ~), autoDraw=null, autoLog=true, units=height, ori=null, opacity=1, pos=[0,0], size=undefined, text=Take note of the categories below
 
Position your ~, font=Arial, color=#FFFFFF, contrast=1, height=0.03, bold=null, italic=null, alignHoriz=left, alignVert=center, wrapWidth=1, flipHoriz=null, flipVert=null )
6.119	EXP	Created button_L = Rect( name=button_L, win=Window( name=Window, fullscr=true, color=#000000, ~), autoDraw=null, autoLog=true, units=height, ori=null, opacity=1, pos=[-0.4,-0.3], size=[1,1], lineWidth=1, lineColor=#006400, fillColor=#90EE90, vertices=[[-0.2,-0.1],[0.2,-0.1],[0.2,0.1],[-0.2,0.1]], closeShape=true, contrast=1, depth=-1, interpolate=true, width=0.4, height=0.2 )
6.12	EXP	Created ready_label_L = TextStim( name=ready_label_L, win=Window( name=Window, fullscr=true, color=#000000, ~), autoDraw=null, autoLog=true, units=height, ori=null, opacity=1, pos=[-0.4,-0.3], size=undefined, text=default text, font=Arial, color=#006400, contrast=1, height=0.05, bold=null, italic=null, alignHoriz=left, alignVert=center, wrapWidth=1, flipHoriz=null, flipVert=null )
6.1209999999999996	EXP	Created button_R = Rect( name=button_R, win=Window( name=Window, fullscr=true, color=#000000, ~), autoDraw=null, autoLog=true, units=height, ori=null, opacity=1, pos=[0.4,-0.3], size=[1,1], lineWidth=1, lineColor=#006400, fillColor=#90EE90, vertices=[[-0.2,-0.1],[0.2,-0.1],[0.2,0.1],[-0.2,0.1]], closeShape=true, contrast=1, depth=-3, interpolate=true, width=0.4, height=0.2 )
6.1209999999999996	EXP	Created ready_label_R = TextStim( name=ready_label_R, win=Window( name=Window, fullscr=true, color=#000000, ~), autoDraw=null, autoLog=true, units=height, ori=null, opacity=1, pos=[0.4,-0.3], size=undefined, text=default text, font=Arial, color=#006400, contrast=1, height=0.05, bold=null, italic=null, alignHoriz=left, alignVert=center, wrapWidth=1, flipHoriz=null, flipVert=null )
6.122	EXP	Created fixation = TextStim( name=fixation, win=Window( name=Window, fullscr=true, color=#000000, ~), autoDraw=null, autoLog=true, units=height, ori=null, opacity=1, pos=[0,0], size=undefined, text=+, font=Arial, color=#FFFFFF, contrast=1, height=0.1, bold=null, italic=null, alignHoriz=left, alignVert=center, wrapWidth=1, flipHoriz=null, flipVert=null )
6.123	EXP	Created image_stim = ImageStim( name=image_stim, win=Window( name=Window, fullscr=true, color=#000000, ~), autoDraw=null, autoLog=true, units=height, ori=null, opacity=1, pos=[0,0], size=[0.5,0.5], image=undefined, mask=undefined, color=#ffffff, contrast=1, texRes=128, interpolate=true, depth=-1, flipHoriz=null, flipVert=null )
6.124	EXP	Created text_stim = TextStim( name=text_stim, win=Window( name=Window, fullscr=true, color=#000000, ~), autoDraw=null, autoLog=true, units=height, ori=null, opacity=1, pos=[0,0], size=undefined, text=default text, font=Arial, color=#FFFFFF, contrast=1, height=0.05, bold=null, italic=null, alignHoriz=left, alignVert=center, wrapWidth=1, flipHoriz=null, flipVert=null )
6.124	EXP	Created button_left = Rect( name=button_left, win=Window( name=Window, fullscr=true, color=#000000, ~), autoDraw=null, autoLog=true, units=height, ori=null, opacity=1, pos=[-0.4,-0.3], size=[1,1], lineWidth=1, lineColor=#006400, fillColor=#90EE90, vertices=[[-0.2,-0.1],[0.2,-0.1],[0.2,0.1],[-0.2,0.1]], closeShape=true, contrast=1, depth=-6, interpolate=true, width=0.4, height=0.2 )
6.125	EXP	Created trial_label_left = TextStim( name=trial_label_left, win=Window( name=Window, fullscr=true, color=#000000, ~), autoDraw=null, autoLog=true, units=height, ori=null, opacity=1, pos=[-0.4,-0.3], size=undefined, text=default text, font=Arial, color=#006400, contrast=1, height=0.05, bold=null, italic=null, alignHoriz=left, alignVert=center, wrapWidth=1, flipHoriz=null, flipVert=null )
6.125	EXP	Created button_right = Rect( name=button_right, win=Window( name=Window, fullscr=true, color=#000000, ~), autoDraw=null, autoLog=true, units=height, ori=null, opacity=1, pos=[0.4,-0.3], size=[1,1], lineWidth=1, lineColor=#006400, fillColor=#90EE90, vertices=[[-0.2,-0.1],[0.2,-0.1],[0.2,0.1],[-0.2,0.1]], closeShape=true, contrast=1, depth=-8, interpolate=true, width=0.4, height=0.2 )
6.1259999999999994	EXP	Created trial_label_right = TextStim( name=trial_label_right, win=Window( name=Window, fullscr=true, color=#000000, ~), autoDraw=null, autoLog=true, units=height, ori=null, opacity=1, pos=[0.4,-0.3], size=undefined, text=default text, font=Arial, color=#006400, contrast=1, height=0.05, bold=null, italic=null, alignHoriz=left, alignVert=center, wrapWidth=1, flipHoriz=null, flipVert=null )
6.1259999999999994	EXP	Created feedback_msg = TextStim( name=feedback_msg, win=Window( name=Window, fullscr=true, color=#000000, ~), autoDraw=null, autoLog=true, units=height, ori=null, opacity=1, pos=[0,0], size=undefined, text=default text, font=Arial, color=#FFFFFF, contrast=1, height=0.1, bold=null, italic=null, alignHoriz=left, alignVert=center, wrapWidth=1, flipHoriz=null, flipVert=null )
6.1259999999999994	EXP	Created thanks_text = TextStim( name=thanks_text, win=Window( name=Window, fullscr=true, color=#000000, ~), autoDraw=null, autoLog=true, units=height, ori=null, opacity=1, pos=[0,0], size=undefined, text=The End. 
 
Thank you for your participation., font=Arial, color=#FFFFFF, contrast=1, height=0.1, bold=null, italic=null, alignHoriz=left, alignVert=center, wrapWidth=1, flipHoriz=null, flipVert=null )
6.199999999999999	EXP	instructs_text: units = "height"
6.199999999999999	EXP	instructs_text: ori = 0
6.199999999999999	EXP	instructs_text: opacity = 1
6.199999999999999	EXP	instructs_text: pos = [0,0]
6.199999999999999	EXP	instructs_text: size = undefined
6.199999999999999	EXP	instructs_text: text = "default text"
6.199999999999999	EXP	instructs_text: font = "Arial"
6.199999999999999	EXP	instructs_text: color = {"_hex":"#FFFFFF","_rgb":[1,1,1]}
6.199999999999999	EXP	instructs_text: contrast = 1
6.199999999999999	EXP	instructs_text: height = 0.03
6.199999999999999	EXP	instructs_text: bold = false
6.199999999999999	EXP	instructs_text: italic = false
6.199999999999999	EXP	instructs_text: alignHoriz = "left"
6.199999999999999	EXP	instructs_text: alignVert = "center"
6.199999999999999	EXP	instructs_text: wrapWidth = 1
6.199999999999999	EXP	instructs_text: flipHoriz = false
6.199999999999999	EXP	instructs_text: flipVert = false
6.199999999999999	EXP	instr_done_button: units = "height"
6.199999999999999	EXP	instr_done_button: ori = 0
6.199999999999999	EXP	instr_done_button: opacity = 1
6.199999999999999	EXP	instr_done_button: pos = [0,-0.4]
6.199999999999999	EXP	instr_done_button: size = [1,1]
6.199999999999999	EXP	instr_done_button: lineWidth = 1
6.199999999999999	EXP	instr_done_button: lineColor = {"_hex":"#006400","_rgb":[0,0.39215686274509803,0]}
6.199999999999999	EXP	instr_done_button: fillColor = {"_hex":"#90EE90","_rgb":[0.5647058823529412,0.9333333333333333,0.5647058823529412]}
6.199999999999999	EXP	instr_done_button: vertices = [[-0.5,0],[0,0.5],[0.5,0]]
6.199999999999999	EXP	instr_done_button: closeShape = true
6.199999999999999	EXP	instr_done_button: contrast = 1
6.199999999999999	EXP	instr_done_button: depth = -3
6.199999999999999	EXP	instr_done_button: interpolate = true
6.199999999999999	EXP	instr_done_button: width = 0.4
6.199999999999999	EXP	instr_done_button: vertices = [[-0.2,null],[0.2,null],[0.2,null],[-0.2,null]]
6.199999999999999	EXP	instr_done_button: height = 0.1
6.199999999999999	EXP	instr_done_button: vertices = [[-0.2,-0.05],[0.2,-0.05],[0.2,0.05],[-0.2,0.05]]
6.199999999999999	EXP	instr_done_button: vertices = [[-0.2,-0.05],[0.2,-0.05],[0.2,0.05],[-0.2,0.05]]
6.199999999999999	EXP	instr_done_label: units = "height"
6.199999999999999	EXP	instr_done_label: ori = 0
6.199999999999999	EXP	instr_done_label: opacity = 1
6.199999999999999	EXP	instr_done_label: pos = [0,-0.4]
6.199999999999999	EXP	instr_done_label: size = undefined
6.199999999999999	EXP	instr_done_label: text = "Next..."
6.199999999999999	EXP	instr_done_label: font = "Arial"
6.199999999999999	EXP	instr_done_label: color = {"_hex":"#006400","_rgb":[0,0.39215686274509803,0]}
6.199999999999999	EXP	instr_done_label: contrast = 1
6.199999999999999	EXP	instr_done_label: height = 0.05
6.199999999999999	EXP	instr_done_label: bold = false
6.199999999999999	EXP	instr_done_label: italic = false
6.199999999999999	EXP	instr_done_label: alignHoriz = "left"
6.199999999999999	EXP	instr_done_label: alignVert = "center"
6.199999999999999	EXP	instr_done_label: wrapWidth = 1
6.199999999999999	EXP	instr_done_label: flipHoriz = false
6.199999999999999	EXP	instr_done_label: flipVert = false
6.199999999999999	EXP	main_ready_msg: units = "height"
6.199999999999999	EXP	main_ready_msg: ori = 0
6.199999999999999	EXP	main_ready_msg: opacity = 1
6.199999999999999	EXP	main_ready_msg: pos = [0,0]
6.199999999999999	EXP	main_ready_msg: size = undefined
6.199999999999999	EXP	main_ready_msg: text = "Take note of the categories below\n \nPosition your index fingers \n \nPress the space bar (or one of the green buttons) to begin"
6.199999999999999	EXP	main_ready_msg: font = "Arial"
6.199999999999999	EXP	main_ready_msg: color = {"_hex":"#FFFFFF","_rgb":[1,1,1]}
6.199999999999999	EXP	main_ready_msg: contrast = 1
6.199999999999999	EXP	main_ready_msg: height = 0.03
6.199999999999999	EXP	main_ready_msg: bold = false
6.199999999999999	EXP	main_ready_msg: italic = false
6.199999999999999	EXP	main_ready_msg: alignHoriz = "left"
6.199999999999999	EXP	main_ready_msg: alignVert = "center"
6.199999999999999	EXP	main_ready_msg: wrapWidth = 1
6.199999999999999	EXP	main_ready_msg: flipHoriz = false
6.199999999999999	EXP	main_ready_msg: flipVert = false
6.199999999999999	EXP	button_L: units = "height"
6.199999999999999	EXP	button_L: ori = 0
6.199999999999999	EXP	button_L: opacity = 1
6.199999999999999	EXP	button_L: pos = [-0.4,-0.3]
6.199999999999999	EXP	button_L: size = [1,1]
6.199999999999999	EXP	button_L: lineWidth = 1
6.199999999999999	EXP	button_L: lineColor = {"_hex":"#006400","_rgb":[0,0.39215686274509803,0]}
6.199999999999999	EXP	button_L: fillColor = {"_hex":"#90EE90","_rgb":[0.5647058823529412,0.9333333333333333,0.5647058823529412]}
6.199999999999999	EXP	button_L: vertices = [[-0.5,0],[0,0.5],[0.5,0]]
6.199999999999999	EXP	button_L: closeShape = true
6.199999999999999	EXP	button_L: contrast = 1
6.199999999999999	EXP	button_L: depth = -1
6.199999999999999	EXP	button_L: interpolate = true
6.199999999999999	EXP	button_L: width = 0.4
6.199999999999999	EXP	button_L: vertices = [[-0.2,null],[0.2,null],[0.2,null],[-0.2,null]]
6.199999999999999	EXP	button_L: height = 0.2
6.199999999999999	EXP	button_L: vertices = [[-0.2,-0.1],[0.2,-0.1],[0.2,0.1],[-0.2,0.1]]
6.199999999999999	EXP	button_L: vertices = [[-0.2,-0.1],[0.2,-0.1],[0.2,0.1],[-0.2,0.1]]
6.199999999999999	EXP	ready_label_L: units = "height"
6.199999999999999	EXP	ready_label_L: ori = 0
6.199999999999999	EXP	ready_label_L: opacity = 1
6.199999999999999	EXP	ready_label_L: pos = [-0.4,-0.3]
6.199999999999999	EXP	ready_label_L: size = undefined
6.199999999999999	EXP	ready_label_L: text = "default text"
6.199999999999999	EXP	ready_label_L: font = "Arial"
6.199999999999999	EXP	ready_label_L: color = {"_hex":"#006400","_rgb":[0,0.39215686274509803,0]}
6.199999999999999	EXP	ready_label_L: contrast = 1
6.199999999999999	EXP	ready_label_L: height = 0.05
6.199999999999999	EXP	ready_label_L: bold = false
6.199999999999999	EXP	ready_label_L: italic = false
6.199999999999999	EXP	ready_label_L: alignHoriz = "left"
6.199999999999999	EXP	ready_label_L: alignVert = "center"
6.199999999999999	EXP	ready_label_L: wrapWidth = 1
6.199999999999999	EXP	ready_label_L: flipHoriz = false
6.199999999999999	EXP	ready_label_L: flipVert = false
6.199999999999999	EXP	button_R: units = "height"
6.199999999999999	EXP	button_R: ori = 0
6.199999999999999	EXP	button_R: opacity = 1
6.199999999999999	EXP	button_R: pos = [0.4,-0.3]
6.199999999999999	EXP	button_R: size = [1,1]
6.199999999999999	EXP	button_R: lineWidth = 1
6.199999999999999	EXP	button_R: lineColor = {"_hex":"#006400","_rgb":[0,0.39215686274509803,0]}
6.199999999999999	EXP	button_R: fillColor = {"_hex":"#90EE90","_rgb":[0.5647058823529412,0.9333333333333333,0.5647058823529412]}
6.199999999999999	EXP	button_R: vertices = [[-0.5,0],[0,0.5],[0.5,0]]
6.199999999999999	EXP	button_R: closeShape = true
6.199999999999999	EXP	button_R: contrast = 1
6.199999999999999	EXP	button_R: depth = -3
6.199999999999999	EXP	button_R: interpolate = true
6.199999999999999	EXP	button_R: width = 0.4
6.199999999999999	EXP	button_R: vertices = [[-0.2,null],[0.2,null],[0.2,null],[-0.2,null]]
6.199999999999999	EXP	button_R: height = 0.2
6.199999999999999	EXP	button_R: vertices = [[-0.2,-0.1],[0.2,-0.1],[0.2,0.1],[-0.2,0.1]]
6.199999999999999	EXP	button_R: vertices = [[-0.2,-0.1],[0.2,-0.1],[0.2,0.1],[-0.2,0.1]]
6.199999999999999	EXP	ready_label_R: units = "height"
6.199999999999999	EXP	ready_label_R: ori = 0
6.199999999999999	EXP	ready_label_R: opacity = 1
6.199999999999999	EXP	ready_label_R: pos = [0.4,-0.3]
6.199999999999999	EXP	ready_label_R: size = undefined
6.199999999999999	EXP	ready_label_R: text = "default text"
6.199999999999999	EXP	ready_label_R: font = "Arial"
6.199999999999999	EXP	ready_label_R: color = {"_hex":"#006400","_rgb":[0,0.39215686274509803,0]}
6.199999999999999	EXP	ready_label_R: contrast = 1
6.199999999999999	EXP	ready_label_R: height = 0.05
6.199999999999999	EXP	ready_label_R: bold = false
6.199999999999999	EXP	ready_label_R: italic = false
6.199999999999999	EXP	ready_label_R: alignHoriz = "left"
6.199999999999999	EXP	ready_label_R: alignVert = "center"
6.199999999999999	EXP	ready_label_R: wrapWidth = 1
6.199999999999999	EXP	ready_label_R: flipHoriz = false
6.199999999999999	EXP	ready_label_R: flipVert = false
6.199999999999999	EXP	fixation: units = "height"
6.199999999999999	EXP	fixation: ori = 0
6.199999999999999	EXP	fixation: opacity = 1
6.199999999999999	EXP	fixation: pos = [0,0]
6.199999999999999	EXP	fixation: size = undefined
6.199999999999999	EXP	fixation: text = "+"
6.199999999999999	EXP	fixation: font = "Arial"
6.199999999999999	EXP	fixation: color = {"_hex":"#FFFFFF","_rgb":[1,1,1]}
6.199999999999999	EXP	fixation: contrast = 1
6.199999999999999	EXP	fixation: height = 0.1
6.199999999999999	EXP	fixation: bold = false
6.199999999999999	EXP	fixation: italic = false
6.199999999999999	EXP	fixation: alignHoriz = "left"
6.199999999999999	EXP	fixation: alignVert = "center"
6.199999999999999	EXP	fixation: wrapWidth = 1
6.199999999999999	EXP	fixation: flipHoriz = false
6.199999999999999	EXP	fixation: flipVert = false
6.199999999999999	EXP	image_stim: units = "height"
6.199999999999999	EXP	image_stim: ori = 0
6.199999999999999	EXP	image_stim: opacity = 1
6.199999999999999	EXP	image_stim: pos = [0,0]
6.199999999999999	EXP	image_stim: size = [0.5,0.5]
6.199999999999999	EXP	image_stim: image = undefined
6.199999999999999	EXP	image_stim: mask = undefined
6.199999999999999	EXP	image_stim: color = {"_rgb":[1,1,1]}
6.199999999999999	EXP	image_stim: contrast = 1
6.199999999999999	EXP	image_stim: texRes = 128
6.199999999999999	EXP	image_stim: interpolate = true
6.199999999999999	EXP	image_stim: depth = -1
6.199999999999999	EXP	image_stim: flipHoriz = false
6.199999999999999	EXP	image_stim: flipVert = false
6.199999999999999	EXP	text_stim: units = "height"
6.199999999999999	EXP	text_stim: ori = 0
6.199999999999999	EXP	text_stim: opacity = 1
6.199999999999999	EXP	text_stim: pos = [0,0]
6.199999999999999	EXP	text_stim: size = undefined
6.199999999999999	EXP	text_stim: text = "default text"
6.199999999999999	EXP	text_stim: font = "Arial"
6.199999999999999	EXP	text_stim: color = {"_hex":"#FFFFFF","_rgb":[1,1,1]}
6.199999999999999	EXP	text_stim: contrast = 1
6.199999999999999	EXP	text_stim: height = 0.05
6.199999999999999	EXP	text_stim: bold = false
6.199999999999999	EXP	text_stim: italic = false
6.199999999999999	EXP	text_stim: alignHoriz = "left"
6.199999999999999	EXP	text_stim: alignVert = "center"
6.199999999999999	EXP	text_stim: wrapWidth = 1
6.199999999999999	EXP	text_stim: flipHoriz = false
6.199999999999999	EXP	text_stim: flipVert = false
6.199999999999999	EXP	button_left: units = "height"
6.199999999999999	EXP	button_left: ori = 0
6.199999999999999	EXP	button_left: opacity = 1
6.199999999999999	EXP	button_left: pos = [-0.4,-0.3]
6.199999999999999	EXP	button_left: size = [1,1]
6.199999999999999	EXP	button_left: lineWidth = 1
6.199999999999999	EXP	button_left: lineColor = {"_hex":"#006400","_rgb":[0,0.39215686274509803,0]}
6.199999999999999	EXP	button_left: fillColor = {"_hex":"#90EE90","_rgb":[0.5647058823529412,0.9333333333333333,0.5647058823529412]}
6.199999999999999	EXP	button_left: vertices = [[-0.5,0],[0,0.5],[0.5,0]]
6.199999999999999	EXP	button_left: closeShape = true
6.199999999999999	EXP	button_left: contrast = 1
6.199999999999999	EXP	button_left: depth = -6
6.199999999999999	EXP	button_left: interpolate = true
6.199999999999999	EXP	button_left: width = 0.4
6.199999999999999	EXP	button_left: vertices = [[-0.2,null],[0.2,null],[0.2,null],[-0.2,null]]
6.199999999999999	EXP	button_left: height = 0.2
6.199999999999999	EXP	button_left: vertices = [[-0.2,-0.1],[0.2,-0.1],[0.2,0.1],[-0.2,0.1]]
6.199999999999999	EXP	button_left: vertices = [[-0.2,-0.1],[0.2,-0.1],[0.2,0.1],[-0.2,0.1]]
6.199999999999999	EXP	trial_label_left: units = "height"
6.199999999999999	EXP	trial_label_left: ori = 0
6.199999999999999	EXP	trial_label_left: opacity = 1
6.199999999999999	EXP	trial_label_left: pos = [-0.4,-0.3]
6.199999999999999	EXP	trial_label_left: size = undefined
6.199999999999999	EXP	trial_label_left: text = "default text"
6.199999999999999	EXP	trial_label_left: font = "Arial"
6.199999999999999	EXP	trial_label_left: color = {"_hex":"#006400","_rgb":[0,0.39215686274509803,0]}
6.199999999999999	EXP	trial_label_left: contrast = 1
6.199999999999999	EXP	trial_label_left: height = 0.05
6.199999999999999	EXP	trial_label_left: bold = false
6.199999999999999	EXP	trial_label_left: italic = false
6.199999999999999	EXP	trial_label_left: alignHoriz = "left"
6.199999999999999	EXP	trial_label_left: alignVert = "center"
6.199999999999999	EXP	trial_label_left: wrapWidth = 1
6.199999999999999	EXP	trial_label_left: flipHoriz = false
6.199999999999999	EXP	trial_label_left: flipVert = false
6.199999999999999	EXP	button_right: units = "height"
6.199999999999999	EXP	button_right: ori = 0
6.199999999999999	EXP	button_right: opacity = 1
6.199999999999999	EXP	button_right: pos = [0.4,-0.3]
6.199999999999999	EXP	button_right: size = [1,1]
6.199999999999999	EXP	button_right: lineWidth = 1
6.199999999999999	EXP	button_right: lineColor = {"_hex":"#006400","_rgb":[0,0.39215686274509803,0]}
6.199999999999999	EXP	button_right: fillColor = {"_hex":"#90EE90","_rgb":[0.5647058823529412,0.9333333333333333,0.5647058823529412]}
6.199999999999999	EXP	button_right: vertices = [[-0.5,0],[0,0.5],[0.5,0]]
6.199999999999999	EXP	button_right: closeShape = true
6.199999999999999	EXP	button_right: contrast = 1
6.199999999999999	EXP	button_right: depth = -8
6.199999999999999	EXP	button_right: interpolate = true
6.199999999999999	EXP	button_right: width = 0.4
6.199999999999999	EXP	button_right: vertices = [[-0.2,null],[0.2,null],[0.2,null],[-0.2,null]]
6.199999999999999	EXP	button_right: height = 0.2
6.199999999999999	EXP	button_right: vertices = [[-0.2,-0.1],[0.2,-0.1],[0.2,0.1],[-0.2,0.1]]
6.199999999999999	EXP	button_right: vertices = [[-0.2,-0.1],[0.2,-0.1],[0.2,0.1],[-0.2,0.1]]
6.199999999999999	EXP	trial_label_right: units = "height"
6.199999999999999	EXP	trial_label_right: ori = 0
6.199999999999999	EXP	trial_label_right: opacity = 1
6.199999999999999	EXP	trial_label_right: pos = [0.4,-0.3]
6.199999999999999	EXP	trial_label_right: size = undefined
6.199999999999999	EXP	trial_label_right: text = "default text"
6.199999999999999	EXP	trial_label_right: font = "Arial"
6.199999999999999	EXP	trial_label_right: color = {"_hex":"#006400","_rgb":[0,0.39215686274509803,0]}
6.199999999999999	EXP	trial_label_right: contrast = 1
6.199999999999999	EXP	trial_label_right: height = 0.05
6.199999999999999	EXP	trial_label_right: bold = false
6.199999999999999	EXP	trial_label_right: italic = false
6.199999999999999	EXP	trial_label_right: alignHoriz = "left"
6.199999999999999	EXP	trial_label_right: alignVert = "center"
6.199999999999999	EXP	trial_label_right: wrapWidth = 1
6.199999999999999	EXP	trial_label_right: flipHoriz = false
6.199999999999999	EXP	trial_label_right: flipVert = false
6.199999999999999	EXP	feedback_msg: units = "height"
6.199999999999999	EXP	feedback_msg: ori = 0
6.199999999999999	EXP	feedback_msg: opacity = 1
6.199999999999999	EXP	feedback_msg: pos = [0,0]
6.199999999999999	EXP	feedback_msg: size = undefined
6.199999999999999	EXP	feedback_msg: text = "default text"
6.199999999999999	EXP	feedback_msg: font = "Arial"
6.199999999999999	EXP	feedback_msg: color = {"_hex":"#FFFFFF","_rgb":[1,1,1]}
6.199999999999999	EXP	feedback_msg: contrast = 1
6.199999999999999	EXP	feedback_msg: height = 0.1
6.199999999999999	EXP	feedback_msg: bold = false
6.199999999999999	EXP	feedback_msg: italic = false
6.199999999999999	EXP	feedback_msg: alignHoriz = "left"
6.199999999999999	EXP	feedback_msg: alignVert = "center"
6.199999999999999	EXP	feedback_msg: wrapWidth = 1
6.199999999999999	EXP	feedback_msg: flipHoriz = false
6.199999999999999	EXP	feedback_msg: flipVert = false
6.199999999999999	EXP	thanks_text: units = "height"
6.199999999999999	EXP	thanks_text: ori = 0
6.199999999999999	EXP	thanks_text: opacity = 1
6.199999999999999	EXP	thanks_text: pos = [0,0]
6.199999999999999	EXP	thanks_text: size = undefined
6.199999999999999	EXP	thanks_text: text = "The End. \n \nThank you for your participation."
6.199999999999999	EXP	thanks_text: font = "Arial"
6.199999999999999	EXP	thanks_text: color = {"_hex":"#FFFFFF","_rgb":[1,1,1]}
6.199999999999999	EXP	thanks_text: contrast = 1
6.199999999999999	EXP	thanks_text: height = 0.1
6.199999999999999	EXP	thanks_text: bold = false
6.199999999999999	EXP	thanks_text: italic = false
6.199999999999999	EXP	thanks_text: alignHoriz = "left"
6.199999999999999	EXP	thanks_text: alignVert = "center"
6.199999999999999	EXP	thanks_text: wrapWidth = 1
6.199999999999999	EXP	thanks_text: flipHoriz = false
6.199999999999999	EXP	thanks_text: flipVert = false
6.199999999999999	EXP	instructs_text: text = "You will be presented with words or images to classify into categories using either the 'A' or 'L' key. \r\n \r\nTry to go as fast as possible while making as few mistakes as possible. \r\n"
6.199999999999999	EXP	instructs_text: autoDraw = true
6.199999999999999	EXP	instr_done_button: autoDraw = true
6.199999999999999	EXP	instr_done_label: autoDraw = true
11.724	DATA	Keydown:  
11.802	EXP	instructs_text: autoDraw = false
11.802	EXP	instr_done_button: autoDraw = false
11.802	EXP	instr_done_label: autoDraw = false
11.802	EXP	instructs_text: text = "Keep in mind: \r\n \r\n1) Labels at the top of the screen indicate which catogory goes with which key. \r\n \r\n2) Each word or image has a correct catogory classification \r\n \r\n3) Keep your index fingers on the A and L keys to enable a rapid response. \r\n \r\n4) The test gives no results if you go slow- please try to go as fast as possible \r\n"
11.802	EXP	instructs_text: autoDraw = true
11.802	EXP	instr_done_button: autoDraw = true
11.802	EXP	instr_done_label: autoDraw = true
18.042	DATA	Keydown:  
18.084000000000003	EXP	instructs_text: autoDraw = false
18.084000000000003	EXP	instr_done_button: autoDraw = false
18.084000000000003	EXP	instr_done_label: autoDraw = false
18.084000000000003	EXP	ready_label_L: text = "A = \r\nPositive"
18.084000000000003	EXP	ready_label_R: text = "L = \r\nNegative"
18.084000000000003	EXP	main_ready_msg: autoDraw = true
18.084000000000003	EXP	button_L: autoDraw = true
18.084000000000003	EXP	ready_label_L: autoDraw = true
18.084000000000003	EXP	button_R: autoDraw = true
18.084000000000003	EXP	ready_label_R: autoDraw = true
24.76	DATA	Keydown: a
26.697000000000003	DATA	Keydown: l
29.397000000000002	DATA	Keydown:  
29.424000000000003	EXP	main_ready_msg: autoDraw = false
29.424000000000003	EXP	button_L: autoDraw = false
29.424000000000003	EXP	ready_label_L: autoDraw = false
29.424000000000003	EXP	button_R: autoDraw = false
29.424000000000003	EXP	ready_label_R: autoDraw = false
29.424000000000003	EXP	image_stim: image = {}
29.424000000000003	EXP	text_stim: text = "Joy"
29.424000000000003	EXP	trial_label_left: text = "A = \r\nPositive"
29.424000000000003	EXP	trial_label_right: text = "L = \r\nNegative"
29.424000000000003	EXP	fixation: autoDraw = true
29.912000000000003	EXP	fixation: autoDraw = false
29.941000000000003	EXP	image_stim: autoDraw = true
29.941000000000003	EXP	text_stim: autoDraw = true
29.941000000000003	EXP	button_left: autoDraw = true
29.941000000000003	EXP	trial_label_left: autoDraw = true
29.941000000000003	EXP	button_right: autoDraw = true
29.941000000000003	EXP	trial_label_right: autoDraw = true
32.064	DATA	Keydown: a
32.082	EXP	fixation: autoDraw = false
32.082	EXP	image_stim: autoDraw = false
32.082	EXP	text_stim: autoDraw = false
32.082	EXP	button_left: autoDraw = false
32.082	EXP	trial_label_left: autoDraw = false
32.082	EXP	button_right: autoDraw = false
32.082	EXP	trial_label_right: autoDraw = false
32.082	EXP	feedback_msg: text = "+"
32.082	EXP	feedback_msg: autoDraw = true
33.08	EXP	feedback_msg: autoDraw = false
33.08	EXP	feedback_msg: autoDraw = false
33.08	EXP	image_stim: image = {}
33.08	EXP	text_stim: text = "Bad"
33.08	EXP	trial_label_left: text = "A = \r\nPositive"
33.08	EXP	trial_label_right: text = "L = \r\nNegative"
33.08	EXP	fixation: autoDraw = true
33.589999999999996	EXP	fixation: autoDraw = false
33.589999999999996	EXP	image_stim: autoDraw = true
33.589999999999996	EXP	text_stim: autoDraw = true
33.589999999999996	EXP	button_left: autoDraw = true
33.589999999999996	EXP	trial_label_left: autoDraw = true
33.589999999999996	EXP	button_right: autoDraw = true
33.589999999999996	EXP	trial_label_right: autoDraw = true
34.147999999999996	DATA	Keydown: l
34.165	EXP	fixation: autoDraw = false
34.165	EXP	image_stim: autoDraw = false
34.165	EXP	text_stim: autoDraw = false
34.165	EXP	button_left: autoDraw = false
34.165	EXP	trial_label_left: autoDraw = false
34.165	EXP	button_right: autoDraw = false
34.165	EXP	trial_label_right: autoDraw = false
34.165	EXP	feedback_msg: text = "+"
34.165	EXP	feedback_msg: autoDraw = true
35.163	EXP	feedback_msg: autoDraw = false
35.163	EXP	feedback_msg: autoDraw = false
35.163	EXP	image_stim: image = {}
35.163	EXP	text_stim: text = "Nasty"
35.163	EXP	trial_label_left: text = "A = \r\nPositive"
35.163	EXP	trial_label_right: text = "L = \r\nNegative"
35.163	EXP	fixation: autoDraw = true
35.674	EXP	fixation: autoDraw = false
35.674	EXP	image_stim: autoDraw = true
35.674	EXP	text_stim: autoDraw = true
35.674	EXP	button_left: autoDraw = true
35.674	EXP	trial_label_left: autoDraw = true
35.674	EXP	button_right: autoDraw = true
35.674	EXP	trial_label_right: autoDraw = true
36.281	DATA	Keydown: l
36.283	DATA	Keydown: a
36.301	EXP	fixation: autoDraw = false
36.301	EXP	image_stim: autoDraw = false
36.301	EXP	text_stim: autoDraw = false
36.301	EXP	button_left: autoDraw = false
36.301	EXP	trial_label_left: autoDraw = false
36.301	EXP	button_right: autoDraw = false
36.301	EXP	trial_label_right: autoDraw = false
36.301	EXP	feedback_msg: text = "oops"
36.301	EXP	feedback_msg: autoDraw = true
37.297	EXP	feedback_msg: autoDraw = false
37.297	EXP	feedback_msg: autoDraw = false
37.297	EXP	image_stim: image = {}
37.297	EXP	text_stim: text = "Evil"
37.297	EXP	trial_label_left: text = "A = \r\nPositive"
37.297	EXP	trial_label_right: text = "L = \r\nNegative"
37.297	EXP	fixation: autoDraw = true
37.796	EXP	fixation: autoDraw = false
37.823	EXP	image_stim: autoDraw = true
37.823	EXP	text_stim: autoDraw = true
37.823	EXP	button_left: autoDraw = true
37.823	EXP	trial_label_left: autoDraw = true
37.823	EXP	button_right: autoDraw = true
37.823	EXP	trial_label_right: autoDraw = true
38.281	DATA	Keydown: l
38.299	EXP	fixation: autoDraw = false
38.299	EXP	image_stim: autoDraw = false
38.299	EXP	text_stim: autoDraw = false
38.299	EXP	button_left: autoDraw = false
38.299	EXP	trial_label_left: autoDraw = false
38.299	EXP	button_right: autoDraw = false
38.299	EXP	trial_label_right: autoDraw = false
38.299	EXP	feedback_msg: text = "+"
38.299	EXP	feedback_msg: autoDraw = true
39.298	EXP	feedback_msg: autoDraw = false
39.298	EXP	feedback_msg: autoDraw = false
39.298	EXP	image_stim: image = {}
39.298	EXP	text_stim: text = "Good"
39.298	EXP	trial_label_left: text = "A = \r\nPositive"
39.298	EXP	trial_label_right: text = "L = \r\nNegative"
39.298	EXP	fixation: autoDraw = true
39.808	EXP	fixation: autoDraw = false
39.808	EXP	image_stim: autoDraw = true
39.808	EXP	text_stim: autoDraw = true
39.808	EXP	button_left: autoDraw = true
39.808	EXP	trial_label_left: autoDraw = true
39.808	EXP	button_right: autoDraw = true
39.808	EXP	trial_label_right: autoDraw = true
40.085	DATA	Keydown: l
40.102	EXP	fixation: autoDraw = false
40.102	EXP	image_stim: autoDraw = false
40.102	EXP	text_stim: autoDraw = false
40.102	EXP	button_left: autoDraw = false
40.102	EXP	trial_label_left: autoDraw = false
40.102	EXP	button_right: autoDraw = false
40.102	EXP	trial_label_right: autoDraw = false
40.102	EXP	feedback_msg: text = "oops"
40.102	EXP	feedback_msg: autoDraw = true
41.098	EXP	feedback_msg: autoDraw = false
41.098	EXP	feedback_msg: autoDraw = false
41.098	EXP	image_stim: image = {}
41.098	EXP	text_stim: text = "Hurt"
41.098	EXP	trial_label_left: text = "A = \r\nPositive"
41.098	EXP	trial_label_right: text = "L = \r\nNegative"
41.098	EXP	fixation: autoDraw = true
41.597	EXP	fixation: autoDraw = false
41.626999999999995	EXP	image_stim: autoDraw = true
41.626999999999995	EXP	text_stim: autoDraw = true
41.626999999999995	EXP	button_left: autoDraw = true
41.626999999999995	EXP	trial_label_left: autoDraw = true
41.626999999999995	EXP	button_right: autoDraw = true
41.626999999999995	EXP	trial_label_right: autoDraw = true
42.301	DATA	Keydown: l
42.318	EXP	fixation: autoDraw = false
42.318	EXP	image_stim: autoDraw = false
42.318	EXP	text_stim: autoDraw = false
42.318	EXP	button_left: autoDraw = false
42.318	EXP	trial_label_left: autoDraw = false
42.318	EXP	button_right: autoDraw = false
42.318	EXP	trial_label_right: autoDraw = false
42.318	EXP	feedback_msg: text = "+"
42.318	EXP	feedback_msg: autoDraw = true
43.315	EXP	feedback_msg: autoDraw = false
43.315	EXP	feedback_msg: autoDraw = false
43.315	EXP	image_stim: image = {}
43.315	EXP	text_stim: text = "Pleasure"
43.315	EXP	trial_label_left: text = "A = \r\nPositive"
43.315	EXP	trial_label_right: text = "L = \r\nNegative"
43.315	EXP	fixation: autoDraw = true
43.815	EXP	fixation: autoDraw = false
43.842	EXP	image_stim: autoDraw = true
43.842	EXP	text_stim: autoDraw = true
43.842	EXP	button_left: autoDraw = true
43.842	EXP	trial_label_left: autoDraw = true
43.842	EXP	button_right: autoDraw = true
43.842	EXP	trial_label_right: autoDraw = true
44.467999999999996	DATA	Keydown: a
44.486	EXP	fixation: autoDraw = false
44.486	EXP	image_stim: autoDraw = false
44.486	EXP	text_stim: autoDraw = false
44.486	EXP	button_left: autoDraw = false
44.486	EXP	trial_label_left: autoDraw = false
44.486	EXP	button_right: autoDraw = false
44.486	EXP	trial_label_right: autoDraw = false
44.486	EXP	feedback_msg: text = "+"
44.486	EXP	feedback_msg: autoDraw = true
45.483	EXP	feedback_msg: autoDraw = false
45.483	EXP	feedback_msg: autoDraw = false
45.483	EXP	image_stim: image = {}
45.483	EXP	text_stim: text = "Happy"
45.483	EXP	trial_label_left: text = "A = \r\nPositive"
45.483	EXP	trial_label_right: text = "L = \r\nNegative"
45.483	EXP	fixation: autoDraw = true
45.994	EXP	fixation: autoDraw = false
45.994	EXP	image_stim: autoDraw = true
45.994	EXP	text_stim: autoDraw = true
45.994	EXP	button_left: autoDraw = true
45.994	EXP	trial_label_left: autoDraw = true
45.994	EXP	button_right: autoDraw = true
45.994	EXP	trial_label_right: autoDraw = true
46.486	DATA	Keydown: a
46.502	EXP	fixation: autoDraw = false
46.502	EXP	image_stim: autoDraw = false
46.502	EXP	text_stim: autoDraw = false
46.502	EXP	button_left: autoDraw = false
46.502	EXP	trial_label_left: autoDraw = false
46.502	EXP	button_right: autoDraw = false
46.502	EXP	trial_label_right: autoDraw = false
46.502	EXP	feedback_msg: text = "+"
46.502	EXP	feedback_msg: autoDraw = true
47.501	EXP	feedback_msg: autoDraw = false
47.501	EXP	feedback_msg: autoDraw = false
47.501	EXP	image_stim: image = {}
47.501	EXP	text_stim: text = "Love"
47.501	EXP	trial_label_left: text = "A = \r\nPositive"
47.501	EXP	trial_label_right: text = "L = \r\nNegative"
47.501	EXP	fixation: autoDraw = true
48.010999999999996	EXP	fixation: autoDraw = false
48.010999999999996	EXP	image_stim: autoDraw = true
48.010999999999996	EXP	text_stim: autoDraw = true
48.010999999999996	EXP	button_left: autoDraw = true
48.010999999999996	EXP	trial_label_left: autoDraw = true
48.010999999999996	EXP	button_right: autoDraw = true
48.010999999999996	EXP	trial_label_right: autoDraw = true
48.422	DATA	Keydown: a
48.435	EXP	fixation: autoDraw = false
48.435	EXP	image_stim: autoDraw = false
48.435	EXP	text_stim: autoDraw = false
48.435	EXP	button_left: autoDraw = false
48.435	EXP	trial_label_left: autoDraw = false
48.435	EXP	button_right: autoDraw = false
48.435	EXP	trial_label_right: autoDraw = false
48.435	EXP	feedback_msg: text = "+"
48.435	EXP	feedback_msg: autoDraw = true
49.434	EXP	feedback_msg: autoDraw = false
49.434	EXP	feedback_msg: autoDraw = false
49.434	EXP	image_stim: image = {}
49.434	EXP	text_stim: text = "Agony"
49.434	EXP	trial_label_left: text = "A = \r\nPositive"
49.434	EXP	trial_label_right: text = "L = \r\nNegative"
49.434	EXP	fixation: autoDraw = true
49.946	EXP	fixation: autoDraw = false
49.946	EXP	image_stim: autoDraw = true
49.946	EXP	text_stim: autoDraw = true
49.946	EXP	button_left: autoDraw = true
49.946	EXP	trial_label_left: autoDraw = true
49.946	EXP	button_right: autoDraw = true
49.946	EXP	trial_label_right: autoDraw = true
50.452999999999996	DATA	Keydown: l
50.47	EXP	fixation: autoDraw = false
50.47	EXP	image_stim: autoDraw = false
50.47	EXP	text_stim: autoDraw = false
50.47	EXP	button_left: autoDraw = false
50.47	EXP	trial_label_left: autoDraw = false
50.47	EXP	button_right: autoDraw = false
50.47	EXP	trial_label_right: autoDraw = false
50.47	EXP	feedback_msg: text = "+"
50.47	EXP	feedback_msg: autoDraw = true
51.477	EXP	feedback_msg: autoDraw = false
51.477	EXP	feedback_msg: autoDraw = false
51.477	EXP	ready_label_L: text = "A = \r\nWhite"
51.477	EXP	ready_label_R: text = "L = \r\nBlack"
51.477	EXP	main_ready_msg: autoDraw = true
51.477	EXP	button_L: autoDraw = true
51.477	EXP	ready_label_L: autoDraw = true
51.477	EXP	button_R: autoDraw = true
51.477	EXP	ready_label_R: autoDraw = true
52.702999999999996	DATA	Keydown: l
55.586	DATA	Keydown:  
55.608	EXP	main_ready_msg: autoDraw = false
55.608	EXP	button_L: autoDraw = false
55.608	EXP	ready_label_L: autoDraw = false
55.608	EXP	button_R: autoDraw = false
55.608	EXP	ready_label_R: autoDraw = false
55.608	EXP	image_stim: image = {}
55.608	EXP	text_stim: text = null
55.608	EXP	trial_label_left: text = "A = \r\nWhite"
55.608	EXP	trial_label_right: text = "L = \r\nBlack"
55.608	EXP	fixation: autoDraw = true
56.102999999999994	EXP	fixation: autoDraw = false
56.131	EXP	image_stim: autoDraw = true
56.131	EXP	text_stim: autoDraw = true
56.131	EXP	button_left: autoDraw = true
56.131	EXP	trial_label_left: autoDraw = true
56.131	EXP	button_right: autoDraw = true
56.131	EXP	trial_label_right: autoDraw = true
57.605	DATA	Keydown: l
57.622	EXP	fixation: autoDraw = false
57.622	EXP	image_stim: autoDraw = false
57.622	EXP	text_stim: autoDraw = false
57.622	EXP	button_left: autoDraw = false
57.622	EXP	trial_label_left: autoDraw = false
57.622	EXP	button_right: autoDraw = false
57.622	EXP	trial_label_right: autoDraw = false
57.622	EXP	feedback_msg: text = "+"
57.622	EXP	feedback_msg: autoDraw = true
58.621	EXP	feedback_msg: autoDraw = false
58.621	EXP	feedback_msg: autoDraw = false
58.621	EXP	image_stim: image = {}
58.621	EXP	text_stim: text = null
58.621	EXP	trial_label_left: text = "A = \r\nWhite"
58.621	EXP	trial_label_right: text = "L = \r\nBlack"
58.621	EXP	fixation: autoDraw = true
59.131	EXP	fixation: autoDraw = false
59.131	EXP	image_stim: autoDraw = true
59.131	EXP	text_stim: autoDraw = true
59.131	EXP	button_left: autoDraw = true
59.131	EXP	trial_label_left: autoDraw = true
59.131	EXP	button_right: autoDraw = true
59.131	EXP	trial_label_right: autoDraw = true
59.906	DATA	Keydown: l
59.924	EXP	fixation: autoDraw = false
59.924	EXP	image_stim: autoDraw = false
59.924	EXP	text_stim: autoDraw = false
59.924	EXP	button_left: autoDraw = false
59.924	EXP	trial_label_left: autoDraw = false
59.924	EXP	button_right: autoDraw = false
59.924	EXP	trial_label_right: autoDraw = false
59.924	EXP	feedback_msg: text = "+"
59.924	EXP	feedback_msg: autoDraw = true
60.922	EXP	feedback_msg: autoDraw = false
60.922	EXP	feedback_msg: autoDraw = false
60.922	EXP	image_stim: image = {}
60.922	EXP	text_stim: text = null
60.922	EXP	trial_label_left: text = "A = \r\nWhite"
60.922	EXP	trial_label_right: text = "L = \r\nBlack"
60.922	EXP	fixation: autoDraw = true
61.421	EXP	fixation: autoDraw = false
61.448	EXP	image_stim: autoDraw = true
61.448	EXP	text_stim: autoDraw = true
61.448	EXP	button_left: autoDraw = true
61.448	EXP	trial_label_left: autoDraw = true
61.448	EXP	button_right: autoDraw = true
61.448	EXP	trial_label_right: autoDraw = true
62.122	DATA	Keydown: l
62.14	EXP	fixation: autoDraw = false
62.14	EXP	image_stim: autoDraw = false
62.14	EXP	text_stim: autoDraw = false
62.14	EXP	button_left: autoDraw = false
62.14	EXP	trial_label_left: autoDraw = false
62.14	EXP	button_right: autoDraw = false
62.14	EXP	trial_label_right: autoDraw = false
62.14	EXP	feedback_msg: text = "+"
62.14	EXP	feedback_msg: autoDraw = true
63.138999999999996	EXP	feedback_msg: autoDraw = false
63.138999999999996	EXP	feedback_msg: autoDraw = false
63.138999999999996	EXP	image_stim: image = {}
63.138999999999996	EXP	text_stim: text = null
63.138999999999996	EXP	trial_label_left: text = "A = \r\nWhite"
63.138999999999996	EXP	trial_label_right: text = "L = \r\nBlack"
63.138999999999996	EXP	fixation: autoDraw = true
63.638000000000005	EXP	fixation: autoDraw = false
63.666	EXP	image_stim: autoDraw = true
63.666	EXP	text_stim: autoDraw = true
63.666	EXP	button_left: autoDraw = true
63.666	EXP	trial_label_left: autoDraw = true
63.666	EXP	button_right: autoDraw = true
63.666	EXP	trial_label_right: autoDraw = true
64.241	DATA	Keydown: l
64.259	EXP	fixation: autoDraw = false
64.259	EXP	image_stim: autoDraw = false
64.259	EXP	text_stim: autoDraw = false
64.259	EXP	button_left: autoDraw = false
64.259	EXP	trial_label_left: autoDraw = false
64.259	EXP	button_right: autoDraw = false
64.259	EXP	trial_label_right: autoDraw = false
64.259	EXP	feedback_msg: text = "oops"
64.259	EXP	feedback_msg: autoDraw = true
65.256	EXP	feedback_msg: autoDraw = false
65.256	EXP	feedback_msg: autoDraw = false
65.256	EXP	image_stim: image = {}
65.256	EXP	text_stim: text = null
65.256	EXP	trial_label_left: text = "A = \r\nWhite"
65.256	EXP	trial_label_right: text = "L = \r\nBlack"
65.256	EXP	fixation: autoDraw = true
65.76600000000002	EXP	fixation: autoDraw = false
65.76600000000002	EXP	image_stim: autoDraw = true
65.76600000000002	EXP	text_stim: autoDraw = true
65.76600000000002	EXP	button_left: autoDraw = true
65.76600000000002	EXP	trial_label_left: autoDraw = true
65.76600000000002	EXP	button_right: autoDraw = true
65.76600000000002	EXP	trial_label_right: autoDraw = true
66.208	DATA	Keydown: a
66.225	EXP	fixation: autoDraw = false
66.225	EXP	image_stim: autoDraw = false
66.225	EXP	text_stim: autoDraw = false
66.225	EXP	button_left: autoDraw = false
66.225	EXP	trial_label_left: autoDraw = false
66.225	EXP	button_right: autoDraw = false
66.225	EXP	trial_label_right: autoDraw = false
66.225	EXP	feedback_msg: text = "oops"
66.225	EXP	feedback_msg: autoDraw = true
67.223	EXP	feedback_msg: autoDraw = false
67.223	EXP	feedback_msg: autoDraw = false
67.223	EXP	image_stim: image = {}
67.223	EXP	text_stim: text = null
67.223	EXP	trial_label_left: text = "A = \r\nWhite"
67.223	EXP	trial_label_right: text = "L = \r\nBlack"
67.223	EXP	fixation: autoDraw = true
67.734	EXP	fixation: autoDraw = false
67.734	EXP	image_stim: autoDraw = true
67.734	EXP	text_stim: autoDraw = true
67.734	EXP	button_left: autoDraw = true
67.734	EXP	trial_label_left: autoDraw = true
67.734	EXP	button_right: autoDraw = true
67.734	EXP	trial_label_right: autoDraw = true
69.19	DATA	Keydown: Escape
