0.4968399999997928	EXP	Created Window = Window( name=Window, fullscr=true, color=#000000, units=height, waitBlanking=true, autoLog=true, size=[1366,657] )
4.422599999999875	DATA	Keydown: s
4.535509999999704	DATA	Keydown: a
5.3040649999998095	DATA	Keydown: v
5.518799999999828	DATA	Keydown: k
6.100549999999657	DATA	Keydown: i
6.268159999999625	DATA	Keydown: t
6.483494999999948	DATA	Keydown: a
40.93639499999972	EXP	Created instructs_text = TextStim( name=instructs_text, win=Window( name=Window, fullscr=true, color=#000000, ~), autoDraw=null, autoLog=true, units=height, ori=null, opacity=1, pos=[0,0], size=undefined, text=default text, font=Arial, color=#FFFFFF, contrast=1, height=0.03, bold=null, italic=null, alignHoriz=left, alignVert=center, wrapWidth=1, flipHoriz=null, flipVert=null )
40.96549000000004	EXP	Created instr_done_button = Rect( name=instr_done_button, win=Window( name=Window, fullscr=true, color=#000000, ~), autoDraw=null, autoLog=true, units=height, ori=null, opacity=1, pos=[0,-0.4], size=[1,1], lineWidth=1, lineColor=#006400, fillColor=#90EE90, vertices=[[-0.2,-0.05],[0.2,-0.05],[0.2,0.05],[-0.2,0.05]], closeShape=true, contrast=1, depth=-3, interpolate=true, width=0.4, height=0.1 )
40.96803499999987	EXP	Created instr_done_label = TextStim( name=instr_done_label, win=Window( name=Window, fullscr=true, color=#000000, ~), autoDraw=null, autoLog=true, units=height, ori=null, opacity=1, pos=[0,-0.4], size=undefined, text=Next..., font=Arial, color=#006400, contrast=1, height=0.05, bold=null, italic=null, alignHoriz=left, alignVert=center, wrapWidth=1, flipHoriz=null, flipVert=null )
40.97086999999966	EXP	Created main_ready_msg = TextStim( name=main_ready_msg, win=Window( name=Window, fullscr=true, color=#000000, ~), autoDraw=null, autoLog=true, units=height, ori=null, opacity=1, pos=[0,0], size=undefined, text=Take note of the categories below
 
Position your ~, font=Arial, color=#FFFFFF, contrast=1, height=0.03, bold=null, italic=null, alignHoriz=left, alignVert=center, wrapWidth=1, flipHoriz=null, flipVert=null )
40.9813049999998	EXP	Created button_L = Rect( name=button_L, win=Window( name=Window, fullscr=true, color=#000000, ~), autoDraw=null, autoLog=true, units=height, ori=null, opacity=1, pos=[-0.4,-0.3], size=[1,1], lineWidth=1, lineColor=#006400, fillColor=#90EE90, vertices=[[-0.2,-0.1],[0.2,-0.1],[0.2,0.1],[-0.2,0.1]], closeShape=true, contrast=1, depth=-1, interpolate=true, width=0.4, height=0.2 )
40.98310999999968	EXP	Created ready_label_L = TextStim( name=ready_label_L, win=Window( name=Window, fullscr=true, color=#000000, ~), autoDraw=null, autoLog=true, units=height, ori=null, opacity=1, pos=[-0.4,-0.3], size=undefined, text=default text, font=Arial, color=#006400, contrast=1, height=0.05, bold=null, italic=null, alignHoriz=left, alignVert=center, wrapWidth=1, flipHoriz=null, flipVert=null )
41.000239999999856	EXP	Created button_R = Rect( name=button_R, win=Window( name=Window, fullscr=true, color=#000000, ~), autoDraw=null, autoLog=true, units=height, ori=null, opacity=1, pos=[0.4,-0.3], size=[1,1], lineWidth=1, lineColor=#006400, fillColor=#90EE90, vertices=[[-0.2,-0.1],[0.2,-0.1],[0.2,0.1],[-0.2,0.1]], closeShape=true, contrast=1, depth=-3, interpolate=true, width=0.4, height=0.2 )
41.00194999999985	EXP	Created ready_label_R = TextStim( name=ready_label_R, win=Window( name=Window, fullscr=true, color=#000000, ~), autoDraw=null, autoLog=true, units=height, ori=null, opacity=1, pos=[0.4,-0.3], size=undefined, text=default text, font=Arial, color=#006400, contrast=1, height=0.05, bold=null, italic=null, alignHoriz=left, alignVert=center, wrapWidth=1, flipHoriz=null, flipVert=null )
41.004759999999806	EXP	Created fixation = TextStim( name=fixation, win=Window( name=Window, fullscr=true, color=#000000, ~), autoDraw=null, autoLog=true, units=height, ori=null, opacity=1, pos=[0,0], size=undefined, text=+, font=Arial, color=#FFFFFF, contrast=1, height=0.1, bold=null, italic=null, alignHoriz=left, alignVert=center, wrapWidth=1, flipHoriz=null, flipVert=null )
41.0192149999998	EXP	Created image_stim = ImageStim( name=image_stim, win=Window( name=Window, fullscr=true, color=#000000, ~), autoDraw=null, autoLog=true, units=height, ori=null, opacity=1, pos=[0,0], size=[0.5,0.5], image=undefined, mask=undefined, color=#ffffff, contrast=1, texRes=128, interpolate=true, depth=-1, flipHoriz=null, flipVert=null )
41.020869999999825	EXP	Created text_stim = TextStim( name=text_stim, win=Window( name=Window, fullscr=true, color=#000000, ~), autoDraw=null, autoLog=true, units=height, ori=null, opacity=1, pos=[0,0], size=undefined, text=default text, font=Arial, color=#FFFFFF, contrast=1, height=0.05, bold=null, italic=null, alignHoriz=left, alignVert=center, wrapWidth=1, flipHoriz=null, flipVert=null )
41.03315499999963	EXP	Created button_left = Rect( name=button_left, win=Window( name=Window, fullscr=true, color=#000000, ~), autoDraw=null, autoLog=true, units=height, ori=null, opacity=1, pos=[-0.4,-0.3], size=[1,1], lineWidth=1, lineColor=#006400, fillColor=#90EE90, vertices=[[-0.2,-0.1],[0.2,-0.1],[0.2,0.1],[-0.2,0.1]], closeShape=true, contrast=1, depth=-6, interpolate=true, width=0.4, height=0.2 )
41.03501499999994	EXP	Created trial_label_left = TextStim( name=trial_label_left, win=Window( name=Window, fullscr=true, color=#000000, ~), autoDraw=null, autoLog=true, units=height, ori=null, opacity=1, pos=[-0.4,-0.3], size=undefined, text=default text, font=Arial, color=#006400, contrast=1, height=0.05, bold=null, italic=null, alignHoriz=left, alignVert=center, wrapWidth=1, flipHoriz=null, flipVert=null )
41.04363999999987	EXP	Created button_right = Rect( name=button_right, win=Window( name=Window, fullscr=true, color=#000000, ~), autoDraw=null, autoLog=true, units=height, ori=null, opacity=1, pos=[0.4,-0.3], size=[1,1], lineWidth=1, lineColor=#006400, fillColor=#90EE90, vertices=[[-0.2,-0.1],[0.2,-0.1],[0.2,0.1],[-0.2,0.1]], closeShape=true, contrast=1, depth=-8, interpolate=true, width=0.4, height=0.2 )
41.04757999999992	EXP	Created trial_label_right = TextStim( name=trial_label_right, win=Window( name=Window, fullscr=true, color=#000000, ~), autoDraw=null, autoLog=true, units=height, ori=null, opacity=1, pos=[0.4,-0.3], size=undefined, text=default text, font=Arial, color=#006400, contrast=1, height=0.05, bold=null, italic=null, alignHoriz=left, alignVert=center, wrapWidth=1, flipHoriz=null, flipVert=null )
41.04980499999965	EXP	Created feedback_msg = TextStim( name=feedback_msg, win=Window( name=Window, fullscr=true, color=#000000, ~), autoDraw=null, autoLog=true, units=height, ori=null, opacity=1, pos=[0,0], size=undefined, text=default text, font=Arial, color=#FFFFFF, contrast=1, height=0.1, bold=null, italic=null, alignHoriz=left, alignVert=center, wrapWidth=1, flipHoriz=null, flipVert=null )
41.05166499999996	EXP	Created thanks_text = TextStim( name=thanks_text, win=Window( name=Window, fullscr=true, color=#000000, ~), autoDraw=null, autoLog=true, units=height, ori=null, opacity=1, pos=[0,0], size=undefined, text=The End. 
 
Thank you for your participation., font=Arial, color=#FFFFFF, contrast=1, height=0.1, bold=null, italic=null, alignHoriz=left, alignVert=center, wrapWidth=1, flipHoriz=null, flipVert=null )
41.463025000000016	EXP	instructs_text: units = "height"
41.463025000000016	EXP	instructs_text: ori = 0
41.463025000000016	EXP	instructs_text: opacity = 1
41.463025000000016	EXP	instructs_text: pos = [0,0]
41.463025000000016	EXP	instructs_text: size = undefined
41.463025000000016	EXP	instructs_text: text = "default text"
41.463025000000016	EXP	instructs_text: font = "Arial"
41.463025000000016	EXP	instructs_text: color = {"_hex":"#FFFFFF","_rgb":[1,1,1]}
41.463025000000016	EXP	instructs_text: contrast = 1
41.463025000000016	EXP	instructs_text: height = 0.03
41.463025000000016	EXP	instructs_text: bold = false
41.463025000000016	EXP	instructs_text: italic = false
41.463025000000016	EXP	instructs_text: alignHoriz = "left"
41.463025000000016	EXP	instructs_text: alignVert = "center"
41.463025000000016	EXP	instructs_text: wrapWidth = 1
41.463025000000016	EXP	instructs_text: flipHoriz = false
41.463025000000016	EXP	instructs_text: flipVert = false
41.463025000000016	EXP	instr_done_button: units = "height"
41.463025000000016	EXP	instr_done_button: ori = 0
41.463025000000016	EXP	instr_done_button: opacity = 1
41.463025000000016	EXP	instr_done_button: pos = [0,-0.4]
41.463025000000016	EXP	instr_done_button: size = [1,1]
41.463025000000016	EXP	instr_done_button: lineWidth = 1
41.463025000000016	EXP	instr_done_button: lineColor = {"_hex":"#006400","_rgb":[0,0.39215686274509803,0]}
41.463025000000016	EXP	instr_done_button: fillColor = {"_hex":"#90EE90","_rgb":[0.5647058823529412,0.9333333333333333,0.5647058823529412]}
41.463025000000016	EXP	instr_done_button: vertices = [[-0.5,0],[0,0.5],[0.5,0]]
41.463025000000016	EXP	instr_done_button: closeShape = true
41.463025000000016	EXP	instr_done_button: contrast = 1
41.463025000000016	EXP	instr_done_button: depth = -3
41.463025000000016	EXP	instr_done_button: interpolate = true
41.463025000000016	EXP	instr_done_button: width = 0.4
41.463025000000016	EXP	instr_done_button: vertices = [[-0.2,null],[0.2,null],[0.2,null],[-0.2,null]]
41.463025000000016	EXP	instr_done_button: height = 0.1
41.463025000000016	EXP	instr_done_button: vertices = [[-0.2,-0.05],[0.2,-0.05],[0.2,0.05],[-0.2,0.05]]
41.463025000000016	EXP	instr_done_button: vertices = [[-0.2,-0.05],[0.2,-0.05],[0.2,0.05],[-0.2,0.05]]
41.463025000000016	EXP	instr_done_label: units = "height"
41.463025000000016	EXP	instr_done_label: ori = 0
41.463025000000016	EXP	instr_done_label: opacity = 1
41.463025000000016	EXP	instr_done_label: pos = [0,-0.4]
41.463025000000016	EXP	instr_done_label: size = undefined
41.463025000000016	EXP	instr_done_label: text = "Next..."
41.463025000000016	EXP	instr_done_label: font = "Arial"
41.463025000000016	EXP	instr_done_label: color = {"_hex":"#006400","_rgb":[0,0.39215686274509803,0]}
41.463025000000016	EXP	instr_done_label: contrast = 1
41.463025000000016	EXP	instr_done_label: height = 0.05
41.463025000000016	EXP	instr_done_label: bold = false
41.463025000000016	EXP	instr_done_label: italic = false
41.463025000000016	EXP	instr_done_label: alignHoriz = "left"
41.463025000000016	EXP	instr_done_label: alignVert = "center"
41.463025000000016	EXP	instr_done_label: wrapWidth = 1
41.463025000000016	EXP	instr_done_label: flipHoriz = false
41.463025000000016	EXP	instr_done_label: flipVert = false
41.463025000000016	EXP	main_ready_msg: units = "height"
41.463025000000016	EXP	main_ready_msg: ori = 0
41.463025000000016	EXP	main_ready_msg: opacity = 1
41.463025000000016	EXP	main_ready_msg: pos = [0,0]
41.463025000000016	EXP	main_ready_msg: size = undefined
41.463025000000016	EXP	main_ready_msg: text = "Take note of the categories below\n \nPosition your index fingers \n \nPress the space bar (or one of the green buttons) to begin"
41.463025000000016	EXP	main_ready_msg: font = "Arial"
41.463025000000016	EXP	main_ready_msg: color = {"_hex":"#FFFFFF","_rgb":[1,1,1]}
41.463025000000016	EXP	main_ready_msg: contrast = 1
41.463025000000016	EXP	main_ready_msg: height = 0.03
41.463025000000016	EXP	main_ready_msg: bold = false
41.463025000000016	EXP	main_ready_msg: italic = false
41.463025000000016	EXP	main_ready_msg: alignHoriz = "left"
41.463025000000016	EXP	main_ready_msg: alignVert = "center"
41.463025000000016	EXP	main_ready_msg: wrapWidth = 1
41.463025000000016	EXP	main_ready_msg: flipHoriz = false
41.463025000000016	EXP	main_ready_msg: flipVert = false
41.463025000000016	EXP	button_L: units = "height"
41.463025000000016	EXP	button_L: ori = 0
41.463025000000016	EXP	button_L: opacity = 1
41.463025000000016	EXP	button_L: pos = [-0.4,-0.3]
41.463025000000016	EXP	button_L: size = [1,1]
41.463025000000016	EXP	button_L: lineWidth = 1
41.463025000000016	EXP	button_L: lineColor = {"_hex":"#006400","_rgb":[0,0.39215686274509803,0]}
41.463025000000016	EXP	button_L: fillColor = {"_hex":"#90EE90","_rgb":[0.5647058823529412,0.9333333333333333,0.5647058823529412]}
41.463025000000016	EXP	button_L: vertices = [[-0.5,0],[0,0.5],[0.5,0]]
41.463025000000016	EXP	button_L: closeShape = true
41.463025000000016	EXP	button_L: contrast = 1
41.463025000000016	EXP	button_L: depth = -1
41.463025000000016	EXP	button_L: interpolate = true
41.463025000000016	EXP	button_L: width = 0.4
41.463025000000016	EXP	button_L: vertices = [[-0.2,null],[0.2,null],[0.2,null],[-0.2,null]]
41.463025000000016	EXP	button_L: height = 0.2
41.463025000000016	EXP	button_L: vertices = [[-0.2,-0.1],[0.2,-0.1],[0.2,0.1],[-0.2,0.1]]
41.463025000000016	EXP	button_L: vertices = [[-0.2,-0.1],[0.2,-0.1],[0.2,0.1],[-0.2,0.1]]
41.463025000000016	EXP	ready_label_L: units = "height"
41.463025000000016	EXP	ready_label_L: ori = 0
41.463025000000016	EXP	ready_label_L: opacity = 1
41.463025000000016	EXP	ready_label_L: pos = [-0.4,-0.3]
41.463025000000016	EXP	ready_label_L: size = undefined
41.463025000000016	EXP	ready_label_L: text = "default text"
41.463025000000016	EXP	ready_label_L: font = "Arial"
41.463025000000016	EXP	ready_label_L: color = {"_hex":"#006400","_rgb":[0,0.39215686274509803,0]}
41.463025000000016	EXP	ready_label_L: contrast = 1
41.463025000000016	EXP	ready_label_L: height = 0.05
41.463025000000016	EXP	ready_label_L: bold = false
41.463025000000016	EXP	ready_label_L: italic = false
41.463025000000016	EXP	ready_label_L: alignHoriz = "left"
41.463025000000016	EXP	ready_label_L: alignVert = "center"
41.463025000000016	EXP	ready_label_L: wrapWidth = 1
41.463025000000016	EXP	ready_label_L: flipHoriz = false
41.463025000000016	EXP	ready_label_L: flipVert = false
41.463025000000016	EXP	button_R: units = "height"
41.463025000000016	EXP	button_R: ori = 0
41.463025000000016	EXP	button_R: opacity = 1
41.463025000000016	EXP	button_R: pos = [0.4,-0.3]
41.463025000000016	EXP	button_R: size = [1,1]
41.463025000000016	EXP	button_R: lineWidth = 1
41.463025000000016	EXP	button_R: lineColor = {"_hex":"#006400","_rgb":[0,0.39215686274509803,0]}
41.463025000000016	EXP	button_R: fillColor = {"_hex":"#90EE90","_rgb":[0.5647058823529412,0.9333333333333333,0.5647058823529412]}
41.463025000000016	EXP	button_R: vertices = [[-0.5,0],[0,0.5],[0.5,0]]
41.463025000000016	EXP	button_R: closeShape = true
41.463025000000016	EXP	button_R: contrast = 1
41.463025000000016	EXP	button_R: depth = -3
41.463025000000016	EXP	button_R: interpolate = true
41.463025000000016	EXP	button_R: width = 0.4
41.463025000000016	EXP	button_R: vertices = [[-0.2,null],[0.2,null],[0.2,null],[-0.2,null]]
41.463025000000016	EXP	button_R: height = 0.2
41.463025000000016	EXP	button_R: vertices = [[-0.2,-0.1],[0.2,-0.1],[0.2,0.1],[-0.2,0.1]]
41.463025000000016	EXP	button_R: vertices = [[-0.2,-0.1],[0.2,-0.1],[0.2,0.1],[-0.2,0.1]]
41.463025000000016	EXP	ready_label_R: units = "height"
41.463025000000016	EXP	ready_label_R: ori = 0
41.463025000000016	EXP	ready_label_R: opacity = 1
41.463025000000016	EXP	ready_label_R: pos = [0.4,-0.3]
41.463025000000016	EXP	ready_label_R: size = undefined
41.463025000000016	EXP	ready_label_R: text = "default text"
41.463025000000016	EXP	ready_label_R: font = "Arial"
41.463025000000016	EXP	ready_label_R: color = {"_hex":"#006400","_rgb":[0,0.39215686274509803,0]}
41.463025000000016	EXP	ready_label_R: contrast = 1
41.463025000000016	EXP	ready_label_R: height = 0.05
41.463025000000016	EXP	ready_label_R: bold = false
41.463025000000016	EXP	ready_label_R: italic = false
41.463025000000016	EXP	ready_label_R: alignHoriz = "left"
41.463025000000016	EXP	ready_label_R: alignVert = "center"
41.463025000000016	EXP	ready_label_R: wrapWidth = 1
41.463025000000016	EXP	ready_label_R: flipHoriz = false
41.463025000000016	EXP	ready_label_R: flipVert = false
41.463025000000016	EXP	fixation: units = "height"
41.463025000000016	EXP	fixation: ori = 0
41.463025000000016	EXP	fixation: opacity = 1
41.463025000000016	EXP	fixation: pos = [0,0]
41.463025000000016	EXP	fixation: size = undefined
41.463025000000016	EXP	fixation: text = "+"
41.463025000000016	EXP	fixation: font = "Arial"
41.463025000000016	EXP	fixation: color = {"_hex":"#FFFFFF","_rgb":[1,1,1]}
41.463025000000016	EXP	fixation: contrast = 1
41.463025000000016	EXP	fixation: height = 0.1
41.463025000000016	EXP	fixation: bold = false
41.463025000000016	EXP	fixation: italic = false
41.463025000000016	EXP	fixation: alignHoriz = "left"
41.463025000000016	EXP	fixation: alignVert = "center"
41.463025000000016	EXP	fixation: wrapWidth = 1
41.463025000000016	EXP	fixation: flipHoriz = false
41.463025000000016	EXP	fixation: flipVert = false
41.463025000000016	EXP	image_stim: units = "height"
41.463025000000016	EXP	image_stim: ori = 0
41.463025000000016	EXP	image_stim: opacity = 1
41.463025000000016	EXP	image_stim: pos = [0,0]
41.463025000000016	EXP	image_stim: size = [0.5,0.5]
41.463025000000016	EXP	image_stim: image = undefined
41.463025000000016	EXP	image_stim: mask = undefined
41.463025000000016	EXP	image_stim: color = {"_rgb":[1,1,1]}
41.463025000000016	EXP	image_stim: contrast = 1
41.463025000000016	EXP	image_stim: texRes = 128
41.463025000000016	EXP	image_stim: interpolate = true
41.463025000000016	EXP	image_stim: depth = -1
41.463025000000016	EXP	image_stim: flipHoriz = false
41.463025000000016	EXP	image_stim: flipVert = false
41.463025000000016	EXP	text_stim: units = "height"
41.463025000000016	EXP	text_stim: ori = 0
41.463025000000016	EXP	text_stim: opacity = 1
41.463025000000016	EXP	text_stim: pos = [0,0]
41.463025000000016	EXP	text_stim: size = undefined
41.463025000000016	EXP	text_stim: text = "default text"
41.463025000000016	EXP	text_stim: font = "Arial"
41.463025000000016	EXP	text_stim: color = {"_hex":"#FFFFFF","_rgb":[1,1,1]}
41.463025000000016	EXP	text_stim: contrast = 1
41.463025000000016	EXP	text_stim: height = 0.05
41.463025000000016	EXP	text_stim: bold = false
41.463025000000016	EXP	text_stim: italic = false
41.463025000000016	EXP	text_stim: alignHoriz = "left"
41.463025000000016	EXP	text_stim: alignVert = "center"
41.463025000000016	EXP	text_stim: wrapWidth = 1
41.463025000000016	EXP	text_stim: flipHoriz = false
41.463025000000016	EXP	text_stim: flipVert = false
41.463025000000016	EXP	button_left: units = "height"
41.463025000000016	EXP	button_left: ori = 0
41.463025000000016	EXP	button_left: opacity = 1
41.463025000000016	EXP	button_left: pos = [-0.4,-0.3]
41.463025000000016	EXP	button_left: size = [1,1]
41.463025000000016	EXP	button_left: lineWidth = 1
41.463025000000016	EXP	button_left: lineColor = {"_hex":"#006400","_rgb":[0,0.39215686274509803,0]}
41.463025000000016	EXP	button_left: fillColor = {"_hex":"#90EE90","_rgb":[0.5647058823529412,0.9333333333333333,0.5647058823529412]}
41.463025000000016	EXP	button_left: vertices = [[-0.5,0],[0,0.5],[0.5,0]]
41.463025000000016	EXP	button_left: closeShape = true
41.463025000000016	EXP	button_left: contrast = 1
41.463025000000016	EXP	button_left: depth = -6
41.463025000000016	EXP	button_left: interpolate = true
41.463025000000016	EXP	button_left: width = 0.4
41.463025000000016	EXP	button_left: vertices = [[-0.2,null],[0.2,null],[0.2,null],[-0.2,null]]
41.463025000000016	EXP	button_left: height = 0.2
41.463025000000016	EXP	button_left: vertices = [[-0.2,-0.1],[0.2,-0.1],[0.2,0.1],[-0.2,0.1]]
41.463025000000016	EXP	button_left: vertices = [[-0.2,-0.1],[0.2,-0.1],[0.2,0.1],[-0.2,0.1]]
41.463025000000016	EXP	trial_label_left: units = "height"
41.463025000000016	EXP	trial_label_left: ori = 0
41.463025000000016	EXP	trial_label_left: opacity = 1
41.463025000000016	EXP	trial_label_left: pos = [-0.4,-0.3]
41.463025000000016	EXP	trial_label_left: size = undefined
41.463025000000016	EXP	trial_label_left: text = "default text"
41.463025000000016	EXP	trial_label_left: font = "Arial"
41.463025000000016	EXP	trial_label_left: color = {"_hex":"#006400","_rgb":[0,0.39215686274509803,0]}
41.463025000000016	EXP	trial_label_left: contrast = 1
41.463025000000016	EXP	trial_label_left: height = 0.05
41.463025000000016	EXP	trial_label_left: bold = false
41.463025000000016	EXP	trial_label_left: italic = false
41.463025000000016	EXP	trial_label_left: alignHoriz = "left"
41.463025000000016	EXP	trial_label_left: alignVert = "center"
41.463025000000016	EXP	trial_label_left: wrapWidth = 1
41.463025000000016	EXP	trial_label_left: flipHoriz = false
41.463025000000016	EXP	trial_label_left: flipVert = false
41.463025000000016	EXP	button_right: units = "height"
41.463025000000016	EXP	button_right: ori = 0
41.463025000000016	EXP	button_right: opacity = 1
41.463025000000016	EXP	button_right: pos = [0.4,-0.3]
41.463025000000016	EXP	button_right: size = [1,1]
41.463025000000016	EXP	button_right: lineWidth = 1
41.463025000000016	EXP	button_right: lineColor = {"_hex":"#006400","_rgb":[0,0.39215686274509803,0]}
41.463025000000016	EXP	button_right: fillColor = {"_hex":"#90EE90","_rgb":[0.5647058823529412,0.9333333333333333,0.5647058823529412]}
41.463025000000016	EXP	button_right: vertices = [[-0.5,0],[0,0.5],[0.5,0]]
41.463025000000016	EXP	button_right: closeShape = true
41.463025000000016	EXP	button_right: contrast = 1
41.463025000000016	EXP	button_right: depth = -8
41.463025000000016	EXP	button_right: interpolate = true
41.463025000000016	EXP	button_right: width = 0.4
41.463025000000016	EXP	button_right: vertices = [[-0.2,null],[0.2,null],[0.2,null],[-0.2,null]]
41.463025000000016	EXP	button_right: height = 0.2
41.463025000000016	EXP	button_right: vertices = [[-0.2,-0.1],[0.2,-0.1],[0.2,0.1],[-0.2,0.1]]
41.463025000000016	EXP	button_right: vertices = [[-0.2,-0.1],[0.2,-0.1],[0.2,0.1],[-0.2,0.1]]
41.463025000000016	EXP	trial_label_right: units = "height"
41.463025000000016	EXP	trial_label_right: ori = 0
41.463025000000016	EXP	trial_label_right: opacity = 1
41.463025000000016	EXP	trial_label_right: pos = [0.4,-0.3]
41.463025000000016	EXP	trial_label_right: size = undefined
41.463025000000016	EXP	trial_label_right: text = "default text"
41.463025000000016	EXP	trial_label_right: font = "Arial"
41.463025000000016	EXP	trial_label_right: color = {"_hex":"#006400","_rgb":[0,0.39215686274509803,0]}
41.463025000000016	EXP	trial_label_right: contrast = 1
41.463025000000016	EXP	trial_label_right: height = 0.05
41.463025000000016	EXP	trial_label_right: bold = false
41.463025000000016	EXP	trial_label_right: italic = false
41.463025000000016	EXP	trial_label_right: alignHoriz = "left"
41.463025000000016	EXP	trial_label_right: alignVert = "center"
41.463025000000016	EXP	trial_label_right: wrapWidth = 1
41.463025000000016	EXP	trial_label_right: flipHoriz = false
41.463025000000016	EXP	trial_label_right: flipVert = false
41.463025000000016	EXP	feedback_msg: units = "height"
41.463025000000016	EXP	feedback_msg: ori = 0
41.463025000000016	EXP	feedback_msg: opacity = 1
41.463025000000016	EXP	feedback_msg: pos = [0,0]
41.463025000000016	EXP	feedback_msg: size = undefined
41.463025000000016	EXP	feedback_msg: text = "default text"
41.463025000000016	EXP	feedback_msg: font = "Arial"
41.463025000000016	EXP	feedback_msg: color = {"_hex":"#FFFFFF","_rgb":[1,1,1]}
41.463025000000016	EXP	feedback_msg: contrast = 1
41.463025000000016	EXP	feedback_msg: height = 0.1
41.463025000000016	EXP	feedback_msg: bold = false
41.463025000000016	EXP	feedback_msg: italic = false
41.463025000000016	EXP	feedback_msg: alignHoriz = "left"
41.463025000000016	EXP	feedback_msg: alignVert = "center"
41.463025000000016	EXP	feedback_msg: wrapWidth = 1
41.463025000000016	EXP	feedback_msg: flipHoriz = false
41.463025000000016	EXP	feedback_msg: flipVert = false
41.463025000000016	EXP	thanks_text: units = "height"
41.463025000000016	EXP	thanks_text: ori = 0
41.463025000000016	EXP	thanks_text: opacity = 1
41.463025000000016	EXP	thanks_text: pos = [0,0]
41.463025000000016	EXP	thanks_text: size = undefined
41.463025000000016	EXP	thanks_text: text = "The End. \n \nThank you for your participation."
41.463025000000016	EXP	thanks_text: font = "Arial"
41.463025000000016	EXP	thanks_text: color = {"_hex":"#FFFFFF","_rgb":[1,1,1]}
41.463025000000016	EXP	thanks_text: contrast = 1
41.463025000000016	EXP	thanks_text: height = 0.1
41.463025000000016	EXP	thanks_text: bold = false
41.463025000000016	EXP	thanks_text: italic = false
41.463025000000016	EXP	thanks_text: alignHoriz = "left"
41.463025000000016	EXP	thanks_text: alignVert = "center"
41.463025000000016	EXP	thanks_text: wrapWidth = 1
41.463025000000016	EXP	thanks_text: flipHoriz = false
41.463025000000016	EXP	thanks_text: flipVert = false
41.463025000000016	EXP	instructs_text: text = "You will be presented with words or images to classify into categories using either the 'A' or 'L' key. \r\n \r\nTry to go as fast as possible while making as few mistakes as possible. \r\n"
41.463025000000016	EXP	instructs_text: autoDraw = true
41.463025000000016	EXP	instr_done_button: autoDraw = true
41.463025000000016	EXP	instr_done_label: autoDraw = true
56.42330999999967	DATA	Mouse: 0 button down, pos=(640,693)
56.466694999999625	EXP	instructs_text: autoDraw = false
56.466694999999625	EXP	instr_done_button: autoDraw = false
56.466694999999625	EXP	instr_done_label: autoDraw = false
56.466694999999625	EXP	instructs_text: text = "Keep in mind: \r\n \r\n1) Labels at the top of the screen indicate which catogory goes with which key. \r\n \r\n2) Each word or image has a correct catogory classification \r\n \r\n3) Keep your index fingers on the A and L keys to enable a rapid response. \r\n \r\n4) The test gives no results if you go slow- please try to go as fast as possible \r\n"
56.466694999999625	EXP	instructs_text: autoDraw = true
56.466694999999625	EXP	instr_done_button: autoDraw = true
56.466694999999625	EXP	instr_done_label: autoDraw = true
56.63097999999991	DATA	Mouse: 0 button down, pos=(640,693)
63.35600999999997	DATA	Mouse: 0 button down, pos=(640,693)
63.450124999999844	EXP	instructs_text: autoDraw = false
63.450124999999844	EXP	instr_done_button: autoDraw = false
63.450124999999844	EXP	instr_done_label: autoDraw = false
63.450124999999844	EXP	ready_label_L: text = "A = \r\nPositive"
63.450124999999844	EXP	ready_label_R: text = "L = \r\nNegative"
63.450124999999844	EXP	main_ready_msg: autoDraw = true
63.450124999999844	EXP	button_L: autoDraw = true
63.450124999999844	EXP	ready_label_L: autoDraw = true
63.450124999999844	EXP	button_R: autoDraw = true
63.450124999999844	EXP	ready_label_R: autoDraw = true
63.587164999999914	DATA	Mouse: 0 button down, pos=(640,693)
69.03333499999962	DATA	Mouse: 0 button down, pos=(911,623)
69.11929999999984	EXP	main_ready_msg: autoDraw = false
69.11929999999984	EXP	button_L: autoDraw = false
69.11929999999984	EXP	ready_label_L: autoDraw = false
69.11929999999984	EXP	button_R: autoDraw = false
69.11929999999984	EXP	ready_label_R: autoDraw = false
69.11929999999984	EXP	image_stim: image = {}
69.11929999999984	EXP	text_stim: text = "Joy"
69.11929999999984	EXP	trial_label_left: text = "A = \r\nPositive"
69.11929999999984	EXP	trial_label_right: text = "L = \r\nNegative"
69.11929999999984	EXP	fixation: autoDraw = true
69.58842999999978	EXP	fixation: autoDraw = false
69.65207499999998	EXP	image_stim: autoDraw = true
69.65207499999998	EXP	text_stim: autoDraw = true
69.65207499999998	EXP	button_left: autoDraw = true
69.65207499999998	EXP	trial_label_left: autoDraw = true
69.65207499999998	EXP	button_right: autoDraw = true
69.65207499999998	EXP	trial_label_right: autoDraw = true
69.72599999999966	DATA	Mouse: 0 button down, pos=(771,558)
73.06718999999977	DATA	Mouse: 0 button down, pos=(499,552)
73.07976999999983	EXP	fixation: autoDraw = false
73.07976999999983	EXP	image_stim: autoDraw = false
73.07976999999983	EXP	text_stim: autoDraw = false
73.07976999999983	EXP	button_left: autoDraw = false
73.07976999999983	EXP	trial_label_left: autoDraw = false
73.07976999999983	EXP	button_right: autoDraw = false
73.07976999999983	EXP	trial_label_right: autoDraw = false
73.07976999999983	EXP	feedback_msg: text = "+"
73.07976999999983	EXP	feedback_msg: autoDraw = true
73.27728499999967	DATA	Mouse: 0 button down, pos=(499,552)
74.077855	EXP	feedback_msg: autoDraw = false
74.077855	EXP	feedback_msg: autoDraw = false
74.077855	EXP	image_stim: image = {}
74.077855	EXP	text_stim: text = "Nasty"
74.077855	EXP	trial_label_left: text = "A = \r\nPositive"
74.077855	EXP	trial_label_right: text = "L = \r\nNegative"
74.077855	EXP	fixation: autoDraw = true
74.56536499999993	EXP	fixation: autoDraw = false
74.59920499999998	EXP	image_stim: autoDraw = true
74.59920499999998	EXP	text_stim: autoDraw = true
74.59920499999998	EXP	button_left: autoDraw = true
74.59920499999998	EXP	trial_label_left: autoDraw = true
74.59920499999998	EXP	button_right: autoDraw = true
74.59920499999998	EXP	trial_label_right: autoDraw = true
80.22201499999983	DATA	Mouse: 0 button down, pos=(882,563)
80.23691999999983	EXP	fixation: autoDraw = false
80.23691999999983	EXP	image_stim: autoDraw = false
80.23691999999983	EXP	text_stim: autoDraw = false
80.23691999999983	EXP	button_left: autoDraw = false
80.23691999999983	EXP	trial_label_left: autoDraw = false
80.23691999999983	EXP	button_right: autoDraw = false
80.23691999999983	EXP	trial_label_right: autoDraw = false
80.23691999999983	EXP	feedback_msg: text = "+"
80.23691999999983	EXP	feedback_msg: autoDraw = true
80.45295999999962	DATA	Mouse: 0 button down, pos=(882,563)
81.23439499999995	EXP	feedback_msg: autoDraw = false
81.23439499999995	EXP	feedback_msg: autoDraw = false
81.23439499999995	EXP	image_stim: image = {}
81.23439499999995	EXP	text_stim: text = "Good"
81.23439499999995	EXP	trial_label_left: text = "A = \r\nPositive"
81.23439499999995	EXP	trial_label_right: text = "L = \r\nNegative"
81.23439499999995	EXP	fixation: autoDraw = true
81.73445499999981	EXP	fixation: autoDraw = false
81.75571499999978	EXP	image_stim: autoDraw = true
81.75571499999978	EXP	text_stim: autoDraw = true
81.75571499999978	EXP	button_left: autoDraw = true
81.75571499999978	EXP	trial_label_left: autoDraw = true
81.75571499999978	EXP	button_right: autoDraw = true
81.75571499999978	EXP	trial_label_right: autoDraw = true
82.95332999999982	DATA	Mouse: 0 button down, pos=(410,603)
82.9745149999999	EXP	fixation: autoDraw = false
82.9745149999999	EXP	image_stim: autoDraw = false
82.9745149999999	EXP	text_stim: autoDraw = false
82.9745149999999	EXP	button_left: autoDraw = false
82.9745149999999	EXP	trial_label_left: autoDraw = false
82.9745149999999	EXP	button_right: autoDraw = false
82.9745149999999	EXP	trial_label_right: autoDraw = false
82.9745149999999	EXP	feedback_msg: text = "+"
82.9745149999999	EXP	feedback_msg: autoDraw = true
83.1559199999997	DATA	Mouse: 0 button down, pos=(410,603)
83.98437499999999	EXP	feedback_msg: autoDraw = false
83.98437499999999	EXP	feedback_msg: autoDraw = false
83.98437499999999	EXP	image_stim: image = {}
83.98437499999999	EXP	text_stim: text = "Hurt"
83.98437499999999	EXP	trial_label_left: text = "A = \r\nPositive"
83.98437499999999	EXP	trial_label_right: text = "L = \r\nNegative"
83.98437499999999	EXP	fixation: autoDraw = true
84.47043499999972	EXP	fixation: autoDraw = false
84.49033499999996	EXP	image_stim: autoDraw = true
84.49033499999996	EXP	text_stim: autoDraw = true
84.49033499999996	EXP	button_left: autoDraw = true
84.49033499999996	EXP	trial_label_left: autoDraw = true
84.49033499999996	EXP	button_right: autoDraw = true
84.49033499999996	EXP	trial_label_right: autoDraw = true
85.7470549999998	DATA	Mouse: 0 button down, pos=(1037,593)
85.75981000000002	EXP	fixation: autoDraw = false
85.75981000000002	EXP	image_stim: autoDraw = false
85.75981000000002	EXP	text_stim: autoDraw = false
85.75981000000002	EXP	button_left: autoDraw = false
85.75981000000002	EXP	trial_label_left: autoDraw = false
85.75981000000002	EXP	button_right: autoDraw = false
85.75981000000002	EXP	trial_label_right: autoDraw = false
85.75981000000002	EXP	feedback_msg: text = "+"
85.75981000000002	EXP	feedback_msg: autoDraw = true
85.97624499999985	DATA	Mouse: 0 button down, pos=(1037,593)
86.75252499999986	EXP	feedback_msg: autoDraw = false
86.75252499999986	EXP	feedback_msg: autoDraw = false
86.75252499999986	EXP	image_stim: image = {}
86.75252499999986	EXP	text_stim: text = "Evil"
86.75252499999986	EXP	trial_label_left: text = "A = \r\nPositive"
86.75252499999986	EXP	trial_label_right: text = "L = \r\nNegative"
86.75252499999986	EXP	fixation: autoDraw = true
87.27598499999976	EXP	fixation: autoDraw = false
87.27598499999976	EXP	image_stim: autoDraw = true
87.27598499999976	EXP	text_stim: autoDraw = true
87.27598499999976	EXP	button_left: autoDraw = true
87.27598499999976	EXP	trial_label_left: autoDraw = true
87.27598499999976	EXP	button_right: autoDraw = true
87.27598499999976	EXP	trial_label_right: autoDraw = true
88.53034499999967	DATA	Mouse: 0 button down, pos=(1071,669)
88.54361500000005	EXP	fixation: autoDraw = false
88.54361500000005	EXP	image_stim: autoDraw = false
88.54361500000005	EXP	text_stim: autoDraw = false
88.54361500000005	EXP	button_left: autoDraw = false
88.54361500000005	EXP	trial_label_left: autoDraw = false
88.54361500000005	EXP	button_right: autoDraw = false
88.54361500000005	EXP	trial_label_right: autoDraw = false
88.54361500000005	EXP	feedback_msg: text = "+"
88.54361500000005	EXP	feedback_msg: autoDraw = true
88.74138999999968	DATA	Mouse: 0 button down, pos=(1071,669)
89.54218999999966	EXP	feedback_msg: autoDraw = false
89.54218999999966	EXP	feedback_msg: autoDraw = false
89.54218999999966	EXP	image_stim: image = {}
89.54218999999966	EXP	text_stim: text = "Love"
89.54218999999966	EXP	trial_label_left: text = "A = \r\nPositive"
89.54218999999966	EXP	trial_label_right: text = "L = \r\nNegative"
89.54218999999966	EXP	fixation: autoDraw = true
90.04026499999962	EXP	fixation: autoDraw = false
90.06286499999986	EXP	image_stim: autoDraw = true
90.06286499999986	EXP	text_stim: autoDraw = true
90.06286499999986	EXP	button_left: autoDraw = true
90.06286499999986	EXP	trial_label_left: autoDraw = true
90.06286499999986	EXP	button_right: autoDraw = true
90.06286499999986	EXP	trial_label_right: autoDraw = true
91.55498499999976	DATA	Mouse: 0 button down, pos=(339,622)
91.58938999999964	EXP	fixation: autoDraw = false
91.58938999999964	EXP	image_stim: autoDraw = false
91.58938999999964	EXP	text_stim: autoDraw = false
91.58938999999964	EXP	button_left: autoDraw = false
91.58938999999964	EXP	trial_label_left: autoDraw = false
91.58938999999964	EXP	button_right: autoDraw = false
91.58938999999964	EXP	trial_label_right: autoDraw = false
91.58938999999964	EXP	feedback_msg: text = "+"
91.58938999999964	EXP	feedback_msg: autoDraw = true
91.73033999999961	DATA	Mouse: 0 button down, pos=(339,622)
92.58901500000002	EXP	feedback_msg: autoDraw = false
92.58901500000002	EXP	feedback_msg: autoDraw = false
92.58901500000002	EXP	image_stim: image = {}
92.58901500000002	EXP	text_stim: text = "Bad"
92.58901500000002	EXP	trial_label_left: text = "A = \r\nPositive"
92.58901500000002	EXP	trial_label_right: text = "L = \r\nNegative"
92.58901500000002	EXP	fixation: autoDraw = true
93.09878499999968	EXP	fixation: autoDraw = false
93.09878499999968	EXP	image_stim: autoDraw = true
93.09878499999968	EXP	text_stim: autoDraw = true
93.09878499999968	EXP	button_left: autoDraw = true
93.09878499999968	EXP	trial_label_left: autoDraw = true
93.09878499999968	EXP	button_right: autoDraw = true
93.09878499999968	EXP	trial_label_right: autoDraw = true
94.74863499999991	DATA	Mouse: 0 button down, pos=(968,568)
94.76271999999972	EXP	fixation: autoDraw = false
94.76271999999972	EXP	image_stim: autoDraw = false
94.76271999999972	EXP	text_stim: autoDraw = false
94.76271999999972	EXP	button_left: autoDraw = false
94.76271999999972	EXP	trial_label_left: autoDraw = false
94.76271999999972	EXP	button_right: autoDraw = false
94.76271999999972	EXP	trial_label_right: autoDraw = false
94.76271999999972	EXP	feedback_msg: text = "+"
94.76271999999972	EXP	feedback_msg: autoDraw = true
94.96632	DATA	Mouse: 0 button down, pos=(968,568)
95.76036499999964	EXP	feedback_msg: autoDraw = false
95.76036499999964	EXP	feedback_msg: autoDraw = false
95.76036499999964	EXP	image_stim: image = {}
95.76036499999964	EXP	text_stim: text = "Agony"
95.76036499999964	EXP	trial_label_left: text = "A = \r\nPositive"
95.76036499999964	EXP	trial_label_right: text = "L = \r\nNegative"
95.76036499999964	EXP	fixation: autoDraw = true
96.26536999999962	EXP	fixation: autoDraw = false
96.2923499999997	EXP	image_stim: autoDraw = true
96.2923499999997	EXP	text_stim: autoDraw = true
96.2923499999997	EXP	button_left: autoDraw = true
96.2923499999997	EXP	trial_label_left: autoDraw = true
96.2923499999997	EXP	button_right: autoDraw = true
96.2923499999997	EXP	trial_label_right: autoDraw = true
97.66918999999962	DATA	Mouse: 0 button down, pos=(893,596)
97.68060500000001	EXP	fixation: autoDraw = false
97.68060500000001	EXP	image_stim: autoDraw = false
97.68060500000001	EXP	text_stim: autoDraw = false
97.68060500000001	EXP	button_left: autoDraw = false
97.68060500000001	EXP	trial_label_left: autoDraw = false
97.68060500000001	EXP	button_right: autoDraw = false
97.68060500000001	EXP	trial_label_right: autoDraw = false
97.68060500000001	EXP	feedback_msg: text = "+"
97.68060500000001	EXP	feedback_msg: autoDraw = true
97.8837999999996	DATA	Mouse: 0 button down, pos=(893,596)
98.67969999999968	EXP	feedback_msg: autoDraw = false
98.67969999999968	EXP	feedback_msg: autoDraw = false
98.67969999999968	EXP	image_stim: image = {}
98.67969999999968	EXP	text_stim: text = "Pleasure"
98.67969999999968	EXP	trial_label_left: text = "A = \r\nPositive"
98.67969999999968	EXP	trial_label_right: text = "L = \r\nNegative"
98.67969999999968	EXP	fixation: autoDraw = true
99.18208999999979	EXP	fixation: autoDraw = false
99.20285999999987	EXP	image_stim: autoDraw = true
99.20285999999987	EXP	text_stim: autoDraw = true
99.20285999999987	EXP	button_left: autoDraw = true
99.20285999999987	EXP	trial_label_left: autoDraw = true
99.20285999999987	EXP	button_right: autoDraw = true
99.20285999999987	EXP	trial_label_right: autoDraw = true
101.41928499999993	DATA	Mouse: 0 button down, pos=(391,625)
101.44160499999997	EXP	fixation: autoDraw = false
101.44160499999997	EXP	image_stim: autoDraw = false
101.44160499999997	EXP	text_stim: autoDraw = false
101.44160499999997	EXP	button_left: autoDraw = false
101.44160499999997	EXP	trial_label_left: autoDraw = false
101.44160499999997	EXP	button_right: autoDraw = false
101.44160499999997	EXP	trial_label_right: autoDraw = false
101.44160499999997	EXP	feedback_msg: text = "+"
101.44160499999997	EXP	feedback_msg: autoDraw = true
101.64001999999982	DATA	Mouse: 0 button down, pos=(391,625)
102.43428999999969	EXP	feedback_msg: autoDraw = false
102.43428999999969	EXP	feedback_msg: autoDraw = false
102.43428999999969	EXP	image_stim: image = {}
102.43428999999969	EXP	text_stim: text = "Happy"
102.43428999999969	EXP	trial_label_left: text = "A = \r\nPositive"
102.43428999999969	EXP	trial_label_right: text = "L = \r\nNegative"
102.43428999999969	EXP	fixation: autoDraw = true
102.94221500000003	EXP	fixation: autoDraw = false
102.94221500000003	EXP	image_stim: autoDraw = true
102.94221500000003	EXP	text_stim: autoDraw = true
102.94221500000003	EXP	button_left: autoDraw = true
102.94221500000003	EXP	trial_label_left: autoDraw = true
102.94221500000003	EXP	button_right: autoDraw = true
102.94221500000003	EXP	trial_label_right: autoDraw = true
104.20827499999996	DATA	Mouse: 0 button down, pos=(424,576)
104.21973499999967	EXP	fixation: autoDraw = false
104.21973499999967	EXP	image_stim: autoDraw = false
104.21973499999967	EXP	text_stim: autoDraw = false
104.21973499999967	EXP	button_left: autoDraw = false
104.21973499999967	EXP	trial_label_left: autoDraw = false
104.21973499999967	EXP	button_right: autoDraw = false
104.21973499999967	EXP	trial_label_right: autoDraw = false
104.21973499999967	EXP	feedback_msg: text = "+"
104.21973499999967	EXP	feedback_msg: autoDraw = true
104.42494499999975	DATA	Mouse: 0 button down, pos=(424,576)
105.22616999999993	EXP	feedback_msg: autoDraw = false
105.22616999999993	EXP	feedback_msg: autoDraw = false
105.22616999999993	EXP	ready_label_L: text = "A = \r\nWhite"
105.22616999999993	EXP	ready_label_R: text = "L = \r\nBlack"
105.22616999999993	EXP	main_ready_msg: autoDraw = true
105.22616999999993	EXP	button_L: autoDraw = true
105.22616999999993	EXP	ready_label_L: autoDraw = true
105.22616999999993	EXP	button_R: autoDraw = true
105.22616999999993	EXP	ready_label_R: autoDraw = true
118.64646999999967	DATA	Mouse: 0 button down, pos=(438,655)
118.7106249999997	EXP	main_ready_msg: autoDraw = false
118.7106249999997	EXP	button_L: autoDraw = false
118.7106249999997	EXP	ready_label_L: autoDraw = false
118.7106249999997	EXP	button_R: autoDraw = false
118.7106249999997	EXP	ready_label_R: autoDraw = false
118.7106249999997	EXP	image_stim: image = {}
118.7106249999997	EXP	text_stim: text = null
118.7106249999997	EXP	trial_label_left: text = "A = \r\nWhite"
118.7106249999997	EXP	trial_label_right: text = "L = \r\nBlack"
118.7106249999997	EXP	fixation: autoDraw = true
118.85797999999977	DATA	Mouse: 0 button down, pos=(438,655)
119.2159449999999	EXP	fixation: autoDraw = false
119.23803999999973	EXP	image_stim: autoDraw = true
119.23803999999973	EXP	text_stim: autoDraw = true
119.23803999999973	EXP	button_left: autoDraw = true
119.23803999999973	EXP	trial_label_left: autoDraw = true
119.23803999999973	EXP	button_right: autoDraw = true
119.23803999999973	EXP	trial_label_right: autoDraw = true
132.19968500000004	DATA	Mouse: 0 button down, pos=(953,659)
132.21038499999986	EXP	fixation: autoDraw = false
132.21038499999986	EXP	image_stim: autoDraw = false
132.21038499999986	EXP	text_stim: autoDraw = false
132.21038499999986	EXP	button_left: autoDraw = false
132.21038499999986	EXP	trial_label_left: autoDraw = false
132.21038499999986	EXP	button_right: autoDraw = false
132.21038499999986	EXP	trial_label_right: autoDraw = false
132.21038499999986	EXP	feedback_msg: text = "+"
132.21038499999986	EXP	feedback_msg: autoDraw = true
132.43327499999987	DATA	Mouse: 0 button down, pos=(953,659)
133.21365500000002	EXP	feedback_msg: autoDraw = false
133.21365500000002	EXP	feedback_msg: autoDraw = false
133.21365500000002	EXP	image_stim: image = {}
133.21365500000002	EXP	text_stim: text = null
133.21365500000002	EXP	trial_label_left: text = "A = \r\nWhite"
133.21365500000002	EXP	trial_label_right: text = "L = \r\nBlack"
133.21365500000002	EXP	fixation: autoDraw = true
133.71548499999972	EXP	fixation: autoDraw = false
133.71548499999972	EXP	image_stim: autoDraw = true
133.71548499999972	EXP	text_stim: autoDraw = true
133.71548499999972	EXP	button_left: autoDraw = true
133.71548499999972	EXP	trial_label_left: autoDraw = true
133.71548499999972	EXP	button_right: autoDraw = true
133.71548499999972	EXP	trial_label_right: autoDraw = true
136.45617999999968	DATA	Mouse: 0 button down, pos=(472,592)
136.4674249999998	EXP	fixation: autoDraw = false
136.4674249999998	EXP	image_stim: autoDraw = false
136.4674249999998	EXP	text_stim: autoDraw = false
136.4674249999998	EXP	button_left: autoDraw = false
136.4674249999998	EXP	trial_label_left: autoDraw = false
136.4674249999998	EXP	button_right: autoDraw = false
136.4674249999998	EXP	trial_label_right: autoDraw = false
136.4674249999998	EXP	feedback_msg: text = "+"
136.4674249999998	EXP	feedback_msg: autoDraw = true
136.68159500000002	DATA	Mouse: 0 button down, pos=(472,592)
137.48097999999982	EXP	feedback_msg: autoDraw = false
137.48097999999982	EXP	feedback_msg: autoDraw = false
137.48097999999982	EXP	image_stim: image = {}
137.48097999999982	EXP	text_stim: text = null
137.48097999999982	EXP	trial_label_left: text = "A = \r\nWhite"
137.48097999999982	EXP	trial_label_right: text = "L = \r\nBlack"
137.48097999999982	EXP	fixation: autoDraw = true
137.96808499999997	EXP	fixation: autoDraw = false
137.98798499999975	EXP	image_stim: autoDraw = true
137.98798499999975	EXP	text_stim: autoDraw = true
137.98798499999975	EXP	button_left: autoDraw = true
137.98798499999975	EXP	trial_label_left: autoDraw = true
137.98798499999975	EXP	button_right: autoDraw = true
137.98798499999975	EXP	trial_label_right: autoDraw = true
144.20741999999976	DATA	Mouse: 0 button down, pos=(901,656)
144.22314499999993	EXP	fixation: autoDraw = false
144.22314499999993	EXP	image_stim: autoDraw = false
144.22314499999993	EXP	text_stim: autoDraw = false
144.22314499999993	EXP	button_left: autoDraw = false
144.22314499999993	EXP	trial_label_left: autoDraw = false
144.22314499999993	EXP	button_right: autoDraw = false
144.22314499999993	EXP	trial_label_right: autoDraw = false
144.22314499999993	EXP	feedback_msg: text = "+"
144.22314499999993	EXP	feedback_msg: autoDraw = true
144.42263499999987	DATA	Mouse: 0 button down, pos=(901,656)
145.22419499999975	EXP	feedback_msg: autoDraw = false
145.22419499999975	EXP	feedback_msg: autoDraw = false
145.22419499999975	EXP	image_stim: image = {}
145.22419499999975	EXP	text_stim: text = null
145.22419499999975	EXP	trial_label_left: text = "A = \r\nWhite"
145.22419499999975	EXP	trial_label_right: text = "L = \r\nBlack"
145.22419499999975	EXP	fixation: autoDraw = true
145.72733500000004	EXP	fixation: autoDraw = false
145.72733500000004	EXP	image_stim: autoDraw = true
145.72733500000004	EXP	text_stim: autoDraw = true
145.72733500000004	EXP	button_left: autoDraw = true
145.72733500000004	EXP	trial_label_left: autoDraw = true
145.72733500000004	EXP	button_right: autoDraw = true
145.72733500000004	EXP	trial_label_right: autoDraw = true
146.94218	DATA	Mouse: 0 button down, pos=(901,656)
146.96090999999979	EXP	fixation: autoDraw = false
146.96090999999979	EXP	image_stim: autoDraw = false
146.96090999999979	EXP	text_stim: autoDraw = false
146.96090999999979	EXP	button_left: autoDraw = false
146.96090999999979	EXP	trial_label_left: autoDraw = false
146.96090999999979	EXP	button_right: autoDraw = false
146.96090999999979	EXP	trial_label_right: autoDraw = false
146.96090999999979	EXP	feedback_msg: text = "+"
146.96090999999979	EXP	feedback_msg: autoDraw = true
147.16058999999996	DATA	Mouse: 0 button down, pos=(901,656)
147.9598249999999	EXP	feedback_msg: autoDraw = false
147.9598249999999	EXP	feedback_msg: autoDraw = false
147.9598249999999	EXP	image_stim: image = {}
147.9598249999999	EXP	text_stim: text = null
147.9598249999999	EXP	trial_label_left: text = "A = \r\nWhite"
147.9598249999999	EXP	trial_label_right: text = "L = \r\nBlack"
147.9598249999999	EXP	fixation: autoDraw = true
148.46262499999966	EXP	fixation: autoDraw = false
148.46262499999966	EXP	image_stim: autoDraw = true
148.46262499999966	EXP	text_stim: autoDraw = true
148.46262499999966	EXP	button_left: autoDraw = true
148.46262499999966	EXP	trial_label_left: autoDraw = true
148.46262499999966	EXP	button_right: autoDraw = true
148.46262499999966	EXP	trial_label_right: autoDraw = true
150.01333499999964	DATA	Mouse: 0 button down, pos=(317,633)
150.02913999999967	EXP	fixation: autoDraw = false
150.02913999999967	EXP	image_stim: autoDraw = false
150.02913999999967	EXP	text_stim: autoDraw = false
150.02913999999967	EXP	button_left: autoDraw = false
150.02913999999967	EXP	trial_label_left: autoDraw = false
150.02913999999967	EXP	button_right: autoDraw = false
150.02913999999967	EXP	trial_label_right: autoDraw = false
150.02913999999967	EXP	feedback_msg: text = "oops"
150.02913999999967	EXP	feedback_msg: autoDraw = true
150.21993499999962	DATA	Mouse: 0 button down, pos=(317,633)
151.0265099999997	EXP	feedback_msg: autoDraw = false
151.0265099999997	EXP	feedback_msg: autoDraw = false
151.0265099999997	EXP	image_stim: image = {}
151.0265099999997	EXP	text_stim: text = null
151.0265099999997	EXP	trial_label_left: text = "A = \r\nWhite"
151.0265099999997	EXP	trial_label_right: text = "L = \r\nBlack"
151.0265099999997	EXP	fixation: autoDraw = true
151.5131449999999	EXP	fixation: autoDraw = false
151.53202999999985	EXP	image_stim: autoDraw = true
151.53202999999985	EXP	text_stim: autoDraw = true
151.53202999999985	EXP	button_left: autoDraw = true
151.53202999999985	EXP	trial_label_left: autoDraw = true
151.53202999999985	EXP	button_right: autoDraw = true
151.53202999999985	EXP	trial_label_right: autoDraw = true
153.04013499999974	DATA	Mouse: 0 button down, pos=(406,601)
153.06553499999973	EXP	fixation: autoDraw = false
153.06553499999973	EXP	image_stim: autoDraw = false
153.06553499999973	EXP	text_stim: autoDraw = false
153.06553499999973	EXP	button_left: autoDraw = false
153.06553499999973	EXP	trial_label_left: autoDraw = false
153.06553499999973	EXP	button_right: autoDraw = false
153.06553499999973	EXP	trial_label_right: autoDraw = false
153.06553499999973	EXP	feedback_msg: text = "+"
153.06553499999973	EXP	feedback_msg: autoDraw = true
153.2666049999998	DATA	Mouse: 0 button down, pos=(406,601)
154.04809499999965	EXP	feedback_msg: autoDraw = false
154.04809499999965	EXP	feedback_msg: autoDraw = false
154.04809499999965	EXP	image_stim: image = {}
154.04809499999965	EXP	text_stim: text = null
154.04809499999965	EXP	trial_label_left: text = "A = \r\nWhite"
154.04809499999965	EXP	trial_label_right: text = "L = \r\nBlack"
154.04809499999965	EXP	fixation: autoDraw = true
154.5470949999999	EXP	fixation: autoDraw = false
154.56782999999996	EXP	image_stim: autoDraw = true
154.56782999999996	EXP	text_stim: autoDraw = true
154.56782999999996	EXP	button_left: autoDraw = true
154.56782999999996	EXP	trial_label_left: autoDraw = true
154.56782999999996	EXP	button_right: autoDraw = true
154.56782999999996	EXP	trial_label_right: autoDraw = true
165.8148299999998	DATA	Mouse: 0 button down, pos=(545,518)
165.85001499999998	EXP	fixation: autoDraw = false
165.85001499999998	EXP	image_stim: autoDraw = false
165.85001499999998	EXP	text_stim: autoDraw = false
165.85001499999998	EXP	button_left: autoDraw = false
165.85001499999998	EXP	trial_label_left: autoDraw = false
165.85001499999998	EXP	button_right: autoDraw = false
165.85001499999998	EXP	trial_label_right: autoDraw = false
165.85001499999998	EXP	feedback_msg: text = "oops"
165.85001499999998	EXP	feedback_msg: autoDraw = true
166.0331299999998	DATA	Mouse: 0 button down, pos=(545,518)
166.84017499999982	EXP	feedback_msg: autoDraw = false
166.84017499999982	EXP	feedback_msg: autoDraw = false
166.84017499999982	EXP	image_stim: image = {}
166.84017499999982	EXP	text_stim: text = null
166.84017499999982	EXP	trial_label_left: text = "A = \r\nWhite"
166.84017499999982	EXP	trial_label_right: text = "L = \r\nBlack"
166.84017499999982	EXP	fixation: autoDraw = true
167.32462999999962	EXP	fixation: autoDraw = false
167.36188999999968	EXP	image_stim: autoDraw = true
167.36188999999968	EXP	text_stim: autoDraw = true
167.36188999999968	EXP	button_left: autoDraw = true
167.36188999999968	EXP	trial_label_left: autoDraw = true
167.36188999999968	EXP	button_right: autoDraw = true
167.36188999999968	EXP	trial_label_right: autoDraw = true
168.74584499999992	DATA	Mouse: 0 button down, pos=(435,514)
168.7615149999997	EXP	fixation: autoDraw = false
168.7615149999997	EXP	image_stim: autoDraw = false
168.7615149999997	EXP	text_stim: autoDraw = false
168.7615149999997	EXP	button_left: autoDraw = false
168.7615149999997	EXP	trial_label_left: autoDraw = false
168.7615149999997	EXP	button_right: autoDraw = false
168.7615149999997	EXP	trial_label_right: autoDraw = false
168.7615149999997	EXP	feedback_msg: text = "+"
168.7615149999997	EXP	feedback_msg: autoDraw = true
168.95308499999965	DATA	Mouse: 0 button down, pos=(435,514)
169.7622849999998	EXP	feedback_msg: autoDraw = false
169.7622849999998	EXP	feedback_msg: autoDraw = false
169.7622849999998	EXP	image_stim: image = {}
169.7622849999998	EXP	text_stim: text = null
169.7622849999998	EXP	trial_label_left: text = "A = \r\nWhite"
169.7622849999998	EXP	trial_label_right: text = "L = \r\nBlack"
169.7622849999998	EXP	fixation: autoDraw = true
170.26048499999982	EXP	fixation: autoDraw = false
170.28242	EXP	image_stim: autoDraw = true
170.28242	EXP	text_stim: autoDraw = true
170.28242	EXP	button_left: autoDraw = true
170.28242	EXP	trial_label_left: autoDraw = true
170.28242	EXP	button_right: autoDraw = true
170.28242	EXP	trial_label_right: autoDraw = true
171.63273499999968	DATA	Mouse: 0 button down, pos=(448,561)
171.64559499999996	EXP	fixation: autoDraw = false
171.64559499999996	EXP	image_stim: autoDraw = false
171.64559499999996	EXP	text_stim: autoDraw = false
171.64559499999996	EXP	button_left: autoDraw = false
171.64559499999996	EXP	trial_label_left: autoDraw = false
171.64559499999996	EXP	button_right: autoDraw = false
171.64559499999996	EXP	trial_label_right: autoDraw = false
171.64559499999996	EXP	feedback_msg: text = "+"
171.64559499999996	EXP	feedback_msg: autoDraw = true
171.83916499999987	DATA	Mouse: 0 button down, pos=(448,561)
172.64657999999963	EXP	feedback_msg: autoDraw = false
172.64657999999963	EXP	feedback_msg: autoDraw = false
172.64657999999963	EXP	image_stim: image = {}
172.64657999999963	EXP	text_stim: text = null
172.64657999999963	EXP	trial_label_left: text = "A = \r\nWhite"
172.64657999999963	EXP	trial_label_right: text = "L = \r\nBlack"
172.64657999999963	EXP	fixation: autoDraw = true
173.13252999999983	EXP	fixation: autoDraw = false
173.16805999999997	EXP	image_stim: autoDraw = true
173.16805999999997	EXP	text_stim: autoDraw = true
173.16805999999997	EXP	button_left: autoDraw = true
173.16805999999997	EXP	trial_label_left: autoDraw = true
173.16805999999997	EXP	button_right: autoDraw = true
173.16805999999997	EXP	trial_label_right: autoDraw = true
174.3529099999996	DATA	Mouse: 0 button down, pos=(479,528)
174.3689949999998	EXP	fixation: autoDraw = false
174.3689949999998	EXP	image_stim: autoDraw = false
174.3689949999998	EXP	text_stim: autoDraw = false
174.3689949999998	EXP	button_left: autoDraw = false
174.3689949999998	EXP	trial_label_left: autoDraw = false
174.3689949999998	EXP	button_right: autoDraw = false
174.3689949999998	EXP	trial_label_right: autoDraw = false
174.3689949999998	EXP	feedback_msg: text = "+"
174.3689949999998	EXP	feedback_msg: autoDraw = true
174.57739999999967	DATA	Mouse: 0 button down, pos=(479,528)
175.38607999999977	EXP	feedback_msg: autoDraw = false
175.38607999999977	EXP	feedback_msg: autoDraw = false
175.38607999999977	EXP	ready_label_L: text = "A = \r\nWhite or \r\nPositive"
175.38607999999977	EXP	ready_label_R: text = "L = \r\nBlack or \r\nNegative"
175.38607999999977	EXP	main_ready_msg: autoDraw = true
175.38607999999977	EXP	button_L: autoDraw = true
175.38607999999977	EXP	ready_label_L: autoDraw = true
175.38607999999977	EXP	button_R: autoDraw = true
175.38607999999977	EXP	ready_label_R: autoDraw = true
178.0056999999997	DATA	Mouse: 0 button down, pos=(1365,358)
178.2141799999999	DATA	Mouse: 0 button down, pos=(1365,358)
178.62129000000002	DATA	Mouse: 0 button down, pos=(768,461)
178.78777999999969	DATA	Keydown: Escape
